Warning: recommended number of threads is 0
setting number of threads to omp_threads, 16
WARNING: MPI rank 0 will use 16 but only 0 procs are accessible
WARNING: MPI rank 1 will use 16 but only 0 procs are accessible
WARNING: MPI rank 2 will use 16 but only 0 procs are accessible
WARNING: MPI rank 3 will use 16 but only 0 procs are accessible
WARNING: MPI rank 4 will use 16 but only 0 procs are accessible
WARNING: MPI rank 5 will use 16 but only 0 procs are accessible
WARNING: MPI rank 6 will use 16 but only 0 procs are accessible
WARNING: MPI rank 7 will use 16 but only 0 procs are accessible
WARNING: MPI rank 8 will use 16 but only 0 procs are accessible
WARNING: MPI rank 9 will use 16 but only 0 procs are accessible
WARNING: MPI rank 10 will use 16 but only 0 procs are accessible
WARNING: MPI rank 11 will use 16 but only 0 procs are accessible
WARNING: MPI rank 12 will use 16 but only 0 procs are accessible
WARNING: MPI rank 13 will use 16 but only 0 procs are accessible
WARNING: MPI rank 14 will use 16 but only 0 procs are accessible
WARNING: MPI rank 15 will use 16 but only 0 procs are accessible
                                                                           
                                                                           
***************************************************************************
***                                                                     ***
***                                                                     ***
***          __  __ ____   ____ _                                       ***
***         |  \/  |  _ \ / ___| |__   ___ _ __ ___                     ***
***         | |\/| | |_) | |   | '_ \ / _ \ '_ ` _ \                    ***
***         | |  | |  _ <| |___| | | |  __/ | | | | |                   ***
***         |_|  |_|_| \_\\____|_| |_|\___|_| |_| |_|                   ***
***                                                                     ***
***         VERSION            1.2.0-alpha                              ***
***                                                                     ***
***         Git branch         master                                   ***
***         Git commit hash    670e88e035fab95c2ca9                     ***
***         Git commit author  Ylva Os                                  ***
***         Git commit date    Mon May 4 13:33:19 2026 +0200            ***
***                                                                     ***
***         Contact: luca.frediani@uit.no                               ***
***                                                                     ***
***         Radovan Bast            Magnar Bjorgve                      ***
***         Roberto Di Remigio      Antoine Durdek                      ***
***         Luca Frediani           Gabriel Gerez                       ***
***         Stig Rune Jensen        Jonas Juselius                      ***
***         Rune Monstad            Peter Wind                          ***
***                                                                     ***
***************************************************************************

---------------------------------------------------------------------------

 MPI processes           :        (5 bank)                              16
 OpenMP threads          :                                              16
 Total cores             :                                             181
                                                                           
---------------------------------------------------------------------------


---------------------------------------------------------------------------

 MRCPP version         : 1.6.0-alpha
 Git branch            : HEAD
 Git commit hash       : ad080014842f898e9529
 Git commit author     : Niklas Göllmann
 Git commit date       : Wed Mar 11 11:25:17 2026 +0100

 Linear algebra        : EIGEN v3.4.0
 Parallelization       : MPI/OpenMP (16 threads)

---------------------------------------------------------------------------


                                                                           
===========================================================================
                         MultiResolution Analysis
---------------------------------------------------------------------------
 polynomial order      : 9
 polynomial type       : Interpolating
---------------------------------------------------------------------------
 total boxes           : 8
 boxes                 : [          2           2           2 ]
 unit lengths          : [   16.00000    16.00000    16.00000 ]
 scaling factor        : [    1.00000     1.00000     1.00000 ]
 lower bounds          : [  -16.00000   -16.00000   -16.00000 ]
 upper bounds          : [   16.00000    16.00000    16.00000 ]
 total length          : [   32.00000    32.00000    32.00000 ]
===========================================================================


                                                                           
***************************************************************************
***                                                                     ***
***                        Initializing Molecule                        ***
***                                                                     ***
***************************************************************************
                                                                           
                                                                           
===========================================================================
                                 Molecule
---------------------------------------------------------------------------
 Charge                  :                                               0
 Multiplicity            :                                               1
---------------------------------------------------------------------------
    N    Atom            :               x               y               z
---------------------------------------------------------------------------
    0       H            :        0.000000        0.000000       -1.164071
    1       B            :        0.000000        0.000000        1.164071
---------------------------------------------------------------------------
 Center of mass          :        0.000000        0.000000        0.965523
===========================================================================


                                                                           
                                                                           
***************************************************************************
***                                                                     ***
***                           XC Functional                             ***
***                                                                     ***
***************************************************************************

Using Libxc (version 7.0.0) to evaluate density functionals. Libxc is free
software. It is distributed under the Mozilla Public License, version 2.0.
For more information, please check the Libxc manual. You should cite

S. Lehtola, C. Steigemann, M. J.T. Oliveira, and M. A.L. Marques., 
SoftwareX 7, 1–5 (2018) DOI: 10.1016/j.softx.2017.11.002

when reporting the results of your calculation in a scientific article.

Libxc functionals used in this calculation:
  - lda_x (ID 1): Slater exchange
     * P. A. M. Dirac.,  Math. Proc. Cambridge Philos. Soc. 26, 376 (1930),
       DOI:10.1017/S0305004100016108
     * F. Bloch.,  Z. Phys. 57, 545 (1929), DOI:10.1007/BF01340281
                                                                           
***************************************************************************
***                                                                     ***
***                Computing Initial Guess Wavefunction                 ***
***                                                                     ***
***************************************************************************
                                                                           
                                                                           
~~~~~~~~~~~~~~~~~~~~~~~~~~~~~~~~~~~~~~~~~~~~~~~~~~~~~~~~~~~~~~~~~~~~~~~~~~~
 Calculation             : Compute initial orbitals
 Method                  : Diagonalize SAD Hamiltonian
 Precision               : 1.00000e-03
 Screening               : 1.20000e+01 StdDev
 Restricted              : True
 Functional              : LDA (SVWN5)
 XC Library              : LibXC
 AO basis                : 3-21G
~~~~~~~~~~~~~~~~~~~~~~~~~~~~~~~~~~~~~~~~~~~~~~~~~~~~~~~~~~~~~~~~~~~~~~~~~~~


===========================================================================
                            Molecular Orbitals
---------------------------------------------------------------------------
 Alpha electrons         :                                           3.000
 Beta electrons          :                                           3.000
 Total electrons         :                                           6.000
---------------------------------------------------------------------------
    n     Occ Spin       :                                            Norm
---------------------------------------------------------------------------
    0    2.00    p       :                              9.999998352712e-01
    1    2.00    p       :                              9.999999758138e-01
    2    2.00    p       :                              9.999999813843e-01
===========================================================================


~~~~~~~~~~~~~~~~~~~~~~~~~~~~~~~~~~~~~~~~~~~~~~~~~~~~~~~~~~~~~~~~~~~~~~~~~~~
 Calculation             : Compute initial energy
 Method                  : DFT
 XC Library              : LibXC
 Relativity              : None
 Environment             : None
 External fields         : None
 Precision               : 1.00000e-03
 Density cutoff          : 0.00000e+00
 Localization            : Off
~~~~~~~~~~~~~~~~~~~~~~~~~~~~~~~~~~~~~~~~~~~~~~~~~~~~~~~~~~~~~~~~~~~~~~~~~~~


===========================================================================
                        Molecular Energy (initial)
---------------------------------------------------------------------------
 Kinetic energy          :            (au)                 24.920041215158
 E-N energy              :            (au)                -62.008620798073
 Coulomb energy          :            (au)                 14.102399042600
 Exchange energy         :            (au)                  0.000000000000
 X-C energy              :            (au)                 -3.624929054484
 N-N energy              :            (au)                  2.147634784509
 Non-local pp energy     :            (au)                  0.000000000000
---------------------------------------------------------------------------
 Electronic energy       :            (au)                -26.611109594799
 Nuclear energy          :            (au)                  2.147634784509
---------------------------------------------------------------------------
 Total energy            :            (au)             -2.446347481029e+01
                         :      (kcal/mol)             -1.535106221196e+04
                         :        (kJ/mol)             -6.422884429484e+04
                         :            (eV)             -6.656850619818e+02
===========================================================================


===========================================================================
                        Orbital Energies (initial)
---------------------------------------------------------------------------
    n     Occ Spin       :                                         Epsilon
---------------------------------------------------------------------------
    0    2.00    p       :            (au)                 -6.364381861122
    1    2.00    p       :            (au)                 -0.372128724519
    2    2.00    p       :            (au)                 -0.122002500090
---------------------------------------------------------------------------
 Sum occupied            :            (au)                -13.717026171463
===========================================================================


                                                                           
***************************************************************************
***                                                                     ***
***                 Computing Ground State Wavefunction                 ***
***                                                                     ***
***************************************************************************
                                                                           
                                                                           
~~~~~~~~~~~~~~~~~~~~~~~~~~~~~~~~~~~~~~~~~~~~~~~~~~~~~~~~~~~~~~~~~~~~~~~~~~~
 Calculation             : Optimize ground state orbitals
 Method                  : DFT
 XC library              : LibXC
 Relativity              : None
 Environment             : None
 External fields         : None
 Checkpointing           : Off
 Max iterations          : 100
 KAIN solver             : 5
 Localization            : Off
 Diagonalization         : First two iterations
 Start precision         : 2.00000e-06
 Final precision         : 2.00000e-06
 Helmholtz precision     : Dynamic
 Energy threshold        : 2.00000e-07
 Orbital threshold       : 4.00000e-04
~~~~~~~~~~~~~~~~~~~~~~~~~~~~~~~~~~~~~~~~~~~~~~~~~~~~~~~~~~~~~~~~~~~~~~~~~~~


===========================================================================
 Iter           MO residual             Total energy                Update
---------------------------------------------------------------------------
    0          1.732051e+00         -24.463474810290         -2.446347e+01
    1          1.456503e-01         -24.624949972666         -1.614752e-01
    2          3.695773e-02         -24.629207239468         -4.257267e-03
    3          7.115018e-03         -24.629646295302         -4.390558e-04
    4          3.040515e-03         -24.629756913120         -1.106178e-04
    5          2.538734e-03         -24.629787987445         -3.107433e-05
    6          9.269046e-04         -24.629790244287         -2.256842e-06
    7          7.372413e-05         -24.629790280673         -3.638625e-08
---------------------------------------------------------------------------
                      SCF converged in 7 iterations!
===========================================================================


                                                                           
***************************************************************************
***                                                                     ***
***                    Printing Molecular Properties                    ***
***                                                                     ***
***************************************************************************
                                                                           
                                                                           
===========================================================================
                                 Molecule
---------------------------------------------------------------------------
 Charge                  :                                               0
 Multiplicity            :                                               1
---------------------------------------------------------------------------
    N    Atom            :               x               y               z
---------------------------------------------------------------------------
    0       H            :        0.000000        0.000000       -1.164071
    1       B            :        0.000000        0.000000        1.164071
---------------------------------------------------------------------------
 Center of mass          :        0.000000        0.000000        0.965523
===========================================================================


===========================================================================
                         Molecular Energy (final)
---------------------------------------------------------------------------
 Kinetic energy          :            (au)                 24.668649974619
 E-N energy              :            (au)                -61.783236167803
 Coulomb energy          :            (au)                 13.908252326231
 Exchange energy         :            (au)                  0.000000000000
 X-C energy              :            (au)                 -3.571091198229
 N-N energy              :            (au)                  2.147634784509
 Non-local pp energy     :            (au)                  0.000000000000
---------------------------------------------------------------------------
 Electronic energy       :            (au)                -26.777425065182
 Nuclear energy          :            (au)                  2.147634784509
---------------------------------------------------------------------------
 Total energy            :            (au)             -2.462979028067e+01
                         :      (kcal/mol)             -1.545542674531e+04
                         :        (kJ/mol)             -6.466550550237e+04
                         :            (eV)             -6.702107364851e+02
===========================================================================


===========================================================================
                         Orbital Energies (final)
---------------------------------------------------------------------------
    n     Occ Spin       :                                         Epsilon
---------------------------------------------------------------------------
    0    2.00    p       :            (au)                 -6.471102030194
    1    2.00    p       :            (au)                 -0.396268975773
    2    2.00    p       :            (au)                 -0.162397229880
---------------------------------------------------------------------------
 Sum occupied            :            (au)                -14.059536471694
===========================================================================


===========================================================================
                             Orbital Positions
---------------------------------------------------------------------------
  Index       Occ        :               x               y               z
---------------------------------------------------------------------------
      0      2.00        :        0.000000       -0.000000        1.163317
      1      2.00        :       -0.000000       -0.000000       -0.120288
      2      2.00        :        0.000000        0.000000        1.609356
===========================================================================


===========================================================================
                           Dipole Moment (dip-1)
---------------------------------------------------------------------------
 r_O                     :        0.000000        0.000000        0.000000
---------------------------------------------------------------------------
 Electronic vector       :       -0.000000       -0.000000       -5.304771
 Magnitude               :            (au)                        5.304771
                         :         (Debye)                       13.483382
---------------------------------------------------------------------------
 Nuclear vector          :        0.000000        0.000000        4.656285
 Magnitude               :            (au)                        4.656285
                         :         (Debye)                       11.835096
---------------------------------------------------------------------------
 Total vector            :        0.000000        0.000000       -0.648485
 Magnitude               :            (au)                        0.648485
                         :         (Debye)                        1.648285
===========================================================================


===========================================================================
                        Quadrupole Moment (quad-1)
---------------------------------------------------------------------------
 r_O                     :        0.000000        0.000000        0.000000
---------------------------------------------------------------------------
 Electronic tensor       :        5.949772        0.000000       -0.000000
                         :        0.000000        5.949772       -0.000000
                         :       -0.000000       -0.000000      -11.899544
---------------------------------------------------------------------------
 Nuclear tensor          :       -4.065186       -0.000000        0.000000
                         :       -0.000000       -4.065186        0.000000
                         :        0.000000        0.000000        8.130372
---------------------------------------------------------------------------
 Total tensor            :        1.884586       -0.000000        0.000000
                         :       -0.000000        1.884586        0.000000
                         :        0.000000        0.000000       -3.769173
===========================================================================


                                                                           
                                                                           
***************************************************************************
***                                                                     ***
***                            Exiting MRChem                           ***
***                                                                     ***
***                       Wall time :  0h  2m 23s                       ***
***                                                                     ***
***************************************************************************
                                                                           
                                                                           
