Warning: recommended number of threads is 0
setting number of threads to omp_threads, 16
WARNING: MPI rank 0 will use 16 but only 0 procs are accessible
WARNING: MPI rank 1 will use 16 but only 0 procs are accessible
WARNING: MPI rank 2 will use 16 but only 0 procs are accessible
WARNING: MPI rank 3 will use 16 but only 0 procs are accessible
WARNING: MPI rank 4 will use 16 but only 0 procs are accessible
WARNING: MPI rank 5 will use 16 but only 0 procs are accessible
WARNING: MPI rank 6 will use 16 but only 0 procs are accessible
WARNING: MPI rank 7 will use 16 but only 0 procs are accessible
WARNING: MPI rank 8 will use 16 but only 0 procs are accessible
WARNING: MPI rank 9 will use 16 but only 0 procs are accessible
WARNING: MPI rank 10 will use 16 but only 0 procs are accessible
WARNING: MPI rank 11 will use 16 but only 0 procs are accessible
WARNING: MPI rank 12 will use 16 but only 0 procs are accessible
WARNING: MPI rank 13 will use 16 but only 0 procs are accessible
WARNING: MPI rank 14 will use 16 but only 0 procs are accessible
WARNING: MPI rank 15 will use 16 but only 0 procs are accessible
                                                                           
                                                                           
***************************************************************************
***                                                                     ***
***                                                                     ***
***          __  __ ____   ____ _                                       ***
***         |  \/  |  _ \ / ___| |__   ___ _ __ ___                     ***
***         | |\/| | |_) | |   | '_ \ / _ \ '_ ` _ \                    ***
***         | |  | |  _ <| |___| | | |  __/ | | | | |                   ***
***         |_|  |_|_| \_\\____|_| |_|\___|_| |_| |_|                   ***
***                                                                     ***
***         VERSION            1.2.0-alpha                              ***
***                                                                     ***
***         Git branch         master                                   ***
***         Git commit hash    670e88e035fab95c2ca9                     ***
***         Git commit author  Ylva Os                                  ***
***         Git commit date    Mon May 4 13:33:19 2026 +0200            ***
***                                                                     ***
***         Contact: luca.frediani@uit.no                               ***
***                                                                     ***
***         Radovan Bast            Magnar Bjorgve                      ***
***         Roberto Di Remigio      Antoine Durdek                      ***
***         Luca Frediani           Gabriel Gerez                       ***
***         Stig Rune Jensen        Jonas Juselius                      ***
***         Rune Monstad            Peter Wind                          ***
***                                                                     ***
***************************************************************************

---------------------------------------------------------------------------

 MPI processes           :        (5 bank)                              16
 OpenMP threads          :                                              16
 Total cores             :                                             181
                                                                           
---------------------------------------------------------------------------


---------------------------------------------------------------------------

 MRCPP version         : 1.6.0-alpha
 Git branch            : HEAD
 Git commit hash       : ad080014842f898e9529
 Git commit author     : Niklas Göllmann
 Git commit date       : Wed Mar 11 11:25:17 2026 +0100

 Linear algebra        : EIGEN v3.4.0
 Parallelization       : MPI/OpenMP (16 threads)

---------------------------------------------------------------------------


                                                                           
===========================================================================
                         MultiResolution Analysis
---------------------------------------------------------------------------
 polynomial order      : 10
 polynomial type       : Interpolating
---------------------------------------------------------------------------
 total boxes           : 8
 boxes                 : [          2           2           2 ]
 unit lengths          : [   32.00000    32.00000    32.00000 ]
 scaling factor        : [    1.00000     1.00000     1.00000 ]
 lower bounds          : [  -32.00000   -32.00000   -32.00000 ]
 upper bounds          : [   32.00000    32.00000    32.00000 ]
 total length          : [   64.00000    64.00000    64.00000 ]
===========================================================================


                                                                           
***************************************************************************
***                                                                     ***
***                        Initializing Molecule                        ***
***                                                                     ***
***************************************************************************
                                                                           
                                                                           
===========================================================================
                                 Molecule
---------------------------------------------------------------------------
 Charge                  :                                               0
 Multiplicity            :                                               1
---------------------------------------------------------------------------
    N    Atom            :               x               y               z
---------------------------------------------------------------------------
    0       B            :        0.000000        0.000000       -1.197047
    1       F            :        0.000000        0.000000        1.197047
---------------------------------------------------------------------------
 Center of mass          :        0.000000        0.000000        0.328779
===========================================================================


                                                                           
                                                                           
***************************************************************************
***                                                                     ***
***                           XC Functional                             ***
***                                                                     ***
***************************************************************************

Using Libxc (version 7.0.0) to evaluate density functionals. Libxc is free
software. It is distributed under the Mozilla Public License, version 2.0.
For more information, please check the Libxc manual. You should cite

S. Lehtola, C. Steigemann, M. J.T. Oliveira, and M. A.L. Marques., 
SoftwareX 7, 1–5 (2018) DOI: 10.1016/j.softx.2017.11.002

when reporting the results of your calculation in a scientific article.

Libxc functionals used in this calculation:
  - lda_x (ID 1): Slater exchange
     * P. A. M. Dirac.,  Math. Proc. Cambridge Philos. Soc. 26, 376 (1930),
       DOI:10.1017/S0305004100016108
     * F. Bloch.,  Z. Phys. 57, 545 (1929), DOI:10.1007/BF01340281
                                                                           
***************************************************************************
***                                                                     ***
***                Computing Initial Guess Wavefunction                 ***
***                                                                     ***
***************************************************************************
                                                                           
                                                                           
~~~~~~~~~~~~~~~~~~~~~~~~~~~~~~~~~~~~~~~~~~~~~~~~~~~~~~~~~~~~~~~~~~~~~~~~~~~
 Calculation             : Compute initial orbitals
 Method                  : Diagonalize SAD Hamiltonian
 Precision               : 1.00000e-03
 Screening               : 1.20000e+01 StdDev
 Restricted              : True
 Functional              : LDA (SVWN5)
 XC Library              : LibXC
 AO basis                : 3-21G
~~~~~~~~~~~~~~~~~~~~~~~~~~~~~~~~~~~~~~~~~~~~~~~~~~~~~~~~~~~~~~~~~~~~~~~~~~~


===========================================================================
                            Molecular Orbitals
---------------------------------------------------------------------------
 Alpha electrons         :                                           7.000
 Beta electrons          :                                           7.000
 Total electrons         :                                          14.000
---------------------------------------------------------------------------
    n     Occ Spin       :                                            Norm
---------------------------------------------------------------------------
    0    2.00    p       :                              9.999986139260e-01
    1    2.00    p       :                              9.999984070226e-01
    2    2.00    p       :                              9.999999988396e-01
    3    2.00    p       :                              9.999999973339e-01
    4    2.00    p       :                              9.999998338297e-01
    5    2.00    p       :                              9.999999914469e-01
    6    2.00    p       :                              9.999999617487e-01
===========================================================================


~~~~~~~~~~~~~~~~~~~~~~~~~~~~~~~~~~~~~~~~~~~~~~~~~~~~~~~~~~~~~~~~~~~~~~~~~~~
 Calculation             : Compute initial energy
 Method                  : DFT
 XC Library              : LibXC
 Relativity              : None
 Environment             : None
 External fields         : None
 Precision               : 1.00000e-03
 Density cutoff          : 0.00000e+00
 Localization            : Off
~~~~~~~~~~~~~~~~~~~~~~~~~~~~~~~~~~~~~~~~~~~~~~~~~~~~~~~~~~~~~~~~~~~~~~~~~~~


===========================================================================
                        Molecular Energy (initial)
---------------------------------------------------------------------------
 Kinetic energy          :            (au)                122.945518420962
 E-N energy              :            (au)               -330.747921930709
 Coulomb energy          :            (au)                 79.452612659959
 Exchange energy         :            (au)                  0.000000000000
 X-C energy              :            (au)                -12.526373221733
 N-N energy              :            (au)                 18.796254235247
 Non-local pp energy     :            (au)                  0.000000000000
---------------------------------------------------------------------------
 Electronic energy       :            (au)               -140.876164071520
 Nuclear energy          :            (au)                 18.796254235247
---------------------------------------------------------------------------
 Total energy            :            (au)             -1.220799098363e+02
                         :      (kcal/mol)             -7.660630001502e+04
                         :        (kJ/mol)             -3.205207592629e+05
                         :            (eV)             -3.321963579430e+03
===========================================================================


===========================================================================
                        Orbital Energies (initial)
---------------------------------------------------------------------------
    n     Occ Spin       :                                         Epsilon
---------------------------------------------------------------------------
    0    2.00    p       :            (au)                -23.914893642398
    1    2.00    p       :            (au)                 -6.374976678272
    2    2.00    p       :            (au)                 -1.116387853035
    3    2.00    p       :            (au)                 -0.460638810851
    4    2.00    p       :            (au)                 -0.387419616864
    5    2.00    p       :            (au)                 -0.387098363317
    6    2.00    p       :            (au)                 -0.157064778606
---------------------------------------------------------------------------
 Sum occupied            :            (au)                -65.596959486687
===========================================================================


                                                                           
***************************************************************************
***                                                                     ***
***                 Computing Ground State Wavefunction                 ***
***                                                                     ***
***************************************************************************
                                                                           
                                                                           
~~~~~~~~~~~~~~~~~~~~~~~~~~~~~~~~~~~~~~~~~~~~~~~~~~~~~~~~~~~~~~~~~~~~~~~~~~~
 Calculation             : Optimize ground state orbitals
 Method                  : DFT
 XC library              : LibXC
 Relativity              : None
 Environment             : None
 External fields         : None
 Checkpointing           : Off
 Max iterations          : 100
 KAIN solver             : 5
 Localization            : Off
 Diagonalization         : First two iterations
 Start precision         : 3.00000e-07
 Final precision         : 3.00000e-07
 Helmholtz precision     : Dynamic
 Energy threshold        : 3.00000e-08
 Orbital threshold       : 2.00000e-04
~~~~~~~~~~~~~~~~~~~~~~~~~~~~~~~~~~~~~~~~~~~~~~~~~~~~~~~~~~~~~~~~~~~~~~~~~~~


===========================================================================
 Iter           MO residual             Total energy                Update
---------------------------------------------------------------------------
    0          2.645751e+00        -122.079909836273         -1.220799e+02
    1          2.199808e-01        -122.819836604931         -7.399268e-01
    2          6.541213e-02        -122.845085285644         -2.524868e-02
    3          3.030222e-02        -122.848706594185         -3.621309e-03
    4          1.135454e-02        -122.849589600875         -8.830067e-04
    5          6.044797e-03        -122.849967098688         -3.774978e-04
    6          2.970028e-03        -122.849992522133         -2.542345e-05
    7          1.647325e-03        -122.850002601399         -1.007927e-05
    8          8.074008e-04        -122.850004606109         -2.004711e-06
    9          2.620047e-04        -122.850004881612         -2.755029e-07
   10          1.879218e-04        -122.850005029868         -1.482557e-07
   11          9.024539e-05        -122.850005044430         -1.456215e-08
---------------------------------------------------------------------------
                      SCF converged in 11 iterations!
===========================================================================


                                                                           
***************************************************************************
***                                                                     ***
***                    Printing Molecular Properties                    ***
***                                                                     ***
***************************************************************************
                                                                           
                                                                           
===========================================================================
                                 Molecule
---------------------------------------------------------------------------
 Charge                  :                                               0
 Multiplicity            :                                               1
---------------------------------------------------------------------------
    N    Atom            :               x               y               z
---------------------------------------------------------------------------
    0       B            :        0.000000        0.000000       -1.197047
    1       F            :        0.000000        0.000000        1.197047
---------------------------------------------------------------------------
 Center of mass          :        0.000000        0.000000        0.328779
===========================================================================


===========================================================================
                         Molecular Energy (final)
---------------------------------------------------------------------------
 Kinetic energy          :            (au)                122.858141951949
 E-N energy              :            (au)               -331.170205413334
 Coulomb energy          :            (au)                 79.118983019233
 Exchange energy         :            (au)                  0.000000000000
 X-C energy              :            (au)                -12.453178837525
 N-N energy              :            (au)                 18.796254235247
 Non-local pp energy     :            (au)                  0.000000000000
---------------------------------------------------------------------------
 Electronic energy       :            (au)               -141.646259279678
 Nuclear energy          :            (au)                 18.796254235247
---------------------------------------------------------------------------
 Total energy            :            (au)             -1.228500050444e+02
                         :      (kcal/mol)             -7.708954205407e+04
                         :        (kJ/mol)             -3.225426439542e+05
                         :            (eV)             -3.342918937586e+03
===========================================================================


===========================================================================
                         Orbital Energies (final)
---------------------------------------------------------------------------
    n     Occ Spin       :                                         Epsilon
---------------------------------------------------------------------------
    0    2.00    p       :            (au)                -24.120912004588
    1    2.00    p       :            (au)                 -6.476626317982
    2    2.00    p       :            (au)                 -1.143337500392
    3    2.00    p       :            (au)                 -0.517483358960
    4    2.00    p       :            (au)                 -0.435677801396
    5    2.00    p       :            (au)                 -0.435677218587
    6    2.00    p       :            (au)                 -0.209453747786
---------------------------------------------------------------------------
 Sum occupied            :            (au)                -66.678335899383
===========================================================================


===========================================================================
                             Orbital Positions
---------------------------------------------------------------------------
  Index       Occ        :               x               y               z
---------------------------------------------------------------------------
      0      2.00        :        0.000000        0.000000        1.196905
      1      2.00        :       -0.000000       -0.000000       -1.195795
      2      2.00        :       -0.000000       -0.000000        0.920621
      3      2.00        :       -0.000001       -0.000004        1.177402
      4      2.00        :       -0.000001       -0.000000        0.981497
      5      2.00        :        0.000000       -0.000002        0.981515
      6      2.00        :        0.000005        0.000022       -1.888268
===========================================================================


===========================================================================
                           Dipole Moment (dip-1)
---------------------------------------------------------------------------
 r_O                     :        0.000000        0.000000        0.000000
---------------------------------------------------------------------------
 Electronic vector       :       -0.000006       -0.000030       -4.347755
 Magnitude               :            (au)                        4.347755
                         :         (Debye)                       11.050890
---------------------------------------------------------------------------
 Nuclear vector          :       -0.000000       -0.000000        4.788188
 Magnitude               :            (au)                        4.788188
                         :         (Debye)                       12.170360
---------------------------------------------------------------------------
 Total vector            :       -0.000006       -0.000030        0.440433
 Magnitude               :            (au)                        0.440433
                         :         (Debye)                        1.119470
===========================================================================


===========================================================================
                        Quadrupole Moment (quad-1)
---------------------------------------------------------------------------
 r_O                     :        0.000000        0.000000        0.000000
---------------------------------------------------------------------------
 Electronic tensor       :       11.102392       -0.000002        0.000019
                         :       -0.000002       11.102406        0.000089
                         :        0.000019        0.000089      -22.204798
---------------------------------------------------------------------------
 Nuclear tensor          :      -10.030451        0.000000       -0.000000
                         :        0.000000      -10.030451       -0.000000
                         :       -0.000000       -0.000000       20.060902
---------------------------------------------------------------------------
 Total tensor            :        1.071941       -0.000002        0.000019
                         :       -0.000002        1.071955        0.000089
                         :        0.000019        0.000089       -2.143896
===========================================================================


                                                                           
                                                                           
***************************************************************************
***                                                                     ***
***                            Exiting MRChem                           ***
***                                                                     ***
***                       Wall time :  0h  7m 26s                       ***
***                                                                     ***
***************************************************************************
                                                                           
                                                                           
