WARNING: MPI rank 1 will use 16 but only 0 procs are accessible
WARNING: MPI rank 10 will use 16 but only 0 procs are accessible
WARNING: MPI rank 30 will use 16 but only 0 procs are accessible
WARNING: MPI rank 32 will use 16 but only 0 procs are accessible
WARNING: MPI rank 36 will use 16 but only 0 procs are accessible
WARNING: MPI rank 37 will use 16 but only 0 procs are accessible
WARNING: MPI rank 39 will use 16 but only 0 procs are accessible
WARNING: MPI rank 42 will use 16 but only 0 procs are accessible
WARNING: MPI rank 128 will use 16 but only 0 procs are accessible
WARNING: MPI rank 132 will use 16 but only 0 procs are accessible
WARNING: MPI rank 133 will use 16 but only 0 procs are accessible
WARNING: MPI rank 136 will use 16 but only 0 procs are accessible
WARNING: MPI rank 137 will use 16 but only 0 procs are accessible
WARNING: MPI rank 141 will use 16 but only 0 procs are accessible
WARNING: MPI rank 160 will use 16 but only 0 procs are accessible
WARNING: MPI rank 164 will use 16 but only 0 procs are accessible
WARNING: MPI rank 166 will use 16 but only 0 procs are accessible
WARNING: MPI rank 180 will use 16 but only 0 procs are accessible
WARNING: MPI rank 190 will use 16 but only 0 procs are accessible
Warning: recommended number of threads is 0
setting number of threads to omp_threads, 16
WARNING: MPI rank 0 will use 16 but only 0 procs are accessible
WARNING: MPI rank 3 will use 16 but only 0 procs are accessible
WARNING: MPI rank 4 will use 16 but only 0 procs are accessible
WARNING: MPI rank 6 will use 16 but only 0 procs are accessible
WARNING: MPI rank 7 will use 16 but only 0 procs are accessible
WARNING: MPI rank 9 will use 16 but only 0 procs are accessible
WARNING: MPI rank 11 will use 16 but only 0 procs are accessible
WARNING: MPI rank 13 will use 16 but only 0 procs are accessible
WARNING: MPI rank 14 will use 16 but only 0 procs are accessible
WARNING: MPI rank 16 will use 16 but only 0 procs are accessible
WARNING: MPI rank 17 will use 16 but only 0 procs are accessible
WARNING: MPI rank 19 will use 16 but only 0 procs are accessible
WARNING: MPI rank 20 will use 16 but only 0 procs are accessible
WARNING: MPI rank 21 will use 16 but only 0 procs are accessible
WARNING: MPI rank 22 will use 16 but only 0 procs are accessible
WARNING: MPI rank 23 will use 16 but only 0 procs are accessible
WARNING: MPI rank 24 will use 16 but only 0 procs are accessible
WARNING: MPI rank 25 will use 16 but only 0 procs are accessible
WARNING: MPI rank 26 will use 16 but only 0 procs are accessible
WARNING: MPI rank 27 will use 16 but only 0 procs are accessible
WARNING: MPI rank 28 will use 16 but only 0 procs are accessible
WARNING: MPI rank 34 will use 16 but only 0 procs are accessible
WARNING: MPI rank 35 will use 16 but only 0 procs are accessible
WARNING: MPI rank 40 will use 16 but only 0 procs are accessible
WARNING: MPI rank 41 will use 16 but only 0 procs are accessible
WARNING: MPI rank 46 will use 16 but only 0 procs are accessible
WARNING: MPI rank 47 will use 16 but only 0 procs are accessible
WARNING: MPI rank 52 will use 16 but only 0 procs are accessible
WARNING: MPI rank 54 will use 16 but only 0 procs are accessible
WARNING: MPI rank 57 will use 16 but only 0 procs are accessible
WARNING: MPI rank 58 will use 16 but only 0 procs are accessible
WARNING: MPI rank 63 will use 16 but only 0 procs are accessible
WARNING: MPI rank 64 will use 16 but only 0 procs are accessible
WARNING: MPI rank 65 will use 16 but only 0 procs are accessible
WARNING: MPI rank 66 will use 16 but only 0 procs are accessible
WARNING: MPI rank 67 will use 16 but only 0 procs are accessible
WARNING: MPI rank 72 will use 16 but only 0 procs are accessible
WARNING: MPI rank 73 will use 16 but only 0 procs are accessible
WARNING: MPI rank 74 will use 16 but only 0 procs are accessible
WARNING: MPI rank 75 will use 16 but only 0 procs are accessible
WARNING: MPI rank 76 will use 16 but only 0 procs are accessible
WARNING: MPI rank 90 will use 16 but only 0 procs are accessible
WARNING: MPI rank 114 will use 16 but only 0 procs are accessible
WARNING: MPI rank 119 will use 16 but only 0 procs are accessible
WARNING: MPI rank 121 will use 16 but only 0 procs are accessible
WARNING: MPI rank 129 will use 16 but only 0 procs are accessible
WARNING: MPI rank 130 will use 16 but only 0 procs are accessible
WARNING: MPI rank 140 will use 16 but only 0 procs are accessible
WARNING: MPI rank 142 will use 16 but only 0 procs are accessible
WARNING: MPI rank 143 will use 16 but only 0 procs are accessible
WARNING: MPI rank 145 will use 16 but only 0 procs are accessible
WARNING: MPI rank 152 will use 16 but only 0 procs are accessible
WARNING: MPI rank 153 will use 16 but only 0 procs are accessible
WARNING: MPI rank 155 will use 16 but only 0 procs are accessible
WARNING: MPI rank 156 will use 16 but only 0 procs are accessible
WARNING: MPI rank 161 will use 16 but only 0 procs are accessible
WARNING: MPI rank 162 will use 16 but only 0 procs are accessible
WARNING: MPI rank 163 will use 16 but only 0 procs are accessible
WARNING: MPI rank 170 will use 16 but only 0 procs are accessible
WARNING: MPI rank 172 will use 16 but only 0 procs are accessible
WARNING: MPI rank 174 will use 16 but only 0 procs are accessible
WARNING: MPI rank 182 will use 16 but only 0 procs are accessible
WARNING: MPI rank 183 will use 16 but only 0 procs are accessible
WARNING: MPI rank 186 will use 16 but only 0 procs are accessible
WARNING: MPI rank 196 will use 16 but only 0 procs are accessible
WARNING: MPI rank 202 will use 16 but only 0 procs are accessible
WARNING: MPI rank 204 will use 16 but only 0 procs are accessible
WARNING: MPI rank 208 will use 16 but only 0 procs are accessible
WARNING: MPI rank 216 will use 16 but only 0 procs are accessible
WARNING: MPI rank 217 will use 16 but only 0 procs are accessible
WARNING: MPI rank 224 will use 16 but only 0 procs are accessible
WARNING: MPI rank 229 will use 16 but only 0 procs are accessible
WARNING: MPI rank 234 will use 16 but only 0 procs are accessible
WARNING: MPI rank 2 will use 16 but only 0 procs are accessible
WARNING: MPI rank 5 will use 16 but only 0 procs are accessible
WARNING: MPI rank 8 will use 16 but only 0 procs are accessible
WARNING: MPI rank 12 will use 16 but only 0 procs are accessible
WARNING: MPI rank 15 will use 16 but only 0 procs are accessible
WARNING: MPI rank 18 will use 16 but only 0 procs are accessible
WARNING: MPI rank 29 will use 16 but only 0 procs are accessible
WARNING: MPI rank 31 will use 16 but only 0 procs are accessible
WARNING: MPI rank 33 will use 16 but only 0 procs are accessible
WARNING: MPI rank 38 will use 16 but only 0 procs are accessible
WARNING: MPI rank 43 will use 16 but only 0 procs are accessible
WARNING: MPI rank 44 will use 16 but only 0 procs are accessible
WARNING: MPI rank 45 will use 16 but only 0 procs are accessible
WARNING: MPI rank 48 will use 16 but only 0 procs are accessible
WARNING: MPI rank 49 will use 16 but only 0 procs are accessible
WARNING: MPI rank 50 will use 16 but only 0 procs are accessible
WARNING: MPI rank 51 will use 16 but only 0 procs are accessible
WARNING: MPI rank 53 will use 16 but only 0 procs are accessible
WARNING: MPI rank 55 will use 16 but only 0 procs are accessible
WARNING: MPI rank 56 will use 16 but only 0 procs are accessible
WARNING: MPI rank 59 will use 16 but only 0 procs are accessible
WARNING: MPI rank 60 will use 16 but only 0 procs are accessible
WARNING: MPI rank 61 will use 16 but only 0 procs are accessible
WARNING: MPI rank 62 will use 16 but only 0 procs are accessible
WARNING: MPI rank 68 will use 16 but only 0 procs are accessible
WARNING: MPI rank 69 will use 16 but only 0 procs are accessible
WARNING: MPI rank 70 will use 16 but only 0 procs are accessible
WARNING: MPI rank 71 will use 16 but only 0 procs are accessible
WARNING: MPI rank 77 will use 16 but only 0 procs are accessible
WARNING: MPI rank 78 will use 16 but only 0 procs are accessible
WARNING: MPI rank 79 will use 16 but only 0 procs are accessible
WARNING: MPI rank 80 will use 16 but only 0 procs are accessible
WARNING: MPI rank 81 will use 16 but only 0 procs are accessible
WARNING: MPI rank 82 will use 16 but only 0 procs are accessible
WARNING: MPI rank 83 will use 16 but only 0 procs are accessible
WARNING: MPI rank 84 will use 16 but only 0 procs are accessible
WARNING: MPI rank 85 will use 16 but only 0 procs are accessible
WARNING: MPI rank 86 will use 16 but only 0 procs are accessible
WARNING: MPI rank 87 will use 16 but only 0 procs are accessible
WARNING: MPI rank 88 will use 16 but only 0 procs are accessible
WARNING: MPI rank 89 will use 16 but only 0 procs are accessible
WARNING: MPI rank 91 will use 16 but only 0 procs are accessible
WARNING: MPI rank 92 will use 16 but only 0 procs are accessible
WARNING: MPI rank 93 will use 16 but only 0 procs are accessible
WARNING: MPI rank 94 will use 16 but only 0 procs are accessible
WARNING: MPI rank 95 will use 16 but only 0 procs are accessible
WARNING: MPI rank 96 will use 16 but only 0 procs are accessible
WARNING: MPI rank 97 will use 16 but only 0 procs are accessible
WARNING: MPI rank 98 will use 16 but only 0 procs are accessible
WARNING: MPI rank 99 will use 16 but only 0 procs are accessible
WARNING: MPI rank 100 will use 16 but only 0 procs are accessible
WARNING: MPI rank 101 will use 16 but only 0 procs are accessible
WARNING: MPI rank 102 will use 16 but only 0 procs are accessible
WARNING: MPI rank 103 will use 16 but only 0 procs are accessible
WARNING: MPI rank 104 will use 16 but only 0 procs are accessible
WARNING: MPI rank 105 will use 16 but only 0 procs are accessible
WARNING: MPI rank 106 will use 16 but only 0 procs are accessible
WARNING: MPI rank 107 will use 16 but only 0 procs are accessible
WARNING: MPI rank 108 will use 16 but only 0 procs are accessible
WARNING: MPI rank 109 will use 16 but only 0 procs are accessible
WARNING: MPI rank 110 will use 16 but only 0 procs are accessible
WARNING: MPI rank 111 will use 16 but only 0 procs are accessible
WARNING: MPI rank 112 will use 16 but only 0 procs are accessible
WARNING: MPI rank 113 will use 16 but only 0 procs are accessible
WARNING: MPI rank 115 will use 16 but only 0 procs are accessible
WARNING: MPI rank 116 will use 16 but only 0 procs are accessible
WARNING: MPI rank 117 will use 16 but only 0 procs are accessible
WARNING: MPI rank 118 will use 16 but only 0 procs are accessible
WARNING: MPI rank 120 will use 16 but only 0 procs are accessible
WARNING: MPI rank 122 will use 16 but only 0 procs are accessible
WARNING: MPI rank 123 will use 16 but only 0 procs are accessible
WARNING: MPI rank 124 will use 16 but only 0 procs are accessible
WARNING: MPI rank 125 will use 16 but only 0 procs are accessible
WARNING: MPI rank 126 will use 16 but only 0 procs are accessible
WARNING: MPI rank 127 will use 16 but only 0 procs are accessible
WARNING: MPI rank 131 will use 16 but only 0 procs are accessible
WARNING: MPI rank 134 will use 16 but only 0 procs are accessible
WARNING: MPI rank 135 will use 16 but only 0 procs are accessible
WARNING: MPI rank 138 will use 16 but only 0 procs are accessible
WARNING: MPI rank 139 will use 16 but only 0 procs are accessible
WARNING: MPI rank 144 will use 16 but only 0 procs are accessible
WARNING: MPI rank 146 will use 16 but only 0 procs are accessible
WARNING: MPI rank 147 will use 16 but only 0 procs are accessible
WARNING: MPI rank 148 will use 16 but only 0 procs are accessible
WARNING: MPI rank 149 will use 16 but only 0 procs are accessible
WARNING: MPI rank 150 will use 16 but only 0 procs are accessible
WARNING: MPI rank 151 will use 16 but only 0 procs are accessible
WARNING: MPI rank 154 will use 16 but only 0 procs are accessible
WARNING: MPI rank 157 will use 16 but only 0 procs are accessible
WARNING: MPI rank 158 will use 16 but only 0 procs are accessible
WARNING: MPI rank 159 will use 16 but only 0 procs are accessible
WARNING: MPI rank 165 will use 16 but only 0 procs are accessible
WARNING: MPI rank 167 will use 16 but only 0 procs are accessible
WARNING: MPI rank 168 will use 16 but only 0 procs are accessible
WARNING: MPI rank 169 will use 16 but only 0 procs are accessible
WARNING: MPI rank 171 will use 16 but only 0 procs are accessible
WARNING: MPI rank 173 will use 16 but only 0 procs are accessible
WARNING: MPI rank 175 will use 16 but only 0 procs are accessible
WARNING: MPI rank 176 will use 16 but only 0 procs are accessible
WARNING: MPI rank 177 will use 16 but only 0 procs are accessible
WARNING: MPI rank 178 will use 16 but only 0 procs are accessible
WARNING: MPI rank 179 will use 16 but only 0 procs are accessible
WARNING: MPI rank 181 will use 16 but only 0 procs are accessible
WARNING: MPI rank 184 will use 16 but only 0 procs are accessible
WARNING: MPI rank 185 will use 16 but only 0 procs are accessible
WARNING: MPI rank 187 will use 16 but only 0 procs are accessible
WARNING: MPI rank 188 will use 16 but only 0 procs are accessible
WARNING: MPI rank 189 will use 16 but only 0 procs are accessible
WARNING: MPI rank 191 will use 16 but only 0 procs are accessible
WARNING: MPI rank 192 will use 16 but only 0 procs are accessible
WARNING: MPI rank 193 will use 16 but only 0 procs are accessible
WARNING: MPI rank 194 will use 16 but only 0 procs are accessible
WARNING: MPI rank 195 will use 16 but only 0 procs are accessible
WARNING: MPI rank 197 will use 16 but only 0 procs are accessible
WARNING: MPI rank 198 will use 16 but only 0 procs are accessible
WARNING: MPI rank 199 will use 16 but only 0 procs are accessible
WARNING: MPI rank 200 will use 16 but only 0 procs are accessible
WARNING: MPI rank 201 will use 16 but only 0 procs are accessible
WARNING: MPI rank 203 will use 16 but only 0 procs are accessible
WARNING: MPI rank 205 will use 16 but only 0 procs are accessible
WARNING: MPI rank 206 will use 16 but only 0 procs are accessible
WARNING: MPI rank 207 will use 16 but only 0 procs are accessible
WARNING: MPI rank 209 will use 16 but only 0 procs are accessible
WARNING: MPI rank 210 will use 16 but only 0 procs are accessible
WARNING: MPI rank 211 will use 16 but only 0 procs are accessible
WARNING: MPI rank 212 will use 16 but only 0 procs are accessible
WARNING: MPI rank 213 will use 16 but only 0 procs are accessible
WARNING: MPI rank 214 will use 16 but only 0 procs are accessible
WARNING: MPI rank 215 will use 16 but only 0 procs are accessible
WARNING: MPI rank 218 will use 16 but only 0 procs are accessible
WARNING: MPI rank 219 will use 16 but only 0 procs are accessible
WARNING: MPI rank 220 will use 16 but only 0 procs are accessible
WARNING: MPI rank 221 will use 16 but only 0 procs are accessible
WARNING: MPI rank 222 will use 16 but only 0 procs are accessible
WARNING: MPI rank 223 will use 16 but only 0 procs are accessible
WARNING: MPI rank 225 will use 16 but only 0 procs are accessible
WARNING: MPI rank 226 will use 16 but only 0 procs are accessible
WARNING: MPI rank 227 will use 16 but only 0 procs are accessible
WARNING: MPI rank 228 will use 16 but only 0 procs are accessible
WARNING: MPI rank 230 will use 16 but only 0 procs are accessible
WARNING: MPI rank 231 will use 16 but only 0 procs are accessible
WARNING: MPI rank 232 will use 16 but only 0 procs are accessible
WARNING: MPI rank 233 will use 16 but only 0 procs are accessible
WARNING: MPI rank 235 will use 16 but only 0 procs are accessible
WARNING: MPI rank 236 will use 16 but only 0 procs are accessible
WARNING: MPI rank 237 will use 16 but only 0 procs are accessible
WARNING: MPI rank 238 will use 16 but only 0 procs are accessible
WARNING: MPI rank 239 will use 16 but only 0 procs are accessible
WARNING: MPI rank 240 will use 16 but only 0 procs are accessible
WARNING: MPI rank 241 will use 16 but only 0 procs are accessible
WARNING: MPI rank 242 will use 16 but only 0 procs are accessible
WARNING: MPI rank 243 will use 16 but only 0 procs are accessible
WARNING: MPI rank 244 will use 16 but only 0 procs are accessible
WARNING: MPI rank 245 will use 16 but only 0 procs are accessible
WARNING: MPI rank 246 will use 16 but only 0 procs are accessible
WARNING: MPI rank 247 will use 16 but only 0 procs are accessible
WARNING: MPI rank 248 will use 16 but only 0 procs are accessible
WARNING: MPI rank 249 will use 16 but only 0 procs are accessible
WARNING: MPI rank 250 will use 16 but only 0 procs are accessible
WARNING: MPI rank 251 will use 16 but only 0 procs are accessible
WARNING: MPI rank 252 will use 16 but only 0 procs are accessible
WARNING: MPI rank 253 will use 16 but only 0 procs are accessible
WARNING: MPI rank 254 will use 16 but only 0 procs are accessible
WARNING: MPI rank 255 will use 16 but only 0 procs are accessible
                                                                           
                                                                           
***************************************************************************
***                                                                     ***
***                                                                     ***
***          __  __ ____   ____ _                                       ***
***         |  \/  |  _ \ / ___| |__   ___ _ __ ___                     ***
***         | |\/| | |_) | |   | '_ \ / _ \ '_ ` _ \                    ***
***         | |  | |  _ <| |___| | | |  __/ | | | | |                   ***
***         |_|  |_|_| \_\\____|_| |_|\___|_| |_| |_|                   ***
***                                                                     ***
***         VERSION            1.2.0-alpha                              ***
***                                                                     ***
***         Git branch         master                                   ***
***         Git commit hash    670e88e035fab95c2ca9                     ***
***         Git commit author  Ylva Os                                  ***
***         Git commit date    Mon May 4 13:33:19 2026 +0200            ***
***                                                                     ***
***         Contact: luca.frediani@uit.no                               ***
***                                                                     ***
***         Radovan Bast            Magnar Bjorgve                      ***
***         Roberto Di Remigio      Antoine Durdek                      ***
***         Luca Frediani           Gabriel Gerez                       ***
***         Stig Rune Jensen        Jonas Juselius                      ***
***         Rune Monstad            Peter Wind                          ***
***                                                                     ***
***************************************************************************

---------------------------------------------------------------------------

 MPI processes           :       (85 bank)                             256
 OpenMP threads          :                                              16
 Total cores             :                                            2821
                                                                           
---------------------------------------------------------------------------


---------------------------------------------------------------------------

 MRCPP version         : 1.6.0-alpha
 Git branch            : HEAD
 Git commit hash       : ad080014842f898e9529
 Git commit author     : Niklas Göllmann
 Git commit date       : Wed Mar 11 11:25:17 2026 +0100

 Linear algebra        : EIGEN v3.4.0
 Parallelization       : MPI/OpenMP (16 threads)

---------------------------------------------------------------------------


                                                                           
===========================================================================
                         MultiResolution Analysis
---------------------------------------------------------------------------
 polynomial order      : 9
 polynomial type       : Interpolating
---------------------------------------------------------------------------
 total boxes           : 8
 boxes                 : [          2           2           2 ]
 unit lengths          : [   32.00000    32.00000    32.00000 ]
 scaling factor        : [    1.00000     1.00000     1.00000 ]
 lower bounds          : [  -32.00000   -32.00000   -32.00000 ]
 upper bounds          : [   32.00000    32.00000    32.00000 ]
 total length          : [   64.00000    64.00000    64.00000 ]
===========================================================================


                                                                           
***************************************************************************
***                                                                     ***
***                        Initializing Molecule                        ***
***                                                                     ***
***************************************************************************
                                                                           
                                                                           
===========================================================================
                                 Molecule
---------------------------------------------------------------------------
 Charge                  :                                               0
 Multiplicity            :                                               2
---------------------------------------------------------------------------
    N    Atom            :               x               y               z
---------------------------------------------------------------------------
    0       P            :        0.000000        0.000000        0.544052
    1       O            :        0.000000        2.563036       -0.510037
    2       O            :        0.000000       -2.563036       -0.510037
---------------------------------------------------------------------------
 Center of mass          :        0.000000        0.000000        0.008427
===========================================================================


                                                                           
                                                                           
***************************************************************************
***                                                                     ***
***                           XC Functional                             ***
***                                                                     ***
***************************************************************************

Using Libxc (version 7.0.0) to evaluate density functionals. Libxc is free
software. It is distributed under the Mozilla Public License, version 2.0.
For more information, please check the Libxc manual. You should cite

S. Lehtola, C. Steigemann, M. J.T. Oliveira, and M. A.L. Marques., 
SoftwareX 7, 1–5 (2018) DOI: 10.1016/j.softx.2017.11.002

when reporting the results of your calculation in a scientific article.

Libxc functionals used in this calculation:
  - gga_x_pbe (ID 101): Perdew, Burke & Ernzerhof
     * J. P. Perdew, K. Burke, and M. Ernzerhof.,  Phys. Rev. Lett. 77,
       3865 (1996), DOI:10.1103/PhysRevLett.77.3865
     * J. P. Perdew, K. Burke, and M. Ernzerhof.,  Phys. Rev. Lett. 78,
       1396 (1997), DOI:10.1103/PhysRevLett.78.1396
                                                                           
***************************************************************************
***                                                                     ***
***                Computing Initial Guess Wavefunction                 ***
***                                                                     ***
***************************************************************************
                                                                           
                                                                           
~~~~~~~~~~~~~~~~~~~~~~~~~~~~~~~~~~~~~~~~~~~~~~~~~~~~~~~~~~~~~~~~~~~~~~~~~~~
 Calculation             : Compute initial orbitals
 Method                  : Diagonalize SAD Hamiltonian
 Precision               : 1.00000e-03
 Screening               : 1.20000e+01 StdDev
 Restricted              : False
 Functional              : LDA (SVWN5)
 XC Library              : LibXC
 AO basis                : 3-21G
~~~~~~~~~~~~~~~~~~~~~~~~~~~~~~~~~~~~~~~~~~~~~~~~~~~~~~~~~~~~~~~~~~~~~~~~~~~


===========================================================================
                            Molecular Orbitals
---------------------------------------------------------------------------
 Alpha electrons         :                                          16.000
 Beta electrons          :                                          15.000
 Total electrons         :                                          31.000
---------------------------------------------------------------------------
    n     Occ Spin       :                                            Norm
---------------------------------------------------------------------------
    0    1.00    a       :                              9.999951291714e-01
    1    1.00    a       :                              9.999999993494e-01
    2    1.00    a       :                              9.999999997341e-01
    3    1.00    a       :                              9.999999996828e-01
    4    1.00    a       :                              9.999999958124e-01
    5    1.00    a       :                              9.999999991344e-01
    6    1.00    a       :                              9.999999999845e-01
    7    1.00    a       :                              9.999999857131e-01
    8    1.00    a       :                              9.999999983180e-01
    9    1.00    a       :                              9.999999743651e-01
   10    1.00    a       :                              9.999999995852e-01
   11    1.00    a       :                              9.999999987760e-01
   12    1.00    a       :                              9.999999998042e-01
   13    1.00    a       :                              9.999999982027e-01
   14    1.00    a       :                              9.999999999979e-01
   15    1.00    a       :                              9.999999869624e-01
   16    1.00    b       :                              9.999951291714e-01
   17    1.00    b       :                              9.999999993494e-01
   18    1.00    b       :                              9.999999997341e-01
   19    1.00    b       :                              9.999999996828e-01
   20    1.00    b       :                              9.999999958124e-01
   21    1.00    b       :                              9.999999991344e-01
   22    1.00    b       :                              9.999999999845e-01
   23    1.00    b       :                              9.999999857131e-01
   24    1.00    b       :                              9.999999983180e-01
   25    1.00    b       :                              9.999999743651e-01
   26    1.00    b       :                              9.999999995852e-01
   27    1.00    b       :                              9.999999987760e-01
   28    1.00    b       :                              9.999999998042e-01
   29    1.00    b       :                              9.999999982027e-01
   30    1.00    b       :                              9.999999999979e-01
===========================================================================


~~~~~~~~~~~~~~~~~~~~~~~~~~~~~~~~~~~~~~~~~~~~~~~~~~~~~~~~~~~~~~~~~~~~~~~~~~~
 Calculation             : Compute initial energy
 Method                  : DFT
 XC Library              : LibXC
 Relativity              : None
 Environment             : None
 External fields         : None
 Precision               : 1.00000e-03
 Density cutoff          : 0.00000e+00
 Localization            : Off
~~~~~~~~~~~~~~~~~~~~~~~~~~~~~~~~~~~~~~~~~~~~~~~~~~~~~~~~~~~~~~~~~~~~~~~~~~~


===========================================================================
                        Molecular Energy (initial)
---------------------------------------------------------------------------
 Kinetic energy          :            (au)                488.002968290129
 E-N energy              :            (au)              -1360.094013434044
 Coulomb energy          :            (au)                324.702021211829
 Exchange energy         :            (au)                  0.000000000000
 X-C energy              :            (au)                -39.217010242348
 N-N energy              :            (au)                 99.086296533698
 Non-local pp energy     :            (au)                  0.000000000000
---------------------------------------------------------------------------
 Electronic energy       :            (au)               -586.606034174434
 Nuclear energy          :            (au)                 99.086296533698
---------------------------------------------------------------------------
 Total energy            :            (au)             -4.875197376407e+02
                         :      (kcal/mol)             -3.059232541623e+05
                         :        (kJ/mol)             -1.279982895415e+06
                         :            (eV)             -1.326608788348e+04
===========================================================================


===========================================================================
                        Orbital Energies (initial)
---------------------------------------------------------------------------
    n     Occ Spin       :                                         Epsilon
---------------------------------------------------------------------------
    0    1.00    a       :            (au)                -76.128859039845
    1    1.00    a       :            (au)                -18.334558114750
    2    1.00    a       :            (au)                -18.333564108335
    3    1.00    a       :            (au)                 -6.542981184866
    4    1.00    a       :            (au)                 -4.774030098228
    5    1.00    a       :            (au)                 -4.772045825672
    6    1.00    a       :            (au)                 -4.771473629165
    7    1.00    a       :            (au)                 -0.894665837627
    8    1.00    a       :            (au)                 -0.802894957595
    9    1.00    a       :            (au)                 -0.452142223431
   10    1.00    a       :            (au)                 -0.274864634764
   11    1.00    a       :            (au)                 -0.239263655947
   12    1.00    a       :            (au)                 -0.188218805400
   13    1.00    a       :            (au)                 -0.097758803268
   14    1.00    a       :            (au)                 -0.094839102857
   15    1.00    a       :            (au)                 -0.076807695399
   16    1.00    b       :            (au)                -76.126202062037
   17    1.00    b       :            (au)                -18.329450781386
   18    1.00    b       :            (au)                -18.328456200895
   19    1.00    b       :            (au)                 -6.539256578506
   20    1.00    b       :            (au)                 -4.770778156705
   21    1.00    b       :            (au)                 -4.768600135897
   22    1.00    b       :            (au)                 -4.765789033528
   23    1.00    b       :            (au)                 -0.872936332511
   24    1.00    b       :            (au)                 -0.787562443911
   25    1.00    b       :            (au)                 -0.303384675858
   26    1.00    b       :            (au)                 -0.263137958013
   27    1.00    b       :            (au)                 -0.221284291485
   28    1.00    b       :            (au)                 -0.170017394470
   29    1.00    b       :            (au)                 -0.091334390491
   30    1.00    b       :            (au)                 -0.085484592611
---------------------------------------------------------------------------
 Sum occupied            :            (au)               -273.202642745455
===========================================================================


                                                                           
***************************************************************************
***                                                                     ***
***                 Computing Ground State Wavefunction                 ***
***                                                                     ***
***************************************************************************
                                                                           
                                                                           
~~~~~~~~~~~~~~~~~~~~~~~~~~~~~~~~~~~~~~~~~~~~~~~~~~~~~~~~~~~~~~~~~~~~~~~~~~~
 Calculation             : Optimize ground state orbitals
 Method                  : DFT
 XC library              : LibXC
 Relativity              : None
 Environment             : None
 External fields         : None
 Checkpointing           : Off
 Max iterations          : 100
 KAIN solver             : 5
 Localization            : Off
 Diagonalization         : First two iterations
 Start precision         : 8.00000e-07
 Final precision         : 8.00000e-07
 Helmholtz precision     : Dynamic
 Energy threshold        : 8.00000e-08
 Orbital threshold       : 3.00000e-04
~~~~~~~~~~~~~~~~~~~~~~~~~~~~~~~~~~~~~~~~~~~~~~~~~~~~~~~~~~~~~~~~~~~~~~~~~~~


===========================================================================
 Iter           MO residual             Total energy                Update
---------------------------------------------------------------------------
    0          5.567764e+00        -487.519737640736         -4.875197e+02
    1          7.555988e-01        -490.215262127023         -2.695524e+00
    2          4.624269e-01        -490.444956700364         -2.296946e-01
    3          1.971225e-01        -490.476632470513         -3.167577e-02
    4          8.296162e-02        -490.490339328560         -1.370686e-02
    5          4.911476e-02        -490.496005155485         -5.665827e-03
    6          2.142897e-02        -490.496811998439         -8.068430e-04
    7          1.125890e-02        -490.496962922862         -1.509244e-04
    8          6.456130e-03        -490.497007451483         -4.452862e-05
    9          3.707724e-03        -490.497020968782         -1.351730e-05
   10          2.224099e-03        -490.497026438230         -5.469447e-06
   11          2.073623e-03        -490.497028681823         -2.243594e-06
   12          1.325126e-03        -490.497030471852         -1.790029e-06
   13          6.623680e-04        -490.497031227504         -7.556522e-07
   14          4.399426e-04        -490.497031482131         -2.546269e-07
   15          2.877504e-04        -490.497031598377         -1.162459e-07
   16          2.933788e-04        -490.497031693162         -9.478435e-08
   17          2.109410e-04        -490.497031723139         -2.997695e-08
---------------------------------------------------------------------------
                      SCF converged in 17 iterations!
===========================================================================


                                                                           
***************************************************************************
***                                                                     ***
***                    Printing Molecular Properties                    ***
***                                                                     ***
***************************************************************************
                                                                           
                                                                           
===========================================================================
                                 Molecule
---------------------------------------------------------------------------
 Charge                  :                                               0
 Multiplicity            :                                               2
---------------------------------------------------------------------------
    N    Atom            :               x               y               z
---------------------------------------------------------------------------
    0       P            :        0.000000        0.000000        0.544052
    1       O            :        0.000000        2.563036       -0.510037
    2       O            :        0.000000       -2.563036       -0.510037
---------------------------------------------------------------------------
 Center of mass          :        0.000000        0.000000        0.008427
===========================================================================


===========================================================================
                         Molecular Energy (final)
---------------------------------------------------------------------------
 Kinetic energy          :            (au)                490.740348625068
 E-N energy              :            (au)              -1365.706244836155
 Coulomb energy          :            (au)                324.368477172904
 Exchange energy         :            (au)                  0.000000000000
 X-C energy              :            (au)                -38.985909218653
 N-N energy              :            (au)                 99.086296533698
 Non-local pp energy     :            (au)                  0.000000000000
---------------------------------------------------------------------------
 Electronic energy       :            (au)               -589.583328256837
 Nuclear energy          :            (au)                 99.086296533698
---------------------------------------------------------------------------
 Total energy            :            (au)             -4.904970317231e+02
                         :      (kcal/mol)             -3.077915344061e+05
                         :        (kJ/mol)             -1.287799779955e+06
                         :            (eV)             -1.334710418273e+04
===========================================================================


===========================================================================
                         Orbital Energies (final)
---------------------------------------------------------------------------
    n     Occ Spin       :                                         Epsilon
---------------------------------------------------------------------------
    0    1.00    a       :            (au)                -76.398089653073
    1    1.00    a       :            (au)                -18.787224950682
    2    1.00    a       :            (au)                -18.787156780638
    3    1.00    a       :            (au)                 -6.368658848665
    4    1.00    a       :            (au)                 -4.592057002442
    5    1.00    a       :            (au)                 -4.589387930578
    6    1.00    a       :            (au)                 -4.585455055399
    7    1.00    a       :            (au)                 -0.953356836908
    8    1.00    a       :            (au)                 -0.908536804842
    9    1.00    a       :            (au)                 -0.479629634490
   10    1.00    a       :            (au)                 -0.383239989444
   11    1.00    a       :            (au)                 -0.368977822365
   12    1.00    a       :            (au)                 -0.368809417093
   13    1.00    a       :            (au)                 -0.302071283208
   14    1.00    a       :            (au)                 -0.294312097167
   15    1.00    a       :            (au)                 -0.245167776400
   16    1.00    b       :            (au)                -76.396235855885
   17    1.00    b       :            (au)                -18.780839491450
   18    1.00    b       :            (au)                -18.780769319235
   19    1.00    b       :            (au)                 -6.365824261999
   20    1.00    b       :            (au)                 -4.589471342773
   21    1.00    b       :            (au)                 -4.584233293955
   22    1.00    b       :            (au)                 -4.583438642664
   23    1.00    b       :            (au)                 -0.937644443679
   24    1.00    b       :            (au)                 -0.892168836245
   25    1.00    b       :            (au)                 -0.453257696059
   26    1.00    b       :            (au)                 -0.361846001767
   27    1.00    b       :            (au)                 -0.359614193102
   28    1.00    b       :            (au)                 -0.351070409102
   29    1.00    b       :            (au)                 -0.297421435558
   30    1.00    b       :            (au)                 -0.283629887285
---------------------------------------------------------------------------
 Sum occupied            :            (au)               -276.429596994149
===========================================================================


===========================================================================
                             Orbital Positions
---------------------------------------------------------------------------
  Index       Occ        :               x               y               z
---------------------------------------------------------------------------
      0      1.00        :       -0.000000        0.000000        0.544048
      1      1.00        :       -0.000000        2.562395       -0.509949
      2      1.00        :       -0.000000       -2.562395       -0.509949
      3      1.00        :       -0.000000        0.000001        0.543471
      4      1.00        :        0.000000       -0.000000        0.544087
      5      1.00        :       -0.000000       -0.000000        0.544822
      6      1.00        :       -0.000000       -0.000001        0.543684
      7      1.00        :       -0.000000        0.001292       -0.271685
      8      1.00        :       -0.000000       -0.001278       -0.317331
      9      1.00        :       -0.000000        0.000514        0.024376
     10      1.00        :       -0.000000       -0.000181       -0.584736
     11      1.00        :        0.000000        0.000479        0.001464
     12      1.00        :        0.000000        0.000728       -0.154961
     13      1.00        :        0.000000       -0.000772       -0.415457
     14      1.00        :       -0.000000       -0.000580       -0.308626
     15      1.00        :       -0.000000       -0.000276        0.450787
     16      1.00        :       -0.000000        0.000000        0.544047
     17      1.00        :       -0.000000        2.562804       -0.509962
     18      1.00        :       -0.000000       -2.562804       -0.509962
     19      1.00        :       -0.000000        0.000001        0.542378
     20      1.00        :        0.000000       -0.000000        0.543810
     21      1.00        :       -0.000000       -0.000000        0.545223
     22      1.00        :       -0.000000       -0.000000        0.543578
     23      1.00        :       -0.000000        0.001397       -0.288886
     24      1.00        :       -0.000000       -0.001374       -0.326511
     25      1.00        :       -0.000000        0.000616       -0.179217
     26      1.00        :       -0.000000       -0.000636       -0.551955
     27      1.00        :        0.000000        0.000883       -0.208614
     28      1.00        :       -0.000000        0.000846       -0.046864
     29      1.00        :        0.000000       -0.000896       -0.414870
     30      1.00        :       -0.000000       -0.000784       -0.308562
===========================================================================


===========================================================================
                           Dipole Moment (dip-1)
---------------------------------------------------------------------------
 r_O                     :        0.000000        0.000000        0.000000
---------------------------------------------------------------------------
 Electronic vector       :        0.000000        0.000021        0.502322
 Magnitude               :            (au)                        0.502322
                         :         (Debye)                        1.276776
---------------------------------------------------------------------------
 Nuclear vector          :        0.000000        0.000000        0.000189
 Magnitude               :            (au)                        0.000189
                         :         (Debye)                        0.000480
---------------------------------------------------------------------------
 Total vector            :        0.000000        0.000021        0.502511
 Magnitude               :            (au)                        0.502511
                         :         (Debye)                        1.277256
===========================================================================


===========================================================================
                        Quadrupole Moment (quad-1)
---------------------------------------------------------------------------
 r_O                     :        0.000000        0.000000        0.000000
---------------------------------------------------------------------------
 Electronic tensor       :       59.951133        0.000000        0.000000
                         :        0.000000     -105.901506        0.000037
                         :        0.000000        0.000037       45.950373
---------------------------------------------------------------------------
 Nuclear tensor          :      -56.854258        0.000000        0.000000
                         :        0.000000      100.805371        0.000000
                         :        0.000000        0.000000      -43.951113
---------------------------------------------------------------------------
 Total tensor            :        3.096875        0.000000        0.000000
                         :        0.000000       -5.096135        0.000037
                         :        0.000000        0.000037        1.999260
===========================================================================


                                                                           
                                                                           
***************************************************************************
***                                                                     ***
***                            Exiting MRChem                           ***
***                                                                     ***
***                       Wall time :  0h 19m 29s                       ***
***                                                                     ***
***************************************************************************
                                                                           
                                                                           
