WARNING: MPI rank 9 will use 16 but only 0 procs are accessible
WARNING: MPI rank 72 will use 16 but only 0 procs are accessible
WARNING: MPI rank 80 will use 16 but only 0 procs are accessible
WARNING: MPI rank 94 will use 16 but only 0 procs are accessible
WARNING: MPI rank 131 will use 16 but only 0 procs are accessible
WARNING: MPI rank 161 will use 16 but only 0 procs are accessible
WARNING: MPI rank 216 will use 16 but only 0 procs are accessible
WARNING: MPI rank 240 will use 16 but only 0 procs are accessible
WARNING: MPI rank 10 will use 16 but only 0 procs are accessible
WARNING: MPI rank 11 will use 16 but only 0 procs are accessible
WARNING: MPI rank 20 will use 16 but only 0 procs are accessible
WARNING: MPI rank 29 will use 16 but only 0 procs are accessible
WARNING: MPI rank 30 will use 16 but only 0 procs are accessible
WARNING: MPI rank 31 will use 16 but only 0 procs are accessible
WARNING: MPI rank 45 will use 16 but only 0 procs are accessible
WARNING: MPI rank 53 will use 16 but only 0 procs are accessible
WARNING: MPI rank 59 will use 16 but only 0 procs are accessible
WARNING: MPI rank 139 will use 16 but only 0 procs are accessible
WARNING: MPI rank 152 will use 16 but only 0 procs are accessible
WARNING: MPI rank 162 will use 16 but only 0 procs are accessible
WARNING: MPI rank 163 will use 16 but only 0 procs are accessible
WARNING: MPI rank 169 will use 16 but only 0 procs are accessible
WARNING: MPI rank 170 will use 16 but only 0 procs are accessible
WARNING: MPI rank 172 will use 16 but only 0 procs are accessible
WARNING: MPI rank 185 will use 16 but only 0 procs are accessible
WARNING: MPI rank 186 will use 16 but only 0 procs are accessible
WARNING: MPI rank 187 will use 16 but only 0 procs are accessible
WARNING: MPI rank 195 will use 16 but only 0 procs are accessible
WARNING: MPI rank 197 will use 16 but only 0 procs are accessible
WARNING: MPI rank 199 will use 16 but only 0 procs are accessible
WARNING: MPI rank 202 will use 16 but only 0 procs are accessible
WARNING: MPI rank 203 will use 16 but only 0 procs are accessible
WARNING: MPI rank 204 will use 16 but only 0 procs are accessible
WARNING: MPI rank 209 will use 16 but only 0 procs are accessible
WARNING: MPI rank 210 will use 16 but only 0 procs are accessible
WARNING: MPI rank 217 will use 16 but only 0 procs are accessible
WARNING: MPI rank 219 will use 16 but only 0 procs are accessible
WARNING: MPI rank 220 will use 16 but only 0 procs are accessible
WARNING: MPI rank 221 will use 16 but only 0 procs are accessible
WARNING: MPI rank 239 will use 16 but only 0 procs are accessible
WARNING: MPI rank 241 will use 16 but only 0 procs are accessible
WARNING: MPI rank 245 will use 16 but only 0 procs are accessible
WARNING: MPI rank 246 will use 16 but only 0 procs are accessible
Warning: recommended number of threads is 0
setting number of threads to omp_threads, 16
WARNING: MPI rank 0 will use 16 but only 0 procs are accessible
WARNING: MPI rank 1 will use 16 but only 0 procs are accessible
WARNING: MPI rank 2 will use 16 but only 0 procs are accessible
WARNING: MPI rank 3 will use 16 but only 0 procs are accessible
WARNING: MPI rank 4 will use 16 but only 0 procs are accessible
WARNING: MPI rank 5 will use 16 but only 0 procs are accessible
WARNING: MPI rank 6 will use 16 but only 0 procs are accessible
WARNING: MPI rank 7 will use 16 but only 0 procs are accessible
WARNING: MPI rank 8 will use 16 but only 0 procs are accessible
WARNING: MPI rank 12 will use 16 but only 0 procs are accessible
WARNING: MPI rank 13 will use 16 but only 0 procs are accessible
WARNING: MPI rank 14 will use 16 but only 0 procs are accessible
WARNING: MPI rank 15 will use 16 but only 0 procs are accessible
WARNING: MPI rank 16 will use 16 but only 0 procs are accessible
WARNING: MPI rank 17 will use 16 but only 0 procs are accessible
WARNING: MPI rank 18 will use 16 but only 0 procs are accessible
WARNING: MPI rank 19 will use 16 but only 0 procs are accessible
WARNING: MPI rank 21 will use 16 but only 0 procs are accessible
WARNING: MPI rank 22 will use 16 but only 0 procs are accessible
WARNING: MPI rank 23 will use 16 but only 0 procs are accessible
WARNING: MPI rank 24 will use 16 but only 0 procs are accessible
WARNING: MPI rank 25 will use 16 but only 0 procs are accessible
WARNING: MPI rank 26 will use 16 but only 0 procs are accessible
WARNING: MPI rank 27 will use 16 but only 0 procs are accessible
WARNING: MPI rank 28 will use 16 but only 0 procs are accessible
WARNING: MPI rank 32 will use 16 but only 0 procs are accessible
WARNING: MPI rank 33 will use 16 but only 0 procs are accessible
WARNING: MPI rank 34 will use 16 but only 0 procs are accessible
WARNING: MPI rank 35 will use 16 but only 0 procs are accessible
WARNING: MPI rank 36 will use 16 but only 0 procs are accessible
WARNING: MPI rank 37 will use 16 but only 0 procs are accessible
WARNING: MPI rank 38 will use 16 but only 0 procs are accessible
WARNING: MPI rank 39 will use 16 but only 0 procs are accessible
WARNING: MPI rank 40 will use 16 but only 0 procs are accessible
WARNING: MPI rank 41 will use 16 but only 0 procs are accessible
WARNING: MPI rank 42 will use 16 but only 0 procs are accessible
WARNING: MPI rank 43 will use 16 but only 0 procs are accessible
WARNING: MPI rank 44 will use 16 but only 0 procs are accessible
WARNING: MPI rank 46 will use 16 but only 0 procs are accessible
WARNING: MPI rank 47 will use 16 but only 0 procs are accessible
WARNING: MPI rank 48 will use 16 but only 0 procs are accessible
WARNING: MPI rank 49 will use 16 but only 0 procs are accessible
WARNING: MPI rank 50 will use 16 but only 0 procs are accessible
WARNING: MPI rank 51 will use 16 but only 0 procs are accessible
WARNING: MPI rank 52 will use 16 but only 0 procs are accessible
WARNING: MPI rank 54 will use 16 but only 0 procs are accessible
WARNING: MPI rank 56 will use 16 but only 0 procs are accessible
WARNING: MPI rank 58 will use 16 but only 0 procs are accessible
WARNING: MPI rank 60 will use 16 but only 0 procs are accessible
WARNING: MPI rank 61 will use 16 but only 0 procs are accessible
WARNING: MPI rank 62 will use 16 but only 0 procs are accessible
WARNING: MPI rank 63 will use 16 but only 0 procs are accessible
WARNING: MPI rank 64 will use 16 but only 0 procs are accessible
WARNING: MPI rank 65 will use 16 but only 0 procs are accessible
WARNING: MPI rank 66 will use 16 but only 0 procs are accessible
WARNING: MPI rank 67 will use 16 but only 0 procs are accessible
WARNING: MPI rank 68 will use 16 but only 0 procs are accessible
WARNING: MPI rank 69 will use 16 but only 0 procs are accessible
WARNING: MPI rank 70 will use 16 but only 0 procs are accessible
WARNING: MPI rank 71 will use 16 but only 0 procs are accessible
WARNING: MPI rank 73 will use 16 but only 0 procs are accessible
WARNING: MPI rank 74 will use 16 but only 0 procs are accessible
WARNING: MPI rank 75 will use 16 but only 0 procs are accessible
WARNING: MPI rank 76 will use 16 but only 0 procs are accessible
WARNING: MPI rank 77 will use 16 but only 0 procs are accessible
WARNING: MPI rank 78 will use 16 but only 0 procs are accessible
WARNING: MPI rank 79 will use 16 but only 0 procs are accessible
WARNING: MPI rank 81 will use 16 but only 0 procs are accessible
WARNING: MPI rank 82 will use 16 but only 0 procs are accessible
WARNING: MPI rank 83 will use 16 but only 0 procs are accessible
WARNING: MPI rank 84 will use 16 but only 0 procs are accessible
WARNING: MPI rank 85 will use 16 but only 0 procs are accessible
WARNING: MPI rank 86 will use 16 but only 0 procs are accessible
WARNING: MPI rank 87 will use 16 but only 0 procs are accessible
WARNING: MPI rank 88 will use 16 but only 0 procs are accessible
WARNING: MPI rank 89 will use 16 but only 0 procs are accessible
WARNING: MPI rank 90 will use 16 but only 0 procs are accessible
WARNING: MPI rank 91 will use 16 but only 0 procs are accessible
WARNING: MPI rank 92 will use 16 but only 0 procs are accessible
WARNING: MPI rank 93 will use 16 but only 0 procs are accessible
WARNING: MPI rank 95 will use 16 but only 0 procs are accessible
WARNING: MPI rank 96 will use 16 but only 0 procs are accessible
WARNING: MPI rank 97 will use 16 but only 0 procs are accessible
WARNING: MPI rank 98 will use 16 but only 0 procs are accessible
WARNING: MPI rank 99 will use 16 but only 0 procs are accessible
WARNING: MPI rank 100 will use 16 but only 0 procs are accessible
WARNING: MPI rank 101 will use 16 but only 0 procs are accessible
WARNING: MPI rank 102 will use 16 but only 0 procs are accessible
WARNING: MPI rank 103 will use 16 but only 0 procs are accessible
WARNING: MPI rank 104 will use 16 but only 0 procs are accessible
WARNING: MPI rank 105 will use 16 but only 0 procs are accessible
WARNING: MPI rank 106 will use 16 but only 0 procs are accessible
WARNING: MPI rank 107 will use 16 but only 0 procs are accessible
WARNING: MPI rank 108 will use 16 but only 0 procs are accessible
WARNING: MPI rank 109 will use 16 but only 0 procs are accessible
WARNING: MPI rank 110 will use 16 but only 0 procs are accessible
WARNING: MPI rank 111 will use 16 but only 0 procs are accessible
WARNING: MPI rank 112 will use 16 but only 0 procs are accessible
WARNING: MPI rank 113 will use 16 but only 0 procs are accessible
WARNING: MPI rank 114 will use 16 but only 0 procs are accessible
WARNING: MPI rank 115 will use 16 but only 0 procs are accessible
WARNING: MPI rank 116 will use 16 but only 0 procs are accessible
WARNING: MPI rank 117 will use 16 but only 0 procs are accessible
WARNING: MPI rank 118 will use 16 but only 0 procs are accessible
WARNING: MPI rank 119 will use 16 but only 0 procs are accessible
WARNING: MPI rank 120 will use 16 but only 0 procs are accessible
WARNING: MPI rank 121 will use 16 but only 0 procs are accessible
WARNING: MPI rank 122 will use 16 but only 0 procs are accessible
WARNING: MPI rank 123 will use 16 but only 0 procs are accessible
WARNING: MPI rank 124 will use 16 but only 0 procs are accessible
WARNING: MPI rank 125 will use 16 but only 0 procs are accessible
WARNING: MPI rank 126 will use 16 but only 0 procs are accessible
WARNING: MPI rank 127 will use 16 but only 0 procs are accessible
WARNING: MPI rank 128 will use 16 but only 0 procs are accessible
WARNING: MPI rank 129 will use 16 but only 0 procs are accessible
WARNING: MPI rank 130 will use 16 but only 0 procs are accessible
WARNING: MPI rank 132 will use 16 but only 0 procs are accessible
WARNING: MPI rank 133 will use 16 but only 0 procs are accessible
WARNING: MPI rank 134 will use 16 but only 0 procs are accessible
WARNING: MPI rank 135 will use 16 but only 0 procs are accessible
WARNING: MPI rank 136 will use 16 but only 0 procs are accessible
WARNING: MPI rank 137 will use 16 but only 0 procs are accessible
WARNING: MPI rank 138 will use 16 but only 0 procs are accessible
WARNING: MPI rank 140 will use 16 but only 0 procs are accessible
WARNING: MPI rank 141 will use 16 but only 0 procs are accessible
WARNING: MPI rank 142 will use 16 but only 0 procs are accessible
WARNING: MPI rank 143 will use 16 but only 0 procs are accessible
WARNING: MPI rank 144 will use 16 but only 0 procs are accessible
WARNING: MPI rank 145 will use 16 but only 0 procs are accessible
WARNING: MPI rank 146 will use 16 but only 0 procs are accessible
WARNING: MPI rank 147 will use 16 but only 0 procs are accessible
WARNING: MPI rank 148 will use 16 but only 0 procs are accessible
WARNING: MPI rank 149 will use 16 but only 0 procs are accessible
WARNING: MPI rank 150 will use 16 but only 0 procs are accessible
WARNING: MPI rank 151 will use 16 but only 0 procs are accessible
WARNING: MPI rank 153 will use 16 but only 0 procs are accessible
WARNING: MPI rank 154 will use 16 but only 0 procs are accessible
WARNING: MPI rank 155 will use 16 but only 0 procs are accessible
WARNING: MPI rank 156 will use 16 but only 0 procs are accessible
WARNING: MPI rank 157 will use 16 but only 0 procs are accessible
WARNING: MPI rank 158 will use 16 but only 0 procs are accessible
WARNING: MPI rank 159 will use 16 but only 0 procs are accessible
WARNING: MPI rank 160 will use 16 but only 0 procs are accessible
WARNING: MPI rank 164 will use 16 but only 0 procs are accessible
WARNING: MPI rank 165 will use 16 but only 0 procs are accessible
WARNING: MPI rank 166 will use 16 but only 0 procs are accessible
WARNING: MPI rank 167 will use 16 but only 0 procs are accessible
WARNING: MPI rank 168 will use 16 but only 0 procs are accessible
WARNING: MPI rank 171 will use 16 but only 0 procs are accessible
WARNING: MPI rank 173 will use 16 but only 0 procs are accessible
WARNING: MPI rank 174 will use 16 but only 0 procs are accessible
WARNING: MPI rank 175 will use 16 but only 0 procs are accessible
WARNING: MPI rank 176 will use 16 but only 0 procs are accessible
WARNING: MPI rank 177 will use 16 but only 0 procs are accessible
WARNING: MPI rank 178 will use 16 but only 0 procs are accessible
WARNING: MPI rank 179 will use 16 but only 0 procs are accessible
WARNING: MPI rank 180 will use 16 but only 0 procs are accessible
WARNING: MPI rank 181 will use 16 but only 0 procs are accessible
WARNING: MPI rank 182 will use 16 but only 0 procs are accessible
WARNING: MPI rank 183 will use 16 but only 0 procs are accessible
WARNING: MPI rank 184 will use 16 but only 0 procs are accessible
WARNING: MPI rank 188 will use 16 but only 0 procs are accessible
WARNING: MPI rank 189 will use 16 but only 0 procs are accessible
WARNING: MPI rank 190 will use 16 but only 0 procs are accessible
WARNING: MPI rank 191 will use 16 but only 0 procs are accessible
WARNING: MPI rank 192 will use 16 but only 0 procs are accessible
WARNING: MPI rank 193 will use 16 but only 0 procs are accessible
WARNING: MPI rank 194 will use 16 but only 0 procs are accessible
WARNING: MPI rank 196 will use 16 but only 0 procs are accessible
WARNING: MPI rank 198 will use 16 but only 0 procs are accessible
WARNING: MPI rank 200 will use 16 but only 0 procs are accessible
WARNING: MPI rank 201 will use 16 but only 0 procs are accessible
WARNING: MPI rank 205 will use 16 but only 0 procs are accessible
WARNING: MPI rank 206 will use 16 but only 0 procs are accessible
WARNING: MPI rank 207 will use 16 but only 0 procs are accessible
WARNING: MPI rank 208 will use 16 but only 0 procs are accessible
WARNING: MPI rank 211 will use 16 but only 0 procs are accessible
WARNING: MPI rank 212 will use 16 but only 0 procs are accessible
WARNING: MPI rank 213 will use 16 but only 0 procs are accessible
WARNING: MPI rank 214 will use 16 but only 0 procs are accessible
WARNING: MPI rank 215 will use 16 but only 0 procs are accessible
WARNING: MPI rank 218 will use 16 but only 0 procs are accessible
WARNING: MPI rank 222 will use 16 but only 0 procs are accessible
WARNING: MPI rank 223 will use 16 but only 0 procs are accessible
WARNING: MPI rank 224 will use 16 but only 0 procs are accessible
WARNING: MPI rank 225 will use 16 but only 0 procs are accessible
WARNING: MPI rank 226 will use 16 but only 0 procs are accessible
WARNING: MPI rank 227 will use 16 but only 0 procs are accessible
WARNING: MPI rank 228 will use 16 but only 0 procs are accessible
WARNING: MPI rank 229 will use 16 but only 0 procs are accessible
WARNING: MPI rank 230 will use 16 but only 0 procs are accessible
WARNING: MPI rank 231 will use 16 but only 0 procs are accessible
WARNING: MPI rank 232 will use 16 but only 0 procs are accessible
WARNING: MPI rank 233 will use 16 but only 0 procs are accessible
WARNING: MPI rank 234 will use 16 but only 0 procs are accessible
WARNING: MPI rank 235 will use 16 but only 0 procs are accessible
WARNING: MPI rank 236 will use 16 but only 0 procs are accessible
WARNING: MPI rank 237 will use 16 but only 0 procs are accessible
WARNING: MPI rank 238 will use 16 but only 0 procs are accessible
WARNING: MPI rank 242 will use 16 but only 0 procs are accessible
WARNING: MPI rank 243 will use 16 but only 0 procs are accessible
WARNING: MPI rank 244 will use 16 but only 0 procs are accessible
WARNING: MPI rank 247 will use 16 but only 0 procs are accessible
WARNING: MPI rank 248 will use 16 but only 0 procs are accessible
WARNING: MPI rank 249 will use 16 but only 0 procs are accessible
WARNING: MPI rank 250 will use 16 but only 0 procs are accessible
WARNING: MPI rank 251 will use 16 but only 0 procs are accessible
WARNING: MPI rank 252 will use 16 but only 0 procs are accessible
WARNING: MPI rank 253 will use 16 but only 0 procs are accessible
WARNING: MPI rank 254 will use 16 but only 0 procs are accessible
WARNING: MPI rank 255 will use 16 but only 0 procs are accessible
WARNING: MPI rank 55 will use 16 but only 0 procs are accessible
WARNING: MPI rank 57 will use 16 but only 0 procs are accessible
                                                                           
                                                                           
***************************************************************************
***                                                                     ***
***                                                                     ***
***          __  __ ____   ____ _                                       ***
***         |  \/  |  _ \ / ___| |__   ___ _ __ ___                     ***
***         | |\/| | |_) | |   | '_ \ / _ \ '_ ` _ \                    ***
***         | |  | |  _ <| |___| | | |  __/ | | | | |                   ***
***         |_|  |_|_| \_\\____|_| |_|\___|_| |_| |_|                   ***
***                                                                     ***
***         VERSION            1.2.0-alpha                              ***
***                                                                     ***
***         Git branch         master                                   ***
***         Git commit hash    670e88e035fab95c2ca9                     ***
***         Git commit author  Ylva Os                                  ***
***         Git commit date    Mon May 4 13:33:19 2026 +0200            ***
***                                                                     ***
***         Contact: luca.frediani@uit.no                               ***
***                                                                     ***
***         Radovan Bast            Magnar Bjorgve                      ***
***         Roberto Di Remigio      Antoine Durdek                      ***
***         Luca Frediani           Gabriel Gerez                       ***
***         Stig Rune Jensen        Jonas Juselius                      ***
***         Rune Monstad            Peter Wind                          ***
***                                                                     ***
***************************************************************************

---------------------------------------------------------------------------

 MPI processes           :       (85 bank)                             256
 OpenMP threads          :                                              16
 Total cores             :                                            2821
                                                                           
---------------------------------------------------------------------------


---------------------------------------------------------------------------

 MRCPP version         : 1.6.0-alpha
 Git branch            : HEAD
 Git commit hash       : ad080014842f898e9529
 Git commit author     : Niklas Göllmann
 Git commit date       : Wed Mar 11 11:25:17 2026 +0100

 Linear algebra        : EIGEN v3.4.0
 Parallelization       : MPI/OpenMP (16 threads)

---------------------------------------------------------------------------


                                                                           
===========================================================================
                         MultiResolution Analysis
---------------------------------------------------------------------------
 polynomial order      : 11
 polynomial type       : Interpolating
---------------------------------------------------------------------------
 total boxes           : 8
 boxes                 : [          2           2           2 ]
 unit lengths          : [   32.00000    32.00000    32.00000 ]
 scaling factor        : [    1.00000     1.00000     1.00000 ]
 lower bounds          : [  -32.00000   -32.00000   -32.00000 ]
 upper bounds          : [   32.00000    32.00000    32.00000 ]
 total length          : [   64.00000    64.00000    64.00000 ]
===========================================================================


                                                                           
***************************************************************************
***                                                                     ***
***                        Initializing Molecule                        ***
***                                                                     ***
***************************************************************************
                                                                           
                                                                           
===========================================================================
                                 Molecule
---------------------------------------------------------------------------
 Charge                  :                                               0
 Multiplicity            :                                               2
---------------------------------------------------------------------------
    N    Atom            :               x               y               z
---------------------------------------------------------------------------
    0       P            :        0.000000        0.000000        0.544052
    1       O            :        0.000000        2.563036       -0.510037
    2       O            :        0.000000       -2.563036       -0.510037
---------------------------------------------------------------------------
 Center of mass          :        0.000000        0.000000        0.008427
===========================================================================


                                                                           
                                                                           
***************************************************************************
***                                                                     ***
***                           XC Functional                             ***
***                                                                     ***
***************************************************************************

Using Libxc (version 7.0.0) to evaluate density functionals. Libxc is free
software. It is distributed under the Mozilla Public License, version 2.0.
For more information, please check the Libxc manual. You should cite

S. Lehtola, C. Steigemann, M. J.T. Oliveira, and M. A.L. Marques., 
SoftwareX 7, 1–5 (2018) DOI: 10.1016/j.softx.2017.11.002

when reporting the results of your calculation in a scientific article.

Libxc functionals used in this calculation:
  - gga_x_pbe (ID 101): Perdew, Burke & Ernzerhof
     * J. P. Perdew, K. Burke, and M. Ernzerhof.,  Phys. Rev. Lett. 77,
       3865 (1996), DOI:10.1103/PhysRevLett.77.3865
     * J. P. Perdew, K. Burke, and M. Ernzerhof.,  Phys. Rev. Lett. 78,
       1396 (1997), DOI:10.1103/PhysRevLett.78.1396
                                                                           
***************************************************************************
***                                                                     ***
***                Computing Initial Guess Wavefunction                 ***
***                                                                     ***
***************************************************************************
                                                                           
                                                                           
~~~~~~~~~~~~~~~~~~~~~~~~~~~~~~~~~~~~~~~~~~~~~~~~~~~~~~~~~~~~~~~~~~~~~~~~~~~
 Calculation             : Compute initial orbitals
 Method                  : Diagonalize SAD Hamiltonian
 Precision               : 1.00000e-03
 Screening               : 1.20000e+01 StdDev
 Restricted              : False
 Functional              : LDA (SVWN5)
 XC Library              : LibXC
 AO basis                : 3-21G
~~~~~~~~~~~~~~~~~~~~~~~~~~~~~~~~~~~~~~~~~~~~~~~~~~~~~~~~~~~~~~~~~~~~~~~~~~~


===========================================================================
                            Molecular Orbitals
---------------------------------------------------------------------------
 Alpha electrons         :                                          16.000
 Beta electrons          :                                          15.000
 Total electrons         :                                          31.000
---------------------------------------------------------------------------
    n     Occ Spin       :                                            Norm
---------------------------------------------------------------------------
    0    1.00    a       :                              9.999979504453e-01
    1    1.00    a       :                              9.999999998537e-01
    2    1.00    a       :                              9.999999999893e-01
    3    1.00    a       :                              9.999999998440e-01
    4    1.00    a       :                              9.999999775714e-01
    5    1.00    a       :                              9.999999905635e-01
    6    1.00    a       :                              9.999999980852e-01
    7    1.00    a       :                              9.999999987037e-01
    8    1.00    a       :                              9.999999999554e-01
    9    1.00    a       :                              9.999999976014e-01
   10    1.00    a       :                              9.999999999887e-01
   11    1.00    a       :                              9.999999996991e-01
   12    1.00    a       :                              9.999999999928e-01
   13    1.00    a       :                              9.999999997705e-01
   14    1.00    a       :                              9.999999992295e-01
   15    1.00    a       :                              9.999999987452e-01
   16    1.00    b       :                              9.999979504453e-01
   17    1.00    b       :                              9.999999998537e-01
   18    1.00    b       :                              9.999999999893e-01
   19    1.00    b       :                              9.999999998440e-01
   20    1.00    b       :                              9.999999775714e-01
   21    1.00    b       :                              9.999999905635e-01
   22    1.00    b       :                              9.999999980852e-01
   23    1.00    b       :                              9.999999987037e-01
   24    1.00    b       :                              9.999999999554e-01
   25    1.00    b       :                              9.999999976014e-01
   26    1.00    b       :                              9.999999999887e-01
   27    1.00    b       :                              9.999999996991e-01
   28    1.00    b       :                              9.999999999928e-01
   29    1.00    b       :                              9.999999997705e-01
   30    1.00    b       :                              9.999999992295e-01
===========================================================================


~~~~~~~~~~~~~~~~~~~~~~~~~~~~~~~~~~~~~~~~~~~~~~~~~~~~~~~~~~~~~~~~~~~~~~~~~~~
 Calculation             : Compute initial energy
 Method                  : DFT
 XC Library              : LibXC
 Relativity              : None
 Environment             : None
 External fields         : None
 Precision               : 1.00000e-03
 Density cutoff          : 0.00000e+00
 Localization            : Off
~~~~~~~~~~~~~~~~~~~~~~~~~~~~~~~~~~~~~~~~~~~~~~~~~~~~~~~~~~~~~~~~~~~~~~~~~~~


===========================================================================
                        Molecular Energy (initial)
---------------------------------------------------------------------------
 Kinetic energy          :            (au)                488.025013333332
 E-N energy              :            (au)              -1360.139228125604
 Coulomb energy          :            (au)                324.719144616384
 Exchange energy         :            (au)                  0.000000000000
 X-C energy              :            (au)                -39.220984584457
 N-N energy              :            (au)                 99.086296533698
 Non-local pp energy     :            (au)                  0.000000000000
---------------------------------------------------------------------------
 Electronic energy       :            (au)               -586.616054760345
 Nuclear energy          :            (au)                 99.086296533698
---------------------------------------------------------------------------
 Total energy            :            (au)             -4.875297582266e+02
                         :      (kcal/mol)             -3.059295421749e+05
                         :        (kJ/mol)             -1.280009204460e+06
                         :            (eV)             -1.326636055752e+04
===========================================================================


===========================================================================
                        Orbital Energies (initial)
---------------------------------------------------------------------------
    n     Occ Spin       :                                         Epsilon
---------------------------------------------------------------------------
    0    1.00    a       :            (au)                -76.133048381388
    1    1.00    a       :            (au)                -18.331814877851
    2    1.00    a       :            (au)                -18.331034737592
    3    1.00    a       :            (au)                 -6.543848020544
    4    1.00    a       :            (au)                 -4.774930566946
    5    1.00    a       :            (au)                 -4.772734341512
    6    1.00    a       :            (au)                 -4.772315798214
    7    1.00    a       :            (au)                 -0.895588811857
    8    1.00    a       :            (au)                 -0.802608239968
    9    1.00    a       :            (au)                 -0.453071764390
   10    1.00    a       :            (au)                 -0.274503403140
   11    1.00    a       :            (au)                 -0.237873372088
   12    1.00    a       :            (au)                 -0.186290401451
   13    1.00    a       :            (au)                 -0.096872140700
   14    1.00    a       :            (au)                 -0.093878892267
   15    1.00    a       :            (au)                 -0.075630842886
   16    1.00    b       :            (au)                -76.130357588113
   17    1.00    b       :            (au)                -18.326741920614
   18    1.00    b       :            (au)                -18.325955577419
   19    1.00    b       :            (au)                 -6.540108976348
   20    1.00    b       :            (au)                 -4.771659367361
   21    1.00    b       :            (au)                 -4.769425482091
   22    1.00    b       :            (au)                 -4.766501885542
   23    1.00    b       :            (au)                 -0.873467747431
   24    1.00    b       :            (au)                 -0.787290486388
   25    1.00    b       :            (au)                 -0.302398355094
   26    1.00    b       :            (au)                 -0.262804266928
   27    1.00    b       :            (au)                 -0.220337505114
   28    1.00    b       :            (au)                 -0.168082482963
   29    1.00    b       :            (au)                 -0.090466623565
   30    1.00    b       :            (au)                 -0.084586983618
---------------------------------------------------------------------------
 Sum occupied            :            (au)               -273.196229841382
===========================================================================


                                                                           
***************************************************************************
***                                                                     ***
***                 Computing Ground State Wavefunction                 ***
***                                                                     ***
***************************************************************************
                                                                           
                                                                           
~~~~~~~~~~~~~~~~~~~~~~~~~~~~~~~~~~~~~~~~~~~~~~~~~~~~~~~~~~~~~~~~~~~~~~~~~~~
 Calculation             : Optimize ground state orbitals
 Method                  : DFT
 XC library              : LibXC
 Relativity              : None
 Environment             : None
 External fields         : None
 Checkpointing           : Off
 Max iterations          : 100
 KAIN solver             : 5
 Localization            : Off
 Diagonalization         : First two iterations
 Start precision         : 8.00000e-08
 Final precision         : 8.00000e-08
 Helmholtz precision     : Dynamic
 Energy threshold        : 8.00000e-09
 Orbital threshold       : 9.00000e-05
~~~~~~~~~~~~~~~~~~~~~~~~~~~~~~~~~~~~~~~~~~~~~~~~~~~~~~~~~~~~~~~~~~~~~~~~~~~


===========================================================================
 Iter           MO residual             Total energy                Update
---------------------------------------------------------------------------
    0          5.567764e+00        -487.529758226647         -4.875298e+02
    1          7.606678e-01        -490.212750678299         -2.682992e+00
    2          4.675073e-01        -490.444618142448         -2.318675e-01
    3          1.984674e-01        -490.476493154256         -3.187501e-02
    4          8.359179e-02        -490.490351937548         -1.385878e-02
    5          4.905013e-02        -490.496002392449         -5.650455e-03
    6          2.128286e-02        -490.496807738475         -8.053460e-04
    7          1.137915e-02        -490.496961869073         -1.541306e-04
    8          6.652236e-03        -490.497007718297         -4.584922e-05
    9          3.887547e-03        -490.497022039731         -1.432143e-05
   10          2.470381e-03        -490.497028203337         -6.163606e-06
   11          1.842741e-03        -490.497030074444         -1.871107e-06
   12          1.269407e-03        -490.497031739530         -1.665086e-06
   13          6.573643e-04        -490.497032500097         -7.605668e-07
   14          4.252204e-04        -490.497032749285         -2.491880e-07
   15          2.838963e-04        -490.497032857943         -1.086578e-07
   16          2.933575e-04        -490.497032952985         -9.504276e-08
   17          2.148095e-04        -490.497032986690         -3.370417e-08
   18          1.660008e-04        -490.497033008725         -2.203569e-08
   19          7.444721e-05        -490.497033021610         -1.288458e-08
   20          1.350296e-04        -490.497033031772         -1.016167e-08
   21          8.071440e-05        -490.497033036741         -4.969252e-09
---------------------------------------------------------------------------
                      SCF converged in 21 iterations!
===========================================================================


                                                                           
***************************************************************************
***                                                                     ***
***                    Printing Molecular Properties                    ***
***                                                                     ***
***************************************************************************
                                                                           
                                                                           
===========================================================================
                                 Molecule
---------------------------------------------------------------------------
 Charge                  :                                               0
 Multiplicity            :                                               2
---------------------------------------------------------------------------
    N    Atom            :               x               y               z
---------------------------------------------------------------------------
    0       P            :        0.000000        0.000000        0.544052
    1       O            :        0.000000        2.563036       -0.510037
    2       O            :        0.000000       -2.563036       -0.510037
---------------------------------------------------------------------------
 Center of mass          :        0.000000        0.000000        0.008427
===========================================================================


===========================================================================
                         Molecular Energy (final)
---------------------------------------------------------------------------
 Kinetic energy          :            (au)                490.739773473661
 E-N energy              :            (au)              -1365.705416488311
 Coulomb energy          :            (au)                324.368211063599
 Exchange energy         :            (au)                  0.000000000000
 X-C energy              :            (au)                -38.985897619387
 N-N energy              :            (au)                 99.086296533698
 Non-local pp energy     :            (au)                  0.000000000000
---------------------------------------------------------------------------
 Electronic energy       :            (au)               -589.583329570439
 Nuclear energy          :            (au)                 99.086296533698
---------------------------------------------------------------------------
 Total energy            :            (au)             -4.904970330367e+02
                         :      (kcal/mol)             -3.077915352304e+05
                         :        (kJ/mol)             -1.287799783404e+06
                         :            (eV)             -1.334710421847e+04
===========================================================================


===========================================================================
                         Orbital Energies (final)
---------------------------------------------------------------------------
    n     Occ Spin       :                                         Epsilon
---------------------------------------------------------------------------
    0    1.00    a       :            (au)                -76.398088532525
    1    1.00    a       :            (au)                -18.787199594253
    2    1.00    a       :            (au)                -18.787178826363
    3    1.00    a       :            (au)                 -6.368678191735
    4    1.00    a       :            (au)                 -4.592075575820
    5    1.00    a       :            (au)                 -4.589402660168
    6    1.00    a       :            (au)                 -4.585471644009
    7    1.00    a       :            (au)                 -0.953373033351
    8    1.00    a       :            (au)                 -0.908551835445
    9    1.00    a       :            (au)                 -0.479631568991
   10    1.00    a       :            (au)                 -0.383246660594
   11    1.00    a       :            (au)                 -0.368987314111
   12    1.00    a       :            (au)                 -0.368818925071
   13    1.00    a       :            (au)                 -0.302079288007
   14    1.00    a       :            (au)                 -0.294323756642
   15    1.00    a       :            (au)                 -0.245171164788
   16    1.00    b       :            (au)                -76.396235732726
   17    1.00    b       :            (au)                -18.780808469672
   18    1.00    b       :            (au)                -18.780788726096
   19    1.00    b       :            (au)                 -6.365845131229
   20    1.00    b       :            (au)                 -4.589491100163
   21    1.00    b       :            (au)                 -4.584250529377
   22    1.00    b       :            (au)                 -4.583457238457
   23    1.00    b       :            (au)                 -0.937654541681
   24    1.00    b       :            (au)                 -0.892175753930
   25    1.00    b       :            (au)                 -0.453265040145
   26    1.00    b       :            (au)                 -0.361848500136
   27    1.00    b       :            (au)                 -0.359622709020
   28    1.00    b       :            (au)                 -0.351079160447
   29    1.00    b       :            (au)                 -0.297423802949
   30    1.00    b       :            (au)                 -0.283632220019
---------------------------------------------------------------------------
 Sum occupied            :            (au)               -276.429857227922
===========================================================================


===========================================================================
                             Orbital Positions
---------------------------------------------------------------------------
  Index       Occ        :               x               y               z
---------------------------------------------------------------------------
      0      1.00        :        0.000000       -0.000000        0.544048
      1      1.00        :        0.000000       -2.562792       -0.509949
      2      1.00        :        0.000000        2.562792       -0.509949
      3      1.00        :        0.000000       -0.000000        0.543468
      4      1.00        :       -0.000000        0.000000        0.544086
      5      1.00        :        0.000000        0.000000        0.544823
      6      1.00        :        0.000000        0.000000        0.543683
      7      1.00        :        0.000000       -0.000490       -0.271685
      8      1.00        :        0.000000        0.000480       -0.317314
      9      1.00        :        0.000000       -0.000173        0.024308
     10      1.00        :        0.000000        0.000100       -0.584777
     11      1.00        :        0.000000       -0.000271        0.001351
     12      1.00        :       -0.000000       -0.000264       -0.155059
     13      1.00        :       -0.000000        0.000248       -0.415481
     14      1.00        :        0.000000        0.000189       -0.308632
     15      1.00        :        0.000000        0.000156        0.450856
     16      1.00        :        0.000000       -0.000000        0.544047
     17      1.00        :        0.000000       -2.562804       -0.509962
     18      1.00        :        0.000000        2.562804       -0.509962
     19      1.00        :        0.000000       -0.000000        0.542375
     20      1.00        :       -0.000000        0.000000        0.543809
     21      1.00        :        0.000000        0.000000        0.545225
     22      1.00        :        0.000000        0.000000        0.543578
     23      1.00        :        0.000000       -0.000404       -0.288884
     24      1.00        :        0.000000        0.000399       -0.326502
     25      1.00        :        0.000000       -0.000200       -0.179221
     26      1.00        :        0.000000        0.000188       -0.551940
     27      1.00        :       -0.000000       -0.000254       -0.208630
     28      1.00        :        0.000000       -0.000228       -0.046516
     29      1.00        :       -0.000000        0.000255       -0.414887
     30      1.00        :        0.000000        0.000291       -0.308534
===========================================================================


===========================================================================
                           Dipole Moment (dip-1)
---------------------------------------------------------------------------
 r_O                     :        0.000000        0.000000        0.000000
---------------------------------------------------------------------------
 Electronic vector       :       -0.000000       -0.000021        0.502224
 Magnitude               :            (au)                        0.502224
                         :         (Debye)                        1.276527
---------------------------------------------------------------------------
 Nuclear vector          :        0.000000        0.000000        0.000189
 Magnitude               :            (au)                        0.000189
                         :         (Debye)                        0.000480
---------------------------------------------------------------------------
 Total vector            :        0.000000       -0.000021        0.502413
 Magnitude               :            (au)                        0.502413
                         :         (Debye)                        1.277008
===========================================================================


===========================================================================
                        Quadrupole Moment (quad-1)
---------------------------------------------------------------------------
 r_O                     :        0.000000        0.000000        0.000000
---------------------------------------------------------------------------
 Electronic tensor       :       59.951607       -0.000000       -0.000000
                         :       -0.000000     -105.902157        0.000061
                         :       -0.000000        0.000061       45.950550
---------------------------------------------------------------------------
 Nuclear tensor          :      -56.854258       -0.000000        0.000000
                         :       -0.000000      100.805371        0.000000
                         :        0.000000        0.000000      -43.951113
---------------------------------------------------------------------------
 Total tensor            :        3.097349       -0.000000       -0.000000
                         :       -0.000000       -5.096786        0.000061
                         :       -0.000000        0.000061        1.999437
===========================================================================


                                                                           
                                                                           
***************************************************************************
***                                                                     ***
***                            Exiting MRChem                           ***
***                                                                     ***
***                       Wall time :  0h 40m 28s                       ***
***                                                                     ***
***************************************************************************
                                                                           
                                                                           
