Warning: recommended number of threads is 0
setting number of threads to omp_threads, 16
WARNING: MPI rank 0 will use 16 but only 0 procs are accessible
                                                                           
                                                                           
***************************************************************************
***                                                                     ***
***                                                                     ***
***          __  __ ____   ____ _                                       ***
***         |  \/  |  _ \ / ___| |__   ___ _ __ ___                     ***
***         | |\/| | |_) | |   | '_ \ / _ \ '_ ` _ \                    ***
***         | |  | |  _ <| |___| | | |  __/ | | | | |                   ***
***         |_|  |_|_| \_\\____|_| |_|\___|_| |_| |_|                   ***
***                                                                     ***
***         VERSION            1.2.0-alpha                              ***
***                                                                     ***
***         Git branch         master                                   ***
***         Git commit hash    670e88e035fab95c2ca9                     ***
***         Git commit author  Ylva Os                                  ***
***         Git commit date    Mon May 4 13:33:19 2026 +0200            ***
***                                                                     ***
***         Contact: luca.frediani@uit.no                               ***
***                                                                     ***
***         Radovan Bast            Magnar Bjorgve                      ***
***         Roberto Di Remigio      Antoine Durdek                      ***
***         Luca Frediani           Gabriel Gerez                       ***
***         Stig Rune Jensen        Jonas Juselius                      ***
***         Rune Monstad            Peter Wind                          ***
***                                                                     ***
***************************************************************************

---------------------------------------------------------------------------

 MPI processes           :       (85 bank)                             256
 OpenMP threads          :                                              16
 Total cores             :                                            2821
                                                                           
---------------------------------------------------------------------------


---------------------------------------------------------------------------

 MRCPP version         : 1.6.0-alpha
 Git branch            : HEAD
 Git commit hash       : ad080014842f898e9529
 Git commit author     : Niklas Göllmann
 Git commit date       : Wed Mar 11 11:25:17 2026 +0100

 Linear algebra        : EIGEN v3.4.0
 Parallelization       : MPI/OpenMP (16 threads)

---------------------------------------------------------------------------


                                                                           
===========================================================================
                         MultiResolution Analysis
---------------------------------------------------------------------------
 polynomial order      : 9
 polynomial type       : Interpolating
---------------------------------------------------------------------------
 total boxes           : 8
 boxes                 : [          2           2           2 ]
 unit lengths          : [   64.00000    64.00000    64.00000 ]
 scaling factor        : [    1.00000     1.00000     1.00000 ]
 lower bounds          : [  -64.00000   -64.00000   -64.00000 ]
 upper bounds          : [   64.00000    64.00000    64.00000 ]
 total length          : [  128.00000   128.00000   128.00000 ]
===========================================================================


WARNING: MPI rank 1 will use 16 but only 0 procs are accessible
WARNING: MPI rank 3 will use 16 but only 0 procs are accessible
WARNING: MPI rank 4 will use 16 but only 0 procs are accessible
WARNING: MPI rank 5 will use 16 but only 0 procs are accessible
WARNING: MPI rank 6 will use 16 but only 0 procs are accessible
WARNING: MPI rank 7 will use 16 but only 0 procs are accessible
WARNING: MPI rank 64 will use 16 but only 0 procs are accessible
WARNING: MPI rank 66 will use 16 but only 0 procs are accessible
WARNING: MPI rank 68 will use 16 but only 0 procs are accessible
WARNING: MPI rank 70 will use 16 but only 0 procs are accessible
WARNING: MPI rank 72 will use 16 but only 0 procs are accessible
WARNING: MPI rank 74 will use 16 but only 0 procs are accessible
WARNING: MPI rank 75 will use 16 but only 0 procs are accessible
WARNING: MPI rank 76 will use 16 but only 0 procs are accessible
WARNING: MPI rank 78 will use 16 but only 0 procs are accessible
WARNING: MPI rank 80 will use 16 but only 0 procs are accessible
WARNING: MPI rank 81 will use 16 but only 0 procs are accessible
WARNING: MPI rank 82 will use 16 but only 0 procs are accessible
WARNING: MPI rank 84 will use 16 but only 0 procs are accessible
WARNING: MPI rank 86 will use 16 but only 0 procs are accessible
WARNING: MPI rank 88 will use 16 but only 0 procs are accessible
WARNING: MPI rank 90 will use 16 but only 0 procs are accessible
WARNING: MPI rank 92 will use 16 but only 0 procs are accessible
WARNING: MPI rank 94 will use 16 but only 0 procs are accessible
WARNING: MPI rank 96 will use 16 but only 0 procs are accessible
WARNING: MPI rank 128 will use 16 but only 0 procs are accessible
WARNING: MPI rank 129 will use 16 but only 0 procs are accessible
WARNING: MPI rank 130 will use 16 but only 0 procs are accessible
WARNING: MPI rank 131 will use 16 but only 0 procs are accessible
WARNING: MPI rank 132 will use 16 but only 0 procs are accessible
WARNING: MPI rank 135 will use 16 but only 0 procs are accessible
WARNING: MPI rank 140 will use 16 but only 0 procs are accessible
WARNING: MPI rank 141 will use 16 but only 0 procs are accessible
WARNING: MPI rank 142 will use 16 but only 0 procs are accessible
WARNING: MPI rank 147 will use 16 but only 0 procs are accessible
WARNING: MPI rank 148 will use 16 but only 0 procs are accessible
WARNING: MPI rank 149 will use 16 but only 0 procs are accessible
WARNING: MPI rank 150 will use 16 but only 0 procs are accessible
WARNING: MPI rank 151 will use 16 but only 0 procs are accessible
WARNING: MPI rank 152 will use 16 but only 0 procs are accessible
WARNING: MPI rank 153 will use 16 but only 0 procs are accessible
WARNING: MPI rank 154 will use 16 but only 0 procs are accessible
WARNING: MPI rank 155 will use 16 but only 0 procs are accessible
WARNING: MPI rank 156 will use 16 but only 0 procs are accessible
WARNING: MPI rank 158 will use 16 but only 0 procs are accessible
WARNING: MPI rank 159 will use 16 but only 0 procs are accessible
                                                                           
***************************************************************************
***                                                                     ***
***                        Initializing Molecule                        ***
***                                                                     ***
***************************************************************************
                                                                           
                                                                           
===========================================================================
                                 Molecule
---------------------------------------------------------------------------
 Charge                  :                                               0
 Multiplicity            :                                               3
---------------------------------------------------------------------------
    N    Atom            :               x               y               z
---------------------------------------------------------------------------
    0       P            :        0.000000        0.000000       -1.906356
    1      Cl            :        0.000000        0.000000        1.906356
---------------------------------------------------------------------------
 Center of mass          :        0.000000        0.000000        0.128544
===========================================================================


WARNING: MPI rank 2 will use 16 but only 0 procs are accessible
WARNING: MPI rank 8 will use 16 but only 0 procs are accessible
WARNING: MPI rank 9 will use 16 but only 0 procs are accessible
WARNING: MPI rank 10 will use 16 but only 0 procs are accessible
WARNING: MPI rank 11 will use 16 but only 0 procs are accessible
WARNING: MPI rank 12 will use 16 but only 0 procs are accessible
WARNING: MPI rank 13 will use 16 but only 0 procs are accessible
WARNING: MPI rank 14 will use 16 but only 0 procs are accessible
WARNING: MPI rank 15 will use 16 but only 0 procs are accessible
WARNING: MPI rank 16 will use 16 but only 0 procs are accessible
WARNING: MPI rank 17 will use 16 but only 0 procs are accessible
WARNING: MPI rank 18 will use 16 but only 0 procs are accessible
WARNING: MPI rank 19 will use 16 but only 0 procs are accessible
WARNING: MPI rank 20 will use 16 but only 0 procs are accessible
WARNING: MPI rank 21 will use 16 but only 0 procs are accessible
WARNING: MPI rank 22 will use 16 but only 0 procs are accessible
WARNING: MPI rank 23 will use 16 but only 0 procs are accessible
WARNING: MPI rank 24 will use 16 but only 0 procs are accessible
WARNING: MPI rank 25 will use 16 but only 0 procs are accessible
WARNING: MPI rank 26 will use 16 but only 0 procs are accessible
WARNING: MPI rank 27 will use 16 but only 0 procs are accessible
WARNING: MPI rank 28 will use 16 but only 0 procs are accessible
WARNING: MPI rank 29 will use 16 but only 0 procs are accessible
WARNING: MPI rank 30 will use 16 but only 0 procs are accessible
WARNING: MPI rank 31 will use 16 but only 0 procs are accessible
WARNING: MPI rank 32 will use 16 but only 0 procs are accessible
WARNING: MPI rank 33 will use 16 but only 0 procs are accessible
WARNING: MPI rank 34 will use 16 but only 0 procs are accessible
WARNING: MPI rank 35 will use 16 but only 0 procs are accessible
WARNING: MPI rank 36 will use 16 but only 0 procs are accessible
WARNING: MPI rank 37 will use 16 but only 0 procs are accessible
WARNING: MPI rank 38 will use 16 but only 0 procs are accessible
WARNING: MPI rank 39 will use 16 but only 0 procs are accessible
WARNING: MPI rank 40 will use 16 but only 0 procs are accessible
WARNING: MPI rank 41 will use 16 but only 0 procs are accessible
WARNING: MPI rank 42 will use 16 but only 0 procs are accessible
WARNING: MPI rank 43 will use 16 but only 0 procs are accessible
WARNING: MPI rank 44 will use 16 but only 0 procs are accessible
WARNING: MPI rank 45 will use 16 but only 0 procs are accessible
WARNING: MPI rank 46 will use 16 but only 0 procs are accessible
WARNING: MPI rank 47 will use 16 but only 0 procs are accessible
WARNING: MPI rank 48 will use 16 but only 0 procs are accessible
WARNING: MPI rank 49 will use 16 but only 0 procs are accessible
WARNING: MPI rank 50 will use 16 but only 0 procs are accessible
WARNING: MPI rank 51 will use 16 but only 0 procs are accessible
WARNING: MPI rank 52 will use 16 but only 0 procs are accessible
WARNING: MPI rank 53 will use 16 but only 0 procs are accessible
WARNING: MPI rank 54 will use 16 but only 0 procs are accessible
WARNING: MPI rank 55 will use 16 but only 0 procs are accessible
WARNING: MPI rank 56 will use 16 but only 0 procs are accessible
WARNING: MPI rank 57 will use 16 but only 0 procs are accessible
WARNING: MPI rank 58 will use 16 but only 0 procs are accessible
WARNING: MPI rank 59 will use 16 but only 0 procs are accessible
WARNING: MPI rank 60 will use 16 but only 0 procs are accessible
WARNING: MPI rank 61 will use 16 but only 0 procs are accessible
WARNING: MPI rank 62 will use 16 but only 0 procs are accessible
WARNING: MPI rank 63 will use 16 but only 0 procs are accessible
WARNING: MPI rank 65 will use 16 but only 0 procs are accessible
WARNING: MPI rank 67 will use 16 but only 0 procs are accessible
WARNING: MPI rank 69 will use 16 but only 0 procs are accessible
WARNING: MPI rank 71 will use 16 but only 0 procs are accessible
WARNING: MPI rank 73 will use 16 but only 0 procs are accessible
WARNING: MPI rank 77 will use 16 but only 0 procs are accessible
WARNING: MPI rank 79 will use 16 but only 0 procs are accessible
WARNING: MPI rank 83 will use 16 but only 0 procs are accessible
WARNING: MPI rank 85 will use 16 but only 0 procs are accessible
WARNING: MPI rank 87 will use 16 but only 0 procs are accessible
WARNING: MPI rank 89 will use 16 but only 0 procs are accessible
WARNING: MPI rank 91 will use 16 but only 0 procs are accessible
WARNING: MPI rank 93 will use 16 but only 0 procs are accessible
WARNING: MPI rank 95 will use 16 but only 0 procs are accessible
WARNING: MPI rank 97 will use 16 but only 0 procs are accessible
WARNING: MPI rank 98 will use 16 but only 0 procs are accessible
WARNING: MPI rank 99 will use 16 but only 0 procs are accessible
WARNING: MPI rank 100 will use 16 but only 0 procs are accessible
WARNING: MPI rank 101 will use 16 but only 0 procs are accessible
WARNING: MPI rank 102 will use 16 but only 0 procs are accessible
WARNING: MPI rank 103 will use 16 but only 0 procs are accessible
WARNING: MPI rank 104 will use 16 but only 0 procs are accessible
WARNING: MPI rank 105 will use 16 but only 0 procs are accessible
WARNING: MPI rank 106 will use 16 but only 0 procs are accessible
WARNING: MPI rank 107 will use 16 but only 0 procs are accessible
WARNING: MPI rank 108 will use 16 but only 0 procs are accessible
WARNING: MPI rank 109 will use 16 but only 0 procs are accessible
WARNING: MPI rank 110 will use 16 but only 0 procs are accessible
WARNING: MPI rank 111 will use 16 but only 0 procs are accessible
WARNING: MPI rank 112 will use 16 but only 0 procs are accessible
WARNING: MPI rank 113 will use 16 but only 0 procs are accessible
WARNING: MPI rank 114 will use 16 but only 0 procs are accessible
WARNING: MPI rank 115 will use 16 but only 0 procs are accessible
WARNING: MPI rank 116 will use 16 but only 0 procs are accessible
WARNING: MPI rank 117 will use 16 but only 0 procs are accessible
WARNING: MPI rank 118 will use 16 but only 0 procs are accessible
WARNING: MPI rank 119 will use 16 but only 0 procs are accessible
WARNING: MPI rank 120 will use 16 but only 0 procs are accessible
WARNING: MPI rank 121 will use 16 but only 0 procs are accessible
WARNING: MPI rank 122 will use 16 but only 0 procs are accessible
WARNING: MPI rank 123 will use 16 but only 0 procs are accessible
WARNING: MPI rank 124 will use 16 but only 0 procs are accessible
WARNING: MPI rank 125 will use 16 but only 0 procs are accessible
WARNING: MPI rank 126 will use 16 but only 0 procs are accessible
WARNING: MPI rank 127 will use 16 but only 0 procs are accessible
WARNING: MPI rank 133 will use 16 but only 0 procs are accessible
WARNING: MPI rank 134 will use 16 but only 0 procs are accessible
WARNING: MPI rank 136 will use 16 but only 0 procs are accessible
WARNING: MPI rank 137 will use 16 but only 0 procs are accessible
WARNING: MPI rank 138 will use 16 but only 0 procs are accessible
WARNING: MPI rank 139 will use 16 but only 0 procs are accessible
WARNING: MPI rank 143 will use 16 but only 0 procs are accessible
WARNING: MPI rank 144 will use 16 but only 0 procs are accessible
WARNING: MPI rank 145 will use 16 but only 0 procs are accessible
WARNING: MPI rank 146 will use 16 but only 0 procs are accessible
WARNING: MPI rank 157 will use 16 but only 0 procs are accessible
WARNING: MPI rank 160 will use 16 but only 0 procs are accessible
WARNING: MPI rank 161 will use 16 but only 0 procs are accessible
WARNING: MPI rank 162 will use 16 but only 0 procs are accessible
WARNING: MPI rank 163 will use 16 but only 0 procs are accessible
WARNING: MPI rank 164 will use 16 but only 0 procs are accessible
WARNING: MPI rank 165 will use 16 but only 0 procs are accessible
WARNING: MPI rank 166 will use 16 but only 0 procs are accessible
WARNING: MPI rank 167 will use 16 but only 0 procs are accessible
WARNING: MPI rank 168 will use 16 but only 0 procs are accessible
WARNING: MPI rank 169 will use 16 but only 0 procs are accessible
WARNING: MPI rank 170 will use 16 but only 0 procs are accessible
WARNING: MPI rank 171 will use 16 but only 0 procs are accessible
WARNING: MPI rank 172 will use 16 but only 0 procs are accessible
WARNING: MPI rank 173 will use 16 but only 0 procs are accessible
WARNING: MPI rank 174 will use 16 but only 0 procs are accessible
WARNING: MPI rank 175 will use 16 but only 0 procs are accessible
WARNING: MPI rank 176 will use 16 but only 0 procs are accessible
WARNING: MPI rank 177 will use 16 but only 0 procs are accessible
WARNING: MPI rank 178 will use 16 but only 0 procs are accessible
WARNING: MPI rank 179 will use 16 but only 0 procs are accessible
WARNING: MPI rank 180 will use 16 but only 0 procs are accessible
WARNING: MPI rank 181 will use 16 but only 0 procs are accessible
WARNING: MPI rank 182 will use 16 but only 0 procs are accessible
WARNING: MPI rank 183 will use 16 but only 0 procs are accessible
WARNING: MPI rank 184 will use 16 but only 0 procs are accessible
WARNING: MPI rank 185 will use 16 but only 0 procs are accessible
WARNING: MPI rank 186 will use 16 but only 0 procs are accessible
WARNING: MPI rank 187 will use 16 but only 0 procs are accessible
WARNING: MPI rank 188 will use 16 but only 0 procs are accessible
WARNING: MPI rank 189 will use 16 but only 0 procs are accessible
WARNING: MPI rank 190 will use 16 but only 0 procs are accessible
WARNING: MPI rank 191 will use 16 but only 0 procs are accessible
WARNING: MPI rank 192 will use 16 but only 0 procs are accessible
WARNING: MPI rank 193 will use 16 but only 0 procs are accessible
WARNING: MPI rank 194 will use 16 but only 0 procs are accessible
WARNING: MPI rank 195 will use 16 but only 0 procs are accessible
WARNING: MPI rank 196 will use 16 but only 0 procs are accessible
WARNING: MPI rank 197 will use 16 but only 0 procs are accessible
WARNING: MPI rank 198 will use 16 but only 0 procs are accessible
WARNING: MPI rank 199 will use 16 but only 0 procs are accessible
WARNING: MPI rank 200 will use 16 but only 0 procs are accessible
WARNING: MPI rank 201 will use 16 but only 0 procs are accessible
WARNING: MPI rank 202 will use 16 but only 0 procs are accessible
WARNING: MPI rank 203 will use 16 but only 0 procs are accessible
WARNING: MPI rank 204 will use 16 but only 0 procs are accessible
WARNING: MPI rank 205 will use 16 but only 0 procs are accessible
WARNING: MPI rank 206 will use 16 but only 0 procs are accessible
WARNING: MPI rank 207 will use 16 but only 0 procs are accessible
WARNING: MPI rank 208 will use 16 but only 0 procs are accessible
WARNING: MPI rank 209 will use 16 but only 0 procs are accessible
WARNING: MPI rank 210 will use 16 but only 0 procs are accessible
WARNING: MPI rank 211 will use 16 but only 0 procs are accessible
WARNING: MPI rank 212 will use 16 but only 0 procs are accessible
WARNING: MPI rank 213 will use 16 but only 0 procs are accessible
WARNING: MPI rank 214 will use 16 but only 0 procs are accessible
WARNING: MPI rank 215 will use 16 but only 0 procs are accessible
WARNING: MPI rank 216 will use 16 but only 0 procs are accessible
WARNING: MPI rank 217 will use 16 but only 0 procs are accessible
WARNING: MPI rank 218 will use 16 but only 0 procs are accessible
WARNING: MPI rank 219 will use 16 but only 0 procs are accessible
WARNING: MPI rank 220 will use 16 but only 0 procs are accessible
WARNING: MPI rank 221 will use 16 but only 0 procs are accessible
WARNING: MPI rank 222 will use 16 but only 0 procs are accessible
WARNING: MPI rank 223 will use 16 but only 0 procs are accessible
WARNING: MPI rank 224 will use 16 but only 0 procs are accessible
WARNING: MPI rank 225 will use 16 but only 0 procs are accessible
WARNING: MPI rank 226 will use 16 but only 0 procs are accessible
WARNING: MPI rank 227 will use 16 but only 0 procs are accessible
WARNING: MPI rank 228 will use 16 but only 0 procs are accessible
WARNING: MPI rank 229 will use 16 but only 0 procs are accessible
WARNING: MPI rank 230 will use 16 but only 0 procs are accessible
WARNING: MPI rank 231 will use 16 but only 0 procs are accessible
WARNING: MPI rank 232 will use 16 but only 0 procs are accessible
WARNING: MPI rank 233 will use 16 but only 0 procs are accessible
WARNING: MPI rank 234 will use 16 but only 0 procs are accessible
WARNING: MPI rank 235 will use 16 but only 0 procs are accessible
WARNING: MPI rank 236 will use 16 but only 0 procs are accessible
WARNING: MPI rank 237 will use 16 but only 0 procs are accessible
WARNING: MPI rank 238 will use 16 but only 0 procs are accessible
WARNING: MPI rank 239 will use 16 but only 0 procs are accessible
WARNING: MPI rank 240 will use 16 but only 0 procs are accessible
WARNING: MPI rank 241 will use 16 but only 0 procs are accessible
WARNING: MPI rank 242 will use 16 but only 0 procs are accessible
WARNING: MPI rank 243 will use 16 but only 0 procs are accessible
WARNING: MPI rank 244 will use 16 but only 0 procs are accessible
WARNING: MPI rank 245 will use 16 but only 0 procs are accessible
WARNING: MPI rank 246 will use 16 but only 0 procs are accessible
WARNING: MPI rank 247 will use 16 but only 0 procs are accessible
WARNING: MPI rank 248 will use 16 but only 0 procs are accessible
WARNING: MPI rank 249 will use 16 but only 0 procs are accessible
WARNING: MPI rank 250 will use 16 but only 0 procs are accessible
WARNING: MPI rank 251 will use 16 but only 0 procs are accessible
WARNING: MPI rank 252 will use 16 but only 0 procs are accessible
WARNING: MPI rank 253 will use 16 but only 0 procs are accessible
WARNING: MPI rank 254 will use 16 but only 0 procs are accessible
WARNING: MPI rank 255 will use 16 but only 0 procs are accessible
                                                                           
                                                                           
***************************************************************************
***                                                                     ***
***                           XC Functional                             ***
***                                                                     ***
***************************************************************************

Using Libxc (version 7.0.0) to evaluate density functionals. Libxc is free
software. It is distributed under the Mozilla Public License, version 2.0.
For more information, please check the Libxc manual. You should cite

S. Lehtola, C. Steigemann, M. J.T. Oliveira, and M. A.L. Marques., 
SoftwareX 7, 1–5 (2018) DOI: 10.1016/j.softx.2017.11.002

when reporting the results of your calculation in a scientific article.

Libxc functionals used in this calculation:
  - gga_x_pbe (ID 101): Perdew, Burke & Ernzerhof
     * J. P. Perdew, K. Burke, and M. Ernzerhof.,  Phys. Rev. Lett. 77,
       3865 (1996), DOI:10.1103/PhysRevLett.77.3865
     * J. P. Perdew, K. Burke, and M. Ernzerhof.,  Phys. Rev. Lett. 78,
       1396 (1997), DOI:10.1103/PhysRevLett.78.1396
  - gga_c_pbe (ID 130): Perdew, Burke & Ernzerhof
     * J. P. Perdew, K. Burke, and M. Ernzerhof.,  Phys. Rev. Lett. 77,
       3865 (1996), DOI:10.1103/PhysRevLett.77.3865
     * J. P. Perdew, K. Burke, and M. Ernzerhof.,  Phys. Rev. Lett. 78,
       1396 (1997), DOI:10.1103/PhysRevLett.78.1396
                                                                           
***************************************************************************
***                                                                     ***
***                Computing Initial Guess Wavefunction                 ***
***                                                                     ***
***************************************************************************
                                                                           
                                                                           
~~~~~~~~~~~~~~~~~~~~~~~~~~~~~~~~~~~~~~~~~~~~~~~~~~~~~~~~~~~~~~~~~~~~~~~~~~~
 Calculation             : Compute initial orbitals
 Method                  : Diagonalize SAD Hamiltonian
 Precision               : 1.00000e-03
 Screening               : 1.20000e+01 StdDev
 Restricted              : False
 Functional              : LDA (SVWN5)
 XC Library              : LibXC
 AO basis                : 3-21G
~~~~~~~~~~~~~~~~~~~~~~~~~~~~~~~~~~~~~~~~~~~~~~~~~~~~~~~~~~~~~~~~~~~~~~~~~~~


===========================================================================
                            Molecular Orbitals
---------------------------------------------------------------------------
 Alpha electrons         :                                          17.000
 Beta electrons          :                                          15.000
 Total electrons         :                                          32.000
---------------------------------------------------------------------------
    n     Occ Spin       :                                            Norm
---------------------------------------------------------------------------
    0    1.00    a       :                              9.999998160373e-01
    1    1.00    a       :                              9.999998294180e-01
    2    1.00    a       :                              9.999895796464e-01
    3    1.00    a       :                              9.999949818937e-01
    4    1.00    a       :                              9.999913251668e-01
    5    1.00    a       :                              9.999976830800e-01
    6    1.00    a       :                              9.999862388392e-01
    7    1.00    a       :                              9.999759171842e-01
    8    1.00    a       :                              9.999917152356e-01
    9    1.00    a       :                              9.999928399226e-01
   10    1.00    a       :                              9.999999783867e-01
   11    1.00    a       :                              9.999999905110e-01
   12    1.00    a       :                              9.999999790819e-01
   13    1.00    a       :                              9.999999556874e-01
   14    1.00    a       :                              9.999999437126e-01
   15    1.00    a       :                              9.999996813847e-01
   16    1.00    a       :                              9.999999330912e-01
   17    1.00    b       :                              9.999998160373e-01
   18    1.00    b       :                              9.999998294180e-01
   19    1.00    b       :                              9.999895796464e-01
   20    1.00    b       :                              9.999949818937e-01
   21    1.00    b       :                              9.999913251668e-01
   22    1.00    b       :                              9.999976830800e-01
   23    1.00    b       :                              9.999862388392e-01
   24    1.00    b       :                              9.999759171842e-01
   25    1.00    b       :                              9.999917152356e-01
   26    1.00    b       :                              9.999928399226e-01
   27    1.00    b       :                              9.999999783867e-01
   28    1.00    b       :                              9.999999905110e-01
   29    1.00    b       :                              9.999999790819e-01
   30    1.00    b       :                              9.999999556874e-01
   31    1.00    b       :                              9.999999437126e-01
===========================================================================


~~~~~~~~~~~~~~~~~~~~~~~~~~~~~~~~~~~~~~~~~~~~~~~~~~~~~~~~~~~~~~~~~~~~~~~~~~~
 Calculation             : Compute initial energy
 Method                  : DFT
 XC Library              : LibXC
 Relativity              : None
 Environment             : None
 External fields         : None
 Precision               : 1.00000e-03
 Density cutoff          : 0.00000e+00
 Localization            : Off
~~~~~~~~~~~~~~~~~~~~~~~~~~~~~~~~~~~~~~~~~~~~~~~~~~~~~~~~~~~~~~~~~~~~~~~~~~~


===========================================================================
                        Molecular Energy (initial)
---------------------------------------------------------------------------
 Kinetic energy          :            (au)                794.762970638212
 E-N energy              :            (au)              -2029.683441453252
 Coulomb energy          :            (au)                421.812549506208
 Exchange energy         :            (au)                  0.000000000000
 X-C energy              :            (au)                -50.975823218178
 N-N energy              :            (au)                 66.881536865714
 Non-local pp energy     :            (au)                  0.000000000000
---------------------------------------------------------------------------
 Electronic energy       :            (au)               -864.083744527011
 Nuclear energy          :            (au)                 66.881536865714
---------------------------------------------------------------------------
 Total energy            :            (au)             -7.972022076613e+02
                         :      (kcal/mol)             -5.002519380514e+05
                         :        (kJ/mol)             -2.093054108807e+06
                         :            (eV)             -2.169297718883e+04
===========================================================================


===========================================================================
                        Orbital Energies (initial)
---------------------------------------------------------------------------
    n     Occ Spin       :                                         Epsilon
---------------------------------------------------------------------------
    0    1.00    a       :            (au)                -99.969509023873
    1    1.00    a       :            (au)                -75.923455481304
    2    1.00    a       :            (au)                 -9.112095366791
    3    1.00    a       :            (au)                 -6.948568596102
    4    1.00    a       :            (au)                 -6.942539827577
    5    1.00    a       :            (au)                 -6.941636338537
    6    1.00    a       :            (au)                 -6.375283700354
    7    1.00    a       :            (au)                 -4.602952307707
    8    1.00    a       :            (au)                 -4.601808336822
    9    1.00    a       :            (au)                 -4.601035807761
   10    1.00    a       :            (au)                 -0.823931684923
   11    1.00    a       :            (au)                 -0.557142343322
   12    1.00    a       :            (au)                 -0.360695300187
   13    1.00    a       :            (au)                 -0.347770428084
   14    1.00    a       :            (au)                 -0.346547969842
   15    1.00    a       :            (au)                 -0.223828209175
   16    1.00    a       :            (au)                 -0.223318709270
   17    1.00    b       :            (au)                -99.968292739355
   18    1.00    b       :            (au)                -75.917078374330
   19    1.00    b       :            (au)                 -9.110534393362
   20    1.00    b       :            (au)                 -6.947498320686
   21    1.00    b       :            (au)                 -6.939716206777
   22    1.00    b       :            (au)                 -6.939678044818
   23    1.00    b       :            (au)                 -6.368132021814
   24    1.00    b       :            (au)                 -4.598745882865
   25    1.00    b       :            (au)                 -4.590194340097
   26    1.00    b       :            (au)                 -4.589410894084
   27    1.00    b       :            (au)                 -0.810769528247
   28    1.00    b       :            (au)                 -0.515150107186
   29    1.00    b       :            (au)                 -0.337924527931
   30    1.00    b       :            (au)                 -0.325254928033
   31    1.00    b       :            (au)                 -0.324092270197
---------------------------------------------------------------------------
 Sum occupied            :            (au)               -457.184592011412
===========================================================================


                                                                           
***************************************************************************
***                                                                     ***
***                 Computing Ground State Wavefunction                 ***
***                                                                     ***
***************************************************************************
                                                                           
                                                                           
~~~~~~~~~~~~~~~~~~~~~~~~~~~~~~~~~~~~~~~~~~~~~~~~~~~~~~~~~~~~~~~~~~~~~~~~~~~
 Calculation             : Optimize ground state orbitals
 Method                  : DFT
 XC library              : LibXC
 Relativity              : None
 Environment             : None
 External fields         : None
 Checkpointing           : Off
 Max iterations          : 100
 KAIN solver             : 5
 Localization            : Off
 Diagonalization         : First two iterations
 Start precision         : 5.00000e-07
 Final precision         : 5.00000e-07
 Helmholtz precision     : Dynamic
 Energy threshold        : 5.00000e-08
 Orbital threshold       : 2.00000e-04
~~~~~~~~~~~~~~~~~~~~~~~~~~~~~~~~~~~~~~~~~~~~~~~~~~~~~~~~~~~~~~~~~~~~~~~~~~~


===========================================================================
 Iter           MO residual             Total energy                Update
---------------------------------------------------------------------------
    0          5.656854e+00        -797.202207661297         -7.972022e+02
    1          2.359023e-01        -801.105703991940         -3.903496e+00
    2          5.605332e-02        -801.206544255258         -1.008403e-01
    3          2.837996e-02        -801.221196149546         -1.465189e-02
    4          4.454004e-02        -801.226714031182         -5.517882e-03
    5          1.425850e-02        -801.227230098265         -5.160671e-04
    6          1.348846e-02        -801.227626903099         -3.968048e-04
    7          7.429760e-03        -801.227656051900         -2.914880e-05
    8          3.489500e-03        -801.227684685458         -2.863356e-05
    9          2.654753e-03        -801.227701460223         -1.677477e-05
   10          1.232062e-03        -801.227704341616         -2.881392e-06
   11          8.703788e-04        -801.227705199606         -8.579906e-07
   12          4.678651e-04        -801.227705791910         -5.923038e-07
   13          1.702054e-04        -801.227705896105         -1.041956e-07
   14          1.246002e-04        -801.227705928094         -3.198829e-08
---------------------------------------------------------------------------
                      SCF converged in 14 iterations!
===========================================================================


                                                                           
***************************************************************************
***                                                                     ***
***                    Printing Molecular Properties                    ***
***                                                                     ***
***************************************************************************
                                                                           
                                                                           
===========================================================================
                                 Molecule
---------------------------------------------------------------------------
 Charge                  :                                               0
 Multiplicity            :                                               3
---------------------------------------------------------------------------
    N    Atom            :               x               y               z
---------------------------------------------------------------------------
    0       P            :        0.000000        0.000000       -1.906356
    1      Cl            :        0.000000        0.000000        1.906356
---------------------------------------------------------------------------
 Center of mass          :        0.000000        0.000000        0.128544
===========================================================================


===========================================================================
                         Molecular Energy (final)
---------------------------------------------------------------------------
 Kinetic energy          :            (au)                800.195193162055
 E-N energy              :            (au)              -2040.421954998462
 Coulomb energy          :            (au)                423.220889675826
 Exchange energy         :            (au)                  0.000000000000
 X-C energy              :            (au)                -51.103370633227
 N-N energy              :            (au)                 66.881536865714
 Non-local pp energy     :            (au)                  0.000000000000
---------------------------------------------------------------------------
 Electronic energy       :            (au)               -868.109242793808
 Nuclear energy          :            (au)                 66.881536865714
---------------------------------------------------------------------------
 Total energy            :            (au)             -8.012277059281e+02
                         :      (kcal/mol)             -5.027779763517e+05
                         :        (kJ/mol)             -2.103623053055e+06
                         :            (eV)             -2.180251657700e+04
===========================================================================


===========================================================================
                         Orbital Energies (final)
---------------------------------------------------------------------------
    n     Occ Spin       :                                         Epsilon
---------------------------------------------------------------------------
    0    1.00    a       :            (au)               -100.691467605909
    1    1.00    a       :            (au)                -76.354601513877
    2    1.00    a       :            (au)                 -9.206503003823
    3    1.00    a       :            (au)                 -7.026917208078
    4    1.00    a       :            (au)                 -7.021446967646
    5    1.00    a       :            (au)                 -7.021444689286
    6    1.00    a       :            (au)                 -6.357824471079
    7    1.00    a       :            (au)                 -4.574800563391
    8    1.00    a       :            (au)                 -4.574799088785
    9    1.00    a       :            (au)                 -4.574194936886
   10    1.00    a       :            (au)                 -0.796492692125
   11    1.00    a       :            (au)                 -0.545279266241
   12    1.00    a       :            (au)                 -0.359259111600
   13    1.00    a       :            (au)                 -0.342179989087
   14    1.00    a       :            (au)                 -0.342177535226
   15    1.00    a       :            (au)                 -0.207956159921
   16    1.00    a       :            (au)                 -0.207954369998
   17    1.00    b       :            (au)               -100.690012715404
   18    1.00    b       :            (au)                -76.347716242562
   19    1.00    b       :            (au)                 -9.205131590309
   20    1.00    b       :            (au)                 -7.026291562420
   21    1.00    b       :            (au)                 -7.018858778313
   22    1.00    b       :            (au)                 -7.018857993885
   23    1.00    b       :            (au)                 -6.350686873063
   24    1.00    b       :            (au)                 -4.570072370864
   25    1.00    b       :            (au)                 -4.562309157534
   26    1.00    b       :            (au)                 -4.562308805648
   27    1.00    b       :            (au)                 -0.787181522066
   28    1.00    b       :            (au)                 -0.502355504084
   29    1.00    b       :            (au)                 -0.334975801969
   30    1.00    b       :            (au)                 -0.325939444009
   31    1.00    b       :            (au)                 -0.325939336966
---------------------------------------------------------------------------
 Sum occupied            :            (au)               -459.833936872052
===========================================================================


===========================================================================
                             Orbital Positions
---------------------------------------------------------------------------
  Index       Occ        :               x               y               z
---------------------------------------------------------------------------
      0      1.00        :        0.000000        0.000000        1.906350
      1      1.00        :        0.000000        0.000000       -1.906346
      2      1.00        :        0.000000        0.000000        1.904404
      3      1.00        :       -0.000000       -0.000000        1.907966
      4      1.00        :        0.000000        0.000000        1.906137
      5      1.00        :       -0.000000        0.000000        1.906137
      6      1.00        :        0.000000        0.000001       -1.902024
      7      1.00        :        0.000000        0.000000       -1.905719
      8      1.00        :        0.000000        0.000005       -1.905719
      9      1.00        :       -0.000000       -0.000005       -1.909604
     10      1.00        :       -0.000000       -0.000000        1.320294
     11      1.00        :        0.000000        0.000018       -0.510324
     12      1.00        :        0.000001        0.000041       -0.261297
     13      1.00        :       -0.000000       -0.000010        1.169884
     14      1.00        :        0.000000        0.000004        1.169801
     15      1.00        :        0.000001        0.000026       -1.207356
     16      1.00        :       -0.000000       -0.000015       -1.207413
     17      1.00        :        0.000000        0.000000        1.906350
     18      1.00        :        0.000000        0.000000       -1.906346
     19      1.00        :        0.000000        0.000000        1.904372
     20      1.00        :       -0.000000       -0.000000        1.907963
     21      1.00        :        0.000000        0.000000        1.906107
     22      1.00        :       -0.000000       -0.000000        1.906107
     23      1.00        :        0.000000        0.000001       -1.902203
     24      1.00        :        0.000000        0.000000       -1.909519
     25      1.00        :        0.000000        0.000000       -1.905750
     26      1.00        :       -0.000000       -0.000001       -1.905750
     27      1.00        :        0.000000        0.000001        1.368262
     28      1.00        :       -0.000000       -0.000006       -0.073328
     29      1.00        :       -0.000003       -0.000099       -0.767779
     30      1.00        :       -0.000000       -0.000000        1.465393
     31      1.00        :        0.000001        0.000015        1.465061
===========================================================================


===========================================================================
                           Dipole Moment (dip-1)
---------------------------------------------------------------------------
 r_O                     :        0.000000        0.000000        0.000000
---------------------------------------------------------------------------
 Electronic vector       :        0.000001        0.000025       -3.934112
 Magnitude               :            (au)                        3.934112
                         :         (Debye)                        9.999516
---------------------------------------------------------------------------
 Nuclear vector          :        0.000000        0.000000        3.812711
 Magnitude               :            (au)                        3.812711
                         :         (Debye)                        9.690946
---------------------------------------------------------------------------
 Total vector            :        0.000001        0.000025       -0.121401
 Magnitude               :            (au)                        0.121401
                         :         (Debye)                        0.308571
===========================================================================


===========================================================================
                        Quadrupole Moment (quad-1)
---------------------------------------------------------------------------
 r_O                     :        0.000000        0.000000        0.000000
---------------------------------------------------------------------------
 Electronic tensor       :       57.614448       -0.000003       -0.000007
                         :       -0.000003       57.614329       -0.000244
                         :       -0.000007       -0.000244     -115.228777
---------------------------------------------------------------------------
 Nuclear tensor          :      -58.147074       -0.000000        0.000000
                         :       -0.000000      -58.147074        0.000000
                         :        0.000000        0.000000      116.294147
---------------------------------------------------------------------------
 Total tensor            :       -0.532626       -0.000003       -0.000007
                         :       -0.000003       -0.532745       -0.000244
                         :       -0.000007       -0.000244        1.065371
===========================================================================


                                                                           
                                                                           
***************************************************************************
***                                                                     ***
***                            Exiting MRChem                           ***
***                                                                     ***
***                       Wall time :  0h 17m 47s                       ***
***                                                                     ***
***************************************************************************
                                                                           
                                                                           
