WARNING: MPI rank 1 will use 16 but only 0 procs are accessible
WARNING: MPI rank 12 will use 16 but only 0 procs are accessible
WARNING: MPI rank 13 will use 16 but only 0 procs are accessible
WARNING: MPI rank 14 will use 16 but only 0 procs are accessible
WARNING: MPI rank 15 will use 16 but only 0 procs are accessible
WARNING: MPI rank 16 will use 16 but only 0 procs are accessible
WARNING: MPI rank 17 will use 16 but only 0 procs are accessible
WARNING: MPI rank 18 will use 16 but only 0 procs are accessible
WARNING: MPI rank 20 will use 16 but only 0 procs are accessible
WARNING: MPI rank 21 will use 16 but only 0 procs are accessible
WARNING: MPI rank 22 will use 16 but only 0 procs are accessible
WARNING: MPI rank 23 will use 16 but only 0 procs are accessible
WARNING: MPI rank 24 will use 16 but only 0 procs are accessible
WARNING: MPI rank 27 will use 16 but only 0 procs are accessible
WARNING: MPI rank 28 will use 16 but only 0 procs are accessible
WARNING: MPI rank 30 will use 16 but only 0 procs are accessible
WARNING: MPI rank 31 will use 16 but only 0 procs are accessible
WARNING: MPI rank 64 will use 16 but only 0 procs are accessible
WARNING: MPI rank 65 will use 16 but only 0 procs are accessible
WARNING: MPI rank 66 will use 16 but only 0 procs are accessible
WARNING: MPI rank 68 will use 16 but only 0 procs are accessible
WARNING: MPI rank 70 will use 16 but only 0 procs are accessible
WARNING: MPI rank 72 will use 16 but only 0 procs are accessible
WARNING: MPI rank 73 will use 16 but only 0 procs are accessible
WARNING: MPI rank 74 will use 16 but only 0 procs are accessible
WARNING: MPI rank 75 will use 16 but only 0 procs are accessible
WARNING: MPI rank 76 will use 16 but only 0 procs are accessible
WARNING: MPI rank 78 will use 16 but only 0 procs are accessible
WARNING: MPI rank 79 will use 16 but only 0 procs are accessible
WARNING: MPI rank 80 will use 16 but only 0 procs are accessible
WARNING: MPI rank 82 will use 16 but only 0 procs are accessible
WARNING: MPI rank 84 will use 16 but only 0 procs are accessible
WARNING: MPI rank 86 will use 16 but only 0 procs are accessible
WARNING: MPI rank 88 will use 16 but only 0 procs are accessible
WARNING: MPI rank 90 will use 16 but only 0 procs are accessible
WARNING: MPI rank 92 will use 16 but only 0 procs are accessible
WARNING: MPI rank 94 will use 16 but only 0 procs are accessible
WARNING: MPI rank 128 will use 16 but only 0 procs are accessible
WARNING: MPI rank 130 will use 16 but only 0 procs are accessible
WARNING: MPI rank 132 will use 16 but only 0 procs are accessible
WARNING: MPI rank 144 will use 16 but only 0 procs are accessible
WARNING: MPI rank 147 will use 16 but only 0 procs are accessible
WARNING: MPI rank 152 will use 16 but only 0 procs are accessible
WARNING: MPI rank 154 will use 16 but only 0 procs are accessible
Warning: recommended number of threads is 0
setting number of threads to omp_threads, 16
WARNING: MPI rank 0 will use 16 but only 0 procs are accessible
                                                                           
                                                                           
***************************************************************************
WARNING: MPI rank 2 will use 16 but only 0 procs are accessible
WARNING: MPI rank 3 will use 16 but only 0 procs are accessible
WARNING: MPI rank 4 will use 16 but only 0 procs are accessible
WARNING: MPI rank 5 will use 16 but only 0 procs are accessible
WARNING: MPI rank 6 will use 16 but only 0 procs are accessible
WARNING: MPI rank 7 will use 16 but only 0 procs are accessible
WARNING: MPI rank 8 will use 16 but only 0 procs are accessible
WARNING: MPI rank 9 will use 16 but only 0 procs are accessible
WARNING: MPI rank 11 will use 16 but only 0 procs are accessible
WARNING: MPI rank 19 will use 16 but only 0 procs are accessible
WARNING: MPI rank 25 will use 16 but only 0 procs are accessible
WARNING: MPI rank 26 will use 16 but only 0 procs are accessible
WARNING: MPI rank 29 will use 16 but only 0 procs are accessible
WARNING: MPI rank 32 will use 16 but only 0 procs are accessible
WARNING: MPI rank 34 will use 16 but only 0 procs are accessible
WARNING: MPI rank 36 will use 16 but only 0 procs are accessible
WARNING: MPI rank 40 will use 16 but only 0 procs are accessible
WARNING: MPI rank 41 will use 16 but only 0 procs are accessible
WARNING: MPI rank 42 will use 16 but only 0 procs are accessible
WARNING: MPI rank 48 will use 16 but only 0 procs are accessible
WARNING: MPI rank 49 will use 16 but only 0 procs are accessible
WARNING: MPI rank 51 will use 16 but only 0 procs are accessible
WARNING: MPI rank 52 will use 16 but only 0 procs are accessible
WARNING: MPI rank 53 will use 16 but only 0 procs are accessible
WARNING: MPI rank 54 will use 16 but only 0 procs are accessible
WARNING: MPI rank 55 will use 16 but only 0 procs are accessible
WARNING: MPI rank 61 will use 16 but only 0 procs are accessible
WARNING: MPI rank 63 will use 16 but only 0 procs are accessible
WARNING: MPI rank 67 will use 16 but only 0 procs are accessible
WARNING: MPI rank 69 will use 16 but only 0 procs are accessible
WARNING: MPI rank 77 will use 16 but only 0 procs are accessible
WARNING: MPI rank 87 will use 16 but only 0 procs are accessible
WARNING: MPI rank 96 will use 16 but only 0 procs are accessible
WARNING: MPI rank 101 will use 16 but only 0 procs are accessible
WARNING: MPI rank 103 will use 16 but only 0 procs are accessible
WARNING: MPI rank 104 will use 16 but only 0 procs are accessible
WARNING: MPI rank 106 will use 16 but only 0 procs are accessible
WARNING: MPI rank 108 will use 16 but only 0 procs are accessible
WARNING: MPI rank 109 will use 16 but only 0 procs are accessible
WARNING: MPI rank 110 will use 16 but only 0 procs are accessible
WARNING: MPI rank 111 will use 16 but only 0 procs are accessible
WARNING: MPI rank 112 will use 16 but only 0 procs are accessible
WARNING: MPI rank 114 will use 16 but only 0 procs are accessible
WARNING: MPI rank 120 will use 16 but only 0 procs are accessible
WARNING: MPI rank 121 will use 16 but only 0 procs are accessible
WARNING: MPI rank 122 will use 16 but only 0 procs are accessible
WARNING: MPI rank 124 will use 16 but only 0 procs are accessible
WARNING: MPI rank 125 will use 16 but only 0 procs are accessible
WARNING: MPI rank 127 will use 16 but only 0 procs are accessible
WARNING: MPI rank 129 will use 16 but only 0 procs are accessible
WARNING: MPI rank 131 will use 16 but only 0 procs are accessible
WARNING: MPI rank 133 will use 16 but only 0 procs are accessible
WARNING: MPI rank 134 will use 16 but only 0 procs are accessible
WARNING: MPI rank 138 will use 16 but only 0 procs are accessible
WARNING: MPI rank 141 will use 16 but only 0 procs are accessible
WARNING: MPI rank 142 will use 16 but only 0 procs are accessible
WARNING: MPI rank 145 will use 16 but only 0 procs are accessible
WARNING: MPI rank 148 will use 16 but only 0 procs are accessible
WARNING: MPI rank 150 will use 16 but only 0 procs are accessible
WARNING: MPI rank 156 will use 16 but only 0 procs are accessible
WARNING: MPI rank 158 will use 16 but only 0 procs are accessible
WARNING: MPI rank 171 will use 16 but only 0 procs are accessible
WARNING: MPI rank 177 will use 16 but only 0 procs are accessible
WARNING: MPI rank 178 will use 16 but only 0 procs are accessible
WARNING: MPI rank 184 will use 16 but only 0 procs are accessible
WARNING: MPI rank 188 will use 16 but only 0 procs are accessible
WARNING: MPI rank 189 will use 16 but only 0 procs are accessible
WARNING: MPI rank 190 will use 16 but only 0 procs are accessible
WARNING: MPI rank 191 will use 16 but only 0 procs are accessible
WARNING: MPI rank 192 will use 16 but only 0 procs are accessible
WARNING: MPI rank 196 will use 16 but only 0 procs are accessible
WARNING: MPI rank 197 will use 16 but only 0 procs are accessible
WARNING: MPI rank 198 will use 16 but only 0 procs are accessible
WARNING: MPI rank 200 will use 16 but only 0 procs are accessible
WARNING: MPI rank 206 will use 16 but only 0 procs are accessible
WARNING: MPI rank 207 will use 16 but only 0 procs are accessible
WARNING: MPI rank 208 will use 16 but only 0 procs are accessible
WARNING: MPI rank 210 will use 16 but only 0 procs are accessible
WARNING: MPI rank 214 will use 16 but only 0 procs are accessible
WARNING: MPI rank 216 will use 16 but only 0 procs are accessible
WARNING: MPI rank 217 will use 16 but only 0 procs are accessible
WARNING: MPI rank 218 will use 16 but only 0 procs are accessible
WARNING: MPI rank 220 will use 16 but only 0 procs are accessible
WARNING: MPI rank 221 will use 16 but only 0 procs are accessible
WARNING: MPI rank 222 will use 16 but only 0 procs are accessible
WARNING: MPI rank 223 will use 16 but only 0 procs are accessible
WARNING: MPI rank 224 will use 16 but only 0 procs are accessible
WARNING: MPI rank 234 will use 16 but only 0 procs are accessible
WARNING: MPI rank 236 will use 16 but only 0 procs are accessible
WARNING: MPI rank 238 will use 16 but only 0 procs are accessible
WARNING: MPI rank 240 will use 16 but only 0 procs are accessible
WARNING: MPI rank 243 will use 16 but only 0 procs are accessible
WARNING: MPI rank 244 will use 16 but only 0 procs are accessible
WARNING: MPI rank 245 will use 16 but only 0 procs are accessible
WARNING: MPI rank 253 will use 16 but only 0 procs are accessible
***                                                                     ***
***                                                                     ***
***          __  __ ____   ____ _                                       ***
***         |  \/  |  _ \ / ___| |__   ___ _ __ ___                     ***
***         | |\/| | |_) | |   | '_ \ / _ \ '_ ` _ \                    ***
WARNING: MPI rank 10 will use 16 but only 0 procs are accessible
WARNING: MPI rank 33 will use 16 but only 0 procs are accessible
WARNING: MPI rank 35 will use 16 but only 0 procs are accessible
WARNING: MPI rank 37 will use 16 but only 0 procs are accessible
WARNING: MPI rank 38 will use 16 but only 0 procs are accessible
WARNING: MPI rank 39 will use 16 but only 0 procs are accessible
WARNING: MPI rank 43 will use 16 but only 0 procs are accessible
WARNING: MPI rank 44 will use 16 but only 0 procs are accessible
WARNING: MPI rank 45 will use 16 but only 0 procs are accessible
WARNING: MPI rank 46 will use 16 but only 0 procs are accessible
WARNING: MPI rank 47 will use 16 but only 0 procs are accessible
WARNING: MPI rank 50 will use 16 but only 0 procs are accessible
WARNING: MPI rank 56 will use 16 but only 0 procs are accessible
WARNING: MPI rank 57 will use 16 but only 0 procs are accessible
WARNING: MPI rank 58 will use 16 but only 0 procs are accessible
WARNING: MPI rank 59 will use 16 but only 0 procs are accessible
WARNING: MPI rank 60 will use 16 but only 0 procs are accessible
WARNING: MPI rank 62 will use 16 but only 0 procs are accessible
WARNING: MPI rank 71 will use 16 but only 0 procs are accessible
WARNING: MPI rank 81 will use 16 but only 0 procs are accessible
WARNING: MPI rank 83 will use 16 but only 0 procs are accessible
WARNING: MPI rank 85 will use 16 but only 0 procs are accessible
WARNING: MPI rank 89 will use 16 but only 0 procs are accessible
WARNING: MPI rank 91 will use 16 but only 0 procs are accessible
WARNING: MPI rank 93 will use 16 but only 0 procs are accessible
WARNING: MPI rank 95 will use 16 but only 0 procs are accessible
WARNING: MPI rank 97 will use 16 but only 0 procs are accessible
WARNING: MPI rank 98 will use 16 but only 0 procs are accessible
WARNING: MPI rank 99 will use 16 but only 0 procs are accessible
WARNING: MPI rank 100 will use 16 but only 0 procs are accessible
WARNING: MPI rank 102 will use 16 but only 0 procs are accessible
WARNING: MPI rank 105 will use 16 but only 0 procs are accessible
WARNING: MPI rank 107 will use 16 but only 0 procs are accessible
WARNING: MPI rank 113 will use 16 but only 0 procs are accessible
WARNING: MPI rank 115 will use 16 but only 0 procs are accessible
WARNING: MPI rank 116 will use 16 but only 0 procs are accessible
WARNING: MPI rank 117 will use 16 but only 0 procs are accessible
WARNING: MPI rank 118 will use 16 but only 0 procs are accessible
WARNING: MPI rank 119 will use 16 but only 0 procs are accessible
WARNING: MPI rank 123 will use 16 but only 0 procs are accessible
WARNING: MPI rank 126 will use 16 but only 0 procs are accessible
WARNING: MPI rank 135 will use 16 but only 0 procs are accessible
WARNING: MPI rank 136 will use 16 but only 0 procs are accessible
WARNING: MPI rank 137 will use 16 but only 0 procs are accessible
WARNING: MPI rank 139 will use 16 but only 0 procs are accessible
WARNING: MPI rank 140 will use 16 but only 0 procs are accessible
WARNING: MPI rank 143 will use 16 but only 0 procs are accessible
WARNING: MPI rank 146 will use 16 but only 0 procs are accessible
WARNING: MPI rank 149 will use 16 but only 0 procs are accessible
WARNING: MPI rank 151 will use 16 but only 0 procs are accessible
WARNING: MPI rank 153 will use 16 but only 0 procs are accessible
WARNING: MPI rank 155 will use 16 but only 0 procs are accessible
WARNING: MPI rank 157 will use 16 but only 0 procs are accessible
WARNING: MPI rank 159 will use 16 but only 0 procs are accessible
WARNING: MPI rank 160 will use 16 but only 0 procs are accessible
WARNING: MPI rank 161 will use 16 but only 0 procs are accessible
WARNING: MPI rank 162 will use 16 but only 0 procs are accessible
WARNING: MPI rank 163 will use 16 but only 0 procs are accessible
WARNING: MPI rank 164 will use 16 but only 0 procs are accessible
WARNING: MPI rank 165 will use 16 but only 0 procs are accessible
WARNING: MPI rank 166 will use 16 but only 0 procs are accessible
WARNING: MPI rank 167 will use 16 but only 0 procs are accessible
WARNING: MPI rank 168 will use 16 but only 0 procs are accessible
WARNING: MPI rank 169 will use 16 but only 0 procs are accessible
WARNING: MPI rank 170 will use 16 but only 0 procs are accessible
WARNING: MPI rank 172 will use 16 but only 0 procs are accessible
WARNING: MPI rank 173 will use 16 but only 0 procs are accessible
WARNING: MPI rank 174 will use 16 but only 0 procs are accessible
WARNING: MPI rank 175 will use 16 but only 0 procs are accessible
WARNING: MPI rank 176 will use 16 but only 0 procs are accessible
WARNING: MPI rank 179 will use 16 but only 0 procs are accessible
WARNING: MPI rank 180 will use 16 but only 0 procs are accessible
WARNING: MPI rank 181 will use 16 but only 0 procs are accessible
WARNING: MPI rank 182 will use 16 but only 0 procs are accessible
WARNING: MPI rank 183 will use 16 but only 0 procs are accessible
WARNING: MPI rank 185 will use 16 but only 0 procs are accessible
WARNING: MPI rank 186 will use 16 but only 0 procs are accessible
WARNING: MPI rank 187 will use 16 but only 0 procs are accessible
WARNING: MPI rank 193 will use 16 but only 0 procs are accessible
WARNING: MPI rank 194 will use 16 but only 0 procs are accessible
WARNING: MPI rank 195 will use 16 but only 0 procs are accessible
WARNING: MPI rank 199 will use 16 but only 0 procs are accessible
WARNING: MPI rank 201 will use 16 but only 0 procs are accessible
WARNING: MPI rank 202 will use 16 but only 0 procs are accessible
WARNING: MPI rank 203 will use 16 but only 0 procs are accessible
WARNING: MPI rank 204 will use 16 but only 0 procs are accessible
WARNING: MPI rank 205 will use 16 but only 0 procs are accessible
WARNING: MPI rank 209 will use 16 but only 0 procs are accessible
WARNING: MPI rank 211 will use 16 but only 0 procs are accessible
WARNING: MPI rank 212 will use 16 but only 0 procs are accessible
WARNING: MPI rank 213 will use 16 but only 0 procs are accessible
WARNING: MPI rank 215 will use 16 but only 0 procs are accessible
WARNING: MPI rank 219 will use 16 but only 0 procs are accessible
WARNING: MPI rank 225 will use 16 but only 0 procs are accessible
WARNING: MPI rank 226 will use 16 but only 0 procs are accessible
WARNING: MPI rank 227 will use 16 but only 0 procs are accessible
WARNING: MPI rank 228 will use 16 but only 0 procs are accessible
WARNING: MPI rank 229 will use 16 but only 0 procs are accessible
WARNING: MPI rank 230 will use 16 but only 0 procs are accessible
WARNING: MPI rank 231 will use 16 but only 0 procs are accessible
WARNING: MPI rank 232 will use 16 but only 0 procs are accessible
WARNING: MPI rank 233 will use 16 but only 0 procs are accessible
WARNING: MPI rank 235 will use 16 but only 0 procs are accessible
WARNING: MPI rank 237 will use 16 but only 0 procs are accessible
WARNING: MPI rank 239 will use 16 but only 0 procs are accessible
WARNING: MPI rank 241 will use 16 but only 0 procs are accessible
WARNING: MPI rank 242 will use 16 but only 0 procs are accessible
WARNING: MPI rank 246 will use 16 but only 0 procs are accessible
WARNING: MPI rank 247 will use 16 but only 0 procs are accessible
WARNING: MPI rank 248 will use 16 but only 0 procs are accessible
WARNING: MPI rank 249 will use 16 but only 0 procs are accessible
WARNING: MPI rank 250 will use 16 but only 0 procs are accessible
WARNING: MPI rank 251 will use 16 but only 0 procs are accessible
WARNING: MPI rank 252 will use 16 but only 0 procs are accessible
WARNING: MPI rank 254 will use 16 but only 0 procs are accessible
WARNING: MPI rank 255 will use 16 but only 0 procs are accessible
***         | |  | |  _ <| |___| | | |  __/ | | | | |                   ***
***         |_|  |_|_| \_\\____|_| |_|\___|_| |_| |_|                   ***
***                                                                     ***
***         VERSION            1.2.0-alpha                              ***
***                                                                     ***
***         Git branch         master                                   ***
***         Git commit hash    670e88e035fab95c2ca9                     ***
***         Git commit author  Ylva Os                                  ***
***         Git commit date    Mon May 4 13:33:19 2026 +0200            ***
***                                                                     ***
***         Contact: luca.frediani@uit.no                               ***
***                                                                     ***
***         Radovan Bast            Magnar Bjorgve                      ***
***         Roberto Di Remigio      Antoine Durdek                      ***
***         Luca Frediani           Gabriel Gerez                       ***
***         Stig Rune Jensen        Jonas Juselius                      ***
***         Rune Monstad            Peter Wind                          ***
***                                                                     ***
***************************************************************************

---------------------------------------------------------------------------

 MPI processes           :       (85 bank)                             256
 OpenMP threads          :                                              16
 Total cores             :                                            2821
                                                                           
---------------------------------------------------------------------------


---------------------------------------------------------------------------

 MRCPP version         : 1.6.0-alpha
 Git branch            : HEAD
 Git commit hash       : ad080014842f898e9529
 Git commit author     : Niklas Göllmann
 Git commit date       : Wed Mar 11 11:25:17 2026 +0100

 Linear algebra        : EIGEN v3.4.0
 Parallelization       : MPI/OpenMP (16 threads)

---------------------------------------------------------------------------


                                                                           
===========================================================================
                         MultiResolution Analysis
---------------------------------------------------------------------------
 polynomial order      : 11
 polynomial type       : Interpolating
---------------------------------------------------------------------------
 total boxes           : 8
 boxes                 : [          2           2           2 ]
 unit lengths          : [   64.00000    64.00000    64.00000 ]
 scaling factor        : [    1.00000     1.00000     1.00000 ]
 lower bounds          : [  -64.00000   -64.00000   -64.00000 ]
 upper bounds          : [   64.00000    64.00000    64.00000 ]
 total length          : [  128.00000   128.00000   128.00000 ]
===========================================================================


                                                                           
***************************************************************************
***                                                                     ***
***                        Initializing Molecule                        ***
***                                                                     ***
***************************************************************************
                                                                           
                                                                           
===========================================================================
                                 Molecule
---------------------------------------------------------------------------
 Charge                  :                                               0
 Multiplicity            :                                               3
---------------------------------------------------------------------------
    N    Atom            :               x               y               z
---------------------------------------------------------------------------
    0       P            :        0.000000        0.000000       -1.906356
    1      Cl            :        0.000000        0.000000        1.906356
---------------------------------------------------------------------------
 Center of mass          :        0.000000        0.000000        0.128544
===========================================================================


                                                                           
                                                                           
***************************************************************************
***                                                                     ***
***                           XC Functional                             ***
***                                                                     ***
***************************************************************************

Using Libxc (version 7.0.0) to evaluate density functionals. Libxc is free
software. It is distributed under the Mozilla Public License, version 2.0.
For more information, please check the Libxc manual. You should cite

S. Lehtola, C. Steigemann, M. J.T. Oliveira, and M. A.L. Marques., 
SoftwareX 7, 1–5 (2018) DOI: 10.1016/j.softx.2017.11.002

when reporting the results of your calculation in a scientific article.

Libxc functionals used in this calculation:
  - gga_x_pbe (ID 101): Perdew, Burke & Ernzerhof
     * J. P. Perdew, K. Burke, and M. Ernzerhof.,  Phys. Rev. Lett. 77,
       3865 (1996), DOI:10.1103/PhysRevLett.77.3865
     * J. P. Perdew, K. Burke, and M. Ernzerhof.,  Phys. Rev. Lett. 78,
       1396 (1997), DOI:10.1103/PhysRevLett.78.1396
                                                                           
***************************************************************************
***                                                                     ***
***                Computing Initial Guess Wavefunction                 ***
***                                                                     ***
***************************************************************************
                                                                           
                                                                           
~~~~~~~~~~~~~~~~~~~~~~~~~~~~~~~~~~~~~~~~~~~~~~~~~~~~~~~~~~~~~~~~~~~~~~~~~~~
 Calculation             : Compute initial orbitals
 Method                  : Diagonalize SAD Hamiltonian
 Precision               : 1.00000e-03
 Screening               : 1.20000e+01 StdDev
 Restricted              : False
 Functional              : LDA (SVWN5)
 XC Library              : LibXC
 AO basis                : 3-21G
~~~~~~~~~~~~~~~~~~~~~~~~~~~~~~~~~~~~~~~~~~~~~~~~~~~~~~~~~~~~~~~~~~~~~~~~~~~


===========================================================================
                            Molecular Orbitals
---------------------------------------------------------------------------
 Alpha electrons         :                                          17.000
 Beta electrons          :                                          15.000
 Total electrons         :                                          32.000
---------------------------------------------------------------------------
    n     Occ Spin       :                                            Norm
---------------------------------------------------------------------------
    0    1.00    a       :                              9.999998606191e-01
    1    1.00    a       :                              9.999999407405e-01
    2    1.00    a       :                              9.999932987965e-01
    3    1.00    a       :                              9.999976977852e-01
    4    1.00    a       :                              9.999960320952e-01
    5    1.00    a       :                              9.999989553049e-01
    6    1.00    a       :                              9.999944711142e-01
    7    1.00    a       :                              9.999930315181e-01
    8    1.00    a       :                              9.999978828945e-01
    9    1.00    a       :                              9.999982236599e-01
   10    1.00    a       :                              9.999999393707e-01
   11    1.00    a       :                              9.999997757397e-01
   12    1.00    a       :                              9.999999331094e-01
   13    1.00    a       :                              9.999998984879e-01
   14    1.00    a       :                              9.999999872865e-01
   15    1.00    a       :                              9.999999707231e-01
   16    1.00    a       :                              9.999999683821e-01
   17    1.00    b       :                              9.999998606191e-01
   18    1.00    b       :                              9.999999407405e-01
   19    1.00    b       :                              9.999932987965e-01
   20    1.00    b       :                              9.999976977852e-01
   21    1.00    b       :                              9.999960320952e-01
   22    1.00    b       :                              9.999989553049e-01
   23    1.00    b       :                              9.999944711142e-01
   24    1.00    b       :                              9.999930315181e-01
   25    1.00    b       :                              9.999978828945e-01
   26    1.00    b       :                              9.999982236599e-01
   27    1.00    b       :                              9.999999393707e-01
   28    1.00    b       :                              9.999997757397e-01
   29    1.00    b       :                              9.999999331094e-01
   30    1.00    b       :                              9.999998984879e-01
   31    1.00    b       :                              9.999999872865e-01
===========================================================================


~~~~~~~~~~~~~~~~~~~~~~~~~~~~~~~~~~~~~~~~~~~~~~~~~~~~~~~~~~~~~~~~~~~~~~~~~~~
 Calculation             : Compute initial energy
 Method                  : DFT
 XC Library              : LibXC
 Relativity              : None
 Environment             : None
 External fields         : None
 Precision               : 1.00000e-03
 Density cutoff          : 0.00000e+00
 Localization            : Off
~~~~~~~~~~~~~~~~~~~~~~~~~~~~~~~~~~~~~~~~~~~~~~~~~~~~~~~~~~~~~~~~~~~~~~~~~~~


===========================================================================
                        Molecular Energy (initial)
---------------------------------------------------------------------------
 Kinetic energy          :            (au)                794.755004287609
 E-N energy              :            (au)              -2029.731979832492
 Coulomb energy          :            (au)                421.838565200348
 Exchange energy         :            (au)                  0.000000000000
 X-C energy              :            (au)                -49.761644647303
 N-N energy              :            (au)                 66.881536865714
 Non-local pp energy     :            (au)                  0.000000000000
---------------------------------------------------------------------------
 Electronic energy       :            (au)               -862.900054991838
 Nuclear energy          :            (au)                 66.881536865714
---------------------------------------------------------------------------
 Total energy            :            (au)             -7.960185181261e+02
                         :      (kcal/mol)             -4.995091616538e+05
                         :        (kJ/mol)             -2.089946332359e+06
                         :            (eV)             -2.166076735569e+04
===========================================================================


===========================================================================
                        Orbital Energies (initial)
---------------------------------------------------------------------------
    n     Occ Spin       :                                         Epsilon
---------------------------------------------------------------------------
    0    1.00    a       :            (au)                -99.946538127618
    1    1.00    a       :            (au)                -75.891904010706
    2    1.00    a       :            (au)                 -9.051272840628
    3    1.00    a       :            (au)                 -6.892341996916
    4    1.00    a       :            (au)                 -6.885318714888
    5    1.00    a       :            (au)                 -6.884352849056
    6    1.00    a       :            (au)                 -6.314987866664
    7    1.00    a       :            (au)                 -4.545484055993
    8    1.00    a       :            (au)                 -4.543803839293
    9    1.00    a       :            (au)                 -4.543755163383
   10    1.00    a       :            (au)                 -0.773210108559
   11    1.00    a       :            (au)                 -0.511799581880
   12    1.00    a       :            (au)                 -0.314364072253
   13    1.00    a       :            (au)                 -0.303745657827
   14    1.00    a       :            (au)                 -0.302643320968
   15    1.00    a       :            (au)                 -0.185084219153
   16    1.00    a       :            (au)                 -0.184349406257
   17    1.00    b       :            (au)                -99.945664863769
   18    1.00    b       :            (au)                -75.885305426916
   19    1.00    b       :            (au)                 -9.049466411661
   20    1.00    b       :            (au)                 -6.891023300463
   21    1.00    b       :            (au)                 -6.882707337033
   22    1.00    b       :            (au)                 -6.882235359951
   23    1.00    b       :            (au)                 -6.306876977616
   24    1.00    b       :            (au)                 -4.540784358961
   25    1.00    b       :            (au)                 -4.530868430798
   26    1.00    b       :            (au)                 -4.530795054457
   27    1.00    b       :            (au)                 -0.756201930636
   28    1.00    b       :            (au)                 -0.457960536249
   29    1.00    b       :            (au)                 -0.285579975925
   30    1.00    b       :            (au)                 -0.275450496595
   31    1.00    b       :            (au)                 -0.274539008600
---------------------------------------------------------------------------
 Sum occupied            :            (au)               -455.570415301674
===========================================================================


                                                                           
***************************************************************************
***                                                                     ***
***                 Computing Ground State Wavefunction                 ***
***                                                                     ***
***************************************************************************
                                                                           
                                                                           
~~~~~~~~~~~~~~~~~~~~~~~~~~~~~~~~~~~~~~~~~~~~~~~~~~~~~~~~~~~~~~~~~~~~~~~~~~~
 Calculation             : Optimize ground state orbitals
 Method                  : DFT
 XC library              : LibXC
 Relativity              : None
 Environment             : None
 External fields         : None
 Checkpointing           : Off
 Max iterations          : 100
 KAIN solver             : 5
 Localization            : Off
 Diagonalization         : First two iterations
 Start precision         : 5.00000e-08
 Final precision         : 5.00000e-08
 Helmholtz precision     : Dynamic
 Energy threshold        : 5.00000e-09
 Orbital threshold       : 7.00000e-05
~~~~~~~~~~~~~~~~~~~~~~~~~~~~~~~~~~~~~~~~~~~~~~~~~~~~~~~~~~~~~~~~~~~~~~~~~~~


===========================================================================
 Iter           MO residual             Total energy                Update
---------------------------------------------------------------------------
    0          5.656854e+00        -796.018518126124         -7.960185e+02
    1          2.477310e-01        -799.890856525122         -3.872338e+00
    2          6.188341e-02        -799.994258768361         -1.034022e-01
    3          3.055283e-02        -800.009172491840         -1.491372e-02
    4          3.652612e-02        -800.014693899190         -5.521407e-03
    5          2.217563e-02        -800.015107830732         -4.139315e-04
    6          1.575493e-02        -800.015659231431         -5.514007e-04
    7          7.537713e-03        -800.015696316064         -3.708463e-05
    8          3.936026e-03        -800.015720011587         -2.369552e-05
    9          2.697828e-03        -800.015739872558         -1.986097e-05
   10          1.011142e-03        -800.015741890410         -2.017853e-06
   11          9.394422e-04        -800.015742226290         -3.358795e-07
   12          5.799836e-04        -800.015742810441         -5.841513e-07
   13          2.294935e-04        -800.015743127697         -3.172563e-07
   14          1.465318e-04        -800.015743179298         -5.160109e-08
   15          8.369801e-05        -800.015743187829         -8.530378e-09
   16          9.493215e-05        -800.015743194073         -6.244704e-09
   17          6.064772e-05        -800.015743198416         -4.342837e-09
---------------------------------------------------------------------------
                      SCF converged in 17 iterations!
===========================================================================


                                                                           
***************************************************************************
***                                                                     ***
***                    Printing Molecular Properties                    ***
***                                                                     ***
***************************************************************************
                                                                           
                                                                           
===========================================================================
                                 Molecule
---------------------------------------------------------------------------
 Charge                  :                                               0
 Multiplicity            :                                               3
---------------------------------------------------------------------------
    N    Atom            :               x               y               z
---------------------------------------------------------------------------
    0       P            :        0.000000        0.000000       -1.906356
    1      Cl            :        0.000000        0.000000        1.906356
---------------------------------------------------------------------------
 Center of mass          :        0.000000        0.000000        0.128544
===========================================================================


===========================================================================
                         Molecular Energy (final)
---------------------------------------------------------------------------
 Kinetic energy          :            (au)                800.112927362669
 E-N energy              :            (au)              -2039.834617641741
 Coulomb energy          :            (au)                422.683180661789
 Exchange energy         :            (au)                  0.000000000000
 X-C energy              :            (au)                -49.858770446848
 N-N energy              :            (au)                 66.881536865714
 Non-local pp energy     :            (au)                  0.000000000000
---------------------------------------------------------------------------
 Electronic energy       :            (au)               -866.897280064131
 Nuclear energy          :            (au)                 66.881536865714
---------------------------------------------------------------------------
 Total energy            :            (au)             -8.000157431984e+02
                         :      (kcal/mol)             -5.020174582566e+05
                         :        (kJ/mol)             -2.100441045346e+06
                         :            (eV)             -2.176953739104e+04
===========================================================================


===========================================================================
                         Orbital Energies (final)
---------------------------------------------------------------------------
    n     Occ Spin       :                                         Epsilon
---------------------------------------------------------------------------
    0    1.00    a       :            (au)               -100.679556576232
    1    1.00    a       :            (au)                -76.344814755025
    2    1.00    a       :            (au)                 -9.161565646926
    3    1.00    a       :            (au)                 -6.986060212945
    4    1.00    a       :            (au)                 -6.980782989544
    5    1.00    a       :            (au)                 -6.980782419740
    6    1.00    a       :            (au)                 -6.316285283990
    7    1.00    a       :            (au)                 -4.538035701654
    8    1.00    a       :            (au)                 -4.538035369156
    9    1.00    a       :            (au)                 -4.536921189878
   10    1.00    a       :            (au)                 -0.759908241781
   11    1.00    a       :            (au)                 -0.515251834455
   12    1.00    a       :            (au)                 -0.326484346546
   13    1.00    a       :            (au)                 -0.308218395988
   14    1.00    a       :            (au)                 -0.308217845529
   15    1.00    a       :            (au)                 -0.182674563278
   16    1.00    a       :            (au)                 -0.182674161697
   17    1.00    b       :            (au)               -100.678186565079
   18    1.00    b       :            (au)                -76.337640828114
   19    1.00    b       :            (au)                 -9.160165719235
   20    1.00    b       :            (au)                 -6.985532940614
   21    1.00    b       :            (au)                 -6.978153983933
   22    1.00    b       :            (au)                 -6.978153834480
   23    1.00    b       :            (au)                 -6.308147153840
   24    1.00    b       :            (au)                 -4.532156667737
   25    1.00    b       :            (au)                 -4.524097662111
   26    1.00    b       :            (au)                 -4.524097611909
   27    1.00    b       :            (au)                 -0.748826730415
   28    1.00    b       :            (au)                 -0.460734231857
   29    1.00    b       :            (au)                 -0.296898316658
   30    1.00    b       :            (au)                 -0.288498221490
   31    1.00    b       :            (au)                 -0.288498056325
---------------------------------------------------------------------------
 Sum occupied            :            (au)               -458.736058058159
===========================================================================


===========================================================================
                             Orbital Positions
---------------------------------------------------------------------------
  Index       Occ        :               x               y               z
---------------------------------------------------------------------------
      0      1.00        :        0.000000        0.000000        1.906350
      1      1.00        :        0.000000        0.000000       -1.906346
      2      1.00        :        0.000000        0.000000        1.904429
      3      1.00        :       -0.000000       -0.000000        1.907945
      4      1.00        :        0.000000        0.000000        1.906142
      5      1.00        :        0.000000        0.000000        1.906142
      6      1.00        :        0.000000        0.000001       -1.901748
      7      1.00        :        0.000000        0.000000       -1.905677
      8      1.00        :       -0.000000       -0.000000       -1.905677
      9      1.00        :       -0.000000       -0.000000       -1.909802
     10      1.00        :        0.000000        0.000001        1.302703
     11      1.00        :        0.000000        0.000012       -0.581693
     12      1.00        :        0.000001        0.000026       -0.174314
     13      1.00        :       -0.000000       -0.000008        1.085871
     14      1.00        :        0.000000        0.000002        1.085845
     15      1.00        :        0.000000        0.000013       -1.145151
     16      1.00        :       -0.000001       -0.000023       -1.145167
     17      1.00        :        0.000000        0.000000        1.906350
     18      1.00        :        0.000000        0.000000       -1.906346
     19      1.00        :        0.000000        0.000000        1.904377
     20      1.00        :       -0.000000       -0.000000        1.907953
     21      1.00        :        0.000000        0.000000        1.906104
     22      1.00        :        0.000000        0.000000        1.906104
     23      1.00        :        0.000000        0.000001       -1.901986
     24      1.00        :       -0.000000       -0.000000       -1.909702
     25      1.00        :        0.000000        0.000000       -1.905718
     26      1.00        :        0.000000        0.000000       -1.905718
     27      1.00        :        0.000000        0.000005        1.374715
     28      1.00        :        0.000000        0.000004       -0.041881
     29      1.00        :       -0.000002       -0.000073       -0.813974
     30      1.00        :        0.000000        0.000003        1.493830
     31      1.00        :        0.000001        0.000033        1.493751
===========================================================================


===========================================================================
                           Dipole Moment (dip-1)
---------------------------------------------------------------------------
 r_O                     :        0.000000        0.000000        0.000000
---------------------------------------------------------------------------
 Electronic vector       :        0.000000        0.000005       -3.937711
 Magnitude               :            (au)                        3.937711
                         :         (Debye)                       10.008663
---------------------------------------------------------------------------
 Nuclear vector          :        0.000000        0.000000        3.812711
 Magnitude               :            (au)                        3.812711
                         :         (Debye)                        9.690946
---------------------------------------------------------------------------
 Total vector            :        0.000000        0.000005       -0.125000
 Magnitude               :            (au)                        0.125000
                         :         (Debye)                        0.317717
===========================================================================


===========================================================================
                        Quadrupole Moment (quad-1)
---------------------------------------------------------------------------
 r_O                     :        0.000000        0.000000        0.000000
---------------------------------------------------------------------------
 Electronic tensor       :       57.718422       -0.000001       -0.000001
                         :       -0.000001       57.718396       -0.000044
                         :       -0.000001       -0.000044     -115.436818
---------------------------------------------------------------------------
 Nuclear tensor          :      -58.147074       -0.000000        0.000000
                         :       -0.000000      -58.147074        0.000000
                         :        0.000000        0.000000      116.294147
---------------------------------------------------------------------------
 Total tensor            :       -0.428652       -0.000001       -0.000001
                         :       -0.000001       -0.428678       -0.000044
                         :       -0.000001       -0.000044        0.857330
===========================================================================


                                                                           
                                                                           
***************************************************************************
***                                                                     ***
***                            Exiting MRChem                           ***
***                                                                     ***
***                       Wall time :  0h 34m 40s                       ***
***                                                                     ***
***************************************************************************
                                                                           
                                                                           
