Warning: recommended number of threads is 0
setting number of threads to omp_threads, 16
WARNING: MPI rank 0 will use 16 but only 0 procs are accessible
                                                                           
                                                                           
***************************************************************************
***                                                                     ***
***                                                                     ***
***          __  __ ____   ____ _                                       ***
***         |  \/  |  _ \ / ___| |__   ___ _ __ ___                     ***
***         | |\/| | |_) | |   | '_ \ / _ \ '_ ` _ \                    ***
WARNING: MPI rank 1 will use 16 but only 0 procs are accessible
WARNING: MPI rank 2 will use 16 but only 0 procs are accessible
WARNING: MPI rank 3 will use 16 but only 0 procs are accessible
WARNING: MPI rank 12 will use 16 but only 0 procs are accessible
WARNING: MPI rank 13 will use 16 but only 0 procs are accessible
WARNING: MPI rank 14 will use 16 but only 0 procs are accessible
WARNING: MPI rank 15 will use 16 but only 0 procs are accessible
WARNING: MPI rank 16 will use 16 but only 0 procs are accessible
WARNING: MPI rank 17 will use 16 but only 0 procs are accessible
WARNING: MPI rank 18 will use 16 but only 0 procs are accessible
WARNING: MPI rank 19 will use 16 but only 0 procs are accessible
WARNING: MPI rank 20 will use 16 but only 0 procs are accessible
WARNING: MPI rank 21 will use 16 but only 0 procs are accessible
WARNING: MPI rank 22 will use 16 but only 0 procs are accessible
WARNING: MPI rank 23 will use 16 but only 0 procs are accessible
WARNING: MPI rank 24 will use 16 but only 0 procs are accessible
WARNING: MPI rank 25 will use 16 but only 0 procs are accessible
WARNING: MPI rank 26 will use 16 but only 0 procs are accessible
WARNING: MPI rank 27 will use 16 but only 0 procs are accessible
WARNING: MPI rank 28 will use 16 but only 0 procs are accessible
WARNING: MPI rank 29 will use 16 but only 0 procs are accessible
WARNING: MPI rank 30 will use 16 but only 0 procs are accessible
WARNING: MPI rank 31 will use 16 but only 0 procs are accessible
WARNING: MPI rank 32 will use 16 but only 0 procs are accessible
WARNING: MPI rank 34 will use 16 but only 0 procs are accessible
WARNING: MPI rank 36 will use 16 but only 0 procs are accessible
WARNING: MPI rank 38 will use 16 but only 0 procs are accessible
WARNING: MPI rank 48 will use 16 but only 0 procs are accessible
WARNING: MPI rank 56 will use 16 but only 0 procs are accessible
WARNING: MPI rank 58 will use 16 but only 0 procs are accessible
WARNING: MPI rank 60 will use 16 but only 0 procs are accessible
***         | |  | |  _ <| |___| | | |  __/ | | | | |                   ***
***         |_|  |_|_| \_\\____|_| |_|\___|_| |_| |_|                   ***
***                                                                     ***
***         VERSION            1.2.0-alpha                              ***
***                                                                     ***
***         Git branch         master                                   ***
***         Git commit hash    670e88e035fab95c2ca9                     ***
***         Git commit author  Ylva Os                                  ***
***         Git commit date    Mon May 4 13:33:19 2026 +0200            ***
***                                                                     ***
***         Contact: luca.frediani@uit.no                               ***
***                                                                     ***
***         Radovan Bast            Magnar Bjorgve                      ***
***         Roberto Di Remigio      Antoine Durdek                      ***
***         Luca Frediani           Gabriel Gerez                       ***
***         Stig Rune Jensen        Jonas Juselius                      ***
***         Rune Monstad            Peter Wind                          ***
***                                                                     ***
***************************************************************************

---------------------------------------------------------------------------

 MPI processes           :       (85 bank)                             256
 OpenMP threads          :                                              16
 Total cores             :                                            2821
                                                                           
---------------------------------------------------------------------------


---------------------------------------------------------------------------

 MRCPP version         : 1.6.0-alpha
 Git branch            : HEAD
 Git commit hash       : ad080014842f898e9529
 Git commit author     : Niklas Göllmann
 Git commit date       : Wed Mar 11 11:25:17 2026 +0100

 Linear algebra        : EIGEN v3.4.0
 Parallelization       : MPI/OpenMP (16 threads)

---------------------------------------------------------------------------


                                                                           
===========================================================================
                         MultiResolution Analysis
---------------------------------------------------------------------------
 polynomial order      : 11
 polynomial type       : Interpolating
---------------------------------------------------------------------------
 total boxes           : 8
 boxes                 : [          2           2           2 ]
 unit lengths          : [   64.00000    64.00000    64.00000 ]
 scaling factor        : [    1.00000     1.00000     1.00000 ]
 lower bounds          : [  -64.00000   -64.00000   -64.00000 ]
 upper bounds          : [   64.00000    64.00000    64.00000 ]
 total length          : [  128.00000   128.00000   128.00000 ]
===========================================================================


WARNING: MPI rank 4 will use 16 but only 0 procs are accessible
WARNING: MPI rank 5 will use 16 but only 0 procs are accessible
WARNING: MPI rank 6 will use 16 but only 0 procs are accessible
WARNING: MPI rank 7 will use 16 but only 0 procs are accessible
WARNING: MPI rank 8 will use 16 but only 0 procs are accessible
WARNING: MPI rank 9 will use 16 but only 0 procs are accessible
WARNING: MPI rank 10 will use 16 but only 0 procs are accessible
WARNING: MPI rank 11 will use 16 but only 0 procs are accessible
WARNING: MPI rank 33 will use 16 but only 0 procs are accessible
WARNING: MPI rank 35 will use 16 but only 0 procs are accessible
WARNING: MPI rank 37 will use 16 but only 0 procs are accessible
WARNING: MPI rank 39 will use 16 but only 0 procs are accessible
WARNING: MPI rank 40 will use 16 but only 0 procs are accessible
WARNING: MPI rank 41 will use 16 but only 0 procs are accessible
WARNING: MPI rank 42 will use 16 but only 0 procs are accessible
WARNING: MPI rank 44 will use 16 but only 0 procs are accessible
WARNING: MPI rank 45 will use 16 but only 0 procs are accessible
WARNING: MPI rank 46 will use 16 but only 0 procs are accessible
WARNING: MPI rank 47 will use 16 but only 0 procs are accessible
WARNING: MPI rank 49 will use 16 but only 0 procs are accessible
WARNING: MPI rank 50 will use 16 but only 0 procs are accessible
WARNING: MPI rank 51 will use 16 but only 0 procs are accessible
WARNING: MPI rank 52 will use 16 but only 0 procs are accessible
WARNING: MPI rank 53 will use 16 but only 0 procs are accessible
WARNING: MPI rank 54 will use 16 but only 0 procs are accessible
WARNING: MPI rank 57 will use 16 but only 0 procs are accessible
WARNING: MPI rank 59 will use 16 but only 0 procs are accessible
WARNING: MPI rank 61 will use 16 but only 0 procs are accessible
WARNING: MPI rank 62 will use 16 but only 0 procs are accessible
WARNING: MPI rank 63 will use 16 but only 0 procs are accessible
WARNING: MPI rank 65 will use 16 but only 0 procs are accessible
WARNING: MPI rank 69 will use 16 but only 0 procs are accessible
WARNING: MPI rank 71 will use 16 but only 0 procs are accessible
WARNING: MPI rank 72 will use 16 but only 0 procs are accessible
WARNING: MPI rank 73 will use 16 but only 0 procs are accessible
WARNING: MPI rank 75 will use 16 but only 0 procs are accessible
WARNING: MPI rank 76 will use 16 but only 0 procs are accessible
WARNING: MPI rank 77 will use 16 but only 0 procs are accessible
WARNING: MPI rank 79 will use 16 but only 0 procs are accessible
WARNING: MPI rank 81 will use 16 but only 0 procs are accessible
WARNING: MPI rank 85 will use 16 but only 0 procs are accessible
WARNING: MPI rank 86 will use 16 but only 0 procs are accessible
WARNING: MPI rank 87 will use 16 but only 0 procs are accessible
WARNING: MPI rank 88 will use 16 but only 0 procs are accessible
WARNING: MPI rank 89 will use 16 but only 0 procs are accessible
WARNING: MPI rank 91 will use 16 but only 0 procs are accessible
WARNING: MPI rank 93 will use 16 but only 0 procs are accessible
WARNING: MPI rank 94 will use 16 but only 0 procs are accessible
WARNING: MPI rank 98 will use 16 but only 0 procs are accessible
WARNING: MPI rank 99 will use 16 but only 0 procs are accessible
WARNING: MPI rank 101 will use 16 but only 0 procs are accessible
WARNING: MPI rank 105 will use 16 but only 0 procs are accessible
WARNING: MPI rank 109 will use 16 but only 0 procs are accessible
WARNING: MPI rank 111 will use 16 but only 0 procs are accessible
WARNING: MPI rank 113 will use 16 but only 0 procs are accessible
WARNING: MPI rank 114 will use 16 but only 0 procs are accessible
WARNING: MPI rank 115 will use 16 but only 0 procs are accessible
WARNING: MPI rank 119 will use 16 but only 0 procs are accessible
WARNING: MPI rank 121 will use 16 but only 0 procs are accessible
WARNING: MPI rank 122 will use 16 but only 0 procs are accessible
WARNING: MPI rank 123 will use 16 but only 0 procs are accessible
WARNING: MPI rank 125 will use 16 but only 0 procs are accessible
WARNING: MPI rank 126 will use 16 but only 0 procs are accessible
WARNING: MPI rank 127 will use 16 but only 0 procs are accessible
WARNING: MPI rank 128 will use 16 but only 0 procs are accessible
WARNING: MPI rank 129 will use 16 but only 0 procs are accessible
WARNING: MPI rank 130 will use 16 but only 0 procs are accessible
WARNING: MPI rank 131 will use 16 but only 0 procs are accessible
WARNING: MPI rank 132 will use 16 but only 0 procs are accessible
WARNING: MPI rank 133 will use 16 but only 0 procs are accessible
WARNING: MPI rank 134 will use 16 but only 0 procs are accessible
WARNING: MPI rank 135 will use 16 but only 0 procs are accessible
WARNING: MPI rank 136 will use 16 but only 0 procs are accessible
WARNING: MPI rank 137 will use 16 but only 0 procs are accessible
WARNING: MPI rank 138 will use 16 but only 0 procs are accessible
WARNING: MPI rank 139 will use 16 but only 0 procs are accessible
WARNING: MPI rank 140 will use 16 but only 0 procs are accessible
WARNING: MPI rank 141 will use 16 but only 0 procs are accessible
WARNING: MPI rank 142 will use 16 but only 0 procs are accessible
WARNING: MPI rank 143 will use 16 but only 0 procs are accessible
WARNING: MPI rank 144 will use 16 but only 0 procs are accessible
WARNING: MPI rank 145 will use 16 but only 0 procs are accessible
WARNING: MPI rank 146 will use 16 but only 0 procs are accessible
WARNING: MPI rank 147 will use 16 but only 0 procs are accessible
WARNING: MPI rank 148 will use 16 but only 0 procs are accessible
WARNING: MPI rank 149 will use 16 but only 0 procs are accessible
WARNING: MPI rank 150 will use 16 but only 0 procs are accessible
WARNING: MPI rank 151 will use 16 but only 0 procs are accessible
WARNING: MPI rank 152 will use 16 but only 0 procs are accessible
WARNING: MPI rank 153 will use 16 but only 0 procs are accessible
WARNING: MPI rank 154 will use 16 but only 0 procs are accessible
WARNING: MPI rank 155 will use 16 but only 0 procs are accessible
WARNING: MPI rank 156 will use 16 but only 0 procs are accessible
WARNING: MPI rank 157 will use 16 but only 0 procs are accessible
WARNING: MPI rank 158 will use 16 but only 0 procs are accessible
WARNING: MPI rank 159 will use 16 but only 0 procs are accessible
WARNING: MPI rank 160 will use 16 but only 0 procs are accessible
WARNING: MPI rank 161 will use 16 but only 0 procs are accessible
WARNING: MPI rank 162 will use 16 but only 0 procs are accessible
WARNING: MPI rank 163 will use 16 but only 0 procs are accessible
WARNING: MPI rank 164 will use 16 but only 0 procs are accessible
WARNING: MPI rank 165 will use 16 but only 0 procs are accessible
WARNING: MPI rank 166 will use 16 but only 0 procs are accessible
WARNING: MPI rank 167 will use 16 but only 0 procs are accessible
WARNING: MPI rank 168 will use 16 but only 0 procs are accessible
WARNING: MPI rank 169 will use 16 but only 0 procs are accessible
WARNING: MPI rank 170 will use 16 but only 0 procs are accessible
WARNING: MPI rank 171 will use 16 but only 0 procs are accessible
WARNING: MPI rank 172 will use 16 but only 0 procs are accessible
WARNING: MPI rank 173 will use 16 but only 0 procs are accessible
WARNING: MPI rank 174 will use 16 but only 0 procs are accessible
WARNING: MPI rank 175 will use 16 but only 0 procs are accessible
WARNING: MPI rank 176 will use 16 but only 0 procs are accessible
WARNING: MPI rank 177 will use 16 but only 0 procs are accessible
WARNING: MPI rank 178 will use 16 but only 0 procs are accessible
WARNING: MPI rank 179 will use 16 but only 0 procs are accessible
WARNING: MPI rank 180 will use 16 but only 0 procs are accessible
WARNING: MPI rank 181 will use 16 but only 0 procs are accessible
WARNING: MPI rank 182 will use 16 but only 0 procs are accessible
WARNING: MPI rank 183 will use 16 but only 0 procs are accessible
WARNING: MPI rank 185 will use 16 but only 0 procs are accessible
WARNING: MPI rank 186 will use 16 but only 0 procs are accessible
WARNING: MPI rank 187 will use 16 but only 0 procs are accessible
WARNING: MPI rank 188 will use 16 but only 0 procs are accessible
WARNING: MPI rank 189 will use 16 but only 0 procs are accessible
WARNING: MPI rank 190 will use 16 but only 0 procs are accessible
WARNING: MPI rank 191 will use 16 but only 0 procs are accessible
WARNING: MPI rank 192 will use 16 but only 0 procs are accessible
WARNING: MPI rank 193 will use 16 but only 0 procs are accessible
WARNING: MPI rank 194 will use 16 but only 0 procs are accessible
WARNING: MPI rank 195 will use 16 but only 0 procs are accessible
WARNING: MPI rank 196 will use 16 but only 0 procs are accessible
WARNING: MPI rank 197 will use 16 but only 0 procs are accessible
WARNING: MPI rank 198 will use 16 but only 0 procs are accessible
WARNING: MPI rank 199 will use 16 but only 0 procs are accessible
WARNING: MPI rank 200 will use 16 but only 0 procs are accessible
WARNING: MPI rank 201 will use 16 but only 0 procs are accessible
WARNING: MPI rank 202 will use 16 but only 0 procs are accessible
WARNING: MPI rank 203 will use 16 but only 0 procs are accessible
WARNING: MPI rank 204 will use 16 but only 0 procs are accessible
WARNING: MPI rank 205 will use 16 but only 0 procs are accessible
WARNING: MPI rank 206 will use 16 but only 0 procs are accessible
WARNING: MPI rank 207 will use 16 but only 0 procs are accessible
WARNING: MPI rank 208 will use 16 but only 0 procs are accessible
WARNING: MPI rank 209 will use 16 but only 0 procs are accessible
WARNING: MPI rank 210 will use 16 but only 0 procs are accessible
WARNING: MPI rank 211 will use 16 but only 0 procs are accessible
WARNING: MPI rank 212 will use 16 but only 0 procs are accessible
WARNING: MPI rank 213 will use 16 but only 0 procs are accessible
WARNING: MPI rank 214 will use 16 but only 0 procs are accessible
WARNING: MPI rank 215 will use 16 but only 0 procs are accessible
WARNING: MPI rank 216 will use 16 but only 0 procs are accessible
WARNING: MPI rank 217 will use 16 but only 0 procs are accessible
WARNING: MPI rank 218 will use 16 but only 0 procs are accessible
WARNING: MPI rank 219 will use 16 but only 0 procs are accessible
WARNING: MPI rank 220 will use 16 but only 0 procs are accessible
WARNING: MPI rank 221 will use 16 but only 0 procs are accessible
WARNING: MPI rank 222 will use 16 but only 0 procs are accessible
WARNING: MPI rank 223 will use 16 but only 0 procs are accessible
WARNING: MPI rank 224 will use 16 but only 0 procs are accessible
WARNING: MPI rank 225 will use 16 but only 0 procs are accessible
WARNING: MPI rank 226 will use 16 but only 0 procs are accessible
WARNING: MPI rank 227 will use 16 but only 0 procs are accessible
WARNING: MPI rank 228 will use 16 but only 0 procs are accessible
WARNING: MPI rank 229 will use 16 but only 0 procs are accessible
WARNING: MPI rank 230 will use 16 but only 0 procs are accessible
WARNING: MPI rank 231 will use 16 but only 0 procs are accessible
WARNING: MPI rank 232 will use 16 but only 0 procs are accessible
WARNING: MPI rank 233 will use 16 but only 0 procs are accessible
WARNING: MPI rank 234 will use 16 but only 0 procs are accessible
WARNING: MPI rank 235 will use 16 but only 0 procs are accessible
WARNING: MPI rank 236 will use 16 but only 0 procs are accessible
WARNING: MPI rank 237 will use 16 but only 0 procs are accessible
WARNING: MPI rank 238 will use 16 but only 0 procs are accessible
WARNING: MPI rank 239 will use 16 but only 0 procs are accessible
WARNING: MPI rank 240 will use 16 but only 0 procs are accessible
WARNING: MPI rank 241 will use 16 but only 0 procs are accessible
WARNING: MPI rank 242 will use 16 but only 0 procs are accessible
WARNING: MPI rank 243 will use 16 but only 0 procs are accessible
WARNING: MPI rank 244 will use 16 but only 0 procs are accessible
WARNING: MPI rank 245 will use 16 but only 0 procs are accessible
WARNING: MPI rank 246 will use 16 but only 0 procs are accessible
WARNING: MPI rank 247 will use 16 but only 0 procs are accessible
WARNING: MPI rank 248 will use 16 but only 0 procs are accessible
WARNING: MPI rank 249 will use 16 but only 0 procs are accessible
WARNING: MPI rank 250 will use 16 but only 0 procs are accessible
WARNING: MPI rank 251 will use 16 but only 0 procs are accessible
WARNING: MPI rank 252 will use 16 but only 0 procs are accessible
WARNING: MPI rank 253 will use 16 but only 0 procs are accessible
WARNING: MPI rank 254 will use 16 but only 0 procs are accessible
WARNING: MPI rank 255 will use 16 but only 0 procs are accessible
WARNING: MPI rank 43 will use 16 but only 0 procs are accessible
WARNING: MPI rank 55 will use 16 but only 0 procs are accessible
WARNING: MPI rank 64 will use 16 but only 0 procs are accessible
WARNING: MPI rank 66 will use 16 but only 0 procs are accessible
WARNING: MPI rank 67 will use 16 but only 0 procs are accessible
WARNING: MPI rank 68 will use 16 but only 0 procs are accessible
WARNING: MPI rank 70 will use 16 but only 0 procs are accessible
WARNING: MPI rank 74 will use 16 but only 0 procs are accessible
WARNING: MPI rank 78 will use 16 but only 0 procs are accessible
WARNING: MPI rank 80 will use 16 but only 0 procs are accessible
WARNING: MPI rank 82 will use 16 but only 0 procs are accessible
WARNING: MPI rank 83 will use 16 but only 0 procs are accessible
WARNING: MPI rank 84 will use 16 but only 0 procs are accessible
WARNING: MPI rank 90 will use 16 but only 0 procs are accessible
WARNING: MPI rank 92 will use 16 but only 0 procs are accessible
WARNING: MPI rank 95 will use 16 but only 0 procs are accessible
WARNING: MPI rank 96 will use 16 but only 0 procs are accessible
WARNING: MPI rank 97 will use 16 but only 0 procs are accessible
WARNING: MPI rank 100 will use 16 but only 0 procs are accessible
WARNING: MPI rank 102 will use 16 but only 0 procs are accessible
WARNING: MPI rank 103 will use 16 but only 0 procs are accessible
WARNING: MPI rank 104 will use 16 but only 0 procs are accessible
WARNING: MPI rank 106 will use 16 but only 0 procs are accessible
WARNING: MPI rank 107 will use 16 but only 0 procs are accessible
WARNING: MPI rank 108 will use 16 but only 0 procs are accessible
WARNING: MPI rank 110 will use 16 but only 0 procs are accessible
WARNING: MPI rank 112 will use 16 but only 0 procs are accessible
WARNING: MPI rank 116 will use 16 but only 0 procs are accessible
WARNING: MPI rank 117 will use 16 but only 0 procs are accessible
WARNING: MPI rank 118 will use 16 but only 0 procs are accessible
WARNING: MPI rank 120 will use 16 but only 0 procs are accessible
WARNING: MPI rank 124 will use 16 but only 0 procs are accessible
WARNING: MPI rank 184 will use 16 but only 0 procs are accessible
                                                                           
***************************************************************************
***                                                                     ***
***                        Initializing Molecule                        ***
***                                                                     ***
***************************************************************************
                                                                           
                                                                           
===========================================================================
                                 Molecule
---------------------------------------------------------------------------
 Charge                  :                                               0
 Multiplicity            :                                               3
---------------------------------------------------------------------------
    N    Atom            :               x               y               z
---------------------------------------------------------------------------
    0       P            :        0.000000        0.000000       -1.906356
    1      Cl            :        0.000000        0.000000        1.906356
---------------------------------------------------------------------------
 Center of mass          :        0.000000        0.000000        0.128544
===========================================================================


                                                                           
                                                                           
***************************************************************************
***                                                                     ***
***                           XC Functional                             ***
***                                                                     ***
***************************************************************************

Using Libxc (version 7.0.0) to evaluate density functionals. Libxc is free
software. It is distributed under the Mozilla Public License, version 2.0.
For more information, please check the Libxc manual. You should cite

S. Lehtola, C. Steigemann, M. J.T. Oliveira, and M. A.L. Marques., 
SoftwareX 7, 1–5 (2018) DOI: 10.1016/j.softx.2017.11.002

when reporting the results of your calculation in a scientific article.

Libxc functionals used in this calculation:
  - gga_c_pw91 (ID 134): Perdew & Wang 91
     * J. P. Perdew. In P. Ziesche and H. Eschrig, editors, Proceedings of
       the 75. WE-Heraeus-Seminar and 21st Annual International Symposium on
       Electronic Structure of Solids, 11. Berlin, 1991. Akademie Verlag., DOI:
     * J. P. Perdew, J. A. Chevary, S. H. Vosko, K. A. Jackson, M. R.
       Pederson, D. J. Singh, and C. Fiolhais.,  Phys. Rev. B 46, 6671 (1992),
       DOI:10.1103/PhysRevB.46.6671
     * J. P. Perdew, J. A. Chevary, S. H. Vosko, K. A. Jackson, M. R.
       Pederson, D. J. Singh, and C. Fiolhais.,  Phys. Rev. B 48, 4978 (1993),
       DOI:10.1103/PhysRevB.48.4978.2
                                                                           
***************************************************************************
***                                                                     ***
***                Computing Initial Guess Wavefunction                 ***
***                                                                     ***
***************************************************************************
                                                                           
                                                                           
~~~~~~~~~~~~~~~~~~~~~~~~~~~~~~~~~~~~~~~~~~~~~~~~~~~~~~~~~~~~~~~~~~~~~~~~~~~
 Calculation             : Compute initial orbitals
 Method                  : Diagonalize SAD Hamiltonian
 Precision               : 1.00000e-03
 Screening               : 1.20000e+01 StdDev
 Restricted              : False
 Functional              : LDA (SVWN5)
 XC Library              : LibXC
 AO basis                : 3-21G
~~~~~~~~~~~~~~~~~~~~~~~~~~~~~~~~~~~~~~~~~~~~~~~~~~~~~~~~~~~~~~~~~~~~~~~~~~~


===========================================================================
                            Molecular Orbitals
---------------------------------------------------------------------------
 Alpha electrons         :                                          17.000
 Beta electrons          :                                          15.000
 Total electrons         :                                          32.000
---------------------------------------------------------------------------
    n     Occ Spin       :                                            Norm
---------------------------------------------------------------------------
    0    1.00    a       :                              9.999998606191e-01
    1    1.00    a       :                              9.999999407405e-01
    2    1.00    a       :                              9.999932987964e-01
    3    1.00    a       :                              9.999976977852e-01
    4    1.00    a       :                              9.999960320952e-01
    5    1.00    a       :                              9.999989553049e-01
    6    1.00    a       :                              9.999944711142e-01
    7    1.00    a       :                              9.999930315181e-01
    8    1.00    a       :                              9.999978828945e-01
    9    1.00    a       :                              9.999982236599e-01
   10    1.00    a       :                              9.999999393707e-01
   11    1.00    a       :                              9.999997757397e-01
   12    1.00    a       :                              9.999999331094e-01
   13    1.00    a       :                              9.999998984879e-01
   14    1.00    a       :                              9.999999872865e-01
   15    1.00    a       :                              9.999999707231e-01
   16    1.00    a       :                              9.999999683821e-01
   17    1.00    b       :                              9.999998606191e-01
   18    1.00    b       :                              9.999999407405e-01
   19    1.00    b       :                              9.999932987964e-01
   20    1.00    b       :                              9.999976977852e-01
   21    1.00    b       :                              9.999960320952e-01
   22    1.00    b       :                              9.999989553049e-01
   23    1.00    b       :                              9.999944711142e-01
   24    1.00    b       :                              9.999930315181e-01
   25    1.00    b       :                              9.999978828945e-01
   26    1.00    b       :                              9.999982236599e-01
   27    1.00    b       :                              9.999999393707e-01
   28    1.00    b       :                              9.999997757397e-01
   29    1.00    b       :                              9.999999331094e-01
   30    1.00    b       :                              9.999998984879e-01
   31    1.00    b       :                              9.999999872865e-01
===========================================================================


~~~~~~~~~~~~~~~~~~~~~~~~~~~~~~~~~~~~~~~~~~~~~~~~~~~~~~~~~~~~~~~~~~~~~~~~~~~
 Calculation             : Compute initial energy
 Method                  : DFT
 XC Library              : LibXC
 Relativity              : None
 Environment             : None
 External fields         : None
 Precision               : 1.00000e-03
 Density cutoff          : 0.00000e+00
 Localization            : Off
~~~~~~~~~~~~~~~~~~~~~~~~~~~~~~~~~~~~~~~~~~~~~~~~~~~~~~~~~~~~~~~~~~~~~~~~~~~


===========================================================================
                        Molecular Energy (initial)
---------------------------------------------------------------------------
 Kinetic energy          :            (au)                794.755004287609
 E-N energy              :            (au)              -2029.731979832492
 Coulomb energy          :            (au)                421.838565200348
 Exchange energy         :            (au)                  0.000000000000
 X-C energy              :            (au)                 -1.325392541466
 N-N energy              :            (au)                 66.881536865714
 Non-local pp energy     :            (au)                  0.000000000000
---------------------------------------------------------------------------
 Electronic energy       :            (au)               -814.463802886001
 Nuclear energy          :            (au)                 66.881536865714
---------------------------------------------------------------------------
 Total energy            :            (au)             -7.475822660203e+02
                         :      (kcal/mol)             -4.691149545693e+05
                         :        (kJ/mol)             -1.962776969918e+06
                         :            (eV)             -2.034274979133e+04
===========================================================================


===========================================================================
                        Orbital Energies (initial)
---------------------------------------------------------------------------
    n     Occ Spin       :                                         Epsilon
---------------------------------------------------------------------------
    0    1.00    a       :            (au)                -93.168914306810
    1    1.00    a       :            (au)                -69.965880045027
    2    1.00    a       :            (au)                 -6.941570331885
    3    1.00    a       :            (au)                 -4.763047075044
    4    1.00    a       :            (au)                 -4.756088805164
    5    1.00    a       :            (au)                 -4.755565512175
    6    1.00    a       :            (au)                 -4.530361370030
    7    1.00    a       :            (au)                 -2.770647403884
    8    1.00    a       :            (au)                 -2.770243158095
    9    1.00    a       :            (au)                 -2.768445680468
   10    1.00    a       :            (au)                 -0.205704314078
   11    1.00    a       :            (au)                  0.023448842698
   12    1.00    a       :            (au)                  0.138246048478
   13    1.00    a       :            (au)                  0.139162271594
   14    1.00    a       :            (au)                  0.195736489827
   15    1.00    a       :            (au)                  0.307308226857
   16    1.00    a       :            (au)                  0.312215449211
   17    1.00    b       :            (au)                -93.168946398539
   18    1.00    b       :            (au)                -69.966132840986
   19    1.00    b       :            (au)                 -6.941765839930
   20    1.00    b       :            (au)                 -4.763195655620
   21    1.00    b       :            (au)                 -4.754212297755
   22    1.00    b       :            (au)                 -4.753257834759
   23    1.00    b       :            (au)                 -4.531502189682
   24    1.00    b       :            (au)                 -2.769130549462
   25    1.00    b       :            (au)                 -2.755876518446
   26    1.00    b       :            (au)                 -2.755091011579
   27    1.00    b       :            (au)                 -0.211798426091
   28    1.00    b       :            (au)                  0.013587997879
   29    1.00    b       :            (au)                  0.190498889179
   30    1.00    b       :            (au)                  0.199800940770
   31    1.00    b       :            (au)                  0.213271269772
---------------------------------------------------------------------------
 Sum occupied            :            (au)               -393.034101139245
===========================================================================


                                                                           
***************************************************************************
***                                                                     ***
***                 Computing Ground State Wavefunction                 ***
***                                                                     ***
***************************************************************************
                                                                           
                                                                           
~~~~~~~~~~~~~~~~~~~~~~~~~~~~~~~~~~~~~~~~~~~~~~~~~~~~~~~~~~~~~~~~~~~~~~~~~~~
 Calculation             : Optimize ground state orbitals
 Method                  : DFT
 XC library              : LibXC
 Relativity              : None
 Environment             : None
 External fields         : None
 Checkpointing           : Off
 Max iterations          : 100
 KAIN solver             : 5
 Localization            : Off
 Diagonalization         : First two iterations
 Start precision         : 5.00000e-08
 Final precision         : 5.00000e-08
 Helmholtz precision     : Dynamic
 Energy threshold        : 5.00000e-09
 Orbital threshold       : 7.00000e-05
~~~~~~~~~~~~~~~~~~~~~~~~~~~~~~~~~~~~~~~~~~~~~~~~~~~~~~~~~~~~~~~~~~~~~~~~~~~


===========================================================================
 Iter           MO residual             Total energy                Update
---------------------------------------------------------------------------
    0          5.656854e+00        -747.582266020286         -7.475823e+02
    1          6.741064e-01        -752.489031780419         -4.906766e+00
    2          2.983670e-01        -752.625319459664         -1.362877e-01
    3          2.056227e-01        -752.637035020921         -1.171556e-02
    4          1.163239e-01        -752.648554567868         -1.151955e-02
    5          1.640008e-01        -752.658089241707         -9.534674e-03
    6          7.168189e-02        -752.659776115294         -1.686874e-03
    7          5.719353e-02        -752.660726840408         -9.507251e-04
    8          5.947835e-02        -752.661311679038         -5.848386e-04
    9          3.596749e-02        -752.661526712329         -2.150333e-04
   10          2.687546e-02        -752.661740429507         -2.137172e-04
   11          3.044755e-02        -752.661834131289         -9.370178e-05
   12          1.661913e-02        -752.661884190558         -5.005927e-05
   13          1.885354e-02        -752.661950613286         -6.642273e-05
   14          1.599625e-02        -752.661988319553         -3.770627e-05
   15          1.381863e-02        -752.662019501571         -3.118202e-05
   16          1.837331e-02        -752.662056877948         -3.737638e-05
   17          7.881600e-03        -752.662069940079         -1.306213e-05
   18          9.192903e-03        -752.662083145372         -1.320529e-05
   19          1.185349e-02        -752.662097471174         -1.432580e-05
   20          3.324851e-02        -752.662056946363          4.052481e-05
   21          1.357934e-02        -752.662079055364         -2.210900e-05
   22          1.207194e-02        -752.662091747763         -1.269240e-05
   23          2.827524e-01        -752.660449285334          1.642462e-03
   24          3.254642e-01        -752.662009624099         -1.560339e-03
   25          5.624715e-02        -752.662082175823         -7.255172e-05
   26          6.887868e-03        -752.662084429562         -2.253739e-06
   27          4.018814e-03        -752.662085978146         -1.548584e-06
   28          1.908366e-02        -752.662089483525         -3.505379e-06
   29          7.604705e-02        -752.661969514640          1.199689e-04
   30          1.138814e-01        -752.662077372180         -1.078575e-04
   31          5.593737e-02        -752.662013346198          6.402598e-05
   32          9.450096e-02        -752.661824553742          1.887925e-04
   33          1.364583e-01        -752.662067168590         -2.426148e-04
   34          5.056068e-02        -752.662090152874         -2.298428e-05
   35          4.282709e-02        -752.662054841847          3.531103e-05
   36          9.381539e-02        -752.662067582644         -1.274080e-05
   37          1.842119e-03        -752.662069059134         -1.476490e-06
   38          1.074263e-02        -752.662068949786          1.093475e-07
   39          6.546712e-03        -752.662069750545         -8.007585e-07
   40          5.085088e-03        -752.662076080275         -6.329730e-06
   41          3.377608e-02        -752.662091892466         -1.581219e-05
   42          2.791196e-02        -752.662072329467          1.956300e-05
   43          4.669748e-02        -752.662084505434         -1.217597e-05
   44          1.920311e-02        -752.662091027580         -6.522146e-06
   45          1.648793e-02        -752.662096106655         -5.079075e-06
   46          3.100309e-02        -752.662087987223          8.119432e-06
   47          6.530134e-03        -752.662094041582         -6.054360e-06
   48          1.655815e-01        -752.661577089962          5.169516e-04
   49          1.890447e-01        -752.662073250943         -4.961610e-04
   50          5.233697e-02        -752.662082039348         -8.788405e-06
   51          1.678400e-02        -752.662099359523         -1.732018e-05
   52          9.412817e-02        -752.662009903931          8.945559e-05
   53          1.056407e-01        -752.662090201886         -8.029796e-05
   54          2.070092e-02        -752.662110818407         -2.061652e-05
   55          1.289518e-02        -752.662100689261          1.012915e-05
   56          2.331359e-02        -752.662070069529          3.061973e-05
   57          7.050891e-02        -752.662099521916         -2.945239e-05
   58          3.931261e-02        -752.662105597082         -6.075167e-06
   59          1.357006e-02        -752.662117625452         -1.202837e-05
   60          3.193004e-02        -752.661999220112          1.184053e-04
   61          2.718063e-02        -752.662104943746         -1.057236e-04
   62          3.548270e-02        -752.662078449568          2.649418e-05
   63          3.743978e-02        -752.662106356767         -2.790720e-05
   64          6.938989e-02        -752.662107426645         -1.069878e-06
   65          6.775428e-02        -752.662107791695         -3.650501e-07
   66          4.789672e-03        -752.662108842588         -1.050892e-06
   67          1.416004e-01        -752.661906750331          2.020923e-04
   68          1.849301e-01        -752.662121481046         -2.147307e-04
   69          3.656252e-01        -752.660620966908          1.500514e-03
   70          2.871184e-01        -752.662086836519         -1.465870e-03
   71          7.640156e-03        -752.662083023541          3.812978e-06
   72          2.102486e-03        -752.662088146059         -5.122518e-06
   73          1.436453e-02        -752.662093202620         -5.056561e-06
   74          1.399916e-02        -752.662086144991          7.057630e-06
   75          2.649732e-02        -752.662074830321          1.131467e-05
   76          2.793049e-02        -752.662092435502         -1.760518e-05
   77          1.213223e-02        -752.662097477472         -5.041970e-06
   78          6.261321e-02        -752.662135661298         -3.818383e-05
   79          8.179494e-02        -752.662081119557          5.454174e-05
   80          1.387958e-02        -752.662068685464          1.243409e-05
   81          7.006286e-01        -752.645875522092          1.619316e-02
   82          7.064405e-01        -752.595097701734          5.077782e-02
   83          9.436118e-01        -752.662061305064         -6.696360e-02
   84          4.819100e-02        -752.662102946887         -4.164182e-05
   85          6.706148e-01        -752.647755960218          1.434699e-02
   86          8.302621e-01        -752.661646494121         -1.389053e-02
   87          2.561148e-01        -752.662120361401         -4.738673e-04
   88          3.104062e-01        -752.661314053985          8.063074e-04
   89          2.845263e-01        -752.662103791024         -7.897370e-04
   90          1.027655e-03        -752.662104794887         -1.003863e-06
   91          1.181663e-03        -752.662106156167         -1.361280e-06
   92          2.809926e-02        -752.662123042589         -1.688642e-05
   93          3.280482e-02        -752.662100570974          2.247161e-05
   94          3.791687e-01        -752.660058663578          2.041907e-03
   95          3.294489e-01        -752.662054487049         -1.995823e-03
   96          1.276784e-01        -752.662131507530         -7.702048e-05
   97          9.490251e-02        -752.662095882175          3.562536e-05
   98          1.338117e-02        -752.662109669501         -1.378733e-05
   99          4.849114e-02        -752.662141010021         -3.134052e-05
  100          3.796832e-02        -752.662119663464          2.134656e-05
---------------------------------------------------------------------------
                        SCF did NOT converge!!!
===========================================================================


                                                                           
***************************************************************************
***                                                                     ***
***                    Printing Molecular Properties                    ***
***                                                                     ***
***************************************************************************
                                                                           
                                                                           
===========================================================================
                                 Molecule
---------------------------------------------------------------------------
 Charge                  :                                               0
 Multiplicity            :                                               3
---------------------------------------------------------------------------
    N    Atom            :               x               y               z
---------------------------------------------------------------------------
    0       P            :        0.000000        0.000000       -1.906356
    1      Cl            :        0.000000        0.000000        1.906356
---------------------------------------------------------------------------
 Center of mass          :        0.000000        0.000000        0.128544
===========================================================================


===========================================================================
                         Molecular Energy (final)
---------------------------------------------------------------------------
 Kinetic energy          :            (au)                752.278443957617
 E-N energy              :            (au)              -1968.588411889162
 Coulomb energy          :            (au)                398.049403726897
 Exchange energy         :            (au)                  0.000000000000
 X-C energy              :            (au)                 -1.283092324530
 N-N energy              :            (au)                 66.881536865714
 Non-local pp energy     :            (au)                  0.000000000000
---------------------------------------------------------------------------
 Electronic energy       :            (au)               -819.543656529178
 Nuclear energy          :            (au)                 66.881536865714
---------------------------------------------------------------------------
 Total energy            :            (au)             -7.526621196635e+02
                         :      (kcal/mol)             -4.723026108572e+05
                         :        (kJ/mol)             -1.976114123827e+06
                         :            (eV)             -2.048097965089e+04
===========================================================================


===========================================================================
                         Orbital Energies (final)
---------------------------------------------------------------------------
    n     Occ Spin       :                                         Epsilon
---------------------------------------------------------------------------
    0    1.00    a       :            (au)                -95.775559314263
    1    1.00    a       :            (au)                -72.058419464718
    2    1.00    a       :            (au)                 -8.055426302493
    3    1.00    a       :            (au)                 -5.893045682699
    4    1.00    a       :            (au)                 -5.889168679603
    5    1.00    a       :            (au)                 -5.889152343525
    6    1.00    a       :            (au)                 -5.325242423153
    7    1.00    a       :            (au)                 -3.584842985868
    8    1.00    a       :            (au)                 -3.582784756487
    9    1.00    a       :            (au)                 -3.582742429001
   10    1.00    a       :            (au)                 -0.560960678063
   11    1.00    a       :            (au)                 -0.301763419619
   12    1.00    a       :            (au)                 -0.149513577410
   13    1.00    a       :            (au)                 -0.149460032737
   14    1.00    a       :            (au)                 -0.137731113873
   15    1.00    a       :            (au)                  0.000531016780
   16    1.00    a       :            (au)                  0.000635728541
   17    1.00    b       :            (au)                -95.775632344292
   18    1.00    b       :            (au)                -72.058564249070
   19    1.00    b       :            (au)                 -8.055687416275
   20    1.00    b       :            (au)                 -5.893228948438
   21    1.00    b       :            (au)                 -5.889517670732
   22    1.00    b       :            (au)                 -5.889501884646
   23    1.00    b       :            (au)                 -5.325775352161
   24    1.00    b       :            (au)                 -3.585234558980
   25    1.00    b       :            (au)                 -3.583567382357
   26    1.00    b       :            (au)                 -3.583527328925
   27    1.00    b       :            (au)                 -0.564040056861
   28    1.00    b       :            (au)                 -0.309017692610
   29    1.00    b       :            (au)                 -0.153936379486
   30    1.00    b       :            (au)                 -0.153891353550
   31    1.00    b       :            (au)                 -0.143948241491
---------------------------------------------------------------------------
 Sum occupied            :            (au)               -421.899717318063
===========================================================================


===========================================================================
                             Orbital Positions
---------------------------------------------------------------------------
  Index       Occ        :               x               y               z
---------------------------------------------------------------------------
      0      1.00        :       -0.000000       -0.000001        1.906352
      1      1.00        :       -0.000000       -0.000001       -1.906350
      2      1.00        :       -0.000001       -0.000037        1.904555
      3      1.00        :        0.000002        0.000075        1.907480
      4      1.00        :        0.000000       -0.000000        1.906051
      5      1.00        :        0.000000        0.000005        1.906051
      6      1.00        :       -0.000003       -0.000115       -1.903583
      7      1.00        :        0.000000        0.000003       -1.906892
      8      1.00        :        0.000004        0.000148       -1.905492
      9      1.00        :       -0.000000        0.000000       -1.905495
     10      1.00        :       -0.000098       -0.003671        1.166715
     11      1.00        :       -0.000195       -0.007362       -0.184533
     12      1.00        :        0.009235        0.353605        0.056036
     13      1.00        :        0.000184       -0.000020        0.971323
     14      1.00        :       -0.009539       -0.358105        0.421945
     15      1.00        :       -0.000064       -0.000140       -1.311446
     16      1.00        :        0.000577        0.019891       -1.322870
     17      1.00        :       -0.000000       -0.000000        1.906352
     18      1.00        :       -0.000000       -0.000000       -1.906349
     19      1.00        :       -0.000002       -0.000085        1.904557
     20      1.00        :        0.000003        0.000104        1.907491
     21      1.00        :       -0.000000       -0.000000        1.905997
     22      1.00        :        0.000000        0.000001        1.905976
     23      1.00        :       -0.000006       -0.000226       -1.903600
     24      1.00        :        0.000001        0.000001       -1.906895
     25      1.00        :        0.000012        0.000414       -1.905428
     26      1.00        :       -0.000001        0.000000       -1.905537
     27      1.00        :       -0.000094       -0.003519        1.146016
     28      1.00        :       -0.000010       -0.000360       -0.280633
     29      1.00        :        0.002806        0.105718       -0.339424
     30      1.00        :       -0.000002       -0.000009        1.113016
     31      1.00        :       -0.002707       -0.102056        1.075892
===========================================================================


===========================================================================
                           Dipole Moment (dip-1)
---------------------------------------------------------------------------
 r_O                     :        0.000000        0.000000        0.000000
---------------------------------------------------------------------------
 Electronic vector       :             N/A             N/A             N/A
 Magnitude               :            (au)                             N/A
                         :         (Debye)                             N/A
---------------------------------------------------------------------------
 Nuclear vector          :             N/A             N/A             N/A
 Magnitude               :            (au)                             N/A
                         :         (Debye)                             N/A
---------------------------------------------------------------------------
 Total vector            :             N/A             N/A             N/A
 Magnitude               :            (au)                             N/A
                         :         (Debye)                             N/A
===========================================================================


===========================================================================
                        Quadrupole Moment (quad-1)
---------------------------------------------------------------------------
 r_O                     :        0.000000        0.000000        0.000000
---------------------------------------------------------------------------
 Electronic tensor       :             N/A
                         :             N/A
                         :             N/A
---------------------------------------------------------------------------
 Nuclear tensor          :             N/A
                         :             N/A
                         :             N/A
---------------------------------------------------------------------------
 Total tensor            :             N/A
                         :             N/A
                         :             N/A
===========================================================================


                                                                           
                                                                           
***************************************************************************
***                                                                     ***
***                            Exiting MRChem                           ***
***                                                                     ***
***                       Wall time :  8h 38m 18s                       ***
***                                                                     ***
***************************************************************************
                                                                           
                                                                           
