WARNING: MPI rank 11 will use 16 but only 0 procs are accessible
WARNING: MPI rank 46 will use 16 but only 0 procs are accessible
WARNING: MPI rank 81 will use 16 but only 0 procs are accessible
WARNING: MPI rank 1 will use 16 but only 0 procs are accessible
WARNING: MPI rank 5 will use 16 but only 0 procs are accessible
WARNING: MPI rank 13 will use 16 but only 0 procs are accessible
WARNING: MPI rank 22 will use 16 but only 0 procs are accessible
WARNING: MPI rank 27 will use 16 but only 0 procs are accessible
WARNING: MPI rank 80 will use 16 but only 0 procs are accessible
WARNING: MPI rank 191 will use 16 but only 0 procs are accessible
WARNING: MPI rank 225 will use 16 but only 0 procs are accessible
WARNING: MPI rank 209 will use 16 but only 0 procs are accessible
WARNING: MPI rank 68 will use 16 but only 0 procs are accessible
WARNING: MPI rank 103 will use 16 but only 0 procs are accessible
WARNING: MPI rank 205 will use 16 but only 0 procs are accessible
Warning: recommended number of threads is 0
setting number of threads to omp_threads, 16
WARNING: MPI rank 0 will use 16 but only 0 procs are accessible
WARNING: MPI rank 4 will use 16 but only 0 procs are accessible
WARNING: MPI rank 25 will use 16 but only 0 procs are accessible
WARNING: MPI rank 32 will use 16 but only 0 procs are accessible
WARNING: MPI rank 33 will use 16 but only 0 procs are accessible
WARNING: MPI rank 35 will use 16 but only 0 procs are accessible
WARNING: MPI rank 42 will use 16 but only 0 procs are accessible
WARNING: MPI rank 44 will use 16 but only 0 procs are accessible
WARNING: MPI rank 47 will use 16 but only 0 procs are accessible
WARNING: MPI rank 50 will use 16 but only 0 procs are accessible
WARNING: MPI rank 60 will use 16 but only 0 procs are accessible
WARNING: MPI rank 66 will use 16 but only 0 procs are accessible
WARNING: MPI rank 82 will use 16 but only 0 procs are accessible
WARNING: MPI rank 84 will use 16 but only 0 procs are accessible
WARNING: MPI rank 87 will use 16 but only 0 procs are accessible
WARNING: MPI rank 88 will use 16 but only 0 procs are accessible
WARNING: MPI rank 95 will use 16 but only 0 procs are accessible
WARNING: MPI rank 128 will use 16 but only 0 procs are accessible
WARNING: MPI rank 129 will use 16 but only 0 procs are accessible
WARNING: MPI rank 132 will use 16 but only 0 procs are accessible
WARNING: MPI rank 138 will use 16 but only 0 procs are accessible
WARNING: MPI rank 140 will use 16 but only 0 procs are accessible
WARNING: MPI rank 142 will use 16 but only 0 procs are accessible
WARNING: MPI rank 145 will use 16 but only 0 procs are accessible
WARNING: MPI rank 152 will use 16 but only 0 procs are accessible
WARNING: MPI rank 154 will use 16 but only 0 procs are accessible
WARNING: MPI rank 156 will use 16 but only 0 procs are accessible
WARNING: MPI rank 163 will use 16 but only 0 procs are accessible
WARNING: MPI rank 165 will use 16 but only 0 procs are accessible
WARNING: MPI rank 177 will use 16 but only 0 procs are accessible
WARNING: MPI rank 233 will use 16 but only 0 procs are accessible
WARNING: MPI rank 238 will use 16 but only 0 procs are accessible
WARNING: MPI rank 240 will use 16 but only 0 procs are accessible
WARNING: MPI rank 255 will use 16 but only 0 procs are accessible
WARNING: MPI rank 2 will use 16 but only 0 procs are accessible
WARNING: MPI rank 3 will use 16 but only 0 procs are accessible
WARNING: MPI rank 6 will use 16 but only 0 procs are accessible
WARNING: MPI rank 7 will use 16 but only 0 procs are accessible
WARNING: MPI rank 8 will use 16 but only 0 procs are accessible
WARNING: MPI rank 9 will use 16 but only 0 procs are accessible
WARNING: MPI rank 10 will use 16 but only 0 procs are accessible
WARNING: MPI rank 12 will use 16 but only 0 procs are accessible
WARNING: MPI rank 14 will use 16 but only 0 procs are accessible
WARNING: MPI rank 15 will use 16 but only 0 procs are accessible
WARNING: MPI rank 16 will use 16 but only 0 procs are accessible
WARNING: MPI rank 17 will use 16 but only 0 procs are accessible
WARNING: MPI rank 19 will use 16 but only 0 procs are accessible
WARNING: MPI rank 20 will use 16 but only 0 procs are accessible
WARNING: MPI rank 21 will use 16 but only 0 procs are accessible
WARNING: MPI rank 24 will use 16 but only 0 procs are accessible
WARNING: MPI rank 26 will use 16 but only 0 procs are accessible
WARNING: MPI rank 28 will use 16 but only 0 procs are accessible
WARNING: MPI rank 29 will use 16 but only 0 procs are accessible
WARNING: MPI rank 30 will use 16 but only 0 procs are accessible
WARNING: MPI rank 31 will use 16 but only 0 procs are accessible
WARNING: MPI rank 34 will use 16 but only 0 procs are accessible
WARNING: MPI rank 37 will use 16 but only 0 procs are accessible
WARNING: MPI rank 38 will use 16 but only 0 procs are accessible
WARNING: MPI rank 39 will use 16 but only 0 procs are accessible
WARNING: MPI rank 40 will use 16 but only 0 procs are accessible
WARNING: MPI rank 41 will use 16 but only 0 procs are accessible
WARNING: MPI rank 43 will use 16 but only 0 procs are accessible
WARNING: MPI rank 45 will use 16 but only 0 procs are accessible
WARNING: MPI rank 48 will use 16 but only 0 procs are accessible
WARNING: MPI rank 49 will use 16 but only 0 procs are accessible
WARNING: MPI rank 51 will use 16 but only 0 procs are accessible
WARNING: MPI rank 52 will use 16 but only 0 procs are accessible
WARNING: MPI rank 53 will use 16 but only 0 procs are accessible
WARNING: MPI rank 54 will use 16 but only 0 procs are accessible
WARNING: MPI rank 55 will use 16 but only 0 procs are accessible
WARNING: MPI rank 56 will use 16 but only 0 procs are accessible
WARNING: MPI rank 57 will use 16 but only 0 procs are accessible
WARNING: MPI rank 58 will use 16 but only 0 procs are accessible
WARNING: MPI rank 59 will use 16 but only 0 procs are accessible
WARNING: MPI rank 61 will use 16 but only 0 procs are accessible
WARNING: MPI rank 62 will use 16 but only 0 procs are accessible
WARNING: MPI rank 63 will use 16 but only 0 procs are accessible
WARNING: MPI rank 64 will use 16 but only 0 procs are accessible
WARNING: MPI rank 65 will use 16 but only 0 procs are accessible
WARNING: MPI rank 67 will use 16 but only 0 procs are accessible
WARNING: MPI rank 69 will use 16 but only 0 procs are accessible
WARNING: MPI rank 70 will use 16 but only 0 procs are accessible
WARNING: MPI rank 71 will use 16 but only 0 procs are accessible
WARNING: MPI rank 72 will use 16 but only 0 procs are accessible
WARNING: MPI rank 73 will use 16 but only 0 procs are accessible
WARNING: MPI rank 74 will use 16 but only 0 procs are accessible
WARNING: MPI rank 75 will use 16 but only 0 procs are accessible
WARNING: MPI rank 76 will use 16 but only 0 procs are accessible
WARNING: MPI rank 77 will use 16 but only 0 procs are accessible
WARNING: MPI rank 78 will use 16 but only 0 procs are accessible
WARNING: MPI rank 79 will use 16 but only 0 procs are accessible
WARNING: MPI rank 83 will use 16 but only 0 procs are accessible
WARNING: MPI rank 85 will use 16 but only 0 procs are accessible
WARNING: MPI rank 86 will use 16 but only 0 procs are accessible
WARNING: MPI rank 89 will use 16 but only 0 procs are accessible
WARNING: MPI rank 90 will use 16 but only 0 procs are accessible
WARNING: MPI rank 91 will use 16 but only 0 procs are accessible
WARNING: MPI rank 92 will use 16 but only 0 procs are accessible
WARNING: MPI rank 93 will use 16 but only 0 procs are accessible
WARNING: MPI rank 94 will use 16 but only 0 procs are accessible
WARNING: MPI rank 96 will use 16 but only 0 procs are accessible
WARNING: MPI rank 97 will use 16 but only 0 procs are accessible
WARNING: MPI rank 98 will use 16 but only 0 procs are accessible
WARNING: MPI rank 99 will use 16 but only 0 procs are accessible
WARNING: MPI rank 100 will use 16 but only 0 procs are accessible
WARNING: MPI rank 101 will use 16 but only 0 procs are accessible
WARNING: MPI rank 102 will use 16 but only 0 procs are accessible
WARNING: MPI rank 104 will use 16 but only 0 procs are accessible
WARNING: MPI rank 105 will use 16 but only 0 procs are accessible
WARNING: MPI rank 106 will use 16 but only 0 procs are accessible
WARNING: MPI rank 107 will use 16 but only 0 procs are accessible
WARNING: MPI rank 108 will use 16 but only 0 procs are accessible
WARNING: MPI rank 109 will use 16 but only 0 procs are accessible
WARNING: MPI rank 110 will use 16 but only 0 procs are accessible
WARNING: MPI rank 111 will use 16 but only 0 procs are accessible
WARNING: MPI rank 112 will use 16 but only 0 procs are accessible
WARNING: MPI rank 113 will use 16 but only 0 procs are accessible
WARNING: MPI rank 114 will use 16 but only 0 procs are accessible
WARNING: MPI rank 115 will use 16 but only 0 procs are accessible
WARNING: MPI rank 116 will use 16 but only 0 procs are accessible
WARNING: MPI rank 117 will use 16 but only 0 procs are accessible
WARNING: MPI rank 118 will use 16 but only 0 procs are accessible
WARNING: MPI rank 119 will use 16 but only 0 procs are accessible
WARNING: MPI rank 120 will use 16 but only 0 procs are accessible
WARNING: MPI rank 121 will use 16 but only 0 procs are accessible
WARNING: MPI rank 122 will use 16 but only 0 procs are accessible
WARNING: MPI rank 123 will use 16 but only 0 procs are accessible
WARNING: MPI rank 124 will use 16 but only 0 procs are accessible
WARNING: MPI rank 125 will use 16 but only 0 procs are accessible
WARNING: MPI rank 126 will use 16 but only 0 procs are accessible
WARNING: MPI rank 127 will use 16 but only 0 procs are accessible
WARNING: MPI rank 130 will use 16 but only 0 procs are accessible
WARNING: MPI rank 131 will use 16 but only 0 procs are accessible
WARNING: MPI rank 133 will use 16 but only 0 procs are accessible
WARNING: MPI rank 134 will use 16 but only 0 procs are accessible
WARNING: MPI rank 135 will use 16 but only 0 procs are accessible
WARNING: MPI rank 136 will use 16 but only 0 procs are accessible
WARNING: MPI rank 137 will use 16 but only 0 procs are accessible
WARNING: MPI rank 139 will use 16 but only 0 procs are accessible
WARNING: MPI rank 141 will use 16 but only 0 procs are accessible
WARNING: MPI rank 143 will use 16 but only 0 procs are accessible
WARNING: MPI rank 144 will use 16 but only 0 procs are accessible
WARNING: MPI rank 146 will use 16 but only 0 procs are accessible
WARNING: MPI rank 147 will use 16 but only 0 procs are accessible
WARNING: MPI rank 148 will use 16 but only 0 procs are accessible
WARNING: MPI rank 149 will use 16 but only 0 procs are accessible
WARNING: MPI rank 150 will use 16 but only 0 procs are accessible
WARNING: MPI rank 151 will use 16 but only 0 procs are accessible
WARNING: MPI rank 153 will use 16 but only 0 procs are accessible
WARNING: MPI rank 155 will use 16 but only 0 procs are accessible
WARNING: MPI rank 157 will use 16 but only 0 procs are accessible
WARNING: MPI rank 158 will use 16 but only 0 procs are accessible
WARNING: MPI rank 159 will use 16 but only 0 procs are accessible
WARNING: MPI rank 160 will use 16 but only 0 procs are accessible
WARNING: MPI rank 161 will use 16 but only 0 procs are accessible
WARNING: MPI rank 162 will use 16 but only 0 procs are accessible
WARNING: MPI rank 164 will use 16 but only 0 procs are accessible
WARNING: MPI rank 166 will use 16 but only 0 procs are accessible
WARNING: MPI rank 167 will use 16 but only 0 procs are accessible
WARNING: MPI rank 168 will use 16 but only 0 procs are accessible
WARNING: MPI rank 169 will use 16 but only 0 procs are accessible
WARNING: MPI rank 170 will use 16 but only 0 procs are accessible
WARNING: MPI rank 171 will use 16 but only 0 procs are accessible
WARNING: MPI rank 172 will use 16 but only 0 procs are accessible
WARNING: MPI rank 173 will use 16 but only 0 procs are accessible
WARNING: MPI rank 174 will use 16 but only 0 procs are accessible
WARNING: MPI rank 175 will use 16 but only 0 procs are accessible
WARNING: MPI rank 176 will use 16 but only 0 procs are accessible
WARNING: MPI rank 178 will use 16 but only 0 procs are accessible
WARNING: MPI rank 179 will use 16 but only 0 procs are accessible
WARNING: MPI rank 180 will use 16 but only 0 procs are accessible
WARNING: MPI rank 181 will use 16 but only 0 procs are accessible
WARNING: MPI rank 182 will use 16 but only 0 procs are accessible
WARNING: MPI rank 183 will use 16 but only 0 procs are accessible
WARNING: MPI rank 184 will use 16 but only 0 procs are accessible
WARNING: MPI rank 185 will use 16 but only 0 procs are accessible
WARNING: MPI rank 186 will use 16 but only 0 procs are accessible
WARNING: MPI rank 187 will use 16 but only 0 procs are accessible
WARNING: MPI rank 188 will use 16 but only 0 procs are accessible
WARNING: MPI rank 189 will use 16 but only 0 procs are accessible
WARNING: MPI rank 190 will use 16 but only 0 procs are accessible
WARNING: MPI rank 192 will use 16 but only 0 procs are accessible
WARNING: MPI rank 193 will use 16 but only 0 procs are accessible
WARNING: MPI rank 194 will use 16 but only 0 procs are accessible
WARNING: MPI rank 195 will use 16 but only 0 procs are accessible
WARNING: MPI rank 196 will use 16 but only 0 procs are accessible
WARNING: MPI rank 197 will use 16 but only 0 procs are accessible
WARNING: MPI rank 198 will use 16 but only 0 procs are accessible
WARNING: MPI rank 199 will use 16 but only 0 procs are accessible
WARNING: MPI rank 200 will use 16 but only 0 procs are accessible
WARNING: MPI rank 201 will use 16 but only 0 procs are accessible
WARNING: MPI rank 202 will use 16 but only 0 procs are accessible
WARNING: MPI rank 203 will use 16 but only 0 procs are accessible
WARNING: MPI rank 204 will use 16 but only 0 procs are accessible
WARNING: MPI rank 206 will use 16 but only 0 procs are accessible
WARNING: MPI rank 207 will use 16 but only 0 procs are accessible
WARNING: MPI rank 208 will use 16 but only 0 procs are accessible
WARNING: MPI rank 210 will use 16 but only 0 procs are accessible
WARNING: MPI rank 211 will use 16 but only 0 procs are accessible
WARNING: MPI rank 212 will use 16 but only 0 procs are accessible
WARNING: MPI rank 213 will use 16 but only 0 procs are accessible
WARNING: MPI rank 214 will use 16 but only 0 procs are accessible
WARNING: MPI rank 215 will use 16 but only 0 procs are accessible
WARNING: MPI rank 216 will use 16 but only 0 procs are accessible
WARNING: MPI rank 217 will use 16 but only 0 procs are accessible
WARNING: MPI rank 218 will use 16 but only 0 procs are accessible
WARNING: MPI rank 219 will use 16 but only 0 procs are accessible
WARNING: MPI rank 220 will use 16 but only 0 procs are accessible
WARNING: MPI rank 221 will use 16 but only 0 procs are accessible
WARNING: MPI rank 222 will use 16 but only 0 procs are accessible
WARNING: MPI rank 223 will use 16 but only 0 procs are accessible
WARNING: MPI rank 224 will use 16 but only 0 procs are accessible
WARNING: MPI rank 226 will use 16 but only 0 procs are accessible
WARNING: MPI rank 228 will use 16 but only 0 procs are accessible
WARNING: MPI rank 229 will use 16 but only 0 procs are accessible
WARNING: MPI rank 230 will use 16 but only 0 procs are accessible
WARNING: MPI rank 231 will use 16 but only 0 procs are accessible
WARNING: MPI rank 232 will use 16 but only 0 procs are accessible
WARNING: MPI rank 234 will use 16 but only 0 procs are accessible
WARNING: MPI rank 235 will use 16 but only 0 procs are accessible
WARNING: MPI rank 236 will use 16 but only 0 procs are accessible
WARNING: MPI rank 237 will use 16 but only 0 procs are accessible
WARNING: MPI rank 239 will use 16 but only 0 procs are accessible
WARNING: MPI rank 241 will use 16 but only 0 procs are accessible
WARNING: MPI rank 242 will use 16 but only 0 procs are accessible
WARNING: MPI rank 243 will use 16 but only 0 procs are accessible
WARNING: MPI rank 244 will use 16 but only 0 procs are accessible
WARNING: MPI rank 245 will use 16 but only 0 procs are accessible
WARNING: MPI rank 246 will use 16 but only 0 procs are accessible
WARNING: MPI rank 247 will use 16 but only 0 procs are accessible
WARNING: MPI rank 248 will use 16 but only 0 procs are accessible
WARNING: MPI rank 249 will use 16 but only 0 procs are accessible
WARNING: MPI rank 250 will use 16 but only 0 procs are accessible
WARNING: MPI rank 251 will use 16 but only 0 procs are accessible
WARNING: MPI rank 252 will use 16 but only 0 procs are accessible
WARNING: MPI rank 253 will use 16 but only 0 procs are accessible
WARNING: MPI rank 254 will use 16 but only 0 procs are accessible
WARNING: MPI rank 18 will use 16 but only 0 procs are accessible
WARNING: MPI rank 36 will use 16 but only 0 procs are accessible
WARNING: MPI rank 227 will use 16 but only 0 procs are accessible
                                                                           
                                                                           
***************************************************************************
***                                                                     ***
***                                                                     ***
***          __  __ ____   ____ _                                       ***
***         |  \/  |  _ \ / ___| |__   ___ _ __ ___                     ***
***         | |\/| | |_) | |   | '_ \ / _ \ '_ ` _ \                    ***
***         | |  | |  _ <| |___| | | |  __/ | | | | |                   ***
***         |_|  |_|_| \_\\____|_| |_|\___|_| |_| |_|                   ***
***                                                                     ***
***         VERSION            1.2.0-alpha                              ***
***                                                                     ***
***         Git branch         master                                   ***
***         Git commit hash    670e88e035fab95c2ca9                     ***
***         Git commit author  Ylva Os                                  ***
***         Git commit date    Mon May 4 13:33:19 2026 +0200            ***
***                                                                     ***
***         Contact: luca.frediani@uit.no                               ***
***                                                                     ***
***         Radovan Bast            Magnar Bjorgve                      ***
***         Roberto Di Remigio      Antoine Durdek                      ***
***         Luca Frediani           Gabriel Gerez                       ***
***         Stig Rune Jensen        Jonas Juselius                      ***
***         Rune Monstad            Peter Wind                          ***
***                                                                     ***
***************************************************************************

---------------------------------------------------------------------------

 MPI processes           :       (85 bank)                             256
 OpenMP threads          :                                              16
 Total cores             :                                            2821
                                                                           
---------------------------------------------------------------------------


---------------------------------------------------------------------------

 MRCPP version         : 1.6.0-alpha
 Git branch            : HEAD
 Git commit hash       : ad080014842f898e9529
 Git commit author     : Niklas Göllmann
 Git commit date       : Wed Mar 11 11:25:17 2026 +0100

 Linear algebra        : EIGEN v3.4.0
 Parallelization       : MPI/OpenMP (16 threads)

---------------------------------------------------------------------------


                                                                           
===========================================================================
                         MultiResolution Analysis
---------------------------------------------------------------------------
 polynomial order      : 9
 polynomial type       : Interpolating
---------------------------------------------------------------------------
 total boxes           : 8
 boxes                 : [          2           2           2 ]
 unit lengths          : [   64.00000    64.00000    64.00000 ]
 scaling factor        : [    1.00000     1.00000     1.00000 ]
 lower bounds          : [  -64.00000   -64.00000   -64.00000 ]
 upper bounds          : [   64.00000    64.00000    64.00000 ]
 total length          : [  128.00000   128.00000   128.00000 ]
===========================================================================


WARNING: MPI rank 23 will use 16 but only 0 procs are accessible
                                                                           
***************************************************************************
***                                                                     ***
***                        Initializing Molecule                        ***
***                                                                     ***
***************************************************************************
                                                                           
                                                                           
===========================================================================
                                 Molecule
---------------------------------------------------------------------------
 Charge                  :                                               0
 Multiplicity            :                                               3
---------------------------------------------------------------------------
    N    Atom            :               x               y               z
---------------------------------------------------------------------------
    0       P            :        0.000000        0.000000       -1.906356
    1      Cl            :        0.000000        0.000000        1.906356
---------------------------------------------------------------------------
 Center of mass          :        0.000000        0.000000        0.128544
===========================================================================


                                                                           
                                                                           
***************************************************************************
***                                                                     ***
***                           XC Functional                             ***
***                                                                     ***
***************************************************************************

Using Libxc (version 7.0.0) to evaluate density functionals. Libxc is free
software. It is distributed under the Mozilla Public License, version 2.0.
For more information, please check the Libxc manual. You should cite

S. Lehtola, C. Steigemann, M. J.T. Oliveira, and M. A.L. Marques., 
SoftwareX 7, 1–5 (2018) DOI: 10.1016/j.softx.2017.11.002

when reporting the results of your calculation in a scientific article.

Libxc functionals used in this calculation:
  - gga_c_pw91 (ID 134): Perdew & Wang 91
     * J. P. Perdew. In P. Ziesche and H. Eschrig, editors, Proceedings of
       the 75. WE-Heraeus-Seminar and 21st Annual International Symposium on
       Electronic Structure of Solids, 11. Berlin, 1991. Akademie Verlag., DOI:
     * J. P. Perdew, J. A. Chevary, S. H. Vosko, K. A. Jackson, M. R.
       Pederson, D. J. Singh, and C. Fiolhais.,  Phys. Rev. B 46, 6671 (1992),
       DOI:10.1103/PhysRevB.46.6671
     * J. P. Perdew, J. A. Chevary, S. H. Vosko, K. A. Jackson, M. R.
       Pederson, D. J. Singh, and C. Fiolhais.,  Phys. Rev. B 48, 4978 (1993),
       DOI:10.1103/PhysRevB.48.4978.2
                                                                           
***************************************************************************
***                                                                     ***
***                Computing Initial Guess Wavefunction                 ***
***                                                                     ***
***************************************************************************
                                                                           
                                                                           
~~~~~~~~~~~~~~~~~~~~~~~~~~~~~~~~~~~~~~~~~~~~~~~~~~~~~~~~~~~~~~~~~~~~~~~~~~~
 Calculation             : Compute initial orbitals
 Method                  : Diagonalize SAD Hamiltonian
 Precision               : 1.00000e-03
 Screening               : 1.20000e+01 StdDev
 Restricted              : False
 Functional              : LDA (SVWN5)
 XC Library              : LibXC
 AO basis                : 3-21G
~~~~~~~~~~~~~~~~~~~~~~~~~~~~~~~~~~~~~~~~~~~~~~~~~~~~~~~~~~~~~~~~~~~~~~~~~~~


===========================================================================
                            Molecular Orbitals
---------------------------------------------------------------------------
 Alpha electrons         :                                          17.000
 Beta electrons          :                                          15.000
 Total electrons         :                                          32.000
---------------------------------------------------------------------------
    n     Occ Spin       :                                            Norm
---------------------------------------------------------------------------
    0    1.00    a       :                              9.999998160373e-01
    1    1.00    a       :                              9.999998294180e-01
    2    1.00    a       :                              9.999895796464e-01
    3    1.00    a       :                              9.999949818937e-01
    4    1.00    a       :                              9.999913251668e-01
    5    1.00    a       :                              9.999976830800e-01
    6    1.00    a       :                              9.999862388392e-01
    7    1.00    a       :                              9.999759171842e-01
    8    1.00    a       :                              9.999917152356e-01
    9    1.00    a       :                              9.999928399226e-01
   10    1.00    a       :                              9.999999783867e-01
   11    1.00    a       :                              9.999999905110e-01
   12    1.00    a       :                              9.999999790819e-01
   13    1.00    a       :                              9.999999556874e-01
   14    1.00    a       :                              9.999999437126e-01
   15    1.00    a       :                              9.999996813847e-01
   16    1.00    a       :                              9.999999330912e-01
   17    1.00    b       :                              9.999998160373e-01
   18    1.00    b       :                              9.999998294180e-01
   19    1.00    b       :                              9.999895796464e-01
   20    1.00    b       :                              9.999949818937e-01
   21    1.00    b       :                              9.999913251668e-01
   22    1.00    b       :                              9.999976830800e-01
   23    1.00    b       :                              9.999862388392e-01
   24    1.00    b       :                              9.999759171842e-01
   25    1.00    b       :                              9.999917152356e-01
   26    1.00    b       :                              9.999928399226e-01
   27    1.00    b       :                              9.999999783867e-01
   28    1.00    b       :                              9.999999905110e-01
   29    1.00    b       :                              9.999999790819e-01
   30    1.00    b       :                              9.999999556874e-01
   31    1.00    b       :                              9.999999437126e-01
===========================================================================


~~~~~~~~~~~~~~~~~~~~~~~~~~~~~~~~~~~~~~~~~~~~~~~~~~~~~~~~~~~~~~~~~~~~~~~~~~~
 Calculation             : Compute initial energy
 Method                  : DFT
 XC Library              : LibXC
 Relativity              : None
 Environment             : None
 External fields         : None
 Precision               : 1.00000e-03
 Density cutoff          : 0.00000e+00
 Localization            : Off
~~~~~~~~~~~~~~~~~~~~~~~~~~~~~~~~~~~~~~~~~~~~~~~~~~~~~~~~~~~~~~~~~~~~~~~~~~~


===========================================================================
                        Molecular Energy (initial)
---------------------------------------------------------------------------
 Kinetic energy          :            (au)                794.762970638210
 E-N energy              :            (au)              -2029.683441453248
 Coulomb energy          :            (au)                421.812549506207
 Exchange energy         :            (au)                  0.000000000000
 X-C energy              :            (au)                 -1.324944536720
 N-N energy              :            (au)                 66.881536865714
 Non-local pp energy     :            (au)                  0.000000000000
---------------------------------------------------------------------------
 Electronic energy       :            (au)               -814.432865845551
 Nuclear energy          :            (au)                 66.881536865714
---------------------------------------------------------------------------
 Total energy            :            (au)             -7.475513289798e+02
                         :      (kcal/mol)             -4.690955412833e+05
                         :        (kJ/mol)             -1.962695744729e+06
                         :            (eV)             -2.034190795157e+04
===========================================================================


===========================================================================
                        Orbital Energies (initial)
---------------------------------------------------------------------------
    n     Occ Spin       :                                         Epsilon
---------------------------------------------------------------------------
    0    1.00    a       :            (au)                -93.162112237163
    1    1.00    a       :            (au)                -69.967624912722
    2    1.00    a       :            (au)                 -6.938981559564
    3    1.00    a       :            (au)                 -4.760389391523
    4    1.00    a       :            (au)                 -4.753630139499
    5    1.00    a       :            (au)                 -4.753610208175
    6    1.00    a       :            (au)                 -4.529081928612
    7    1.00    a       :            (au)                 -2.771938792986
    8    1.00    a       :            (au)                 -2.770791243982
    9    1.00    a       :            (au)                 -2.768946919342
   10    1.00    a       :            (au)                 -0.208384049665
   11    1.00    a       :            (au)                  0.020156623473
   12    1.00    a       :            (au)                  0.136402614024
   13    1.00    a       :            (au)                  0.137759805868
   14    1.00    a       :            (au)                  0.192508221471
   15    1.00    a       :            (au)                  0.306846643885
   16    1.00    a       :            (au)                  0.311503483560
   17    1.00    b       :            (au)                -93.162155914167
   18    1.00    b       :            (au)                -69.967877524363
   19    1.00    b       :            (au)                 -6.939180365080
   20    1.00    b       :            (au)                 -4.760538490807
   21    1.00    b       :            (au)                 -4.751771807230
   22    1.00    b       :            (au)                 -4.751254012206
   23    1.00    b       :            (au)                 -4.530226320490
   24    1.00    b       :            (au)                 -2.769721097209
   25    1.00    b       :            (au)                 -2.757149585235
   26    1.00    b       :            (au)                 -2.755536533240
   27    1.00    b       :            (au)                 -0.214642002355
   28    1.00    b       :            (au)                  0.010301197454
   29    1.00    b       :            (au)                  0.187687392778
   30    1.00    b       :            (au)                  0.199485641828
   31    1.00    b       :            (au)                  0.212801719206
---------------------------------------------------------------------------
 Sum occupied            :            (au)               -393.030091692068
===========================================================================


                                                                           
***************************************************************************
***                                                                     ***
***                 Computing Ground State Wavefunction                 ***
***                                                                     ***
***************************************************************************
                                                                           
                                                                           
~~~~~~~~~~~~~~~~~~~~~~~~~~~~~~~~~~~~~~~~~~~~~~~~~~~~~~~~~~~~~~~~~~~~~~~~~~~
 Calculation             : Optimize ground state orbitals
 Method                  : DFT
 XC library              : LibXC
 Relativity              : None
 Environment             : None
 External fields         : None
 Checkpointing           : Off
 Max iterations          : 100
 KAIN solver             : 5
 Localization            : Off
 Diagonalization         : First two iterations
 Start precision         : 5.00000e-07
 Final precision         : 5.00000e-07
 Helmholtz precision     : Dynamic
 Energy threshold        : 5.00000e-08
 Orbital threshold       : 2.00000e-04
~~~~~~~~~~~~~~~~~~~~~~~~~~~~~~~~~~~~~~~~~~~~~~~~~~~~~~~~~~~~~~~~~~~~~~~~~~~


===========================================================================
 Iter           MO residual             Total energy                Update
---------------------------------------------------------------------------
    0          5.656854e+00        -747.551328979837         -7.475513e+02
    1          6.731278e-01        -752.491619135588         -4.940290e+00
    2          2.959745e-01        -752.625643996319         -1.340249e-01
    3          2.028304e-01        -752.637350885505         -1.170689e-02
    4          1.151290e-01        -752.648635099480         -1.128421e-02
    5          1.653013e-01        -752.658190276067         -9.555177e-03
    6          7.095262e-02        -752.659863619711         -1.673344e-03
    7          5.681492e-02        -752.660795272203         -9.316525e-04
    8          6.024740e-02        -752.661376866680         -5.815945e-04
    9          3.501978e-02        -752.661591189759         -2.143231e-04
   10          2.869747e-02        -752.661810162673         -2.189729e-04
   11          3.025157e-02        -752.661899220213         -8.905754e-05
   12          1.589023e-02        -752.661950223674         -5.100346e-05
   13          1.954176e-02        -752.662014739851         -6.451618e-05
   14          1.482467e-02        -752.662049994211         -3.525436e-05
   15          1.403805e-02        -752.662081903207         -3.190900e-05
   16          1.782574e-02        -752.662117755105         -3.585190e-05
   17          7.454531e-03        -752.662130689166         -1.293406e-05
   18          9.833816e-03        -752.662145099907         -1.441074e-05
   19          1.232919e-02        -752.662158587502         -1.348759e-05
   20          3.356255e-02        -752.662119013699          3.957380e-05
   21          1.465659e-02        -752.662142034454         -2.302075e-05
   22          1.119212e-02        -752.662153623167         -1.158871e-05
   23          6.827876e-01        -752.640332193335          2.182143e-02
   24          6.311619e-01        -752.662129516630         -2.179732e-02
   25          2.680970e-02        -752.662143764309         -1.424768e-05
   26          2.119613e-02        -752.662142538316          1.225993e-06
   27          1.504014e-02        -752.662150726949         -8.188633e-06
   28          7.253927e-03        -752.662156816985         -6.090036e-06
   29          2.279836e-02        -752.662143275824          1.354116e-05
   30          4.644573e-03        -752.662143803929         -5.281045e-07
   31          2.964375e-02        -752.662119818341          2.398559e-05
   32          6.213690e-02        -752.662115561445          4.256896e-06
   33          4.585569e-02        -752.662143169203         -2.760776e-05
   34          2.051365e-02        -752.662149505570         -6.336367e-06
   35          5.420802e-02        -752.662142915627          6.589942e-06
   36          1.419283e-01        -752.662084815115          5.810051e-05
   37          1.856753e-01        -752.662034036007          5.077911e-05
   38          1.354600e-01        -752.662133381790         -9.934578e-05
   39          6.440333e-03        -752.662134095074         -7.132837e-07
   40          3.610354e-02        -752.662120464320          1.363075e-05
   41          3.184706e-02        -752.662137621089         -1.715677e-05
   42          1.751124e-02        -752.662136310810          1.310279e-06
   43          1.296904e-02        -752.662130638990          5.671820e-06
   44          2.824868e-02        -752.662135247013         -4.608024e-06
   45          3.725161e-01        -752.659265626405          2.869621e-03
   46          3.980296e-01        -752.662136627300         -2.871001e-03
   47          5.726030e-02        -752.662103947534          3.267977e-05
   48          7.166764e-02        -752.662136167986         -3.222045e-05
   49          9.968853e-02        -752.662048080070          8.808792e-05
   50          9.818975e-02        -752.662137474759         -8.939469e-05
   51          7.732127e-02        -752.662107817514          2.965724e-05
   52          9.209374e-02        -752.662138188844         -3.037133e-05
   53          7.541460e-02        -752.662090506631          4.768221e-05
   54          1.070166e-01        -752.662131008899         -4.050227e-05
   55          6.971307e-01        -752.646088665368          1.604234e-02
   56          5.637792e-01        -752.662085666028         -1.599700e-02
   57          5.701543e-02        -752.662134789658         -4.912363e-05
   58          8.333547e-03        -752.662140206034         -5.416376e-06
   59          1.630126e-02        -752.662145058373         -4.852339e-06
   60          2.234694e-02        -752.662148536442         -3.478068e-06
   61          3.048987e-02        -752.662137317318          1.121912e-05
   62          1.789788e-01        -752.661975793647          1.615237e-04
   63          1.709312e-01        -752.662141769408         -1.659758e-04
   64          4.408493e-02        -752.662102685622          3.908379e-05
   65          5.578547e-02        -752.662138665616         -3.597999e-05
   66          1.665889e-02        -752.662145652955         -6.987339e-06
   67          5.496299e-02        -752.662136884886          8.768069e-06
   68          2.243259e-01        -752.661411299006          7.255859e-04
   69          2.245911e-01        -752.662139120880         -7.278219e-04
   70          1.041076e-01        -752.662028265829          1.108551e-04
   71          1.053007e-01        -752.662141709865         -1.134440e-04
   72          9.897597e-03        -752.662144997070         -3.287206e-06
   73          1.447056e-02        -752.662146651351         -1.654281e-06
   74          4.375071e-02        -752.662125969902          2.068145e-05
   75          9.440140e-02        -752.662043884081          8.208582e-05
   76          3.361459e-02        -752.662041541838          2.342243e-06
   77          1.073311e-01        -752.662134280250         -9.273841e-05
   78          1.200538e-01        -752.662020173012          1.141072e-04
   79          1.587860e-01        -752.662110486855         -9.031384e-05
   80          1.430454e-01        -752.662018844723          9.164213e-05
   81          1.201571e-01        -752.662131182438         -1.123377e-04
   82          6.975915e-02        -752.662078927903          5.225454e-05
   83          2.371178e-01        -752.661810960905          2.679670e-04
   84          1.727825e-01        -752.662124429921         -3.134690e-04
   85          4.158575e-02        -752.662093613302          3.081662e-05
   86          6.061545e-02        -752.662133408784         -3.979548e-05
   87          3.549972e-02        -752.662137286049         -3.877264e-06
   88          4.368403e-02        -752.662133239552          4.046496e-06
   89          1.637751e-02        -752.662131643824          1.595728e-06
   90          2.727803e-02        -752.662125209404          6.434419e-06
   91          4.744830e-02        -752.662134931170         -9.721766e-06
   92          2.142381e-01        -752.661424239635          7.106915e-04
   93          2.466898e-01        -752.662136687305         -7.124477e-04
   94          3.653513e-02        -752.662130553090          6.134215e-06
   95          2.191783e-02        -752.662094163255          3.638984e-05
   96          1.291636e-01        -752.661977090469          1.170728e-04
   97          1.075744e-01        -752.662135469220         -1.583788e-04
   98          5.639226e-02        -752.662084940896          5.052832e-05
   99          5.128509e-02        -752.662130958146         -4.601725e-05
  100          9.845253e-03        -752.662132937975         -1.979829e-06
---------------------------------------------------------------------------
                        SCF did NOT converge!!!
===========================================================================


                                                                           
***************************************************************************
***                                                                     ***
***                    Printing Molecular Properties                    ***
***                                                                     ***
***************************************************************************
                                                                           
                                                                           
===========================================================================
                                 Molecule
---------------------------------------------------------------------------
 Charge                  :                                               0
 Multiplicity            :                                               3
---------------------------------------------------------------------------
    N    Atom            :               x               y               z
---------------------------------------------------------------------------
    0       P            :        0.000000        0.000000       -1.906356
    1      Cl            :        0.000000        0.000000        1.906356
---------------------------------------------------------------------------
 Center of mass          :        0.000000        0.000000        0.128544
===========================================================================


===========================================================================
                         Molecular Energy (final)
---------------------------------------------------------------------------
 Kinetic energy          :            (au)                752.280668943658
 E-N energy              :            (au)              -1968.603004003718
 Coulomb energy          :            (au)                398.061826889522
 Exchange energy         :            (au)                  0.000000000000
 X-C energy              :            (au)                 -1.283161633150
 N-N energy              :            (au)                 66.881536865714
 Non-local pp energy     :            (au)                  0.000000000000
---------------------------------------------------------------------------
 Electronic energy       :            (au)               -819.543669803689
 Nuclear energy          :            (au)                 66.881536865714
---------------------------------------------------------------------------
 Total energy            :            (au)             -7.526621329380e+02
                         :      (kcal/mol)             -4.723026191871e+05
                         :        (kJ/mol)             -1.976114158679e+06
                         :            (eV)             -2.048098001210e+04
===========================================================================


===========================================================================
                         Orbital Energies (final)
---------------------------------------------------------------------------
    n     Occ Spin       :                                         Epsilon
---------------------------------------------------------------------------
    0    1.00    a       :            (au)                -95.775404474216
    1    1.00    a       :            (au)                -72.057647899522
    2    1.00    a       :            (au)                 -8.055249544803
    3    1.00    a       :            (au)                 -5.892867908113
    4    1.00    a       :            (au)                 -5.888988897282
    5    1.00    a       :            (au)                 -5.888987468846
    6    1.00    a       :            (au)                 -5.324562091910
    7    1.00    a       :            (au)                 -3.584163810270
    8    1.00    a       :            (au)                 -3.582082444196
    9    1.00    a       :            (au)                 -3.582059508192
   10    1.00    a       :            (au)                 -0.560687660585
   11    1.00    a       :            (au)                 -0.301383053543
   12    1.00    a       :            (au)                 -0.149241783286
   13    1.00    a       :            (au)                 -0.149224629740
   14    1.00    a       :            (au)                 -0.137376229813
   15    1.00    a       :            (au)                  0.000874352507
   16    1.00    a       :            (au)                  0.000955224491
   17    1.00    b       :            (au)                -95.775477456498
   18    1.00    b       :            (au)                -72.057792961145
   19    1.00    b       :            (au)                 -8.055510505849
   20    1.00    b       :            (au)                 -5.893051093048
   21    1.00    b       :            (au)                 -5.889337979465
   22    1.00    b       :            (au)                 -5.889336476298
   23    1.00    b       :            (au)                 -5.325096029439
   24    1.00    b       :            (au)                 -3.584556141582
   25    1.00    b       :            (au)                 -3.582867077444
   26    1.00    b       :            (au)                 -3.582845337361
   27    1.00    b       :            (au)                 -0.563767973743
   28    1.00    b       :            (au)                 -0.308642951438
   29    1.00    b       :            (au)                 -0.153667486080
   30    1.00    b       :            (au)                 -0.153652782441
   31    1.00    b       :            (au)                 -0.143604463606
---------------------------------------------------------------------------
 Sum occupied            :            (au)               -421.887304542757
===========================================================================


===========================================================================
                             Orbital Positions
---------------------------------------------------------------------------
  Index       Occ        :               x               y               z
---------------------------------------------------------------------------
      0      1.00        :       -0.000000       -0.000001        1.906352
      1      1.00        :       -0.000000       -0.000001       -1.906349
      2      1.00        :       -0.000001       -0.000037        1.904524
      3      1.00        :        0.000002        0.000078        1.907506
      4      1.00        :       -0.000000       -0.000000        1.906050
      5      1.00        :       -0.000000       -0.000004        1.906052
      6      1.00        :       -0.000003       -0.000113       -1.903533
      7      1.00        :        0.000000        0.000004       -1.906970
      8      1.00        :        0.000004        0.000152       -1.905488
      9      1.00        :       -0.000000       -0.000000       -1.905496
     10      1.00        :       -0.000100       -0.003745        1.166320
     11      1.00        :       -0.000193       -0.007319       -0.182497
     12      1.00        :        0.009795        0.368209        0.227739
     13      1.00        :       -0.000007       -0.000002        0.974096
     14      1.00        :       -0.009890       -0.372246        0.248516
     15      1.00        :       -0.000015        0.000296       -1.327507
     16      1.00        :        0.002484        0.080640       -1.274634
     17      1.00        :       -0.000000       -0.000000        1.906353
     18      1.00        :       -0.000000       -0.000000       -1.906349
     19      1.00        :       -0.000002       -0.000082        1.904526
     20      1.00        :        0.000003        0.000108        1.907518
     21      1.00        :       -0.000000       -0.000000        1.905996
     22      1.00        :       -0.000000       -0.000008        1.905976
     23      1.00        :       -0.000006       -0.000228       -1.903544
     24      1.00        :        0.000000        0.000002       -1.906990
     25      1.00        :        0.000011        0.000411       -1.905429
     26      1.00        :        0.000000       -0.000000       -1.905538
     27      1.00        :       -0.000095       -0.003588        1.145625
     28      1.00        :       -0.000010       -0.000375       -0.278550
     29      1.00        :        0.002901        0.109053       -0.338774
     30      1.00        :       -0.000008       -0.000004        1.112827
     31      1.00        :       -0.002793       -0.105317        1.073773
===========================================================================


===========================================================================
                           Dipole Moment (dip-1)
---------------------------------------------------------------------------
 r_O                     :        0.000000        0.000000        0.000000
---------------------------------------------------------------------------
 Electronic vector       :             N/A             N/A             N/A
 Magnitude               :            (au)                             N/A
                         :         (Debye)                             N/A
---------------------------------------------------------------------------
 Nuclear vector          :             N/A             N/A             N/A
 Magnitude               :            (au)                             N/A
                         :         (Debye)                             N/A
---------------------------------------------------------------------------
 Total vector            :             N/A             N/A             N/A
 Magnitude               :            (au)                             N/A
                         :         (Debye)                             N/A
===========================================================================


===========================================================================
                        Quadrupole Moment (quad-1)
---------------------------------------------------------------------------
 r_O                     :        0.000000        0.000000        0.000000
---------------------------------------------------------------------------
 Electronic tensor       :             N/A
                         :             N/A
                         :             N/A
---------------------------------------------------------------------------
 Nuclear tensor          :             N/A
                         :             N/A
                         :             N/A
---------------------------------------------------------------------------
 Total tensor            :             N/A
                         :             N/A
                         :             N/A
===========================================================================


                                                                           
                                                                           
***************************************************************************
***                                                                     ***
***                            Exiting MRChem                           ***
***                                                                     ***
***                       Wall time :  2h 47m 34s                       ***
***                                                                     ***
***************************************************************************
                                                                           
                                                                           
