Warning: recommended number of threads is 0
setting number of threads to omp_threads, 16
WARNING: MPI rank 0 will use 16 but only 0 procs are accessible
                                                                           
                                                                           
***************************************************************************
***                                                                     ***
***                                                                     ***
***          __  __ ____   ____ _                                       ***
***         |  \/  |  _ \ / ___| |__   ___ _ __ ___                     ***
***         | |\/| | |_) | |   | '_ \ / _ \ '_ ` _ \                    ***
***         | |  | |  _ <| |___| | | |  __/ | | | | |                   ***
***         |_|  |_|_| \_\\____|_| |_|\___|_| |_| |_|                   ***
***                                                                     ***
***         VERSION            1.2.0-alpha                              ***
***                                                                     ***
***         Git branch         master                                   ***
***         Git commit hash    670e88e035fab95c2ca9                     ***
***         Git commit author  Ylva Os                                  ***
***         Git commit date    Mon May 4 13:33:19 2026 +0200            ***
***                                                                     ***
***         Contact: luca.frediani@uit.no                               ***
***                                                                     ***
***         Radovan Bast            Magnar Bjorgve                      ***
***         Roberto Di Remigio      Antoine Durdek                      ***
***         Luca Frediani           Gabriel Gerez                       ***
***         Stig Rune Jensen        Jonas Juselius                      ***
***         Rune Monstad            Peter Wind                          ***
***                                                                     ***
***************************************************************************

---------------------------------------------------------------------------

 MPI processes           :       (85 bank)                             256
 OpenMP threads          :                                              16
 Total cores             :                                            2821
                                                                           
---------------------------------------------------------------------------


---------------------------------------------------------------------------

 MRCPP version         : 1.6.0-alpha
 Git branch            : HEAD
 Git commit hash       : ad080014842f898e9529
 Git commit author     : Niklas Göllmann
 Git commit date       : Wed Mar 11 11:25:17 2026 +0100

 Linear algebra        : EIGEN v3.4.0
 Parallelization       : MPI/OpenMP (16 threads)

---------------------------------------------------------------------------


                                                                           
===========================================================================
                         MultiResolution Analysis
---------------------------------------------------------------------------
 polynomial order      : 9
 polynomial type       : Interpolating
---------------------------------------------------------------------------
 total boxes           : 8
 boxes                 : [          2           2           2 ]
 unit lengths          : [   32.00000    32.00000    32.00000 ]
 scaling factor        : [    1.00000     1.00000     1.00000 ]
 lower bounds          : [  -32.00000   -32.00000   -32.00000 ]
 upper bounds          : [   32.00000    32.00000    32.00000 ]
 total length          : [   64.00000    64.00000    64.00000 ]
===========================================================================


WARNING: MPI rank 30 will use 16 but only 0 procs are accessible
WARNING: MPI rank 117 will use 16 but only 0 procs are accessible
WARNING: MPI rank 127 will use 16 but only 0 procs are accessible
WARNING: MPI rank 148 will use 16 but only 0 procs are accessible
WARNING: MPI rank 154 will use 16 but only 0 procs are accessible
WARNING: MPI rank 224 will use 16 but only 0 procs are accessible
WARNING: MPI rank 236 will use 16 but only 0 procs are accessible
WARNING: MPI rank 240 will use 16 but only 0 procs are accessible
                                                                           
***************************************************************************
***                                                                     ***
***                        Initializing Molecule                        ***
***                                                                     ***
***************************************************************************
                                                                           
                                                                           
===========================================================================
                                 Molecule
---------------------------------------------------------------------------
 Charge                  :                                               0
 Multiplicity            :                                               2
---------------------------------------------------------------------------
    N    Atom            :               x               y               z
---------------------------------------------------------------------------
    0       P            :        0.000000        0.000000        0.544052
    1       O            :        0.000000        2.563036       -0.510037
    2       O            :        0.000000       -2.563036       -0.510037
---------------------------------------------------------------------------
 Center of mass          :        0.000000        0.000000        0.008427
===========================================================================


WARNING: MPI rank 1 will use 16 but only 0 procs are accessible
WARNING: MPI rank 3 will use 16 but only 0 procs are accessible
WARNING: MPI rank 5 will use 16 but only 0 procs are accessible
WARNING: MPI rank 7 will use 16 but only 0 procs are accessible
WARNING: MPI rank 9 will use 16 but only 0 procs are accessible
WARNING: MPI rank 13 will use 16 but only 0 procs are accessible
WARNING: MPI rank 14 will use 16 but only 0 procs are accessible
WARNING: MPI rank 15 will use 16 but only 0 procs are accessible
WARNING: MPI rank 17 will use 16 but only 0 procs are accessible
WARNING: MPI rank 18 will use 16 but only 0 procs are accessible
WARNING: MPI rank 19 will use 16 but only 0 procs are accessible
WARNING: MPI rank 20 will use 16 but only 0 procs are accessible
WARNING: MPI rank 21 will use 16 but only 0 procs are accessible
WARNING: MPI rank 22 will use 16 but only 0 procs are accessible
WARNING: MPI rank 23 will use 16 but only 0 procs are accessible
WARNING: MPI rank 25 will use 16 but only 0 procs are accessible
WARNING: MPI rank 27 will use 16 but only 0 procs are accessible
WARNING: MPI rank 28 will use 16 but only 0 procs are accessible
WARNING: MPI rank 32 will use 16 but only 0 procs are accessible
WARNING: MPI rank 33 will use 16 but only 0 procs are accessible
WARNING: MPI rank 37 will use 16 but only 0 procs are accessible
WARNING: MPI rank 38 will use 16 but only 0 procs are accessible
WARNING: MPI rank 39 will use 16 but only 0 procs are accessible
WARNING: MPI rank 40 will use 16 but only 0 procs are accessible
WARNING: MPI rank 41 will use 16 but only 0 procs are accessible
WARNING: MPI rank 42 will use 16 but only 0 procs are accessible
WARNING: MPI rank 43 will use 16 but only 0 procs are accessible
WARNING: MPI rank 44 will use 16 but only 0 procs are accessible
WARNING: MPI rank 46 will use 16 but only 0 procs are accessible
WARNING: MPI rank 49 will use 16 but only 0 procs are accessible
WARNING: MPI rank 50 will use 16 but only 0 procs are accessible
WARNING: MPI rank 51 will use 16 but only 0 procs are accessible
WARNING: MPI rank 52 will use 16 but only 0 procs are accessible
WARNING: MPI rank 53 will use 16 but only 0 procs are accessible
WARNING: MPI rank 54 will use 16 but only 0 procs are accessible
WARNING: MPI rank 55 will use 16 but only 0 procs are accessible
WARNING: MPI rank 56 will use 16 but only 0 procs are accessible
WARNING: MPI rank 57 will use 16 but only 0 procs are accessible
WARNING: MPI rank 58 will use 16 but only 0 procs are accessible
WARNING: MPI rank 59 will use 16 but only 0 procs are accessible
WARNING: MPI rank 60 will use 16 but only 0 procs are accessible
WARNING: MPI rank 61 will use 16 but only 0 procs are accessible
WARNING: MPI rank 62 will use 16 but only 0 procs are accessible
WARNING: MPI rank 64 will use 16 but only 0 procs are accessible
WARNING: MPI rank 65 will use 16 but only 0 procs are accessible
WARNING: MPI rank 66 will use 16 but only 0 procs are accessible
WARNING: MPI rank 67 will use 16 but only 0 procs are accessible
WARNING: MPI rank 68 will use 16 but only 0 procs are accessible
WARNING: MPI rank 69 will use 16 but only 0 procs are accessible
WARNING: MPI rank 70 will use 16 but only 0 procs are accessible
WARNING: MPI rank 71 will use 16 but only 0 procs are accessible
WARNING: MPI rank 72 will use 16 but only 0 procs are accessible
WARNING: MPI rank 73 will use 16 but only 0 procs are accessible
WARNING: MPI rank 74 will use 16 but only 0 procs are accessible
WARNING: MPI rank 75 will use 16 but only 0 procs are accessible
WARNING: MPI rank 76 will use 16 but only 0 procs are accessible
WARNING: MPI rank 77 will use 16 but only 0 procs are accessible
WARNING: MPI rank 78 will use 16 but only 0 procs are accessible
WARNING: MPI rank 80 will use 16 but only 0 procs are accessible
WARNING: MPI rank 81 will use 16 but only 0 procs are accessible
WARNING: MPI rank 83 will use 16 but only 0 procs are accessible
WARNING: MPI rank 85 will use 16 but only 0 procs are accessible
WARNING: MPI rank 87 will use 16 but only 0 procs are accessible
WARNING: MPI rank 90 will use 16 but only 0 procs are accessible
WARNING: MPI rank 91 will use 16 but only 0 procs are accessible
WARNING: MPI rank 92 will use 16 but only 0 procs are accessible
WARNING: MPI rank 93 will use 16 but only 0 procs are accessible
WARNING: MPI rank 96 will use 16 but only 0 procs are accessible
WARNING: MPI rank 97 will use 16 but only 0 procs are accessible
WARNING: MPI rank 98 will use 16 but only 0 procs are accessible
WARNING: MPI rank 99 will use 16 but only 0 procs are accessible
WARNING: MPI rank 100 will use 16 but only 0 procs are accessible
WARNING: MPI rank 102 will use 16 but only 0 procs are accessible
WARNING: MPI rank 103 will use 16 but only 0 procs are accessible
WARNING: MPI rank 105 will use 16 but only 0 procs are accessible
WARNING: MPI rank 106 will use 16 but only 0 procs are accessible
WARNING: MPI rank 107 will use 16 but only 0 procs are accessible
WARNING: MPI rank 108 will use 16 but only 0 procs are accessible
WARNING: MPI rank 109 will use 16 but only 0 procs are accessible
WARNING: MPI rank 110 will use 16 but only 0 procs are accessible
WARNING: MPI rank 111 will use 16 but only 0 procs are accessible
WARNING: MPI rank 112 will use 16 but only 0 procs are accessible
WARNING: MPI rank 113 will use 16 but only 0 procs are accessible
WARNING: MPI rank 114 will use 16 but only 0 procs are accessible
WARNING: MPI rank 118 will use 16 but only 0 procs are accessible
WARNING: MPI rank 119 will use 16 but only 0 procs are accessible
WARNING: MPI rank 120 will use 16 but only 0 procs are accessible
WARNING: MPI rank 121 will use 16 but only 0 procs are accessible
WARNING: MPI rank 122 will use 16 but only 0 procs are accessible
WARNING: MPI rank 123 will use 16 but only 0 procs are accessible
WARNING: MPI rank 124 will use 16 but only 0 procs are accessible
WARNING: MPI rank 126 will use 16 but only 0 procs are accessible
WARNING: MPI rank 128 will use 16 but only 0 procs are accessible
WARNING: MPI rank 129 will use 16 but only 0 procs are accessible
WARNING: MPI rank 130 will use 16 but only 0 procs are accessible
WARNING: MPI rank 131 will use 16 but only 0 procs are accessible
WARNING: MPI rank 132 will use 16 but only 0 procs are accessible
WARNING: MPI rank 134 will use 16 but only 0 procs are accessible
WARNING: MPI rank 135 will use 16 but only 0 procs are accessible
WARNING: MPI rank 136 will use 16 but only 0 procs are accessible
WARNING: MPI rank 137 will use 16 but only 0 procs are accessible
WARNING: MPI rank 138 will use 16 but only 0 procs are accessible
WARNING: MPI rank 140 will use 16 but only 0 procs are accessible
WARNING: MPI rank 141 will use 16 but only 0 procs are accessible
WARNING: MPI rank 142 will use 16 but only 0 procs are accessible
WARNING: MPI rank 145 will use 16 but only 0 procs are accessible
WARNING: MPI rank 146 will use 16 but only 0 procs are accessible
WARNING: MPI rank 147 will use 16 but only 0 procs are accessible
WARNING: MPI rank 149 will use 16 but only 0 procs are accessible
WARNING: MPI rank 150 will use 16 but only 0 procs are accessible
WARNING: MPI rank 151 will use 16 but only 0 procs are accessible
WARNING: MPI rank 152 will use 16 but only 0 procs are accessible
WARNING: MPI rank 156 will use 16 but only 0 procs are accessible
WARNING: MPI rank 157 will use 16 but only 0 procs are accessible
WARNING: MPI rank 158 will use 16 but only 0 procs are accessible
WARNING: MPI rank 159 will use 16 but only 0 procs are accessible
WARNING: MPI rank 160 will use 16 but only 0 procs are accessible
WARNING: MPI rank 161 will use 16 but only 0 procs are accessible
WARNING: MPI rank 162 will use 16 but only 0 procs are accessible
WARNING: MPI rank 163 will use 16 but only 0 procs are accessible
WARNING: MPI rank 165 will use 16 but only 0 procs are accessible
WARNING: MPI rank 166 will use 16 but only 0 procs are accessible
WARNING: MPI rank 168 will use 16 but only 0 procs are accessible
WARNING: MPI rank 169 will use 16 but only 0 procs are accessible
WARNING: MPI rank 170 will use 16 but only 0 procs are accessible
WARNING: MPI rank 171 will use 16 but only 0 procs are accessible
WARNING: MPI rank 172 will use 16 but only 0 procs are accessible
WARNING: MPI rank 173 will use 16 but only 0 procs are accessible
WARNING: MPI rank 174 will use 16 but only 0 procs are accessible
WARNING: MPI rank 175 will use 16 but only 0 procs are accessible
WARNING: MPI rank 176 will use 16 but only 0 procs are accessible
WARNING: MPI rank 177 will use 16 but only 0 procs are accessible
WARNING: MPI rank 178 will use 16 but only 0 procs are accessible
WARNING: MPI rank 179 will use 16 but only 0 procs are accessible
WARNING: MPI rank 180 will use 16 but only 0 procs are accessible
WARNING: MPI rank 182 will use 16 but only 0 procs are accessible
WARNING: MPI rank 183 will use 16 but only 0 procs are accessible
WARNING: MPI rank 184 will use 16 but only 0 procs are accessible
WARNING: MPI rank 185 will use 16 but only 0 procs are accessible
WARNING: MPI rank 186 will use 16 but only 0 procs are accessible
WARNING: MPI rank 187 will use 16 but only 0 procs are accessible
WARNING: MPI rank 188 will use 16 but only 0 procs are accessible
WARNING: MPI rank 189 will use 16 but only 0 procs are accessible
WARNING: MPI rank 190 will use 16 but only 0 procs are accessible
WARNING: MPI rank 192 will use 16 but only 0 procs are accessible
WARNING: MPI rank 193 will use 16 but only 0 procs are accessible
WARNING: MPI rank 194 will use 16 but only 0 procs are accessible
WARNING: MPI rank 195 will use 16 but only 0 procs are accessible
WARNING: MPI rank 196 will use 16 but only 0 procs are accessible
WARNING: MPI rank 197 will use 16 but only 0 procs are accessible
WARNING: MPI rank 198 will use 16 but only 0 procs are accessible
WARNING: MPI rank 199 will use 16 but only 0 procs are accessible
WARNING: MPI rank 200 will use 16 but only 0 procs are accessible
WARNING: MPI rank 201 will use 16 but only 0 procs are accessible
WARNING: MPI rank 202 will use 16 but only 0 procs are accessible
WARNING: MPI rank 203 will use 16 but only 0 procs are accessible
WARNING: MPI rank 204 will use 16 but only 0 procs are accessible
WARNING: MPI rank 205 will use 16 but only 0 procs are accessible
WARNING: MPI rank 206 will use 16 but only 0 procs are accessible
WARNING: MPI rank 207 will use 16 but only 0 procs are accessible
WARNING: MPI rank 208 will use 16 but only 0 procs are accessible
WARNING: MPI rank 209 will use 16 but only 0 procs are accessible
WARNING: MPI rank 210 will use 16 but only 0 procs are accessible
WARNING: MPI rank 211 will use 16 but only 0 procs are accessible
WARNING: MPI rank 212 will use 16 but only 0 procs are accessible
WARNING: MPI rank 213 will use 16 but only 0 procs are accessible
WARNING: MPI rank 214 will use 16 but only 0 procs are accessible
WARNING: MPI rank 215 will use 16 but only 0 procs are accessible
WARNING: MPI rank 216 will use 16 but only 0 procs are accessible
WARNING: MPI rank 217 will use 16 but only 0 procs are accessible
WARNING: MPI rank 218 will use 16 but only 0 procs are accessible
WARNING: MPI rank 219 will use 16 but only 0 procs are accessible
WARNING: MPI rank 220 will use 16 but only 0 procs are accessible
WARNING: MPI rank 221 will use 16 but only 0 procs are accessible
WARNING: MPI rank 222 will use 16 but only 0 procs are accessible
WARNING: MPI rank 223 will use 16 but only 0 procs are accessible
WARNING: MPI rank 225 will use 16 but only 0 procs are accessible
WARNING: MPI rank 226 will use 16 but only 0 procs are accessible
WARNING: MPI rank 227 will use 16 but only 0 procs are accessible
WARNING: MPI rank 228 will use 16 but only 0 procs are accessible
WARNING: MPI rank 229 will use 16 but only 0 procs are accessible
WARNING: MPI rank 230 will use 16 but only 0 procs are accessible
WARNING: MPI rank 231 will use 16 but only 0 procs are accessible
WARNING: MPI rank 232 will use 16 but only 0 procs are accessible
WARNING: MPI rank 233 will use 16 but only 0 procs are accessible
WARNING: MPI rank 234 will use 16 but only 0 procs are accessible
WARNING: MPI rank 235 will use 16 but only 0 procs are accessible
WARNING: MPI rank 237 will use 16 but only 0 procs are accessible
WARNING: MPI rank 238 will use 16 but only 0 procs are accessible
WARNING: MPI rank 239 will use 16 but only 0 procs are accessible
WARNING: MPI rank 241 will use 16 but only 0 procs are accessible
WARNING: MPI rank 242 will use 16 but only 0 procs are accessible
WARNING: MPI rank 243 will use 16 but only 0 procs are accessible
WARNING: MPI rank 244 will use 16 but only 0 procs are accessible
WARNING: MPI rank 245 will use 16 but only 0 procs are accessible
WARNING: MPI rank 246 will use 16 but only 0 procs are accessible
WARNING: MPI rank 247 will use 16 but only 0 procs are accessible
WARNING: MPI rank 248 will use 16 but only 0 procs are accessible
WARNING: MPI rank 249 will use 16 but only 0 procs are accessible
WARNING: MPI rank 250 will use 16 but only 0 procs are accessible
WARNING: MPI rank 251 will use 16 but only 0 procs are accessible
WARNING: MPI rank 252 will use 16 but only 0 procs are accessible
WARNING: MPI rank 253 will use 16 but only 0 procs are accessible
WARNING: MPI rank 254 will use 16 but only 0 procs are accessible
WARNING: MPI rank 255 will use 16 but only 0 procs are accessible
WARNING: MPI rank 2 will use 16 but only 0 procs are accessible
WARNING: MPI rank 4 will use 16 but only 0 procs are accessible
WARNING: MPI rank 8 will use 16 but only 0 procs are accessible
WARNING: MPI rank 10 will use 16 but only 0 procs are accessible
WARNING: MPI rank 11 will use 16 but only 0 procs are accessible
WARNING: MPI rank 12 will use 16 but only 0 procs are accessible
WARNING: MPI rank 16 will use 16 but only 0 procs are accessible
WARNING: MPI rank 24 will use 16 but only 0 procs are accessible
WARNING: MPI rank 26 will use 16 but only 0 procs are accessible
WARNING: MPI rank 29 will use 16 but only 0 procs are accessible
WARNING: MPI rank 31 will use 16 but only 0 procs are accessible
WARNING: MPI rank 34 will use 16 but only 0 procs are accessible
WARNING: MPI rank 35 will use 16 but only 0 procs are accessible
WARNING: MPI rank 36 will use 16 but only 0 procs are accessible
WARNING: MPI rank 45 will use 16 but only 0 procs are accessible
WARNING: MPI rank 47 will use 16 but only 0 procs are accessible
WARNING: MPI rank 48 will use 16 but only 0 procs are accessible
WARNING: MPI rank 63 will use 16 but only 0 procs are accessible
WARNING: MPI rank 79 will use 16 but only 0 procs are accessible
WARNING: MPI rank 82 will use 16 but only 0 procs are accessible
WARNING: MPI rank 84 will use 16 but only 0 procs are accessible
WARNING: MPI rank 86 will use 16 but only 0 procs are accessible
WARNING: MPI rank 88 will use 16 but only 0 procs are accessible
WARNING: MPI rank 89 will use 16 but only 0 procs are accessible
WARNING: MPI rank 94 will use 16 but only 0 procs are accessible
WARNING: MPI rank 95 will use 16 but only 0 procs are accessible
WARNING: MPI rank 101 will use 16 but only 0 procs are accessible
WARNING: MPI rank 104 will use 16 but only 0 procs are accessible
WARNING: MPI rank 115 will use 16 but only 0 procs are accessible
WARNING: MPI rank 116 will use 16 but only 0 procs are accessible
WARNING: MPI rank 125 will use 16 but only 0 procs are accessible
WARNING: MPI rank 133 will use 16 but only 0 procs are accessible
WARNING: MPI rank 139 will use 16 but only 0 procs are accessible
WARNING: MPI rank 143 will use 16 but only 0 procs are accessible
WARNING: MPI rank 144 will use 16 but only 0 procs are accessible
WARNING: MPI rank 153 will use 16 but only 0 procs are accessible
WARNING: MPI rank 155 will use 16 but only 0 procs are accessible
WARNING: MPI rank 164 will use 16 but only 0 procs are accessible
WARNING: MPI rank 167 will use 16 but only 0 procs are accessible
WARNING: MPI rank 181 will use 16 but only 0 procs are accessible
WARNING: MPI rank 191 will use 16 but only 0 procs are accessible
WARNING: MPI rank 6 will use 16 but only 0 procs are accessible
                                                                           
                                                                           
***************************************************************************
***                                                                     ***
***                           XC Functional                             ***
***                                                                     ***
***************************************************************************

Using Libxc (version 7.0.0) to evaluate density functionals. Libxc is free
software. It is distributed under the Mozilla Public License, version 2.0.
For more information, please check the Libxc manual. You should cite

S. Lehtola, C. Steigemann, M. J.T. Oliveira, and M. A.L. Marques., 
SoftwareX 7, 1–5 (2018) DOI: 10.1016/j.softx.2017.11.002

when reporting the results of your calculation in a scientific article.

Libxc functionals used in this calculation:
  - gga_x_pw91 (ID 109): Perdew & Wang 91
     * J. P. Perdew. In P. Ziesche and H. Eschrig, editors, Proceedings of
       the 75. WE-Heraeus-Seminar and 21st Annual International Symposium on
       Electronic Structure of Solids, 11. Berlin, 1991. Akademie Verlag., DOI:
     * J. P. Perdew, J. A. Chevary, S. H. Vosko, K. A. Jackson, M. R.
       Pederson, D. J. Singh, and C. Fiolhais.,  Phys. Rev. B 46, 6671 (1992),
       DOI:10.1103/PhysRevB.46.6671
     * J. P. Perdew, J. A. Chevary, S. H. Vosko, K. A. Jackson, M. R.
       Pederson, D. J. Singh, and C. Fiolhais.,  Phys. Rev. B 48, 4978 (1993),
       DOI:10.1103/PhysRevB.48.4978.2
  - gga_c_pw91 (ID 134): Perdew & Wang 91
     * J. P. Perdew. In P. Ziesche and H. Eschrig, editors, Proceedings of
       the 75. WE-Heraeus-Seminar and 21st Annual International Symposium on
       Electronic Structure of Solids, 11. Berlin, 1991. Akademie Verlag., DOI:
     * J. P. Perdew, J. A. Chevary, S. H. Vosko, K. A. Jackson, M. R.
       Pederson, D. J. Singh, and C. Fiolhais.,  Phys. Rev. B 46, 6671 (1992),
       DOI:10.1103/PhysRevB.46.6671
     * J. P. Perdew, J. A. Chevary, S. H. Vosko, K. A. Jackson, M. R.
       Pederson, D. J. Singh, and C. Fiolhais.,  Phys. Rev. B 48, 4978 (1993),
       DOI:10.1103/PhysRevB.48.4978.2
                                                                           
***************************************************************************
***                                                                     ***
***                Computing Initial Guess Wavefunction                 ***
***                                                                     ***
***************************************************************************
                                                                           
                                                                           
~~~~~~~~~~~~~~~~~~~~~~~~~~~~~~~~~~~~~~~~~~~~~~~~~~~~~~~~~~~~~~~~~~~~~~~~~~~
 Calculation             : Compute initial orbitals
 Method                  : Diagonalize SAD Hamiltonian
 Precision               : 1.00000e-03
 Screening               : 1.20000e+01 StdDev
 Restricted              : False
 Functional              : LDA (SVWN5)
 XC Library              : LibXC
 AO basis                : 3-21G
~~~~~~~~~~~~~~~~~~~~~~~~~~~~~~~~~~~~~~~~~~~~~~~~~~~~~~~~~~~~~~~~~~~~~~~~~~~


===========================================================================
                            Molecular Orbitals
---------------------------------------------------------------------------
 Alpha electrons         :                                          16.000
 Beta electrons          :                                          15.000
 Total electrons         :                                          31.000
---------------------------------------------------------------------------
    n     Occ Spin       :                                            Norm
---------------------------------------------------------------------------
    0    1.00    a       :                              9.999951291714e-01
    1    1.00    a       :                              9.999999993494e-01
    2    1.00    a       :                              9.999999997341e-01
    3    1.00    a       :                              9.999999996828e-01
    4    1.00    a       :                              9.999999958124e-01
    5    1.00    a       :                              9.999999991344e-01
    6    1.00    a       :                              9.999999999845e-01
    7    1.00    a       :                              9.999999857131e-01
    8    1.00    a       :                              9.999999983180e-01
    9    1.00    a       :                              9.999999743651e-01
   10    1.00    a       :                              9.999999995852e-01
   11    1.00    a       :                              9.999999987760e-01
   12    1.00    a       :                              9.999999998042e-01
   13    1.00    a       :                              9.999999982027e-01
   14    1.00    a       :                              9.999999999979e-01
   15    1.00    a       :                              9.999999869624e-01
   16    1.00    b       :                              9.999951291714e-01
   17    1.00    b       :                              9.999999993494e-01
   18    1.00    b       :                              9.999999997341e-01
   19    1.00    b       :                              9.999999996828e-01
   20    1.00    b       :                              9.999999958124e-01
   21    1.00    b       :                              9.999999991344e-01
   22    1.00    b       :                              9.999999999845e-01
   23    1.00    b       :                              9.999999857131e-01
   24    1.00    b       :                              9.999999983180e-01
   25    1.00    b       :                              9.999999743651e-01
   26    1.00    b       :                              9.999999995852e-01
   27    1.00    b       :                              9.999999987760e-01
   28    1.00    b       :                              9.999999998042e-01
   29    1.00    b       :                              9.999999982027e-01
   30    1.00    b       :                              9.999999999979e-01
===========================================================================


~~~~~~~~~~~~~~~~~~~~~~~~~~~~~~~~~~~~~~~~~~~~~~~~~~~~~~~~~~~~~~~~~~~~~~~~~~~
 Calculation             : Compute initial energy
 Method                  : DFT
 XC Library              : LibXC
 Relativity              : None
 Environment             : None
 External fields         : None
 Precision               : 1.00000e-03
 Density cutoff          : 0.00000e+00
 Localization            : Off
~~~~~~~~~~~~~~~~~~~~~~~~~~~~~~~~~~~~~~~~~~~~~~~~~~~~~~~~~~~~~~~~~~~~~~~~~~~


===========================================================================
                        Molecular Energy (initial)
---------------------------------------------------------------------------
 Kinetic energy          :            (au)                488.002968290129
 E-N energy              :            (au)              -1360.094013434042
 Coulomb energy          :            (au)                324.702021211827
 Exchange energy         :            (au)                  0.000000000000
 X-C energy              :            (au)                -40.588584790214
 N-N energy              :            (au)                 99.086296533698
 Non-local pp energy     :            (au)                  0.000000000000
---------------------------------------------------------------------------
 Electronic energy       :            (au)               -587.977608722300
 Nuclear energy          :            (au)                 99.086296533698
---------------------------------------------------------------------------
 Total energy            :            (au)             -4.888913121886e+02
                         :      (kcal/mol)             -3.067839301855e+05
                         :        (kJ/mol)             -1.283583963896e+06
                         :            (eV)             -1.330341032827e+04
===========================================================================


===========================================================================
                        Orbital Energies (initial)
---------------------------------------------------------------------------
    n     Occ Spin       :                                         Epsilon
---------------------------------------------------------------------------
    0    1.00    a       :            (au)                -76.202632377063
    1    1.00    a       :            (au)                -18.389295443693
    2    1.00    a       :            (au)                -18.388301758294
    3    1.00    a       :            (au)                 -6.612672402614
    4    1.00    a       :            (au)                 -4.843423720735
    5    1.00    a       :            (au)                 -4.841213465119
    6    1.00    a       :            (au)                 -4.841116256689
    7    1.00    a       :            (au)                 -0.949731803561
    8    1.00    a       :            (au)                 -0.858952514491
    9    1.00    a       :            (au)                 -0.495724087947
   10    1.00    a       :            (au)                 -0.325937866411
   11    1.00    a       :            (au)                 -0.292386699251
   12    1.00    a       :            (au)                 -0.241779949390
   13    1.00    a       :            (au)                 -0.151123144639
   14    1.00    a       :            (au)                 -0.147273588104
   15    1.00    a       :            (au)                 -0.126233114934
   16    1.00    b       :            (au)                -76.199976951574
   17    1.00    b       :            (au)                -18.384345631284
   18    1.00    b       :            (au)                -18.383351892459
   19    1.00    b       :            (au)                 -6.609287792640
   20    1.00    b       :            (au)                 -4.840481414850
   21    1.00    b       :            (au)                 -4.838501256741
   22    1.00    b       :            (au)                 -4.835391430164
   23    1.00    b       :            (au)                 -0.931288116295
   24    1.00    b       :            (au)                 -0.845939359942
   25    1.00    b       :            (au)                 -0.358389963245
   26    1.00    b       :            (au)                 -0.316436645594
   27    1.00    b       :            (au)                 -0.275646655940
   28    1.00    b       :            (au)                 -0.225932875604
   29    1.00    b       :            (au)                 -0.145856678597
   30    1.00    b       :            (au)                 -0.139391589022
---------------------------------------------------------------------------
 Sum occupied            :            (au)               -275.038016446883
===========================================================================


                                                                           
***************************************************************************
***                                                                     ***
***                 Computing Ground State Wavefunction                 ***
***                                                                     ***
***************************************************************************
                                                                           
                                                                           
~~~~~~~~~~~~~~~~~~~~~~~~~~~~~~~~~~~~~~~~~~~~~~~~~~~~~~~~~~~~~~~~~~~~~~~~~~~
 Calculation             : Optimize ground state orbitals
 Method                  : DFT
 XC library              : LibXC
 Relativity              : None
 Environment             : None
 External fields         : None
 Checkpointing           : Off
 Max iterations          : 100
 KAIN solver             : 5
 Localization            : Off
 Diagonalization         : First two iterations
 Start precision         : 8.00000e-07
 Final precision         : 8.00000e-07
 Helmholtz precision     : Dynamic
 Energy threshold        : 8.00000e-08
 Orbital threshold       : 3.00000e-04
~~~~~~~~~~~~~~~~~~~~~~~~~~~~~~~~~~~~~~~~~~~~~~~~~~~~~~~~~~~~~~~~~~~~~~~~~~~


===========================================================================
 Iter           MO residual             Total energy                Update
---------------------------------------------------------------------------
    0          5.567764e+00        -488.891312188601         -4.888913e+02
    1          6.337936e-01        -491.647483775044         -2.756172e+00
    2          3.352348e-01        -491.820853189409         -1.733694e-01
    3          1.256341e-01        -491.847160448708         -2.630726e-02
    4          5.096887e-02        -491.854646205306         -7.485757e-03
    5          4.754335e-02        -491.859993614434         -5.347409e-03
    6          2.290357e-02        -491.860751559887         -7.579455e-04
    7          8.010130e-03        -491.860832872973         -8.131309e-05
    8          6.477431e-03        -491.860868563126         -3.569015e-05
    9          4.347221e-03        -491.860884663774         -1.610065e-05
   10          3.600220e-03        -491.860892044438         -7.380664e-06
   11          1.253615e-03        -491.860893939456         -1.895017e-06
   12          7.926893e-04        -491.860895324751         -1.385295e-06
   13          7.355456e-04        -491.860896072131         -7.473801e-07
   14          4.267943e-04        -491.860896170495         -9.836401e-08
   15          2.950785e-04        -491.860896236366         -6.587072e-08
---------------------------------------------------------------------------
                      SCF converged in 15 iterations!
===========================================================================


                                                                           
***************************************************************************
***                                                                     ***
***                    Printing Molecular Properties                    ***
***                                                                     ***
***************************************************************************
                                                                           
                                                                           
===========================================================================
                                 Molecule
---------------------------------------------------------------------------
 Charge                  :                                               0
 Multiplicity            :                                               2
---------------------------------------------------------------------------
    N    Atom            :               x               y               z
---------------------------------------------------------------------------
    0       P            :        0.000000        0.000000        0.544052
    1       O            :        0.000000        2.563036       -0.510037
    2       O            :        0.000000       -2.563036       -0.510037
---------------------------------------------------------------------------
 Center of mass          :        0.000000        0.000000        0.008427
===========================================================================


===========================================================================
                         Molecular Energy (final)
---------------------------------------------------------------------------
 Kinetic energy          :            (au)                490.982125122135
 E-N energy              :            (au)              -1366.501664191699
 Coulomb energy          :            (au)                324.965975813685
 Exchange energy         :            (au)                  0.000000000000
 X-C energy              :            (au)                -40.393629514184
 N-N energy              :            (au)                 99.086296533698
 Non-local pp energy     :            (au)                  0.000000000000
---------------------------------------------------------------------------
 Electronic energy       :            (au)               -590.947192770064
 Nuclear energy          :            (au)                 99.086296533698
---------------------------------------------------------------------------
 Total energy            :            (au)             -4.918608962364e+02
                         :      (kcal/mol)             -3.086473723095e+05
                         :        (kJ/mol)             -1.291380605743e+06
                         :            (eV)             -1.338421682679e+04
===========================================================================


===========================================================================
                         Orbital Energies (final)
---------------------------------------------------------------------------
    n     Occ Spin       :                                         Epsilon
---------------------------------------------------------------------------
    0    1.00    a       :            (au)                -76.440313402060
    1    1.00    a       :            (au)                -18.822956077710
    2    1.00    a       :            (au)                -18.822924294107
    3    1.00    a       :            (au)                 -6.412774948191
    4    1.00    a       :            (au)                 -4.635887526292
    5    1.00    a       :            (au)                 -4.633098844923
    6    1.00    a       :            (au)                 -4.629424297180
    7    1.00    a       :            (au)                 -0.993228109238
    8    1.00    a       :            (au)                 -0.948239384413
    9    1.00    a       :            (au)                 -0.516943603568
   10    1.00    a       :            (au)                 -0.421827407947
   11    1.00    a       :            (au)                 -0.406719871359
   12    1.00    a       :            (au)                 -0.406347748033
   13    1.00    a       :            (au)                 -0.340660988999
   14    1.00    a       :            (au)                 -0.332215745968
   15    1.00    a       :            (au)                 -0.276053806257
   16    1.00    b       :            (au)                -76.438501815211
   17    1.00    b       :            (au)                -18.816682653709
   18    1.00    b       :            (au)                -18.816648968377
   19    1.00    b       :            (au)                 -6.410199328553
   20    1.00    b       :            (au)                 -4.633607354723
   21    1.00    b       :            (au)                 -4.628398310330
   22    1.00    b       :            (au)                 -4.627587755899
   23    1.00    b       :            (au)                 -0.979658859394
   24    1.00    b       :            (au)                 -0.933934598965
   25    1.00    b       :            (au)                 -0.495278752617
   26    1.00    b       :            (au)                 -0.402619979393
   27    1.00    b       :            (au)                 -0.399231522540
   28    1.00    b       :            (au)                 -0.391723172371
   29    1.00    b       :            (au)                 -0.336586276939
   30    1.00    b       :            (au)                 -0.322997875272
---------------------------------------------------------------------------
 Sum occupied            :            (au)               -277.673273280539
===========================================================================


===========================================================================
                             Orbital Positions
---------------------------------------------------------------------------
  Index       Occ        :               x               y               z
---------------------------------------------------------------------------
      0      1.00        :       -0.000000       -0.000000        0.544048
      1      1.00        :       -0.000000        2.560331       -0.509949
      2      1.00        :       -0.000000       -2.560331       -0.509949
      3      1.00        :       -0.000000        0.000000        0.543504
      4      1.00        :        0.000000       -0.000000        0.544066
      5      1.00        :       -0.000000       -0.000000        0.544689
      6      1.00        :       -0.000000       -0.000000        0.543639
      7      1.00        :       -0.000000        0.000534       -0.273103
      8      1.00        :       -0.000000       -0.000531       -0.317287
      9      1.00        :       -0.000000        0.000243       -0.019650
     10      1.00        :       -0.000000       -0.000098       -0.576528
     11      1.00        :        0.000000        0.000323       -0.164113
     12      1.00        :       -0.000000        0.000158       -0.018204
     13      1.00        :        0.000000       -0.000363       -0.414369
     14      1.00        :       -0.000000       -0.000260       -0.314431
     15      1.00        :       -0.000000       -0.000071        0.500010
     16      1.00        :       -0.000000       -0.000000        0.544047
     17      1.00        :       -0.000000        2.562803       -0.509961
     18      1.00        :       -0.000000       -2.562803       -0.509961
     19      1.00        :       -0.000000        0.000000        0.542520
     20      1.00        :        0.000000       -0.000000        0.543823
     21      1.00        :       -0.000000       -0.000000        0.545081
     22      1.00        :       -0.000000       -0.000000        0.543549
     23      1.00        :       -0.000000        0.000637       -0.286635
     24      1.00        :       -0.000000       -0.000626       -0.324918
     25      1.00        :       -0.000000        0.000267       -0.167153
     26      1.00        :       -0.000000       -0.000296       -0.546247
     27      1.00        :        0.000000        0.000407       -0.204754
     28      1.00        :       -0.000000        0.000390       -0.045660
     29      1.00        :        0.000000       -0.000423       -0.413519
     30      1.00        :       -0.000000       -0.000291       -0.313140
===========================================================================


===========================================================================
                           Dipole Moment (dip-1)
---------------------------------------------------------------------------
 r_O                     :        0.000000        0.000000        0.000000
---------------------------------------------------------------------------
 Electronic vector       :        0.000000        0.000000        0.500554
 Magnitude               :            (au)                        0.500554
                         :         (Debye)                        1.272281
---------------------------------------------------------------------------
 Nuclear vector          :        0.000000        0.000000        0.000189
 Magnitude               :            (au)                        0.000189
                         :         (Debye)                        0.000480
---------------------------------------------------------------------------
 Total vector            :        0.000000        0.000000        0.500743
 Magnitude               :            (au)                        0.500743
                         :         (Debye)                        1.272761
===========================================================================


===========================================================================
                        Quadrupole Moment (quad-1)
---------------------------------------------------------------------------
 r_O                     :        0.000000        0.000000        0.000000
---------------------------------------------------------------------------
 Electronic tensor       :       59.822420        0.000000        0.000000
                         :        0.000000     -105.732074        0.000065
                         :        0.000000        0.000065       45.909654
---------------------------------------------------------------------------
 Nuclear tensor          :      -56.854258        0.000000        0.000000
                         :        0.000000      100.805371        0.000000
                         :        0.000000        0.000000      -43.951113
---------------------------------------------------------------------------
 Total tensor            :        2.968162        0.000000        0.000000
                         :        0.000000       -4.926703        0.000065
                         :        0.000000        0.000065        1.958541
===========================================================================


                                                                           
                                                                           
***************************************************************************
***                                                                     ***
***                            Exiting MRChem                           ***
***                                                                     ***
***                       Wall time :  0h 17m 35s                       ***
***                                                                     ***
***************************************************************************
                                                                           
                                                                           
