Warning: recommended number of threads is 0
setting number of threads to omp_threads, 16
WARNING: MPI rank 0 will use 16 but only 0 procs are accessible
WARNING: MPI rank 1 will use 16 but only 0 procs are accessible
WARNING: MPI rank 2 will use 16 but only 0 procs are accessible
WARNING: MPI rank 3 will use 16 but only 0 procs are accessible
WARNING: MPI rank 8 will use 16 but only 0 procs are accessible
WARNING: MPI rank 9 will use 16 but only 0 procs are accessible
WARNING: MPI rank 10 will use 16 but only 0 procs are accessible
WARNING: MPI rank 11 will use 16 but only 0 procs are accessible
WARNING: MPI rank 12 will use 16 but only 0 procs are accessible
WARNING: MPI rank 13 will use 16 but only 0 procs are accessible
WARNING: MPI rank 14 will use 16 but only 0 procs are accessible
WARNING: MPI rank 15 will use 16 but only 0 procs are accessible
WARNING: MPI rank 16 will use 16 but only 0 procs are accessible
WARNING: MPI rank 17 will use 16 but only 0 procs are accessible
WARNING: MPI rank 18 will use 16 but only 0 procs are accessible
WARNING: MPI rank 19 will use 16 but only 0 procs are accessible
WARNING: MPI rank 20 will use 16 but only 0 procs are accessible
WARNING: MPI rank 21 will use 16 but only 0 procs are accessible
WARNING: MPI rank 23 will use 16 but only 0 procs are accessible
WARNING: MPI rank 29 will use 16 but only 0 procs are accessible
WARNING: MPI rank 30 will use 16 but only 0 procs are accessible
WARNING: MPI rank 31 will use 16 but only 0 procs are accessible
WARNING: MPI rank 192 will use 16 but only 0 procs are accessible
WARNING: MPI rank 193 will use 16 but only 0 procs are accessible
WARNING: MPI rank 194 will use 16 but only 0 procs are accessible
WARNING: MPI rank 196 will use 16 but only 0 procs are accessible
WARNING: MPI rank 198 will use 16 but only 0 procs are accessible
WARNING: MPI rank 4 will use 16 but only 0 procs are accessible
WARNING: MPI rank 5 will use 16 but only 0 procs are accessible
WARNING: MPI rank 6 will use 16 but only 0 procs are accessible
WARNING: MPI rank 7 will use 16 but only 0 procs are accessible
WARNING: MPI rank 24 will use 16 but only 0 procs are accessible
WARNING: MPI rank 25 will use 16 but only 0 procs are accessible
WARNING: MPI rank 26 will use 16 but only 0 procs are accessible
WARNING: MPI rank 27 will use 16 but only 0 procs are accessible
WARNING: MPI rank 28 will use 16 but only 0 procs are accessible
WARNING: MPI rank 32 will use 16 but only 0 procs are accessible
WARNING: MPI rank 33 will use 16 but only 0 procs are accessible
WARNING: MPI rank 34 will use 16 but only 0 procs are accessible
WARNING: MPI rank 35 will use 16 but only 0 procs are accessible
WARNING: MPI rank 36 will use 16 but only 0 procs are accessible
WARNING: MPI rank 37 will use 16 but only 0 procs are accessible
WARNING: MPI rank 38 will use 16 but only 0 procs are accessible
WARNING: MPI rank 39 will use 16 but only 0 procs are accessible
WARNING: MPI rank 40 will use 16 but only 0 procs are accessible
WARNING: MPI rank 41 will use 16 but only 0 procs are accessible
WARNING: MPI rank 42 will use 16 but only 0 procs are accessible
WARNING: MPI rank 43 will use 16 but only 0 procs are accessible
WARNING: MPI rank 44 will use 16 but only 0 procs are accessible
WARNING: MPI rank 45 will use 16 but only 0 procs are accessible
WARNING: MPI rank 46 will use 16 but only 0 procs are accessible
WARNING: MPI rank 47 will use 16 but only 0 procs are accessible
WARNING: MPI rank 129 will use 16 but only 0 procs are accessible
WARNING: MPI rank 133 will use 16 but only 0 procs are accessible
WARNING: MPI rank 134 will use 16 but only 0 procs are accessible
WARNING: MPI rank 141 will use 16 but only 0 procs are accessible
WARNING: MPI rank 142 will use 16 but only 0 procs are accessible
WARNING: MPI rank 145 will use 16 but only 0 procs are accessible
WARNING: MPI rank 146 will use 16 but only 0 procs are accessible
WARNING: MPI rank 152 will use 16 but only 0 procs are accessible
WARNING: MPI rank 153 will use 16 but only 0 procs are accessible
WARNING: MPI rank 154 will use 16 but only 0 procs are accessible
WARNING: MPI rank 156 will use 16 but only 0 procs are accessible
WARNING: MPI rank 200 will use 16 but only 0 procs are accessible
WARNING: MPI rank 204 will use 16 but only 0 procs are accessible
WARNING: MPI rank 205 will use 16 but only 0 procs are accessible
WARNING: MPI rank 206 will use 16 but only 0 procs are accessible
WARNING: MPI rank 207 will use 16 but only 0 procs are accessible
                                                                           
                                                                           
***************************************************************************
***                                                                     ***
***                                                                     ***
***          __  __ ____   ____ _                                       ***
***         |  \/  |  _ \ / ___| |__   ___ _ __ ___                     ***
***         | |\/| | |_) | |   | '_ \ / _ \ '_ ` _ \                    ***
***         | |  | |  _ <| |___| | | |  __/ | | | | |                   ***
***         |_|  |_|_| \_\\____|_| |_|\___|_| |_| |_|                   ***
***                                                                     ***
***         VERSION            1.2.0-alpha                              ***
***                                                                     ***
***         Git branch         master                                   ***
***         Git commit hash    670e88e035fab95c2ca9                     ***
WARNING: MPI rank 48 will use 16 but only 0 procs are accessible
WARNING: MPI rank 49 will use 16 but only 0 procs are accessible
WARNING: MPI rank 50 will use 16 but only 0 procs are accessible
WARNING: MPI rank 51 will use 16 but only 0 procs are accessible
WARNING: MPI rank 53 will use 16 but only 0 procs are accessible
WARNING: MPI rank 54 will use 16 but only 0 procs are accessible
WARNING: MPI rank 56 will use 16 but only 0 procs are accessible
WARNING: MPI rank 57 will use 16 but only 0 procs are accessible
WARNING: MPI rank 58 will use 16 but only 0 procs are accessible
WARNING: MPI rank 59 will use 16 but only 0 procs are accessible
WARNING: MPI rank 60 will use 16 but only 0 procs are accessible
WARNING: MPI rank 61 will use 16 but only 0 procs are accessible
WARNING: MPI rank 63 will use 16 but only 0 procs are accessible
WARNING: MPI rank 67 will use 16 but only 0 procs are accessible
WARNING: MPI rank 86 will use 16 but only 0 procs are accessible
WARNING: MPI rank 96 will use 16 but only 0 procs are accessible
WARNING: MPI rank 108 will use 16 but only 0 procs are accessible
WARNING: MPI rank 114 will use 16 but only 0 procs are accessible
WARNING: MPI rank 120 will use 16 but only 0 procs are accessible
WARNING: MPI rank 132 will use 16 but only 0 procs are accessible
WARNING: MPI rank 136 will use 16 but only 0 procs are accessible
WARNING: MPI rank 138 will use 16 but only 0 procs are accessible
WARNING: MPI rank 139 will use 16 but only 0 procs are accessible
WARNING: MPI rank 147 will use 16 but only 0 procs are accessible
WARNING: MPI rank 149 will use 16 but only 0 procs are accessible
WARNING: MPI rank 150 will use 16 but only 0 procs are accessible
WARNING: MPI rank 151 will use 16 but only 0 procs are accessible
WARNING: MPI rank 158 will use 16 but only 0 procs are accessible
WARNING: MPI rank 159 will use 16 but only 0 procs are accessible
WARNING: MPI rank 160 will use 16 but only 0 procs are accessible
WARNING: MPI rank 162 will use 16 but only 0 procs are accessible
WARNING: MPI rank 163 will use 16 but only 0 procs are accessible
WARNING: MPI rank 164 will use 16 but only 0 procs are accessible
WARNING: MPI rank 165 will use 16 but only 0 procs are accessible
WARNING: MPI rank 166 will use 16 but only 0 procs are accessible
WARNING: MPI rank 167 will use 16 but only 0 procs are accessible
WARNING: MPI rank 168 will use 16 but only 0 procs are accessible
WARNING: MPI rank 169 will use 16 but only 0 procs are accessible
WARNING: MPI rank 170 will use 16 but only 0 procs are accessible
WARNING: MPI rank 172 will use 16 but only 0 procs are accessible
WARNING: MPI rank 174 will use 16 but only 0 procs are accessible
WARNING: MPI rank 175 will use 16 but only 0 procs are accessible
WARNING: MPI rank 181 will use 16 but only 0 procs are accessible
WARNING: MPI rank 189 will use 16 but only 0 procs are accessible
WARNING: MPI rank 195 will use 16 but only 0 procs are accessible
WARNING: MPI rank 197 will use 16 but only 0 procs are accessible
WARNING: MPI rank 199 will use 16 but only 0 procs are accessible
WARNING: MPI rank 203 will use 16 but only 0 procs are accessible
WARNING: MPI rank 208 will use 16 but only 0 procs are accessible
WARNING: MPI rank 209 will use 16 but only 0 procs are accessible
WARNING: MPI rank 210 will use 16 but only 0 procs are accessible
WARNING: MPI rank 211 will use 16 but only 0 procs are accessible
WARNING: MPI rank 212 will use 16 but only 0 procs are accessible
WARNING: MPI rank 213 will use 16 but only 0 procs are accessible
WARNING: MPI rank 214 will use 16 but only 0 procs are accessible
WARNING: MPI rank 215 will use 16 but only 0 procs are accessible
WARNING: MPI rank 216 will use 16 but only 0 procs are accessible
WARNING: MPI rank 217 will use 16 but only 0 procs are accessible
WARNING: MPI rank 218 will use 16 but only 0 procs are accessible
WARNING: MPI rank 219 will use 16 but only 0 procs are accessible
WARNING: MPI rank 220 will use 16 but only 0 procs are accessible
WARNING: MPI rank 221 will use 16 but only 0 procs are accessible
WARNING: MPI rank 222 will use 16 but only 0 procs are accessible
WARNING: MPI rank 223 will use 16 but only 0 procs are accessible
WARNING: MPI rank 224 will use 16 but only 0 procs are accessible
WARNING: MPI rank 225 will use 16 but only 0 procs are accessible
WARNING: MPI rank 226 will use 16 but only 0 procs are accessible
WARNING: MPI rank 227 will use 16 but only 0 procs are accessible
WARNING: MPI rank 228 will use 16 but only 0 procs are accessible
WARNING: MPI rank 232 will use 16 but only 0 procs are accessible
WARNING: MPI rank 233 will use 16 but only 0 procs are accessible
WARNING: MPI rank 234 will use 16 but only 0 procs are accessible
WARNING: MPI rank 235 will use 16 but only 0 procs are accessible
WARNING: MPI rank 236 will use 16 but only 0 procs are accessible
WARNING: MPI rank 238 will use 16 but only 0 procs are accessible
WARNING: MPI rank 240 will use 16 but only 0 procs are accessible
WARNING: MPI rank 241 will use 16 but only 0 procs are accessible
WARNING: MPI rank 243 will use 16 but only 0 procs are accessible
WARNING: MPI rank 245 will use 16 but only 0 procs are accessible
WARNING: MPI rank 246 will use 16 but only 0 procs are accessible
WARNING: MPI rank 248 will use 16 but only 0 procs are accessible
WARNING: MPI rank 249 will use 16 but only 0 procs are accessible
WARNING: MPI rank 250 will use 16 but only 0 procs are accessible
WARNING: MPI rank 251 will use 16 but only 0 procs are accessible
WARNING: MPI rank 252 will use 16 but only 0 procs are accessible
WARNING: MPI rank 253 will use 16 but only 0 procs are accessible
WARNING: MPI rank 254 will use 16 but only 0 procs are accessible
WARNING: MPI rank 255 will use 16 but only 0 procs are accessible
***         Git commit author  Ylva Os                                  ***
***         Git commit date    Mon May 4 13:33:19 2026 +0200            ***
***                                                                     ***
***         Contact: luca.frediani@uit.no                               ***
***                                                                     ***
***         Radovan Bast            Magnar Bjorgve                      ***
***         Roberto Di Remigio      Antoine Durdek                      ***
***         Luca Frediani           Gabriel Gerez                       ***
***         Stig Rune Jensen        Jonas Juselius                      ***
***         Rune Monstad            Peter Wind                          ***
***                                                                     ***
***************************************************************************

---------------------------------------------------------------------------

 MPI processes           :       (85 bank)                             256
 OpenMP threads          :                                              16
 Total cores             :                                            2821
                                                                           
---------------------------------------------------------------------------


---------------------------------------------------------------------------

 MRCPP version         : 1.6.0-alpha
 Git branch            : HEAD
 Git commit hash       : ad080014842f898e9529
 Git commit author     : Niklas Göllmann
 Git commit date       : Wed Mar 11 11:25:17 2026 +0100

 Linear algebra        : EIGEN v3.4.0
 Parallelization       : MPI/OpenMP (16 threads)

---------------------------------------------------------------------------


                                                                           
===========================================================================
                         MultiResolution Analysis
---------------------------------------------------------------------------
 polynomial order      : 11
 polynomial type       : Interpolating
---------------------------------------------------------------------------
 total boxes           : 8
 boxes                 : [          2           2           2 ]
 unit lengths          : [   32.00000    32.00000    32.00000 ]
 scaling factor        : [    1.00000     1.00000     1.00000 ]
 lower bounds          : [  -32.00000   -32.00000   -32.00000 ]
 upper bounds          : [   32.00000    32.00000    32.00000 ]
 total length          : [   64.00000    64.00000    64.00000 ]
===========================================================================


WARNING: MPI rank 22 will use 16 but only 0 procs are accessible
WARNING: MPI rank 52 will use 16 but only 0 procs are accessible
WARNING: MPI rank 55 will use 16 but only 0 procs are accessible
WARNING: MPI rank 62 will use 16 but only 0 procs are accessible
WARNING: MPI rank 64 will use 16 but only 0 procs are accessible
WARNING: MPI rank 65 will use 16 but only 0 procs are accessible
WARNING: MPI rank 66 will use 16 but only 0 procs are accessible
WARNING: MPI rank 68 will use 16 but only 0 procs are accessible
WARNING: MPI rank 69 will use 16 but only 0 procs are accessible
WARNING: MPI rank 70 will use 16 but only 0 procs are accessible
WARNING: MPI rank 71 will use 16 but only 0 procs are accessible
WARNING: MPI rank 72 will use 16 but only 0 procs are accessible
WARNING: MPI rank 73 will use 16 but only 0 procs are accessible
WARNING: MPI rank 74 will use 16 but only 0 procs are accessible
WARNING: MPI rank 75 will use 16 but only 0 procs are accessible
WARNING: MPI rank 76 will use 16 but only 0 procs are accessible
WARNING: MPI rank 77 will use 16 but only 0 procs are accessible
WARNING: MPI rank 78 will use 16 but only 0 procs are accessible
WARNING: MPI rank 79 will use 16 but only 0 procs are accessible
WARNING: MPI rank 80 will use 16 but only 0 procs are accessible
WARNING: MPI rank 81 will use 16 but only 0 procs are accessible
WARNING: MPI rank 82 will use 16 but only 0 procs are accessible
WARNING: MPI rank 83 will use 16 but only 0 procs are accessible
WARNING: MPI rank 84 will use 16 but only 0 procs are accessible
WARNING: MPI rank 85 will use 16 but only 0 procs are accessible
WARNING: MPI rank 87 will use 16 but only 0 procs are accessible
WARNING: MPI rank 88 will use 16 but only 0 procs are accessible
WARNING: MPI rank 89 will use 16 but only 0 procs are accessible
WARNING: MPI rank 90 will use 16 but only 0 procs are accessible
WARNING: MPI rank 91 will use 16 but only 0 procs are accessible
WARNING: MPI rank 92 will use 16 but only 0 procs are accessible
WARNING: MPI rank 93 will use 16 but only 0 procs are accessible
WARNING: MPI rank 94 will use 16 but only 0 procs are accessible
WARNING: MPI rank 95 will use 16 but only 0 procs are accessible
WARNING: MPI rank 97 will use 16 but only 0 procs are accessible
WARNING: MPI rank 98 will use 16 but only 0 procs are accessible
WARNING: MPI rank 99 will use 16 but only 0 procs are accessible
WARNING: MPI rank 100 will use 16 but only 0 procs are accessible
WARNING: MPI rank 101 will use 16 but only 0 procs are accessible
WARNING: MPI rank 102 will use 16 but only 0 procs are accessible
WARNING: MPI rank 103 will use 16 but only 0 procs are accessible
WARNING: MPI rank 104 will use 16 but only 0 procs are accessible
WARNING: MPI rank 105 will use 16 but only 0 procs are accessible
WARNING: MPI rank 106 will use 16 but only 0 procs are accessible
WARNING: MPI rank 107 will use 16 but only 0 procs are accessible
WARNING: MPI rank 109 will use 16 but only 0 procs are accessible
WARNING: MPI rank 110 will use 16 but only 0 procs are accessible
WARNING: MPI rank 111 will use 16 but only 0 procs are accessible
WARNING: MPI rank 112 will use 16 but only 0 procs are accessible
WARNING: MPI rank 113 will use 16 but only 0 procs are accessible
WARNING: MPI rank 115 will use 16 but only 0 procs are accessible
WARNING: MPI rank 116 will use 16 but only 0 procs are accessible
WARNING: MPI rank 117 will use 16 but only 0 procs are accessible
WARNING: MPI rank 118 will use 16 but only 0 procs are accessible
WARNING: MPI rank 119 will use 16 but only 0 procs are accessible
WARNING: MPI rank 121 will use 16 but only 0 procs are accessible
WARNING: MPI rank 122 will use 16 but only 0 procs are accessible
WARNING: MPI rank 123 will use 16 but only 0 procs are accessible
WARNING: MPI rank 124 will use 16 but only 0 procs are accessible
WARNING: MPI rank 125 will use 16 but only 0 procs are accessible
WARNING: MPI rank 126 will use 16 but only 0 procs are accessible
WARNING: MPI rank 127 will use 16 but only 0 procs are accessible
WARNING: MPI rank 128 will use 16 but only 0 procs are accessible
WARNING: MPI rank 130 will use 16 but only 0 procs are accessible
WARNING: MPI rank 131 will use 16 but only 0 procs are accessible
WARNING: MPI rank 135 will use 16 but only 0 procs are accessible
WARNING: MPI rank 137 will use 16 but only 0 procs are accessible
WARNING: MPI rank 140 will use 16 but only 0 procs are accessible
WARNING: MPI rank 143 will use 16 but only 0 procs are accessible
WARNING: MPI rank 144 will use 16 but only 0 procs are accessible
WARNING: MPI rank 148 will use 16 but only 0 procs are accessible
WARNING: MPI rank 155 will use 16 but only 0 procs are accessible
WARNING: MPI rank 157 will use 16 but only 0 procs are accessible
WARNING: MPI rank 161 will use 16 but only 0 procs are accessible
WARNING: MPI rank 171 will use 16 but only 0 procs are accessible
WARNING: MPI rank 173 will use 16 but only 0 procs are accessible
WARNING: MPI rank 176 will use 16 but only 0 procs are accessible
WARNING: MPI rank 177 will use 16 but only 0 procs are accessible
WARNING: MPI rank 178 will use 16 but only 0 procs are accessible
WARNING: MPI rank 180 will use 16 but only 0 procs are accessible
WARNING: MPI rank 182 will use 16 but only 0 procs are accessible
WARNING: MPI rank 183 will use 16 but only 0 procs are accessible
WARNING: MPI rank 184 will use 16 but only 0 procs are accessible
WARNING: MPI rank 185 will use 16 but only 0 procs are accessible
WARNING: MPI rank 186 will use 16 but only 0 procs are accessible
WARNING: MPI rank 187 will use 16 but only 0 procs are accessible
WARNING: MPI rank 188 will use 16 but only 0 procs are accessible
WARNING: MPI rank 190 will use 16 but only 0 procs are accessible
WARNING: MPI rank 191 will use 16 but only 0 procs are accessible
WARNING: MPI rank 201 will use 16 but only 0 procs are accessible
WARNING: MPI rank 202 will use 16 but only 0 procs are accessible
WARNING: MPI rank 229 will use 16 but only 0 procs are accessible
WARNING: MPI rank 230 will use 16 but only 0 procs are accessible
WARNING: MPI rank 231 will use 16 but only 0 procs are accessible
WARNING: MPI rank 237 will use 16 but only 0 procs are accessible
WARNING: MPI rank 239 will use 16 but only 0 procs are accessible
WARNING: MPI rank 242 will use 16 but only 0 procs are accessible
WARNING: MPI rank 244 will use 16 but only 0 procs are accessible
WARNING: MPI rank 247 will use 16 but only 0 procs are accessible
WARNING: MPI rank 179 will use 16 but only 0 procs are accessible
                                                                           
***************************************************************************
***                                                                     ***
***                        Initializing Molecule                        ***
***                                                                     ***
***************************************************************************
                                                                           
                                                                           
===========================================================================
                                 Molecule
---------------------------------------------------------------------------
 Charge                  :                                               0
 Multiplicity            :                                               2
---------------------------------------------------------------------------
    N    Atom            :               x               y               z
---------------------------------------------------------------------------
    0       P            :        0.000000        0.000000        0.544052
    1       O            :        0.000000        2.563036       -0.510037
    2       O            :        0.000000       -2.563036       -0.510037
---------------------------------------------------------------------------
 Center of mass          :        0.000000        0.000000        0.008427
===========================================================================


                                                                           
                                                                           
***************************************************************************
***                                                                     ***
***                           XC Functional                             ***
***                                                                     ***
***************************************************************************

Using Libxc (version 7.0.0) to evaluate density functionals. Libxc is free
software. It is distributed under the Mozilla Public License, version 2.0.
For more information, please check the Libxc manual. You should cite

S. Lehtola, C. Steigemann, M. J.T. Oliveira, and M. A.L. Marques., 
SoftwareX 7, 1–5 (2018) DOI: 10.1016/j.softx.2017.11.002

when reporting the results of your calculation in a scientific article.

Libxc functionals used in this calculation:
  - gga_x_pw91 (ID 109): Perdew & Wang 91
     * J. P. Perdew. In P. Ziesche and H. Eschrig, editors, Proceedings of
       the 75. WE-Heraeus-Seminar and 21st Annual International Symposium on
       Electronic Structure of Solids, 11. Berlin, 1991. Akademie Verlag., DOI:
     * J. P. Perdew, J. A. Chevary, S. H. Vosko, K. A. Jackson, M. R.
       Pederson, D. J. Singh, and C. Fiolhais.,  Phys. Rev. B 46, 6671 (1992),
       DOI:10.1103/PhysRevB.46.6671
     * J. P. Perdew, J. A. Chevary, S. H. Vosko, K. A. Jackson, M. R.
       Pederson, D. J. Singh, and C. Fiolhais.,  Phys. Rev. B 48, 4978 (1993),
       DOI:10.1103/PhysRevB.48.4978.2
  - gga_c_pw91 (ID 134): Perdew & Wang 91
     * J. P. Perdew. In P. Ziesche and H. Eschrig, editors, Proceedings of
       the 75. WE-Heraeus-Seminar and 21st Annual International Symposium on
       Electronic Structure of Solids, 11. Berlin, 1991. Akademie Verlag., DOI:
     * J. P. Perdew, J. A. Chevary, S. H. Vosko, K. A. Jackson, M. R.
       Pederson, D. J. Singh, and C. Fiolhais.,  Phys. Rev. B 46, 6671 (1992),
       DOI:10.1103/PhysRevB.46.6671
     * J. P. Perdew, J. A. Chevary, S. H. Vosko, K. A. Jackson, M. R.
       Pederson, D. J. Singh, and C. Fiolhais.,  Phys. Rev. B 48, 4978 (1993),
       DOI:10.1103/PhysRevB.48.4978.2
                                                                           
***************************************************************************
***                                                                     ***
***                Computing Initial Guess Wavefunction                 ***
***                                                                     ***
***************************************************************************
                                                                           
                                                                           
~~~~~~~~~~~~~~~~~~~~~~~~~~~~~~~~~~~~~~~~~~~~~~~~~~~~~~~~~~~~~~~~~~~~~~~~~~~
 Calculation             : Compute initial orbitals
 Method                  : Diagonalize SAD Hamiltonian
 Precision               : 1.00000e-03
 Screening               : 1.20000e+01 StdDev
 Restricted              : False
 Functional              : LDA (SVWN5)
 XC Library              : LibXC
 AO basis                : 3-21G
~~~~~~~~~~~~~~~~~~~~~~~~~~~~~~~~~~~~~~~~~~~~~~~~~~~~~~~~~~~~~~~~~~~~~~~~~~~


===========================================================================
                            Molecular Orbitals
---------------------------------------------------------------------------
 Alpha electrons         :                                          16.000
 Beta electrons          :                                          15.000
 Total electrons         :                                          31.000
---------------------------------------------------------------------------
    n     Occ Spin       :                                            Norm
---------------------------------------------------------------------------
    0    1.00    a       :                              9.999979504453e-01
    1    1.00    a       :                              9.999999998537e-01
    2    1.00    a       :                              9.999999999893e-01
    3    1.00    a       :                              9.999999998440e-01
    4    1.00    a       :                              9.999999775714e-01
    5    1.00    a       :                              9.999999905635e-01
    6    1.00    a       :                              9.999999980852e-01
    7    1.00    a       :                              9.999999987037e-01
    8    1.00    a       :                              9.999999999554e-01
    9    1.00    a       :                              9.999999976014e-01
   10    1.00    a       :                              9.999999999887e-01
   11    1.00    a       :                              9.999999996991e-01
   12    1.00    a       :                              9.999999999928e-01
   13    1.00    a       :                              9.999999997705e-01
   14    1.00    a       :                              9.999999992295e-01
   15    1.00    a       :                              9.999999987452e-01
   16    1.00    b       :                              9.999979504453e-01
   17    1.00    b       :                              9.999999998537e-01
   18    1.00    b       :                              9.999999999893e-01
   19    1.00    b       :                              9.999999998440e-01
   20    1.00    b       :                              9.999999775714e-01
   21    1.00    b       :                              9.999999905635e-01
   22    1.00    b       :                              9.999999980852e-01
   23    1.00    b       :                              9.999999987037e-01
   24    1.00    b       :                              9.999999999554e-01
   25    1.00    b       :                              9.999999976014e-01
   26    1.00    b       :                              9.999999999887e-01
   27    1.00    b       :                              9.999999996991e-01
   28    1.00    b       :                              9.999999999928e-01
   29    1.00    b       :                              9.999999997705e-01
   30    1.00    b       :                              9.999999992295e-01
===========================================================================


~~~~~~~~~~~~~~~~~~~~~~~~~~~~~~~~~~~~~~~~~~~~~~~~~~~~~~~~~~~~~~~~~~~~~~~~~~~
 Calculation             : Compute initial energy
 Method                  : DFT
 XC Library              : LibXC
 Relativity              : None
 Environment             : None
 External fields         : None
 Precision               : 1.00000e-03
 Density cutoff          : 0.00000e+00
 Localization            : Off
~~~~~~~~~~~~~~~~~~~~~~~~~~~~~~~~~~~~~~~~~~~~~~~~~~~~~~~~~~~~~~~~~~~~~~~~~~~


===========================================================================
                        Molecular Energy (initial)
---------------------------------------------------------------------------
 Kinetic energy          :            (au)                488.025013333332
 E-N energy              :            (au)              -1360.139228125605
 Coulomb energy          :            (au)                324.719144616384
 Exchange energy         :            (au)                  0.000000000000
 X-C energy              :            (au)                -40.592532733143
 N-N energy              :            (au)                 99.086296533698
 Non-local pp energy     :            (au)                  0.000000000000
---------------------------------------------------------------------------
 Electronic energy       :            (au)               -587.987602909032
 Nuclear energy          :            (au)                 99.086296533698
---------------------------------------------------------------------------
 Total energy            :            (au)             -4.889013063753e+02
                         :      (kcal/mol)             -3.067902016323e+05
                         :        (kJ/mol)             -1.283610203630e+06
                         :            (eV)             -1.330368228395e+04
===========================================================================


===========================================================================
                        Orbital Energies (initial)
---------------------------------------------------------------------------
    n     Occ Spin       :                                         Epsilon
---------------------------------------------------------------------------
    0    1.00    a       :            (au)                -76.206819175584
    1    1.00    a       :            (au)                -18.386672876841
    2    1.00    a       :            (au)                -18.385892654746
    3    1.00    a       :            (au)                 -6.613689050544
    4    1.00    a       :            (au)                 -4.844339518345
    5    1.00    a       :            (au)                 -4.842207714534
    6    1.00    a       :            (au)                 -4.841961602988
    7    1.00    a       :            (au)                 -0.950686461485
    8    1.00    a       :            (au)                 -0.858765948413
    9    1.00    a       :            (au)                 -0.496586288032
   10    1.00    a       :            (au)                 -0.325512749192
   11    1.00    a       :            (au)                 -0.291061633846
   12    1.00    a       :            (au)                 -0.239853851249
   13    1.00    a       :            (au)                 -0.150234935270
   14    1.00    a       :            (au)                 -0.146365799212
   15    1.00    a       :            (au)                 -0.125117793432
   16    1.00    b       :            (au)                -76.204135748703
   17    1.00    b       :            (au)                -18.381754694443
   18    1.00    b       :            (au)                -18.380968672536
   19    1.00    b       :            (au)                 -6.610294323627
   20    1.00    b       :            (au)                 -4.841381195560
   21    1.00    b       :            (au)                 -4.839330596937
   22    1.00    b       :            (au)                 -4.836403929503
   23    1.00    b       :            (au)                 -0.931880492149
   24    1.00    b       :            (au)                 -0.845759969004
   25    1.00    b       :            (au)                 -0.357371923839
   26    1.00    b       :            (au)                 -0.316028753783
   27    1.00    b       :            (au)                 -0.274787314101
   28    1.00    b       :            (au)                 -0.224001632902
   29    1.00    b       :            (au)                 -0.144983970261
   30    1.00    b       :            (au)                 -0.138539281392
---------------------------------------------------------------------------
 Sum occupied            :            (au)               -275.033390552454
===========================================================================


                                                                           
***************************************************************************
***                                                                     ***
***                 Computing Ground State Wavefunction                 ***
***                                                                     ***
***************************************************************************
                                                                           
                                                                           
~~~~~~~~~~~~~~~~~~~~~~~~~~~~~~~~~~~~~~~~~~~~~~~~~~~~~~~~~~~~~~~~~~~~~~~~~~~
 Calculation             : Optimize ground state orbitals
 Method                  : DFT
 XC library              : LibXC
 Relativity              : None
 Environment             : None
 External fields         : None
 Checkpointing           : Off
 Max iterations          : 100
 KAIN solver             : 5
 Localization            : Off
 Diagonalization         : First two iterations
 Start precision         : 8.00000e-08
 Final precision         : 8.00000e-08
 Helmholtz precision     : Dynamic
 Energy threshold        : 8.00000e-09
 Orbital threshold       : 9.00000e-05
~~~~~~~~~~~~~~~~~~~~~~~~~~~~~~~~~~~~~~~~~~~~~~~~~~~~~~~~~~~~~~~~~~~~~~~~~~~


===========================================================================
 Iter           MO residual             Total energy                Update
---------------------------------------------------------------------------
    0          5.567764e+00        -488.901306375334         -4.889013e+02
    1          6.372196e-01        -491.646954805155         -2.745648e+00
    2          3.386051e-01        -491.820742957857         -1.737882e-01
    3          1.264448e-01        -491.847140300598         -2.639734e-02
    4          5.126382e-02        -491.854659401941         -7.519101e-03
    5          4.738419e-02        -491.859992461701         -5.333060e-03
    6          2.283345e-02        -491.860748661286         -7.561996e-04
    7          8.090111e-03        -491.860831138542         -8.247726e-05
    8          6.682005e-03        -491.860867939143         -3.680060e-05
    9          4.426448e-03        -491.860884734607         -1.679546e-05
   10          3.691007e-03        -491.860892245154         -7.510547e-06
   11          1.218432e-03        -491.860894418172         -2.173018e-06
   12          7.325568e-04        -491.860895629596         -1.211424e-06
   13          7.455669e-04        -491.860896309385         -6.797898e-07
   14          4.209830e-04        -491.860896416196         -1.068104e-07
   15          2.747559e-04        -491.860896485794         -6.959851e-08
   16          2.567802e-04        -491.860896580242         -9.444761e-08
   17          1.763087e-04        -491.860896626355         -4.611320e-08
   18          1.224590e-04        -491.860896640965         -1.460978e-08
   19          6.975925e-05        -491.860896647633         -6.667847e-09
---------------------------------------------------------------------------
                      SCF converged in 19 iterations!
===========================================================================


                                                                           
***************************************************************************
***                                                                     ***
***                    Printing Molecular Properties                    ***
***                                                                     ***
***************************************************************************
                                                                           
                                                                           
===========================================================================
                                 Molecule
---------------------------------------------------------------------------
 Charge                  :                                               0
 Multiplicity            :                                               2
---------------------------------------------------------------------------
    N    Atom            :               x               y               z
---------------------------------------------------------------------------
    0       P            :        0.000000        0.000000        0.544052
    1       O            :        0.000000        2.563036       -0.510037
    2       O            :        0.000000       -2.563036       -0.510037
---------------------------------------------------------------------------
 Center of mass          :        0.000000        0.000000        0.008427
===========================================================================


===========================================================================
                         Molecular Energy (final)
---------------------------------------------------------------------------
 Kinetic energy          :            (au)                490.984781312025
 E-N energy              :            (au)              -1366.504773684448
 Coulomb energy          :            (au)                324.966577252362
 Exchange energy         :            (au)                  0.000000000000
 X-C energy              :            (au)                -40.393778061271
 N-N energy              :            (au)                 99.086296533698
 Non-local pp energy     :            (au)                  0.000000000000
---------------------------------------------------------------------------
 Electronic energy       :            (au)               -590.947193181331
 Nuclear energy          :            (au)                 99.086296533698
---------------------------------------------------------------------------
 Total energy            :            (au)             -4.918608966476e+02
                         :      (kcal/mol)             -3.086473725675e+05
                         :        (kJ/mol)             -1.291380606823e+06
                         :            (eV)             -1.338421683798e+04
===========================================================================


===========================================================================
                         Orbital Energies (final)
---------------------------------------------------------------------------
    n     Occ Spin       :                                         Epsilon
---------------------------------------------------------------------------
    0    1.00    a       :            (au)                -76.440219653075
    1    1.00    a       :            (au)                -18.822841650744
    2    1.00    a       :            (au)                -18.822837458367
    3    1.00    a       :            (au)                 -6.412806489013
    4    1.00    a       :            (au)                 -4.635912541786
    5    1.00    a       :            (au)                 -4.633119670631
    6    1.00    a       :            (au)                 -4.629449247580
    7    1.00    a       :            (au)                 -0.993228408453
    8    1.00    a       :            (au)                 -0.948233666381
    9    1.00    a       :            (au)                 -0.516929186396
   10    1.00    a       :            (au)                 -0.421803459511
   11    1.00    a       :            (au)                 -0.406719773675
   12    1.00    a       :            (au)                 -0.406347481135
   13    1.00    a       :            (au)                 -0.340649050538
   14    1.00    a       :            (au)                 -0.332206669280
   15    1.00    a       :            (au)                 -0.276045081072
   16    1.00    b       :            (au)                -76.438408505447
   17    1.00    b       :            (au)                -18.816562937416
   18    1.00    b       :            (au)                -18.816559762691
   19    1.00    b       :            (au)                 -6.410231983413
   20    1.00    b       :            (au)                 -4.633634573278
   21    1.00    b       :            (au)                 -4.628420636497
   22    1.00    b       :            (au)                 -4.627613321098
   23    1.00    b       :            (au)                 -0.979653983872
   24    1.00    b       :            (au)                 -0.933921081246
   25    1.00    b       :            (au)                 -0.495271467307
   26    1.00    b       :            (au)                 -0.402601175471
   27    1.00    b       :            (au)                 -0.399229368596
   28    1.00    b       :            (au)                 -0.391716707927
   29    1.00    b       :            (au)                 -0.336564704900
   30    1.00    b       :            (au)                 -0.322973994337
---------------------------------------------------------------------------
 Sum occupied            :            (au)               -277.672713691133
===========================================================================


===========================================================================
                             Orbital Positions
---------------------------------------------------------------------------
  Index       Occ        :               x               y               z
---------------------------------------------------------------------------
      0      1.00        :        0.000000       -0.000000        0.544048
      1      1.00        :        0.000000       -2.561762       -0.509949
      2      1.00        :        0.000000        2.561762       -0.509949
      3      1.00        :        0.000000       -0.000000        0.543500
      4      1.00        :       -0.000000        0.000000        0.544065
      5      1.00        :        0.000000        0.000000        0.544692
      6      1.00        :        0.000000        0.000000        0.543638
      7      1.00        :        0.000000       -0.000149       -0.273083
      8      1.00        :        0.000000        0.000144       -0.317252
      9      1.00        :        0.000000       -0.000043       -0.019551
     10      1.00        :        0.000000        0.000047       -0.576613
     11      1.00        :        0.000000       -0.000076       -0.164233
     12      1.00        :       -0.000000       -0.000131       -0.018312
     13      1.00        :       -0.000000        0.000058       -0.414373
     14      1.00        :       -0.000000        0.000060       -0.314442
     15      1.00        :        0.000000        0.000060        0.500008
     16      1.00        :        0.000000       -0.000000        0.544047
     17      1.00        :        0.000000       -2.562798       -0.509961
     18      1.00        :        0.000000        2.562798       -0.509961
     19      1.00        :        0.000000       -0.000000        0.542516
     20      1.00        :       -0.000000       -0.000000        0.543822
     21      1.00        :        0.000000        0.000000        0.545083
     22      1.00        :        0.000000       -0.000000        0.543547
     23      1.00        :        0.000000       -0.000081       -0.286617
     24      1.00        :        0.000000        0.000081       -0.324893
     25      1.00        :        0.000000       -0.000049       -0.167416
     26      1.00        :        0.000000        0.000033       -0.546299
     27      1.00        :       -0.000000       -0.000050       -0.204714
     28      1.00        :        0.000000       -0.000037       -0.045175
     29      1.00        :       -0.000000        0.000046       -0.413514
     30      1.00        :        0.000000        0.000101       -0.313114
===========================================================================


===========================================================================
                           Dipole Moment (dip-1)
---------------------------------------------------------------------------
 r_O                     :        0.000000        0.000000        0.000000
---------------------------------------------------------------------------
 Electronic vector       :       -0.000000       -0.000013        0.500456
 Magnitude               :            (au)                        0.500456
                         :         (Debye)                        1.272031
---------------------------------------------------------------------------
 Nuclear vector          :        0.000000        0.000000        0.000189
 Magnitude               :            (au)                        0.000189
                         :         (Debye)                        0.000480
---------------------------------------------------------------------------
 Total vector            :        0.000000       -0.000013        0.500645
 Magnitude               :            (au)                        0.500645
                         :         (Debye)                        1.272512
===========================================================================


===========================================================================
                        Quadrupole Moment (quad-1)
---------------------------------------------------------------------------
 r_O                     :        0.000000        0.000000        0.000000
---------------------------------------------------------------------------
 Electronic tensor       :       59.823435       -0.000000       -0.000000
                         :       -0.000000     -105.733218        0.000052
                         :       -0.000000        0.000052       45.909783
---------------------------------------------------------------------------
 Nuclear tensor          :      -56.854258       -0.000000        0.000000
                         :       -0.000000      100.805371        0.000000
                         :        0.000000        0.000000      -43.951113
---------------------------------------------------------------------------
 Total tensor            :        2.969178       -0.000000       -0.000000
                         :       -0.000000       -4.927847        0.000052
                         :       -0.000000        0.000052        1.958670
===========================================================================


                                                                           
                                                                           
***************************************************************************
***                                                                     ***
***                            Exiting MRChem                           ***
***                                                                     ***
***                       Wall time :  0h 39m 42s                       ***
***                                                                     ***
***************************************************************************
                                                                           
                                                                           
