Warning: recommended number of threads is 0
setting number of threads to omp_threads, 16
WARNING: MPI rank 0 will use 16 but only 0 procs are accessible
                                                                           
                                                                           
***************************************************************************
***                                                                     ***
***                                                                     ***
***          __  __ ____   ____ _                                       ***
***         |  \/  |  _ \ / ___| |__   ___ _ __ ___                     ***
***         | |\/| | |_) | |   | '_ \ / _ \ '_ ` _ \                    ***
***         | |  | |  _ <| |___| | | |  __/ | | | | |                   ***
***         |_|  |_|_| \_\\____|_| |_|\___|_| |_| |_|                   ***
***                                                                     ***
***         VERSION            1.2.0-alpha                              ***
***                                                                     ***
***         Git branch         master                                   ***
***         Git commit hash    670e88e035fab95c2ca9                     ***
WARNING: MPI rank 1 will use 16 but only 0 procs are accessible
WARNING: MPI rank 2 will use 16 but only 0 procs are accessible
WARNING: MPI rank 3 will use 16 but only 0 procs are accessible
WARNING: MPI rank 4 will use 16 but only 0 procs are accessible
WARNING: MPI rank 5 will use 16 but only 0 procs are accessible
WARNING: MPI rank 6 will use 16 but only 0 procs are accessible
WARNING: MPI rank 7 will use 16 but only 0 procs are accessible
WARNING: MPI rank 8 will use 16 but only 0 procs are accessible
WARNING: MPI rank 9 will use 16 but only 0 procs are accessible
WARNING: MPI rank 10 will use 16 but only 0 procs are accessible
WARNING: MPI rank 11 will use 16 but only 0 procs are accessible
WARNING: MPI rank 12 will use 16 but only 0 procs are accessible
WARNING: MPI rank 13 will use 16 but only 0 procs are accessible
WARNING: MPI rank 14 will use 16 but only 0 procs are accessible
WARNING: MPI rank 15 will use 16 but only 0 procs are accessible
WARNING: MPI rank 16 will use 16 but only 0 procs are accessible
WARNING: MPI rank 18 will use 16 but only 0 procs are accessible
WARNING: MPI rank 19 will use 16 but only 0 procs are accessible
WARNING: MPI rank 24 will use 16 but only 0 procs are accessible
WARNING: MPI rank 25 will use 16 but only 0 procs are accessible
WARNING: MPI rank 26 will use 16 but only 0 procs are accessible
WARNING: MPI rank 27 will use 16 but only 0 procs are accessible
WARNING: MPI rank 28 will use 16 but only 0 procs are accessible
WARNING: MPI rank 29 will use 16 but only 0 procs are accessible
WARNING: MPI rank 30 will use 16 but only 0 procs are accessible
WARNING: MPI rank 31 will use 16 but only 0 procs are accessible
WARNING: MPI rank 48 will use 16 but only 0 procs are accessible
WARNING: MPI rank 52 will use 16 but only 0 procs are accessible
WARNING: MPI rank 54 will use 16 but only 0 procs are accessible
WARNING: MPI rank 55 will use 16 but only 0 procs are accessible
WARNING: MPI rank 60 will use 16 but only 0 procs are accessible
WARNING: MPI rank 62 will use 16 but only 0 procs are accessible
WARNING: MPI rank 63 will use 16 but only 0 procs are accessible
***         Git commit author  Ylva Os                                  ***
***         Git commit date    Mon May 4 13:33:19 2026 +0200            ***
***                                                                     ***
***         Contact: luca.frediani@uit.no                               ***
***                                                                     ***
***         Radovan Bast            Magnar Bjorgve                      ***
***         Roberto Di Remigio      Antoine Durdek                      ***
***         Luca Frediani           Gabriel Gerez                       ***
***         Stig Rune Jensen        Jonas Juselius                      ***
***         Rune Monstad            Peter Wind                          ***
***                                                                     ***
***************************************************************************

---------------------------------------------------------------------------

 MPI processes           :       (85 bank)                             256
 OpenMP threads          :                                              16
 Total cores             :                                            2821
                                                                           
---------------------------------------------------------------------------


---------------------------------------------------------------------------

 MRCPP version         : 1.6.0-alpha
 Git branch            : HEAD
 Git commit hash       : ad080014842f898e9529
 Git commit author     : Niklas Göllmann
 Git commit date       : Wed Mar 11 11:25:17 2026 +0100

 Linear algebra        : EIGEN v3.4.0
 Parallelization       : MPI/OpenMP (16 threads)

---------------------------------------------------------------------------


                                                                           
===========================================================================
                         MultiResolution Analysis
---------------------------------------------------------------------------
 polynomial order      : 9
 polynomial type       : Interpolating
---------------------------------------------------------------------------
 total boxes           : 8
 boxes                 : [          2           2           2 ]
 unit lengths          : [   64.00000    64.00000    64.00000 ]
 scaling factor        : [    1.00000     1.00000     1.00000 ]
 lower bounds          : [  -64.00000   -64.00000   -64.00000 ]
 upper bounds          : [   64.00000    64.00000    64.00000 ]
 total length          : [  128.00000   128.00000   128.00000 ]
===========================================================================


WARNING: MPI rank 17 will use 16 but only 0 procs are accessible
WARNING: MPI rank 20 will use 16 but only 0 procs are accessible
WARNING: MPI rank 21 will use 16 but only 0 procs are accessible
WARNING: MPI rank 22 will use 16 but only 0 procs are accessible
WARNING: MPI rank 23 will use 16 but only 0 procs are accessible
WARNING: MPI rank 32 will use 16 but only 0 procs are accessible
WARNING: MPI rank 33 will use 16 but only 0 procs are accessible
WARNING: MPI rank 34 will use 16 but only 0 procs are accessible
WARNING: MPI rank 35 will use 16 but only 0 procs are accessible
WARNING: MPI rank 36 will use 16 but only 0 procs are accessible
WARNING: MPI rank 37 will use 16 but only 0 procs are accessible
WARNING: MPI rank 38 will use 16 but only 0 procs are accessible
WARNING: MPI rank 39 will use 16 but only 0 procs are accessible
WARNING: MPI rank 40 will use 16 but only 0 procs are accessible
WARNING: MPI rank 41 will use 16 but only 0 procs are accessible
WARNING: MPI rank 42 will use 16 but only 0 procs are accessible
WARNING: MPI rank 43 will use 16 but only 0 procs are accessible
WARNING: MPI rank 44 will use 16 but only 0 procs are accessible
WARNING: MPI rank 45 will use 16 but only 0 procs are accessible
WARNING: MPI rank 46 will use 16 but only 0 procs are accessible
WARNING: MPI rank 47 will use 16 but only 0 procs are accessible
WARNING: MPI rank 49 will use 16 but only 0 procs are accessible
WARNING: MPI rank 50 will use 16 but only 0 procs are accessible
WARNING: MPI rank 53 will use 16 but only 0 procs are accessible
WARNING: MPI rank 56 will use 16 but only 0 procs are accessible
WARNING: MPI rank 57 will use 16 but only 0 procs are accessible
WARNING: MPI rank 58 will use 16 but only 0 procs are accessible
WARNING: MPI rank 59 will use 16 but only 0 procs are accessible
WARNING: MPI rank 61 will use 16 but only 0 procs are accessible
WARNING: MPI rank 67 will use 16 but only 0 procs are accessible
WARNING: MPI rank 70 will use 16 but only 0 procs are accessible
WARNING: MPI rank 74 will use 16 but only 0 procs are accessible
WARNING: MPI rank 77 will use 16 but only 0 procs are accessible
WARNING: MPI rank 79 will use 16 but only 0 procs are accessible
WARNING: MPI rank 82 will use 16 but only 0 procs are accessible
WARNING: MPI rank 89 will use 16 but only 0 procs are accessible
WARNING: MPI rank 90 will use 16 but only 0 procs are accessible
WARNING: MPI rank 94 will use 16 but only 0 procs are accessible
WARNING: MPI rank 115 will use 16 but only 0 procs are accessible
WARNING: MPI rank 120 will use 16 but only 0 procs are accessible
WARNING: MPI rank 125 will use 16 but only 0 procs are accessible
WARNING: MPI rank 128 will use 16 but only 0 procs are accessible
WARNING: MPI rank 129 will use 16 but only 0 procs are accessible
WARNING: MPI rank 130 will use 16 but only 0 procs are accessible
WARNING: MPI rank 131 will use 16 but only 0 procs are accessible
WARNING: MPI rank 136 will use 16 but only 0 procs are accessible
WARNING: MPI rank 138 will use 16 but only 0 procs are accessible
WARNING: MPI rank 211 will use 16 but only 0 procs are accessible
WARNING: MPI rank 51 will use 16 but only 0 procs are accessible
WARNING: MPI rank 64 will use 16 but only 0 procs are accessible
WARNING: MPI rank 65 will use 16 but only 0 procs are accessible
WARNING: MPI rank 66 will use 16 but only 0 procs are accessible
WARNING: MPI rank 68 will use 16 but only 0 procs are accessible
WARNING: MPI rank 69 will use 16 but only 0 procs are accessible
WARNING: MPI rank 71 will use 16 but only 0 procs are accessible
WARNING: MPI rank 72 will use 16 but only 0 procs are accessible
WARNING: MPI rank 73 will use 16 but only 0 procs are accessible
WARNING: MPI rank 75 will use 16 but only 0 procs are accessible
WARNING: MPI rank 76 will use 16 but only 0 procs are accessible
WARNING: MPI rank 78 will use 16 but only 0 procs are accessible
WARNING: MPI rank 80 will use 16 but only 0 procs are accessible
WARNING: MPI rank 81 will use 16 but only 0 procs are accessible
WARNING: MPI rank 83 will use 16 but only 0 procs are accessible
WARNING: MPI rank 84 will use 16 but only 0 procs are accessible
WARNING: MPI rank 85 will use 16 but only 0 procs are accessible
WARNING: MPI rank 86 will use 16 but only 0 procs are accessible
WARNING: MPI rank 87 will use 16 but only 0 procs are accessible
WARNING: MPI rank 88 will use 16 but only 0 procs are accessible
WARNING: MPI rank 91 will use 16 but only 0 procs are accessible
WARNING: MPI rank 92 will use 16 but only 0 procs are accessible
WARNING: MPI rank 93 will use 16 but only 0 procs are accessible
WARNING: MPI rank 95 will use 16 but only 0 procs are accessible
WARNING: MPI rank 96 will use 16 but only 0 procs are accessible
WARNING: MPI rank 97 will use 16 but only 0 procs are accessible
WARNING: MPI rank 98 will use 16 but only 0 procs are accessible
WARNING: MPI rank 99 will use 16 but only 0 procs are accessible
WARNING: MPI rank 100 will use 16 but only 0 procs are accessible
WARNING: MPI rank 101 will use 16 but only 0 procs are accessible
WARNING: MPI rank 102 will use 16 but only 0 procs are accessible
WARNING: MPI rank 103 will use 16 but only 0 procs are accessible
WARNING: MPI rank 104 will use 16 but only 0 procs are accessible
WARNING: MPI rank 105 will use 16 but only 0 procs are accessible
WARNING: MPI rank 106 will use 16 but only 0 procs are accessible
WARNING: MPI rank 107 will use 16 but only 0 procs are accessible
WARNING: MPI rank 108 will use 16 but only 0 procs are accessible
WARNING: MPI rank 109 will use 16 but only 0 procs are accessible
WARNING: MPI rank 110 will use 16 but only 0 procs are accessible
WARNING: MPI rank 111 will use 16 but only 0 procs are accessible
WARNING: MPI rank 112 will use 16 but only 0 procs are accessible
WARNING: MPI rank 113 will use 16 but only 0 procs are accessible
WARNING: MPI rank 114 will use 16 but only 0 procs are accessible
WARNING: MPI rank 116 will use 16 but only 0 procs are accessible
WARNING: MPI rank 117 will use 16 but only 0 procs are accessible
WARNING: MPI rank 118 will use 16 but only 0 procs are accessible
WARNING: MPI rank 119 will use 16 but only 0 procs are accessible
WARNING: MPI rank 121 will use 16 but only 0 procs are accessible
WARNING: MPI rank 122 will use 16 but only 0 procs are accessible
WARNING: MPI rank 123 will use 16 but only 0 procs are accessible
WARNING: MPI rank 124 will use 16 but only 0 procs are accessible
WARNING: MPI rank 126 will use 16 but only 0 procs are accessible
WARNING: MPI rank 127 will use 16 but only 0 procs are accessible
WARNING: MPI rank 132 will use 16 but only 0 procs are accessible
WARNING: MPI rank 133 will use 16 but only 0 procs are accessible
WARNING: MPI rank 134 will use 16 but only 0 procs are accessible
WARNING: MPI rank 135 will use 16 but only 0 procs are accessible
WARNING: MPI rank 137 will use 16 but only 0 procs are accessible
WARNING: MPI rank 139 will use 16 but only 0 procs are accessible
WARNING: MPI rank 140 will use 16 but only 0 procs are accessible
WARNING: MPI rank 141 will use 16 but only 0 procs are accessible
WARNING: MPI rank 142 will use 16 but only 0 procs are accessible
WARNING: MPI rank 143 will use 16 but only 0 procs are accessible
WARNING: MPI rank 144 will use 16 but only 0 procs are accessible
WARNING: MPI rank 145 will use 16 but only 0 procs are accessible
WARNING: MPI rank 146 will use 16 but only 0 procs are accessible
WARNING: MPI rank 147 will use 16 but only 0 procs are accessible
WARNING: MPI rank 148 will use 16 but only 0 procs are accessible
WARNING: MPI rank 149 will use 16 but only 0 procs are accessible
WARNING: MPI rank 150 will use 16 but only 0 procs are accessible
WARNING: MPI rank 151 will use 16 but only 0 procs are accessible
WARNING: MPI rank 152 will use 16 but only 0 procs are accessible
WARNING: MPI rank 153 will use 16 but only 0 procs are accessible
WARNING: MPI rank 154 will use 16 but only 0 procs are accessible
WARNING: MPI rank 155 will use 16 but only 0 procs are accessible
WARNING: MPI rank 156 will use 16 but only 0 procs are accessible
WARNING: MPI rank 157 will use 16 but only 0 procs are accessible
WARNING: MPI rank 158 will use 16 but only 0 procs are accessible
WARNING: MPI rank 159 will use 16 but only 0 procs are accessible
WARNING: MPI rank 160 will use 16 but only 0 procs are accessible
WARNING: MPI rank 161 will use 16 but only 0 procs are accessible
WARNING: MPI rank 162 will use 16 but only 0 procs are accessible
WARNING: MPI rank 163 will use 16 but only 0 procs are accessible
WARNING: MPI rank 164 will use 16 but only 0 procs are accessible
WARNING: MPI rank 165 will use 16 but only 0 procs are accessible
WARNING: MPI rank 166 will use 16 but only 0 procs are accessible
WARNING: MPI rank 167 will use 16 but only 0 procs are accessible
WARNING: MPI rank 168 will use 16 but only 0 procs are accessible
WARNING: MPI rank 169 will use 16 but only 0 procs are accessible
WARNING: MPI rank 170 will use 16 but only 0 procs are accessible
WARNING: MPI rank 171 will use 16 but only 0 procs are accessible
WARNING: MPI rank 172 will use 16 but only 0 procs are accessible
WARNING: MPI rank 173 will use 16 but only 0 procs are accessible
WARNING: MPI rank 174 will use 16 but only 0 procs are accessible
WARNING: MPI rank 175 will use 16 but only 0 procs are accessible
WARNING: MPI rank 176 will use 16 but only 0 procs are accessible
WARNING: MPI rank 177 will use 16 but only 0 procs are accessible
WARNING: MPI rank 178 will use 16 but only 0 procs are accessible
WARNING: MPI rank 179 will use 16 but only 0 procs are accessible
WARNING: MPI rank 180 will use 16 but only 0 procs are accessible
WARNING: MPI rank 181 will use 16 but only 0 procs are accessible
WARNING: MPI rank 182 will use 16 but only 0 procs are accessible
WARNING: MPI rank 183 will use 16 but only 0 procs are accessible
WARNING: MPI rank 184 will use 16 but only 0 procs are accessible
WARNING: MPI rank 185 will use 16 but only 0 procs are accessible
WARNING: MPI rank 186 will use 16 but only 0 procs are accessible
WARNING: MPI rank 187 will use 16 but only 0 procs are accessible
WARNING: MPI rank 188 will use 16 but only 0 procs are accessible
WARNING: MPI rank 189 will use 16 but only 0 procs are accessible
WARNING: MPI rank 190 will use 16 but only 0 procs are accessible
WARNING: MPI rank 191 will use 16 but only 0 procs are accessible
WARNING: MPI rank 192 will use 16 but only 0 procs are accessible
WARNING: MPI rank 193 will use 16 but only 0 procs are accessible
WARNING: MPI rank 194 will use 16 but only 0 procs are accessible
WARNING: MPI rank 195 will use 16 but only 0 procs are accessible
WARNING: MPI rank 196 will use 16 but only 0 procs are accessible
WARNING: MPI rank 197 will use 16 but only 0 procs are accessible
WARNING: MPI rank 198 will use 16 but only 0 procs are accessible
WARNING: MPI rank 199 will use 16 but only 0 procs are accessible
WARNING: MPI rank 200 will use 16 but only 0 procs are accessible
WARNING: MPI rank 201 will use 16 but only 0 procs are accessible
WARNING: MPI rank 202 will use 16 but only 0 procs are accessible
WARNING: MPI rank 203 will use 16 but only 0 procs are accessible
WARNING: MPI rank 204 will use 16 but only 0 procs are accessible
WARNING: MPI rank 205 will use 16 but only 0 procs are accessible
WARNING: MPI rank 206 will use 16 but only 0 procs are accessible
WARNING: MPI rank 207 will use 16 but only 0 procs are accessible
WARNING: MPI rank 208 will use 16 but only 0 procs are accessible
WARNING: MPI rank 209 will use 16 but only 0 procs are accessible
WARNING: MPI rank 210 will use 16 but only 0 procs are accessible
WARNING: MPI rank 212 will use 16 but only 0 procs are accessible
WARNING: MPI rank 213 will use 16 but only 0 procs are accessible
WARNING: MPI rank 214 will use 16 but only 0 procs are accessible
WARNING: MPI rank 215 will use 16 but only 0 procs are accessible
WARNING: MPI rank 216 will use 16 but only 0 procs are accessible
WARNING: MPI rank 217 will use 16 but only 0 procs are accessible
WARNING: MPI rank 218 will use 16 but only 0 procs are accessible
WARNING: MPI rank 219 will use 16 but only 0 procs are accessible
WARNING: MPI rank 220 will use 16 but only 0 procs are accessible
WARNING: MPI rank 221 will use 16 but only 0 procs are accessible
WARNING: MPI rank 222 will use 16 but only 0 procs are accessible
WARNING: MPI rank 223 will use 16 but only 0 procs are accessible
WARNING: MPI rank 224 will use 16 but only 0 procs are accessible
WARNING: MPI rank 225 will use 16 but only 0 procs are accessible
WARNING: MPI rank 226 will use 16 but only 0 procs are accessible
WARNING: MPI rank 227 will use 16 but only 0 procs are accessible
WARNING: MPI rank 228 will use 16 but only 0 procs are accessible
WARNING: MPI rank 229 will use 16 but only 0 procs are accessible
WARNING: MPI rank 230 will use 16 but only 0 procs are accessible
WARNING: MPI rank 231 will use 16 but only 0 procs are accessible
WARNING: MPI rank 232 will use 16 but only 0 procs are accessible
WARNING: MPI rank 233 will use 16 but only 0 procs are accessible
WARNING: MPI rank 234 will use 16 but only 0 procs are accessible
WARNING: MPI rank 235 will use 16 but only 0 procs are accessible
WARNING: MPI rank 236 will use 16 but only 0 procs are accessible
WARNING: MPI rank 237 will use 16 but only 0 procs are accessible
WARNING: MPI rank 238 will use 16 but only 0 procs are accessible
WARNING: MPI rank 239 will use 16 but only 0 procs are accessible
WARNING: MPI rank 240 will use 16 but only 0 procs are accessible
WARNING: MPI rank 241 will use 16 but only 0 procs are accessible
WARNING: MPI rank 242 will use 16 but only 0 procs are accessible
WARNING: MPI rank 243 will use 16 but only 0 procs are accessible
WARNING: MPI rank 244 will use 16 but only 0 procs are accessible
WARNING: MPI rank 245 will use 16 but only 0 procs are accessible
WARNING: MPI rank 246 will use 16 but only 0 procs are accessible
WARNING: MPI rank 247 will use 16 but only 0 procs are accessible
WARNING: MPI rank 248 will use 16 but only 0 procs are accessible
WARNING: MPI rank 249 will use 16 but only 0 procs are accessible
WARNING: MPI rank 250 will use 16 but only 0 procs are accessible
WARNING: MPI rank 251 will use 16 but only 0 procs are accessible
WARNING: MPI rank 252 will use 16 but only 0 procs are accessible
WARNING: MPI rank 253 will use 16 but only 0 procs are accessible
WARNING: MPI rank 254 will use 16 but only 0 procs are accessible
WARNING: MPI rank 255 will use 16 but only 0 procs are accessible
                                                                           
***************************************************************************
***                                                                     ***
***                        Initializing Molecule                        ***
***                                                                     ***
***************************************************************************
                                                                           
                                                                           
===========================================================================
                                 Molecule
---------------------------------------------------------------------------
 Charge                  :                                               0
 Multiplicity            :                                               3
---------------------------------------------------------------------------
    N    Atom            :               x               y               z
---------------------------------------------------------------------------
    0       P            :        0.000000        0.000000       -1.906356
    1      Cl            :        0.000000        0.000000        1.906356
---------------------------------------------------------------------------
 Center of mass          :        0.000000        0.000000        0.128544
===========================================================================


                                                                           
                                                                           
***************************************************************************
***                                                                     ***
***                           XC Functional                             ***
***                                                                     ***
***************************************************************************

Using Libxc (version 7.0.0) to evaluate density functionals. Libxc is free
software. It is distributed under the Mozilla Public License, version 2.0.
For more information, please check the Libxc manual. You should cite

S. Lehtola, C. Steigemann, M. J.T. Oliveira, and M. A.L. Marques., 
SoftwareX 7, 1–5 (2018) DOI: 10.1016/j.softx.2017.11.002

when reporting the results of your calculation in a scientific article.

Libxc functionals used in this calculation:
  - gga_x_n12 (ID 82): Minnesota N12 exchange functional
     * R. Peverati and D. G. Truhlar.,  J. Chem. Theory Comput. 8, 2310
       (2012), DOI:10.1021/ct3002656
  - gga_c_n12 (ID 80): Minnesota N12 correlation functional
     * R. Peverati and D. G. Truhlar.,  J. Chem. Theory Comput. 8, 2310
       (2012), DOI:10.1021/ct3002656
                                                                           
***************************************************************************
***                                                                     ***
***                Computing Initial Guess Wavefunction                 ***
***                                                                     ***
***************************************************************************
                                                                           
                                                                           
~~~~~~~~~~~~~~~~~~~~~~~~~~~~~~~~~~~~~~~~~~~~~~~~~~~~~~~~~~~~~~~~~~~~~~~~~~~
 Calculation             : Compute initial orbitals
 Method                  : Diagonalize SAD Hamiltonian
 Precision               : 1.00000e-03
 Screening               : 1.20000e+01 StdDev
 Restricted              : False
 Functional              : LDA (SVWN5)
 XC Library              : LibXC
 AO basis                : 3-21G
~~~~~~~~~~~~~~~~~~~~~~~~~~~~~~~~~~~~~~~~~~~~~~~~~~~~~~~~~~~~~~~~~~~~~~~~~~~


===========================================================================
                            Molecular Orbitals
---------------------------------------------------------------------------
 Alpha electrons         :                                          17.000
 Beta electrons          :                                          15.000
 Total electrons         :                                          32.000
---------------------------------------------------------------------------
    n     Occ Spin       :                                            Norm
---------------------------------------------------------------------------
    0    1.00    a       :                              9.999998160373e-01
    1    1.00    a       :                              9.999998294180e-01
    2    1.00    a       :                              9.999895796464e-01
    3    1.00    a       :                              9.999949818937e-01
    4    1.00    a       :                              9.999913251668e-01
    5    1.00    a       :                              9.999976830800e-01
    6    1.00    a       :                              9.999862388392e-01
    7    1.00    a       :                              9.999759171842e-01
    8    1.00    a       :                              9.999917152356e-01
    9    1.00    a       :                              9.999928399226e-01
   10    1.00    a       :                              9.999999783867e-01
   11    1.00    a       :                              9.999999905110e-01
   12    1.00    a       :                              9.999999790819e-01
   13    1.00    a       :                              9.999999556874e-01
   14    1.00    a       :                              9.999999437126e-01
   15    1.00    a       :                              9.999996813847e-01
   16    1.00    a       :                              9.999999330912e-01
   17    1.00    b       :                              9.999998160373e-01
   18    1.00    b       :                              9.999998294180e-01
   19    1.00    b       :                              9.999895796464e-01
   20    1.00    b       :                              9.999949818937e-01
   21    1.00    b       :                              9.999913251668e-01
   22    1.00    b       :                              9.999976830800e-01
   23    1.00    b       :                              9.999862388392e-01
   24    1.00    b       :                              9.999759171842e-01
   25    1.00    b       :                              9.999917152356e-01
   26    1.00    b       :                              9.999928399226e-01
   27    1.00    b       :                              9.999999783867e-01
   28    1.00    b       :                              9.999999905110e-01
   29    1.00    b       :                              9.999999790819e-01
   30    1.00    b       :                              9.999999556874e-01
   31    1.00    b       :                              9.999999437126e-01
===========================================================================


~~~~~~~~~~~~~~~~~~~~~~~~~~~~~~~~~~~~~~~~~~~~~~~~~~~~~~~~~~~~~~~~~~~~~~~~~~~
 Calculation             : Compute initial energy
 Method                  : DFT
 XC Library              : LibXC
 Relativity              : None
 Environment             : None
 External fields         : None
 Precision               : 1.00000e-03
 Density cutoff          : 0.00000e+00
 Localization            : Off
~~~~~~~~~~~~~~~~~~~~~~~~~~~~~~~~~~~~~~~~~~~~~~~~~~~~~~~~~~~~~~~~~~~~~~~~~~~


===========================================================================
                        Molecular Energy (initial)
---------------------------------------------------------------------------
 Kinetic energy          :            (au)                794.762970638211
 E-N energy              :            (au)              -2029.683441453250
 Coulomb energy          :            (au)                421.812549506207
 Exchange energy         :            (au)                  0.000000000000
 X-C energy              :            (au)                -51.300178296346
 N-N energy              :            (au)                 66.881536865714
 Non-local pp energy     :            (au)                  0.000000000000
---------------------------------------------------------------------------
 Electronic energy       :            (au)               -864.408099605177
 Nuclear energy          :            (au)                 66.881536865714
---------------------------------------------------------------------------
 Total energy            :            (au)             -7.975265627395e+02
                         :      (kcal/mol)             -5.004554739360e+05
                         :        (kJ/mol)             -2.093905702948e+06
                         :            (eV)             -2.170180334014e+04
===========================================================================


===========================================================================
                        Orbital Energies (initial)
---------------------------------------------------------------------------
    n     Occ Spin       :                                         Epsilon
---------------------------------------------------------------------------
    0    1.00    a       :            (au)                -99.921104023433
    1    1.00    a       :            (au)                -75.902540141143
    2    1.00    a       :            (au)                 -9.198781090356
    3    1.00    a       :            (au)                 -7.163594149310
    4    1.00    a       :            (au)                 -7.157892391092
    5    1.00    a       :            (au)                 -7.156956175037
    6    1.00    a       :            (au)                 -6.447302904935
    7    1.00    a       :            (au)                 -4.774929415536
    8    1.00    a       :            (au)                 -4.774120392670
    9    1.00    a       :            (au)                 -4.773462012572
   10    1.00    a       :            (au)                 -0.832404171078
   11    1.00    a       :            (au)                 -0.560986113966
   12    1.00    a       :            (au)                 -0.371198779116
   13    1.00    a       :            (au)                 -0.356377688195
   14    1.00    a       :            (au)                 -0.355219856579
   15    1.00    a       :            (au)                 -0.228619647818
   16    1.00    a       :            (au)                 -0.228278875900
   17    1.00    b       :            (au)                -99.919032918591
   18    1.00    b       :            (au)                -75.892224537958
   19    1.00    b       :            (au)                 -9.196919221993
   20    1.00    b       :            (au)                 -7.162154421497
   21    1.00    b       :            (au)                 -7.154566115481
   22    1.00    b       :            (au)                 -7.154550711749
   23    1.00    b       :            (au)                 -6.441626947048
   24    1.00    b       :            (au)                 -4.770895463537
   25    1.00    b       :            (au)                 -4.763370976041
   26    1.00    b       :            (au)                 -4.762573315984
   27    1.00    b       :            (au)                 -0.819553861387
   28    1.00    b       :            (au)                 -0.521734427344
   29    1.00    b       :            (au)                 -0.348081157468
   30    1.00    b       :            (au)                 -0.338671724813
   31    1.00    b       :            (au)                 -0.338098549835
---------------------------------------------------------------------------
 Sum occupied            :            (au)               -459.787822179462
===========================================================================


                                                                           
***************************************************************************
***                                                                     ***
***                 Computing Ground State Wavefunction                 ***
***                                                                     ***
***************************************************************************
                                                                           
                                                                           
~~~~~~~~~~~~~~~~~~~~~~~~~~~~~~~~~~~~~~~~~~~~~~~~~~~~~~~~~~~~~~~~~~~~~~~~~~~
 Calculation             : Optimize ground state orbitals
 Method                  : DFT
 XC library              : LibXC
 Relativity              : None
 Environment             : None
 External fields         : None
 Checkpointing           : Off
 Max iterations          : 100
 KAIN solver             : 5
 Localization            : Off
 Diagonalization         : First two iterations
 Start precision         : 5.00000e-07
 Final precision         : 5.00000e-07
 Helmholtz precision     : Dynamic
 Energy threshold        : 5.00000e-08
 Orbital threshold       : 2.00000e-04
~~~~~~~~~~~~~~~~~~~~~~~~~~~~~~~~~~~~~~~~~~~~~~~~~~~~~~~~~~~~~~~~~~~~~~~~~~~


===========================================================================
 Iter           MO residual             Total energy                Update
---------------------------------------------------------------------------
    0          5.656854e+00        -797.526562739463         -7.975266e+02
    1          2.441905e-01        -801.452854300455         -3.926292e+00
    2          6.177950e-02        -801.558104700488         -1.052504e-01
    3          2.990828e-02        -801.575817504286         -1.771280e-02
    4          4.269894e-02        -801.582783950556         -6.966446e-03
    5          1.479425e-02        -801.583130342682         -3.463921e-04
    6          1.276935e-02        -801.583622209088         -4.918664e-04
    7          7.212461e-03        -801.583710113477         -8.790439e-05
    8          4.060771e-03        -801.583738040170         -2.792669e-05
    9          4.749968e-03        -801.583728348048          9.692122e-06
   10          1.904276e-03        -801.583763006585         -3.465854e-05
   11          1.477609e-03        -801.583764864693         -1.858108e-06
   12          6.710963e-04        -801.583774763778         -9.899084e-06
   13          1.185782e-03        -801.583751399382          2.336440e-05
   14          6.688288e-04        -801.583781412132         -3.001275e-05
   15          5.218920e-04        -801.583779144658          2.267474e-06
   16          2.297023e-04        -801.583783000083         -3.855424e-06
   17          5.065611e-04        -801.583775512005          7.488077e-06
   18          2.519479e-04        -801.583783803157         -8.291152e-06
   19          1.667874e-04        -801.583783347786          4.553709e-07
   20          2.929587e-04        -801.583776513092          6.834694e-06
   21          1.484051e-04        -801.583784644371         -8.131279e-06
   22          1.183455e-04        -801.583781653197          2.991174e-06
   23          8.751225e-05        -801.583784878023         -3.224826e-06
   24          1.398910e-04        -801.583783726043          1.151980e-06
   25          8.392909e-05        -801.583784399533         -6.734896e-07
   26          4.205927e-05        -801.583785016645         -6.171119e-07
   27          6.652254e-05        -801.583785317052         -3.004071e-07
   28          1.231318e-04        -801.583785136930          1.801221e-07
   29          2.465083e-05        -801.583785376347         -2.394171e-07
   30          3.476980e-05        -801.583785389662         -1.331523e-08
---------------------------------------------------------------------------
                      SCF converged in 30 iterations!
===========================================================================


                                                                           
***************************************************************************
***                                                                     ***
***                    Printing Molecular Properties                    ***
***                                                                     ***
***************************************************************************
                                                                           
                                                                           
===========================================================================
                                 Molecule
---------------------------------------------------------------------------
 Charge                  :                                               0
 Multiplicity            :                                               3
---------------------------------------------------------------------------
    N    Atom            :               x               y               z
---------------------------------------------------------------------------
    0       P            :        0.000000        0.000000       -1.906356
    1      Cl            :        0.000000        0.000000        1.906356
---------------------------------------------------------------------------
 Center of mass          :        0.000000        0.000000        0.128544
===========================================================================


===========================================================================
                         Molecular Energy (final)
---------------------------------------------------------------------------
 Kinetic energy          :            (au)                799.006917713995
 E-N energy              :            (au)              -2041.080324124179
 Coulomb energy          :            (au)                425.225541569877
 Exchange energy         :            (au)                  0.000000000000
 X-C energy              :            (au)                -51.617457415070
 N-N energy              :            (au)                 66.881536865714
 Non-local pp energy     :            (au)                  0.000000000000
---------------------------------------------------------------------------
 Electronic energy       :            (au)               -868.465322255376
 Nuclear energy          :            (au)                 66.881536865714
---------------------------------------------------------------------------
 Total energy            :            (au)             -8.015837853897e+02
                         :      (kcal/mol)             -5.030014195873e+05
                         :        (kJ/mol)             -2.104557939553e+06
                         :            (eV)             -2.181220599276e+04
===========================================================================


===========================================================================
                         Orbital Energies (final)
---------------------------------------------------------------------------
    n     Occ Spin       :                                         Epsilon
---------------------------------------------------------------------------
    0    1.00    a       :            (au)               -100.501550026953
    1    1.00    a       :            (au)                -76.213444847742
    2    1.00    a       :            (au)                 -9.211708490167
    3    1.00    a       :            (au)                 -7.156166447491
    4    1.00    a       :            (au)                 -7.150309839618
    5    1.00    a       :            (au)                 -7.150309565197
    6    1.00    a       :            (au)                 -6.369721085594
    7    1.00    a       :            (au)                 -4.685048107527
    8    1.00    a       :            (au)                 -4.684728955083
    9    1.00    a       :            (au)                 -4.684728866656
   10    1.00    a       :            (au)                 -0.784602670550
   11    1.00    a       :            (au)                 -0.536919856833
   12    1.00    a       :            (au)                 -0.356607418777
   13    1.00    a       :            (au)                 -0.337390611425
   14    1.00    a       :            (au)                 -0.337390292717
   15    1.00    a       :            (au)                 -0.203695282484
   16    1.00    a       :            (au)                 -0.203695143252
   17    1.00    b       :            (au)               -100.499341910940
   18    1.00    b       :            (au)                -76.202025480555
   19    1.00    b       :            (au)                 -9.210112719127
   20    1.00    b       :            (au)                 -7.155521172992
   21    1.00    b       :            (au)                 -7.147680160805
   22    1.00    b       :            (au)                 -7.147680064332
   23    1.00    b       :            (au)                 -6.364084782968
   24    1.00    b       :            (au)                 -4.680830611732
   25    1.00    b       :            (au)                 -4.674145718128
   26    1.00    b       :            (au)                 -4.674145693625
   27    1.00    b       :            (au)                 -0.774678252369
   28    1.00    b       :            (au)                 -0.493499951803
   29    1.00    b       :            (au)                 -0.328592234519
   30    1.00    b       :            (au)                 -0.321820606312
   31    1.00    b       :            (au)                 -0.321820563485
---------------------------------------------------------------------------
 Sum occupied            :            (au)               -460.563997431759
===========================================================================


===========================================================================
                             Orbital Positions
---------------------------------------------------------------------------
  Index       Occ        :               x               y               z
---------------------------------------------------------------------------
      0      1.00        :       -0.000000       -0.000000        1.906351
      1      1.00        :        0.000000       -0.000000       -1.906347
      2      1.00        :       -0.000000       -0.000000        1.904170
      3      1.00        :        0.000000        0.000000        1.908141
      4      1.00        :       -0.000000       -0.000000        1.906145
      5      1.00        :       -0.000000       -0.000000        1.906145
      6      1.00        :        0.000000       -0.000000       -1.901658
      7      1.00        :       -0.000000       -0.000000       -1.909964
      8      1.00        :        0.000000        0.000000       -1.905772
      9      1.00        :        0.000000       -0.000000       -1.905772
     10      1.00        :        0.000000        0.000003        1.299308
     11      1.00        :        0.000000        0.000004       -0.473802
     12      1.00        :       -0.000001       -0.000020       -0.301469
     13      1.00        :       -0.000000       -0.000001        1.186543
     14      1.00        :        0.000000        0.000010        1.186538
     15      1.00        :       -0.000000        0.000002       -1.233212
     16      1.00        :       -0.000000       -0.000001       -1.233217
     17      1.00        :       -0.000000       -0.000000        1.906351
     18      1.00        :       -0.000000       -0.000000       -1.906347
     19      1.00        :       -0.000000       -0.000000        1.904072
     20      1.00        :        0.000000        0.000000        1.908158
     21      1.00        :       -0.000000       -0.000000        1.906096
     22      1.00        :       -0.000000       -0.000000        1.906096
     23      1.00        :       -0.000000       -0.000000       -1.901797
     24      1.00        :        0.000000        0.000000       -1.909943
     25      1.00        :       -0.000000       -0.000000       -1.905793
     26      1.00        :       -0.000000       -0.000000       -1.905793
     27      1.00        :       -0.000000       -0.000002        1.363597
     28      1.00        :       -0.000001       -0.000003       -0.014094
     29      1.00        :        0.000003        0.000025       -0.785640
     30      1.00        :       -0.000001       -0.000018        1.479691
     31      1.00        :       -0.000001       -0.000001        1.479674
===========================================================================


===========================================================================
                           Dipole Moment (dip-1)
---------------------------------------------------------------------------
 r_O                     :        0.000000        0.000000        0.000000
---------------------------------------------------------------------------
 Electronic vector       :        0.000000        0.000001       -3.956458
 Magnitude               :            (au)                        3.956458
                         :         (Debye)                       10.056312
---------------------------------------------------------------------------
 Nuclear vector          :        0.000000        0.000000        3.812711
 Magnitude               :            (au)                        3.812711
                         :         (Debye)                        9.690946
---------------------------------------------------------------------------
 Total vector            :        0.000000        0.000001       -0.143746
 Magnitude               :            (au)                        0.143746
                         :         (Debye)                        0.365366
===========================================================================


===========================================================================
                        Quadrupole Moment (quad-1)
---------------------------------------------------------------------------
 r_O                     :        0.000000        0.000000        0.000000
---------------------------------------------------------------------------
 Electronic tensor       :       57.672288        0.000000        0.000000
                         :        0.000000       57.672337        0.000010
                         :        0.000000        0.000010     -115.344625
---------------------------------------------------------------------------
 Nuclear tensor          :      -58.147074       -0.000000        0.000000
                         :       -0.000000      -58.147074        0.000000
                         :        0.000000        0.000000      116.294147
---------------------------------------------------------------------------
 Total tensor            :       -0.474786        0.000000        0.000000
                         :        0.000000       -0.474737        0.000010
                         :        0.000000        0.000010        0.949522
===========================================================================


                                                                           
                                                                           
***************************************************************************
***                                                                     ***
***                            Exiting MRChem                           ***
***                                                                     ***
***                       Wall time :  1h 20m  9s                       ***
***                                                                     ***
***************************************************************************
                                                                           
                                                                           
