WARNING: MPI rank 13 will use 16 but only 0 procs are accessible
WARNING: MPI rank 65 will use 16 but only 0 procs are accessible
WARNING: MPI rank 67 will use 16 but only 0 procs are accessible
WARNING: MPI rank 117 will use 16 but only 0 procs are accessible
WARNING: MPI rank 131 will use 16 but only 0 procs are accessible
WARNING: MPI rank 133 will use 16 but only 0 procs are accessible
WARNING: MPI rank 139 will use 16 but only 0 procs are accessible
WARNING: MPI rank 140 will use 16 but only 0 procs are accessible
WARNING: MPI rank 143 will use 16 but only 0 procs are accessible
WARNING: MPI rank 145 will use 16 but only 0 procs are accessible
WARNING: MPI rank 153 will use 16 but only 0 procs are accessible
WARNING: MPI rank 159 will use 16 but only 0 procs are accessible
WARNING: MPI rank 161 will use 16 but only 0 procs are accessible
WARNING: MPI rank 174 will use 16 but only 0 procs are accessible
WARNING: MPI rank 243 will use 16 but only 0 procs are accessible
WARNING: MPI rank 21 will use 16 but only 0 procs are accessible
WARNING: MPI rank 41 will use 16 but only 0 procs are accessible
WARNING: MPI rank 61 will use 16 but only 0 procs are accessible
WARNING: MPI rank 63 will use 16 but only 0 procs are accessible
WARNING: MPI rank 70 will use 16 but only 0 procs are accessible
WARNING: MPI rank 76 will use 16 but only 0 procs are accessible
WARNING: MPI rank 78 will use 16 but only 0 procs are accessible
WARNING: MPI rank 82 will use 16 but only 0 procs are accessible
WARNING: MPI rank 101 will use 16 but only 0 procs are accessible
WARNING: MPI rank 107 will use 16 but only 0 procs are accessible
WARNING: MPI rank 109 will use 16 but only 0 procs are accessible
WARNING: MPI rank 135 will use 16 but only 0 procs are accessible
WARNING: MPI rank 137 will use 16 but only 0 procs are accessible
WARNING: MPI rank 141 will use 16 but only 0 procs are accessible
WARNING: MPI rank 146 will use 16 but only 0 procs are accessible
WARNING: MPI rank 148 will use 16 but only 0 procs are accessible
WARNING: MPI rank 170 will use 16 but only 0 procs are accessible
WARNING: MPI rank 195 will use 16 but only 0 procs are accessible
WARNING: MPI rank 226 will use 16 but only 0 procs are accessible
WARNING: MPI rank 234 will use 16 but only 0 procs are accessible
WARNING: MPI rank 237 will use 16 but only 0 procs are accessible
WARNING: MPI rank 238 will use 16 but only 0 procs are accessible
WARNING: MPI rank 250 will use 16 but only 0 procs are accessible
Warning: recommended number of threads is 0
setting number of threads to omp_threads, 16
WARNING: MPI rank 0 will use 16 but only 0 procs are accessible
WARNING: MPI rank 1 will use 16 but only 0 procs are accessible
WARNING: MPI rank 2 will use 16 but only 0 procs are accessible
WARNING: MPI rank 3 will use 16 but only 0 procs are accessible
WARNING: MPI rank 4 will use 16 but only 0 procs are accessible
WARNING: MPI rank 5 will use 16 but only 0 procs are accessible
WARNING: MPI rank 6 will use 16 but only 0 procs are accessible
WARNING: MPI rank 7 will use 16 but only 0 procs are accessible
WARNING: MPI rank 8 will use 16 but only 0 procs are accessible
WARNING: MPI rank 9 will use 16 but only 0 procs are accessible
WARNING: MPI rank 11 will use 16 but only 0 procs are accessible
WARNING: MPI rank 12 will use 16 but only 0 procs are accessible
WARNING: MPI rank 14 will use 16 but only 0 procs are accessible
WARNING: MPI rank 15 will use 16 but only 0 procs are accessible
WARNING: MPI rank 16 will use 16 but only 0 procs are accessible
WARNING: MPI rank 17 will use 16 but only 0 procs are accessible
WARNING: MPI rank 18 will use 16 but only 0 procs are accessible
WARNING: MPI rank 19 will use 16 but only 0 procs are accessible
WARNING: MPI rank 20 will use 16 but only 0 procs are accessible
WARNING: MPI rank 24 will use 16 but only 0 procs are accessible
WARNING: MPI rank 25 will use 16 but only 0 procs are accessible
WARNING: MPI rank 27 will use 16 but only 0 procs are accessible
WARNING: MPI rank 29 will use 16 but only 0 procs are accessible
WARNING: MPI rank 30 will use 16 but only 0 procs are accessible
WARNING: MPI rank 31 will use 16 but only 0 procs are accessible
WARNING: MPI rank 32 will use 16 but only 0 procs are accessible
WARNING: MPI rank 34 will use 16 but only 0 procs are accessible
WARNING: MPI rank 35 will use 16 but only 0 procs are accessible
WARNING: MPI rank 36 will use 16 but only 0 procs are accessible
WARNING: MPI rank 38 will use 16 but only 0 procs are accessible
WARNING: MPI rank 39 will use 16 but only 0 procs are accessible
WARNING: MPI rank 40 will use 16 but only 0 procs are accessible
WARNING: MPI rank 42 will use 16 but only 0 procs are accessible
WARNING: MPI rank 43 will use 16 but only 0 procs are accessible
WARNING: MPI rank 44 will use 16 but only 0 procs are accessible
WARNING: MPI rank 45 will use 16 but only 0 procs are accessible
WARNING: MPI rank 46 will use 16 but only 0 procs are accessible
WARNING: MPI rank 47 will use 16 but only 0 procs are accessible
WARNING: MPI rank 48 will use 16 but only 0 procs are accessible
WARNING: MPI rank 49 will use 16 but only 0 procs are accessible
WARNING: MPI rank 50 will use 16 but only 0 procs are accessible
WARNING: MPI rank 51 will use 16 but only 0 procs are accessible
WARNING: MPI rank 52 will use 16 but only 0 procs are accessible
WARNING: MPI rank 54 will use 16 but only 0 procs are accessible
WARNING: MPI rank 55 will use 16 but only 0 procs are accessible
WARNING: MPI rank 56 will use 16 but only 0 procs are accessible
WARNING: MPI rank 57 will use 16 but only 0 procs are accessible
WARNING: MPI rank 58 will use 16 but only 0 procs are accessible
WARNING: MPI rank 60 will use 16 but only 0 procs are accessible
WARNING: MPI rank 62 will use 16 but only 0 procs are accessible
WARNING: MPI rank 64 will use 16 but only 0 procs are accessible
WARNING: MPI rank 66 will use 16 but only 0 procs are accessible
WARNING: MPI rank 69 will use 16 but only 0 procs are accessible
WARNING: MPI rank 71 will use 16 but only 0 procs are accessible
WARNING: MPI rank 72 will use 16 but only 0 procs are accessible
WARNING: MPI rank 73 will use 16 but only 0 procs are accessible
WARNING: MPI rank 74 will use 16 but only 0 procs are accessible
WARNING: MPI rank 75 will use 16 but only 0 procs are accessible
WARNING: MPI rank 77 will use 16 but only 0 procs are accessible
WARNING: MPI rank 79 will use 16 but only 0 procs are accessible
WARNING: MPI rank 80 will use 16 but only 0 procs are accessible
WARNING: MPI rank 81 will use 16 but only 0 procs are accessible
WARNING: MPI rank 83 will use 16 but only 0 procs are accessible
WARNING: MPI rank 84 will use 16 but only 0 procs are accessible
WARNING: MPI rank 85 will use 16 but only 0 procs are accessible
WARNING: MPI rank 86 will use 16 but only 0 procs are accessible
WARNING: MPI rank 87 will use 16 but only 0 procs are accessible
WARNING: MPI rank 88 will use 16 but only 0 procs are accessible
WARNING: MPI rank 89 will use 16 but only 0 procs are accessible
WARNING: MPI rank 90 will use 16 but only 0 procs are accessible
WARNING: MPI rank 91 will use 16 but only 0 procs are accessible
WARNING: MPI rank 92 will use 16 but only 0 procs are accessible
WARNING: MPI rank 93 will use 16 but only 0 procs are accessible
WARNING: MPI rank 94 will use 16 but only 0 procs are accessible
WARNING: MPI rank 95 will use 16 but only 0 procs are accessible
WARNING: MPI rank 96 will use 16 but only 0 procs are accessible
WARNING: MPI rank 97 will use 16 but only 0 procs are accessible
WARNING: MPI rank 98 will use 16 but only 0 procs are accessible
WARNING: MPI rank 99 will use 16 but only 0 procs are accessible
WARNING: MPI rank 100 will use 16 but only 0 procs are accessible
WARNING: MPI rank 102 will use 16 but only 0 procs are accessible
WARNING: MPI rank 103 will use 16 but only 0 procs are accessible
WARNING: MPI rank 104 will use 16 but only 0 procs are accessible
WARNING: MPI rank 105 will use 16 but only 0 procs are accessible
WARNING: MPI rank 106 will use 16 but only 0 procs are accessible
WARNING: MPI rank 108 will use 16 but only 0 procs are accessible
WARNING: MPI rank 110 will use 16 but only 0 procs are accessible
WARNING: MPI rank 111 will use 16 but only 0 procs are accessible
WARNING: MPI rank 112 will use 16 but only 0 procs are accessible
WARNING: MPI rank 114 will use 16 but only 0 procs are accessible
WARNING: MPI rank 115 will use 16 but only 0 procs are accessible
WARNING: MPI rank 116 will use 16 but only 0 procs are accessible
WARNING: MPI rank 118 will use 16 but only 0 procs are accessible
WARNING: MPI rank 119 will use 16 but only 0 procs are accessible
WARNING: MPI rank 120 will use 16 but only 0 procs are accessible
WARNING: MPI rank 121 will use 16 but only 0 procs are accessible
WARNING: MPI rank 122 will use 16 but only 0 procs are accessible
WARNING: MPI rank 123 will use 16 but only 0 procs are accessible
WARNING: MPI rank 124 will use 16 but only 0 procs are accessible
WARNING: MPI rank 125 will use 16 but only 0 procs are accessible
WARNING: MPI rank 126 will use 16 but only 0 procs are accessible
WARNING: MPI rank 127 will use 16 but only 0 procs are accessible
WARNING: MPI rank 128 will use 16 but only 0 procs are accessible
WARNING: MPI rank 129 will use 16 but only 0 procs are accessible
WARNING: MPI rank 130 will use 16 but only 0 procs are accessible
WARNING: MPI rank 132 will use 16 but only 0 procs are accessible
WARNING: MPI rank 134 will use 16 but only 0 procs are accessible
WARNING: MPI rank 136 will use 16 but only 0 procs are accessible
WARNING: MPI rank 138 will use 16 but only 0 procs are accessible
WARNING: MPI rank 142 will use 16 but only 0 procs are accessible
WARNING: MPI rank 144 will use 16 but only 0 procs are accessible
WARNING: MPI rank 147 will use 16 but only 0 procs are accessible
WARNING: MPI rank 149 will use 16 but only 0 procs are accessible
WARNING: MPI rank 150 will use 16 but only 0 procs are accessible
WARNING: MPI rank 151 will use 16 but only 0 procs are accessible
WARNING: MPI rank 152 will use 16 but only 0 procs are accessible
WARNING: MPI rank 154 will use 16 but only 0 procs are accessible
WARNING: MPI rank 155 will use 16 but only 0 procs are accessible
WARNING: MPI rank 156 will use 16 but only 0 procs are accessible
WARNING: MPI rank 157 will use 16 but only 0 procs are accessible
WARNING: MPI rank 158 will use 16 but only 0 procs are accessible
WARNING: MPI rank 160 will use 16 but only 0 procs are accessible
WARNING: MPI rank 162 will use 16 but only 0 procs are accessible
WARNING: MPI rank 163 will use 16 but only 0 procs are accessible
WARNING: MPI rank 164 will use 16 but only 0 procs are accessible
WARNING: MPI rank 165 will use 16 but only 0 procs are accessible
WARNING: MPI rank 166 will use 16 but only 0 procs are accessible
WARNING: MPI rank 167 will use 16 but only 0 procs are accessible
WARNING: MPI rank 168 will use 16 but only 0 procs are accessible
WARNING: MPI rank 169 will use 16 but only 0 procs are accessible
WARNING: MPI rank 171 will use 16 but only 0 procs are accessible
WARNING: MPI rank 172 will use 16 but only 0 procs are accessible
WARNING: MPI rank 173 will use 16 but only 0 procs are accessible
WARNING: MPI rank 175 will use 16 but only 0 procs are accessible
WARNING: MPI rank 176 will use 16 but only 0 procs are accessible
WARNING: MPI rank 177 will use 16 but only 0 procs are accessible
WARNING: MPI rank 178 will use 16 but only 0 procs are accessible
WARNING: MPI rank 179 will use 16 but only 0 procs are accessible
WARNING: MPI rank 180 will use 16 but only 0 procs are accessible
WARNING: MPI rank 181 will use 16 but only 0 procs are accessible
WARNING: MPI rank 182 will use 16 but only 0 procs are accessible
WARNING: MPI rank 183 will use 16 but only 0 procs are accessible
WARNING: MPI rank 184 will use 16 but only 0 procs are accessible
WARNING: MPI rank 185 will use 16 but only 0 procs are accessible
WARNING: MPI rank 186 will use 16 but only 0 procs are accessible
WARNING: MPI rank 187 will use 16 but only 0 procs are accessible
WARNING: MPI rank 188 will use 16 but only 0 procs are accessible
WARNING: MPI rank 189 will use 16 but only 0 procs are accessible
WARNING: MPI rank 190 will use 16 but only 0 procs are accessible
WARNING: MPI rank 191 will use 16 but only 0 procs are accessible
WARNING: MPI rank 192 will use 16 but only 0 procs are accessible
WARNING: MPI rank 193 will use 16 but only 0 procs are accessible
WARNING: MPI rank 194 will use 16 but only 0 procs are accessible
WARNING: MPI rank 196 will use 16 but only 0 procs are accessible
WARNING: MPI rank 197 will use 16 but only 0 procs are accessible
WARNING: MPI rank 198 will use 16 but only 0 procs are accessible
WARNING: MPI rank 199 will use 16 but only 0 procs are accessible
WARNING: MPI rank 200 will use 16 but only 0 procs are accessible
WARNING: MPI rank 201 will use 16 but only 0 procs are accessible
WARNING: MPI rank 202 will use 16 but only 0 procs are accessible
WARNING: MPI rank 203 will use 16 but only 0 procs are accessible
WARNING: MPI rank 204 will use 16 but only 0 procs are accessible
WARNING: MPI rank 205 will use 16 but only 0 procs are accessible
WARNING: MPI rank 206 will use 16 but only 0 procs are accessible
WARNING: MPI rank 207 will use 16 but only 0 procs are accessible
WARNING: MPI rank 208 will use 16 but only 0 procs are accessible
WARNING: MPI rank 209 will use 16 but only 0 procs are accessible
WARNING: MPI rank 210 will use 16 but only 0 procs are accessible
WARNING: MPI rank 211 will use 16 but only 0 procs are accessible
WARNING: MPI rank 212 will use 16 but only 0 procs are accessible
WARNING: MPI rank 213 will use 16 but only 0 procs are accessible
WARNING: MPI rank 214 will use 16 but only 0 procs are accessible
WARNING: MPI rank 215 will use 16 but only 0 procs are accessible
WARNING: MPI rank 216 will use 16 but only 0 procs are accessible
WARNING: MPI rank 217 will use 16 but only 0 procs are accessible
WARNING: MPI rank 218 will use 16 but only 0 procs are accessible
WARNING: MPI rank 219 will use 16 but only 0 procs are accessible
WARNING: MPI rank 220 will use 16 but only 0 procs are accessible
WARNING: MPI rank 221 will use 16 but only 0 procs are accessible
WARNING: MPI rank 222 will use 16 but only 0 procs are accessible
WARNING: MPI rank 223 will use 16 but only 0 procs are accessible
WARNING: MPI rank 224 will use 16 but only 0 procs are accessible
WARNING: MPI rank 225 will use 16 but only 0 procs are accessible
WARNING: MPI rank 227 will use 16 but only 0 procs are accessible
WARNING: MPI rank 228 will use 16 but only 0 procs are accessible
WARNING: MPI rank 229 will use 16 but only 0 procs are accessible
WARNING: MPI rank 230 will use 16 but only 0 procs are accessible
WARNING: MPI rank 231 will use 16 but only 0 procs are accessible
WARNING: MPI rank 232 will use 16 but only 0 procs are accessible
WARNING: MPI rank 233 will use 16 but only 0 procs are accessible
WARNING: MPI rank 235 will use 16 but only 0 procs are accessible
WARNING: MPI rank 236 will use 16 but only 0 procs are accessible
WARNING: MPI rank 239 will use 16 but only 0 procs are accessible
WARNING: MPI rank 240 will use 16 but only 0 procs are accessible
WARNING: MPI rank 241 will use 16 but only 0 procs are accessible
WARNING: MPI rank 242 will use 16 but only 0 procs are accessible
WARNING: MPI rank 244 will use 16 but only 0 procs are accessible
WARNING: MPI rank 245 will use 16 but only 0 procs are accessible
WARNING: MPI rank 246 will use 16 but only 0 procs are accessible
WARNING: MPI rank 247 will use 16 but only 0 procs are accessible
WARNING: MPI rank 248 will use 16 but only 0 procs are accessible
WARNING: MPI rank 249 will use 16 but only 0 procs are accessible
WARNING: MPI rank 251 will use 16 but only 0 procs are accessible
WARNING: MPI rank 252 will use 16 but only 0 procs are accessible
WARNING: MPI rank 253 will use 16 but only 0 procs are accessible
WARNING: MPI rank 254 will use 16 but only 0 procs are accessible
WARNING: MPI rank 255 will use 16 but only 0 procs are accessible
WARNING: MPI rank 10 will use 16 but only 0 procs are accessible
WARNING: MPI rank 22 will use 16 but only 0 procs are accessible
WARNING: MPI rank 23 will use 16 but only 0 procs are accessible
WARNING: MPI rank 26 will use 16 but only 0 procs are accessible
WARNING: MPI rank 28 will use 16 but only 0 procs are accessible
WARNING: MPI rank 33 will use 16 but only 0 procs are accessible
WARNING: MPI rank 37 will use 16 but only 0 procs are accessible
WARNING: MPI rank 53 will use 16 but only 0 procs are accessible
WARNING: MPI rank 59 will use 16 but only 0 procs are accessible
WARNING: MPI rank 68 will use 16 but only 0 procs are accessible
                                                                           
                                                                           
***************************************************************************
***                                                                     ***
***                                                                     ***
***          __  __ ____   ____ _                                       ***
***         |  \/  |  _ \ / ___| |__   ___ _ __ ___                     ***
***         | |\/| | |_) | |   | '_ \ / _ \ '_ ` _ \                    ***
***         | |  | |  _ <| |___| | | |  __/ | | | | |                   ***
***         |_|  |_|_| \_\\____|_| |_|\___|_| |_| |_|                   ***
***                                                                     ***
***         VERSION            1.2.0-alpha                              ***
***                                                                     ***
***         Git branch         master                                   ***
***         Git commit hash    670e88e035fab95c2ca9                     ***
***         Git commit author  Ylva Os                                  ***
***         Git commit date    Mon May 4 13:33:19 2026 +0200            ***
***                                                                     ***
***         Contact: luca.frediani@uit.no                               ***
***                                                                     ***
***         Radovan Bast            Magnar Bjorgve                      ***
***         Roberto Di Remigio      Antoine Durdek                      ***
***         Luca Frediani           Gabriel Gerez                       ***
***         Stig Rune Jensen        Jonas Juselius                      ***
***         Rune Monstad            Peter Wind                          ***
***                                                                     ***
***************************************************************************

---------------------------------------------------------------------------

 MPI processes           :       (85 bank)                             256
 OpenMP threads          :                                              16
 Total cores             :                                            2821
                                                                           
---------------------------------------------------------------------------


---------------------------------------------------------------------------

 MRCPP version         : 1.6.0-alpha
 Git branch            : HEAD
 Git commit hash       : ad080014842f898e9529
 Git commit author     : Niklas Göllmann
 Git commit date       : Wed Mar 11 11:25:17 2026 +0100

 Linear algebra        : EIGEN v3.4.0
 Parallelization       : MPI/OpenMP (16 threads)

---------------------------------------------------------------------------


                                                                           
===========================================================================
                         MultiResolution Analysis
---------------------------------------------------------------------------
 polynomial order      : 9
 polynomial type       : Interpolating
---------------------------------------------------------------------------
 total boxes           : 8
 boxes                 : [          2           2           2 ]
 unit lengths          : [   32.00000    32.00000    32.00000 ]
 scaling factor        : [    1.00000     1.00000     1.00000 ]
 lower bounds          : [  -32.00000   -32.00000   -32.00000 ]
 upper bounds          : [   32.00000    32.00000    32.00000 ]
 total length          : [   64.00000    64.00000    64.00000 ]
===========================================================================


                                                                           
***************************************************************************
***                                                                     ***
***                        Initializing Molecule                        ***
***                                                                     ***
***************************************************************************
                                                                           
                                                                           
===========================================================================
                                 Molecule
---------------------------------------------------------------------------
 Charge                  :                                               0
 Multiplicity            :                                               2
---------------------------------------------------------------------------
    N    Atom            :               x               y               z
---------------------------------------------------------------------------
    0       P            :        0.000000        0.000000        0.544052
    1       O            :        0.000000        2.563036       -0.510037
    2       O            :        0.000000       -2.563036       -0.510037
---------------------------------------------------------------------------
 Center of mass          :        0.000000        0.000000        0.008427
===========================================================================


WARNING: MPI rank 113 will use 16 but only 0 procs are accessible
                                                                           
                                                                           
***************************************************************************
***                                                                     ***
***                           XC Functional                             ***
***                                                                     ***
***************************************************************************

Using Libxc (version 7.0.0) to evaluate density functionals. Libxc is free
software. It is distributed under the Mozilla Public License, version 2.0.
For more information, please check the Libxc manual. You should cite

S. Lehtola, C. Steigemann, M. J.T. Oliveira, and M. A.L. Marques., 
SoftwareX 7, 1–5 (2018) DOI: 10.1016/j.softx.2017.11.002

when reporting the results of your calculation in a scientific article.

Libxc functionals used in this calculation:
  - gga_c_n12 (ID 80): Minnesota N12 correlation functional
     * R. Peverati and D. G. Truhlar.,  J. Chem. Theory Comput. 8, 2310
       (2012), DOI:10.1021/ct3002656
                                                                           
***************************************************************************
***                                                                     ***
***                Computing Initial Guess Wavefunction                 ***
***                                                                     ***
***************************************************************************
                                                                           
                                                                           
~~~~~~~~~~~~~~~~~~~~~~~~~~~~~~~~~~~~~~~~~~~~~~~~~~~~~~~~~~~~~~~~~~~~~~~~~~~
 Calculation             : Compute initial orbitals
 Method                  : Diagonalize SAD Hamiltonian
 Precision               : 1.00000e-03
 Screening               : 1.20000e+01 StdDev
 Restricted              : False
 Functional              : LDA (SVWN5)
 XC Library              : LibXC
 AO basis                : 3-21G
~~~~~~~~~~~~~~~~~~~~~~~~~~~~~~~~~~~~~~~~~~~~~~~~~~~~~~~~~~~~~~~~~~~~~~~~~~~


===========================================================================
                            Molecular Orbitals
---------------------------------------------------------------------------
 Alpha electrons         :                                          16.000
 Beta electrons          :                                          15.000
 Total electrons         :                                          31.000
---------------------------------------------------------------------------
    n     Occ Spin       :                                            Norm
---------------------------------------------------------------------------
    0    1.00    a       :                              9.999951291714e-01
    1    1.00    a       :                              9.999999993494e-01
    2    1.00    a       :                              9.999999997341e-01
    3    1.00    a       :                              9.999999996828e-01
    4    1.00    a       :                              9.999999958124e-01
    5    1.00    a       :                              9.999999991344e-01
    6    1.00    a       :                              9.999999999845e-01
    7    1.00    a       :                              9.999999857131e-01
    8    1.00    a       :                              9.999999983180e-01
    9    1.00    a       :                              9.999999743651e-01
   10    1.00    a       :                              9.999999995852e-01
   11    1.00    a       :                              9.999999987760e-01
   12    1.00    a       :                              9.999999998042e-01
   13    1.00    a       :                              9.999999982027e-01
   14    1.00    a       :                              9.999999999979e-01
   15    1.00    a       :                              9.999999869624e-01
   16    1.00    b       :                              9.999951291714e-01
   17    1.00    b       :                              9.999999993494e-01
   18    1.00    b       :                              9.999999997341e-01
   19    1.00    b       :                              9.999999996828e-01
   20    1.00    b       :                              9.999999958124e-01
   21    1.00    b       :                              9.999999991344e-01
   22    1.00    b       :                              9.999999999845e-01
   23    1.00    b       :                              9.999999857131e-01
   24    1.00    b       :                              9.999999983180e-01
   25    1.00    b       :                              9.999999743651e-01
   26    1.00    b       :                              9.999999995852e-01
   27    1.00    b       :                              9.999999987760e-01
   28    1.00    b       :                              9.999999998042e-01
   29    1.00    b       :                              9.999999982027e-01
   30    1.00    b       :                              9.999999999979e-01
===========================================================================


~~~~~~~~~~~~~~~~~~~~~~~~~~~~~~~~~~~~~~~~~~~~~~~~~~~~~~~~~~~~~~~~~~~~~~~~~~~
 Calculation             : Compute initial energy
 Method                  : DFT
 XC Library              : LibXC
 Relativity              : None
 Environment             : None
 External fields         : None
 Precision               : 1.00000e-03
 Density cutoff          : 0.00000e+00
 Localization            : Off
~~~~~~~~~~~~~~~~~~~~~~~~~~~~~~~~~~~~~~~~~~~~~~~~~~~~~~~~~~~~~~~~~~~~~~~~~~~


===========================================================================
                        Molecular Energy (initial)
---------------------------------------------------------------------------
 Kinetic energy          :            (au)                488.002968290129
 E-N energy              :            (au)              -1360.094013434044
 Coulomb energy          :            (au)                324.702021211828
 Exchange energy         :            (au)                  0.000000000000
 X-C energy              :            (au)                 -1.911316574713
 N-N energy              :            (au)                 99.086296533698
 Non-local pp energy     :            (au)                  0.000000000000
---------------------------------------------------------------------------
 Electronic energy       :            (au)               -549.300340506799
 Nuclear energy          :            (au)                 99.086296533698
---------------------------------------------------------------------------
 Total energy            :            (au)             -4.502140439731e+02
                         :      (kcal/mol)             -2.825135779494e+05
                         :        (kJ/mol)             -1.182036810140e+06
                         :            (eV)             -1.225094824392e+04
===========================================================================


===========================================================================
                        Orbital Energies (initial)
---------------------------------------------------------------------------
    n     Occ Spin       :                                         Epsilon
---------------------------------------------------------------------------
    0    1.00    a       :            (au)                -70.260505495517
    1    1.00    a       :            (au)                -15.384784435676
    2    1.00    a       :            (au)                -15.383830644162
    3    1.00    a       :            (au)                 -4.785472366388
    4    1.00    a       :            (au)                 -3.027644547067
    5    1.00    a       :            (au)                 -3.021895002418
    6    1.00    a       :            (au)                 -3.020309671344
    7    1.00    a       :            (au)                 -0.298391688703
    8    1.00    a       :            (au)                 -0.087180729170
    9    1.00    a       :            (au)                  0.095854847052
   10    1.00    a       :            (au)                  0.277359810889
   11    1.00    a       :            (au)                  0.411313907689
   12    1.00    a       :            (au)                  0.494001942729
   13    1.00    a       :            (au)                  0.552933584298
   14    1.00    a       :            (au)                  0.565588692105
   15    1.00    a       :            (au)                  0.578468434412
   16    1.00    b       :            (au)                -70.260703761208
   17    1.00    b       :            (au)                -15.386552413909
   18    1.00    b       :            (au)                -15.385626432125
   19    1.00    b       :            (au)                 -4.782465190477
   20    1.00    b       :            (au)                 -3.028644443019
   21    1.00    b       :            (au)                 -3.021606492347
   22    1.00    b       :            (au)                 -3.018802999565
   23    1.00    b       :            (au)                 -0.241579106131
   24    1.00    b       :            (au)                 -0.090157413318
   25    1.00    b       :            (au)                  0.274144809912
   26    1.00    b       :            (au)                  0.276788464444
   27    1.00    b       :            (au)                  0.409543385339
   28    1.00    b       :            (au)                  0.488997392912
   29    1.00    b       :            (au)                  0.551712732420
   30    1.00    b       :            (au)                  0.564013572703
---------------------------------------------------------------------------
 Sum occupied            :            (au)               -224.945431255641
===========================================================================


                                                                           
***************************************************************************
***                                                                     ***
***                 Computing Ground State Wavefunction                 ***
***                                                                     ***
***************************************************************************
                                                                           
                                                                           
~~~~~~~~~~~~~~~~~~~~~~~~~~~~~~~~~~~~~~~~~~~~~~~~~~~~~~~~~~~~~~~~~~~~~~~~~~~
 Calculation             : Optimize ground state orbitals
 Method                  : DFT
 XC library              : LibXC
 Relativity              : None
 Environment             : None
 External fields         : None
 Checkpointing           : Off
 Max iterations          : 100
 KAIN solver             : 5
 Localization            : Off
 Diagonalization         : First two iterations
 Start precision         : 8.00000e-07
 Final precision         : 8.00000e-07
 Helmholtz precision     : Dynamic
 Energy threshold        : 8.00000e-08
 Orbital threshold       : 3.00000e-04
~~~~~~~~~~~~~~~~~~~~~~~~~~~~~~~~~~~~~~~~~~~~~~~~~~~~~~~~~~~~~~~~~~~~~~~~~~~


===========================================================================
 Iter           MO residual             Total energy                Update
---------------------------------------------------------------------------
    0          5.567764e+00        -450.214043973101         -4.502140e+02
    1          1.037028e+00        -454.028581046835         -3.814537e+00
    2          5.965518e-01        -454.362630197822         -3.340492e-01
    3          7.615079e-01        -454.280476639157          8.215356e-02
    4          3.838173e-01        -454.458828146429         -1.783515e-01
    5          1.767163e-01        -454.478373691574         -1.954555e-02
    6          1.252352e-01        -454.491901151208         -1.352746e-02
    7          9.720142e-02        -454.496912279139         -5.011128e-03
    8          6.091848e-02        -454.498722266479         -1.809987e-03
    9          2.491868e-02        -454.499365716353         -6.434499e-04
   10          1.542365e-02        -454.499567899136         -2.021828e-04
   11          1.153539e-02        -454.499751450595         -1.835515e-04
   12          9.201027e-03        -454.499838538002         -8.708741e-05
   13          5.196358e-03        -454.499866118074         -2.758007e-05
   14          3.777570e-03        -454.499881857747         -1.573967e-05
   15          2.607561e-03        -454.499887829952         -5.972204e-06
   16          2.272646e-03        -454.499891028506         -3.198554e-06
   17          1.616240e-03        -454.499891603665         -5.751594e-07
   18          1.433225e-03        -454.499893153247         -1.549582e-06
   19          1.264810e-03        -454.499895924843         -2.771596e-06
   20          9.376233e-04        -454.499896442726         -5.178828e-07
   21          7.541398e-04        -454.499897149646         -7.069198e-07
   22          5.385885e-04        -454.499897298642         -1.489962e-07
   23          4.342135e-04        -454.499897547091         -2.484492e-07
   24          4.731184e-04        -454.499897601312         -5.422032e-08
   25          3.192305e-04        -454.499897753910         -1.525989e-07
   26          3.710343e-04        -454.499897728526          2.538491e-08
---------------------------------------------------------------------------
                      SCF converged in 26 iterations!
===========================================================================


                                                                           
***************************************************************************
***                                                                     ***
***                    Printing Molecular Properties                    ***
***                                                                     ***
***************************************************************************
                                                                           
                                                                           
===========================================================================
                                 Molecule
---------------------------------------------------------------------------
 Charge                  :                                               0
 Multiplicity            :                                               2
---------------------------------------------------------------------------
    N    Atom            :               x               y               z
---------------------------------------------------------------------------
    0       P            :        0.000000        0.000000        0.544052
    1       O            :        0.000000        2.563036       -0.510037
    2       O            :        0.000000       -2.563036       -0.510037
---------------------------------------------------------------------------
 Center of mass          :        0.000000        0.000000        0.008427
===========================================================================


===========================================================================
                         Molecular Energy (final)
---------------------------------------------------------------------------
 Kinetic energy          :            (au)                455.553206760296
 E-N energy              :            (au)              -1312.924491389679
 Coulomb energy          :            (au)                305.608559126989
 Exchange energy         :            (au)                  0.000000000000
 X-C energy              :            (au)                 -1.823468759830
 N-N energy              :            (au)                 99.086296533698
 Non-local pp energy     :            (au)                  0.000000000000
---------------------------------------------------------------------------
 Electronic energy       :            (au)               -553.586194262224
 Nuclear energy          :            (au)                 99.086296533698
---------------------------------------------------------------------------
 Total energy            :            (au)             -4.544998977285e+02
                         :      (kcal/mol)             -2.852029917853e+05
                         :        (kJ/mol)             -1.193289317630e+06
                         :            (eV)             -1.236757226585e+04
===========================================================================


===========================================================================
                         Orbital Energies (final)
---------------------------------------------------------------------------
    n     Occ Spin       :                                         Epsilon
---------------------------------------------------------------------------
    0    1.00    a       :            (au)                -72.068801993997
    1    1.00    a       :            (au)                -16.875252147500
    2    1.00    a       :            (au)                -16.875241103053
    3    1.00    a       :            (au)                 -5.330929030861
    4    1.00    a       :            (au)                 -3.588833516953
    5    1.00    a       :            (au)                 -3.588514585006
    6    1.00    a       :            (au)                 -3.587189388551
    7    1.00    a       :            (au)                 -0.685210642829
    8    1.00    a       :            (au)                 -0.630157672672
    9    1.00    a       :            (au)                 -0.233808348088
   10    1.00    a       :            (au)                 -0.174551502048
   11    1.00    a       :            (au)                 -0.167714212566
   12    1.00    a       :            (au)                 -0.145974055282
   13    1.00    a       :            (au)                 -0.100212965806
   14    1.00    a       :            (au)                 -0.086461708531
   15    1.00    a       :            (au)                 -0.038218332552
   16    1.00    b       :            (au)                -72.068900284200
   17    1.00    b       :            (au)                -16.876488779154
   18    1.00    b       :            (au)                -16.876477946068
   19    1.00    b       :            (au)                 -5.331673063411
   20    1.00    b       :            (au)                 -3.589471526584
   21    1.00    b       :            (au)                 -3.589381346538
   22    1.00    b       :            (au)                 -3.588579282777
   23    1.00    b       :            (au)                 -0.687644901675
   24    1.00    b       :            (au)                 -0.632445284110
   25    1.00    b       :            (au)                 -0.238140376923
   26    1.00    b       :            (au)                 -0.176234925633
   27    1.00    b       :            (au)                 -0.169837619165
   28    1.00    b       :            (au)                 -0.149300658805
   29    1.00    b       :            (au)                 -0.100909820162
   30    1.00    b       :            (au)                 -0.087178806458
---------------------------------------------------------------------------
 Sum occupied            :            (au)               -248.339735827960
===========================================================================


===========================================================================
                             Orbital Positions
---------------------------------------------------------------------------
  Index       Occ        :               x               y               z
---------------------------------------------------------------------------
      0      1.00        :       -0.000000        0.000000        0.544050
      1      1.00        :        0.000000        2.562740       -0.509950
      2      1.00        :       -0.000000       -2.562740       -0.509950
      3      1.00        :        0.000000        0.000000        0.542633
      4      1.00        :        0.000000       -0.000000        0.543014
      5      1.00        :       -0.000000        0.000000        0.543752
      6      1.00        :        0.000000       -0.000000        0.544603
      7      1.00        :       -0.000000        0.000201       -0.263156
      8      1.00        :       -0.000000       -0.000200       -0.307256
      9      1.00        :       -0.000000        0.000119       -0.008408
     10      1.00        :       -0.000000        0.000115       -0.153128
     11      1.00        :        0.000000        0.000106       -0.082797
     12      1.00        :       -0.000000       -0.000105       -0.659714
     13      1.00        :       -0.000000       -0.000124       -0.389621
     14      1.00        :        0.000000       -0.000099       -0.142680
     15      1.00        :        0.000000       -0.000056        0.492539
     16      1.00        :       -0.000000       -0.000000        0.544050
     17      1.00        :        0.000000        2.562776       -0.509938
     18      1.00        :       -0.000000       -2.562776       -0.509938
     19      1.00        :        0.000000        0.000000        0.542990
     20      1.00        :       -0.000000        0.000000        0.543958
     21      1.00        :        0.000000       -0.000000        0.543107
     22      1.00        :        0.000000       -0.000000        0.544887
     23      1.00        :        0.000000        0.000199       -0.259994
     24      1.00        :        0.000000       -0.000201       -0.305288
     25      1.00        :       -0.000000        0.000125        0.033109
     26      1.00        :       -0.000000        0.000107       -0.141981
     27      1.00        :       -0.000000        0.000115       -0.101063
     28      1.00        :       -0.000000       -0.000180       -0.646890
     29      1.00        :       -0.000000       -0.000117       -0.387973
     30      1.00        :        0.000000       -0.000034       -0.170271
===========================================================================


===========================================================================
                           Dipole Moment (dip-1)
---------------------------------------------------------------------------
 r_O                     :        0.000000        0.000000        0.000000
---------------------------------------------------------------------------
 Electronic vector       :        0.000000        0.000027        0.097304
 Magnitude               :            (au)                        0.097304
                         :         (Debye)                        0.247322
---------------------------------------------------------------------------
 Nuclear vector          :        0.000000        0.000000        0.000189
 Magnitude               :            (au)                        0.000189
                         :         (Debye)                        0.000480
---------------------------------------------------------------------------
 Total vector            :        0.000000        0.000027        0.097493
 Magnitude               :            (au)                        0.097493
                         :         (Debye)                        0.247803
===========================================================================


===========================================================================
                        Quadrupole Moment (quad-1)
---------------------------------------------------------------------------
 r_O                     :        0.000000        0.000000        0.000000
---------------------------------------------------------------------------
 Electronic tensor       :       58.653281        0.000000        0.000000
                         :        0.000000     -102.977963        0.000192
                         :        0.000000        0.000192       44.324682
---------------------------------------------------------------------------
 Nuclear tensor          :      -56.854258        0.000000        0.000000
                         :        0.000000      100.805371        0.000000
                         :        0.000000        0.000000      -43.951113
---------------------------------------------------------------------------
 Total tensor            :        1.799024        0.000000        0.000000
                         :        0.000000       -2.172593        0.000192
                         :        0.000000        0.000192        0.373569
===========================================================================


                                                                           
                                                                           
***************************************************************************
***                                                                     ***
***                            Exiting MRChem                           ***
***                                                                     ***
***                       Wall time :  0h 54m 49s                       ***
***                                                                     ***
***************************************************************************
                                                                           
                                                                           
