WARNING: MPI rank 1 will use 16 but only 0 procs are accessible
WARNING: MPI rank 3 will use 16 but only 0 procs are accessible
WARNING: MPI rank 32 will use 16 but only 0 procs are accessible
WARNING: MPI rank 34 will use 16 but only 0 procs are accessible
WARNING: MPI rank 35 will use 16 but only 0 procs are accessible
WARNING: MPI rank 36 will use 16 but only 0 procs are accessible
WARNING: MPI rank 128 will use 16 but only 0 procs are accessible
WARNING: MPI rank 130 will use 16 but only 0 procs are accessible
WARNING: MPI rank 132 will use 16 but only 0 procs are accessible
WARNING: MPI rank 133 will use 16 but only 0 procs are accessible
WARNING: MPI rank 134 will use 16 but only 0 procs are accessible
WARNING: MPI rank 136 will use 16 but only 0 procs are accessible
WARNING: MPI rank 138 will use 16 but only 0 procs are accessible
WARNING: MPI rank 139 will use 16 but only 0 procs are accessible
WARNING: MPI rank 140 will use 16 but only 0 procs are accessible
WARNING: MPI rank 142 will use 16 but only 0 procs are accessible
WARNING: MPI rank 144 will use 16 but only 0 procs are accessible
WARNING: MPI rank 145 will use 16 but only 0 procs are accessible
WARNING: MPI rank 146 will use 16 but only 0 procs are accessible
WARNING: MPI rank 147 will use 16 but only 0 procs are accessible
WARNING: MPI rank 148 will use 16 but only 0 procs are accessible
WARNING: MPI rank 149 will use 16 but only 0 procs are accessible
WARNING: MPI rank 150 will use 16 but only 0 procs are accessible
WARNING: MPI rank 152 will use 16 but only 0 procs are accessible
WARNING: MPI rank 153 will use 16 but only 0 procs are accessible
WARNING: MPI rank 154 will use 16 but only 0 procs are accessible
WARNING: MPI rank 155 will use 16 but only 0 procs are accessible
WARNING: MPI rank 156 will use 16 but only 0 procs are accessible
WARNING: MPI rank 158 will use 16 but only 0 procs are accessible
WARNING: MPI rank 160 will use 16 but only 0 procs are accessible
WARNING: MPI rank 161 will use 16 but only 0 procs are accessible
WARNING: MPI rank 163 will use 16 but only 0 procs are accessible
Warning: recommended number of threads is 0
setting number of threads to omp_threads, 16
WARNING: MPI rank 0 will use 16 but only 0 procs are accessible
                                                                           
                                                                           
***************************************************************************
***                                                                     ***
***                                                                     ***
***          __  __ ____   ____ _                                       ***
***         |  \/  |  _ \ / ___| |__   ___ _ __ ___                     ***
***         | |\/| | |_) | |   | '_ \ / _ \ '_ ` _ \                    ***
***         | |  | |  _ <| |___| | | |  __/ | | | | |                   ***
***         |_|  |_|_| \_\\____|_| |_|\___|_| |_| |_|                   ***
***                                                                     ***
***         VERSION            1.2.0-alpha                              ***
***                                                                     ***
***         Git branch         master                                   ***
***         Git commit hash    670e88e035fab95c2ca9                     ***
***         Git commit author  Ylva Os                                  ***
***         Git commit date    Mon May 4 13:33:19 2026 +0200            ***
***                                                                     ***
***         Contact: luca.frediani@uit.no                               ***
***                                                                     ***
***         Radovan Bast            Magnar Bjorgve                      ***
***         Roberto Di Remigio      Antoine Durdek                      ***
***         Luca Frediani           Gabriel Gerez                       ***
***         Stig Rune Jensen        Jonas Juselius                      ***
***         Rune Monstad            Peter Wind                          ***
***                                                                     ***
***************************************************************************

---------------------------------------------------------------------------

 MPI processes           :       (85 bank)                             256
 OpenMP threads          :                                              16
 Total cores             :                                            2821
                                                                           
---------------------------------------------------------------------------


---------------------------------------------------------------------------

 MRCPP version         : 1.6.0-alpha
 Git branch            : HEAD
 Git commit hash       : ad080014842f898e9529
 Git commit author     : Niklas Göllmann
 Git commit date       : Wed Mar 11 11:25:17 2026 +0100

 Linear algebra        : EIGEN v3.4.0
 Parallelization       : MPI/OpenMP (16 threads)

---------------------------------------------------------------------------


                                                                           
===========================================================================
                         MultiResolution Analysis
---------------------------------------------------------------------------
 polynomial order      : 11
 polynomial type       : Interpolating
---------------------------------------------------------------------------
 total boxes           : 8
 boxes                 : [          2           2           2 ]
 unit lengths          : [   64.00000    64.00000    64.00000 ]
 scaling factor        : [    1.00000     1.00000     1.00000 ]
 lower bounds          : [  -64.00000   -64.00000   -64.00000 ]
 upper bounds          : [   64.00000    64.00000    64.00000 ]
 total length          : [  128.00000   128.00000   128.00000 ]
===========================================================================


WARNING: MPI rank 4 will use 16 but only 0 procs are accessible
WARNING: MPI rank 5 will use 16 but only 0 procs are accessible
WARNING: MPI rank 7 will use 16 but only 0 procs are accessible
WARNING: MPI rank 8 will use 16 but only 0 procs are accessible
WARNING: MPI rank 9 will use 16 but only 0 procs are accessible
WARNING: MPI rank 12 will use 16 but only 0 procs are accessible
WARNING: MPI rank 14 will use 16 but only 0 procs are accessible
WARNING: MPI rank 15 will use 16 but only 0 procs are accessible
WARNING: MPI rank 16 will use 16 but only 0 procs are accessible
WARNING: MPI rank 17 will use 16 but only 0 procs are accessible
WARNING: MPI rank 18 will use 16 but only 0 procs are accessible
WARNING: MPI rank 20 will use 16 but only 0 procs are accessible
WARNING: MPI rank 23 will use 16 but only 0 procs are accessible
WARNING: MPI rank 24 will use 16 but only 0 procs are accessible
WARNING: MPI rank 25 will use 16 but only 0 procs are accessible
WARNING: MPI rank 27 will use 16 but only 0 procs are accessible
WARNING: MPI rank 33 will use 16 but only 0 procs are accessible
WARNING: MPI rank 37 will use 16 but only 0 procs are accessible
WARNING: MPI rank 38 will use 16 but only 0 procs are accessible
WARNING: MPI rank 40 will use 16 but only 0 procs are accessible
WARNING: MPI rank 41 will use 16 but only 0 procs are accessible
WARNING: MPI rank 42 will use 16 but only 0 procs are accessible
WARNING: MPI rank 44 will use 16 but only 0 procs are accessible
WARNING: MPI rank 45 will use 16 but only 0 procs are accessible
WARNING: MPI rank 46 will use 16 but only 0 procs are accessible
WARNING: MPI rank 47 will use 16 but only 0 procs are accessible
WARNING: MPI rank 48 will use 16 but only 0 procs are accessible
WARNING: MPI rank 49 will use 16 but only 0 procs are accessible
WARNING: MPI rank 50 will use 16 but only 0 procs are accessible
WARNING: MPI rank 52 will use 16 but only 0 procs are accessible
WARNING: MPI rank 53 will use 16 but only 0 procs are accessible
WARNING: MPI rank 54 will use 16 but only 0 procs are accessible
WARNING: MPI rank 55 will use 16 but only 0 procs are accessible
WARNING: MPI rank 56 will use 16 but only 0 procs are accessible
WARNING: MPI rank 58 will use 16 but only 0 procs are accessible
WARNING: MPI rank 59 will use 16 but only 0 procs are accessible
WARNING: MPI rank 64 will use 16 but only 0 procs are accessible
WARNING: MPI rank 65 will use 16 but only 0 procs are accessible
WARNING: MPI rank 66 will use 16 but only 0 procs are accessible
WARNING: MPI rank 67 will use 16 but only 0 procs are accessible
WARNING: MPI rank 68 will use 16 but only 0 procs are accessible
WARNING: MPI rank 69 will use 16 but only 0 procs are accessible
WARNING: MPI rank 70 will use 16 but only 0 procs are accessible
WARNING: MPI rank 71 will use 16 but only 0 procs are accessible
WARNING: MPI rank 72 will use 16 but only 0 procs are accessible
WARNING: MPI rank 73 will use 16 but only 0 procs are accessible
WARNING: MPI rank 74 will use 16 but only 0 procs are accessible
WARNING: MPI rank 75 will use 16 but only 0 procs are accessible
WARNING: MPI rank 76 will use 16 but only 0 procs are accessible
WARNING: MPI rank 77 will use 16 but only 0 procs are accessible
WARNING: MPI rank 78 will use 16 but only 0 procs are accessible
WARNING: MPI rank 79 will use 16 but only 0 procs are accessible
WARNING: MPI rank 80 will use 16 but only 0 procs are accessible
WARNING: MPI rank 81 will use 16 but only 0 procs are accessible
WARNING: MPI rank 82 will use 16 but only 0 procs are accessible
WARNING: MPI rank 83 will use 16 but only 0 procs are accessible
WARNING: MPI rank 84 will use 16 but only 0 procs are accessible
WARNING: MPI rank 85 will use 16 but only 0 procs are accessible
WARNING: MPI rank 86 will use 16 but only 0 procs are accessible
WARNING: MPI rank 87 will use 16 but only 0 procs are accessible
WARNING: MPI rank 88 will use 16 but only 0 procs are accessible
WARNING: MPI rank 89 will use 16 but only 0 procs are accessible
WARNING: MPI rank 90 will use 16 but only 0 procs are accessible
WARNING: MPI rank 92 will use 16 but only 0 procs are accessible
WARNING: MPI rank 94 will use 16 but only 0 procs are accessible
WARNING: MPI rank 95 will use 16 but only 0 procs are accessible
WARNING: MPI rank 129 will use 16 but only 0 procs are accessible
WARNING: MPI rank 131 will use 16 but only 0 procs are accessible
WARNING: MPI rank 135 will use 16 but only 0 procs are accessible
WARNING: MPI rank 137 will use 16 but only 0 procs are accessible
WARNING: MPI rank 141 will use 16 but only 0 procs are accessible
WARNING: MPI rank 143 will use 16 but only 0 procs are accessible
WARNING: MPI rank 151 will use 16 but only 0 procs are accessible
WARNING: MPI rank 157 will use 16 but only 0 procs are accessible
WARNING: MPI rank 159 will use 16 but only 0 procs are accessible
WARNING: MPI rank 192 will use 16 but only 0 procs are accessible
WARNING: MPI rank 2 will use 16 but only 0 procs are accessible
WARNING: MPI rank 6 will use 16 but only 0 procs are accessible
WARNING: MPI rank 10 will use 16 but only 0 procs are accessible
WARNING: MPI rank 11 will use 16 but only 0 procs are accessible
WARNING: MPI rank 13 will use 16 but only 0 procs are accessible
WARNING: MPI rank 19 will use 16 but only 0 procs are accessible
WARNING: MPI rank 21 will use 16 but only 0 procs are accessible
WARNING: MPI rank 22 will use 16 but only 0 procs are accessible
WARNING: MPI rank 26 will use 16 but only 0 procs are accessible
WARNING: MPI rank 28 will use 16 but only 0 procs are accessible
WARNING: MPI rank 29 will use 16 but only 0 procs are accessible
WARNING: MPI rank 30 will use 16 but only 0 procs are accessible
WARNING: MPI rank 31 will use 16 but only 0 procs are accessible
WARNING: MPI rank 39 will use 16 but only 0 procs are accessible
WARNING: MPI rank 43 will use 16 but only 0 procs are accessible
WARNING: MPI rank 51 will use 16 but only 0 procs are accessible
WARNING: MPI rank 57 will use 16 but only 0 procs are accessible
WARNING: MPI rank 60 will use 16 but only 0 procs are accessible
WARNING: MPI rank 61 will use 16 but only 0 procs are accessible
WARNING: MPI rank 62 will use 16 but only 0 procs are accessible
WARNING: MPI rank 63 will use 16 but only 0 procs are accessible
WARNING: MPI rank 91 will use 16 but only 0 procs are accessible
WARNING: MPI rank 93 will use 16 but only 0 procs are accessible
WARNING: MPI rank 96 will use 16 but only 0 procs are accessible
WARNING: MPI rank 97 will use 16 but only 0 procs are accessible
WARNING: MPI rank 98 will use 16 but only 0 procs are accessible
WARNING: MPI rank 99 will use 16 but only 0 procs are accessible
WARNING: MPI rank 100 will use 16 but only 0 procs are accessible
WARNING: MPI rank 101 will use 16 but only 0 procs are accessible
WARNING: MPI rank 102 will use 16 but only 0 procs are accessible
WARNING: MPI rank 103 will use 16 but only 0 procs are accessible
WARNING: MPI rank 104 will use 16 but only 0 procs are accessible
WARNING: MPI rank 105 will use 16 but only 0 procs are accessible
WARNING: MPI rank 106 will use 16 but only 0 procs are accessible
WARNING: MPI rank 107 will use 16 but only 0 procs are accessible
WARNING: MPI rank 108 will use 16 but only 0 procs are accessible
WARNING: MPI rank 109 will use 16 but only 0 procs are accessible
WARNING: MPI rank 110 will use 16 but only 0 procs are accessible
WARNING: MPI rank 111 will use 16 but only 0 procs are accessible
WARNING: MPI rank 112 will use 16 but only 0 procs are accessible
WARNING: MPI rank 113 will use 16 but only 0 procs are accessible
WARNING: MPI rank 114 will use 16 but only 0 procs are accessible
WARNING: MPI rank 115 will use 16 but only 0 procs are accessible
WARNING: MPI rank 116 will use 16 but only 0 procs are accessible
WARNING: MPI rank 117 will use 16 but only 0 procs are accessible
WARNING: MPI rank 118 will use 16 but only 0 procs are accessible
WARNING: MPI rank 119 will use 16 but only 0 procs are accessible
WARNING: MPI rank 120 will use 16 but only 0 procs are accessible
WARNING: MPI rank 121 will use 16 but only 0 procs are accessible
WARNING: MPI rank 122 will use 16 but only 0 procs are accessible
WARNING: MPI rank 123 will use 16 but only 0 procs are accessible
WARNING: MPI rank 124 will use 16 but only 0 procs are accessible
WARNING: MPI rank 125 will use 16 but only 0 procs are accessible
WARNING: MPI rank 126 will use 16 but only 0 procs are accessible
WARNING: MPI rank 127 will use 16 but only 0 procs are accessible
WARNING: MPI rank 162 will use 16 but only 0 procs are accessible
WARNING: MPI rank 164 will use 16 but only 0 procs are accessible
WARNING: MPI rank 165 will use 16 but only 0 procs are accessible
WARNING: MPI rank 166 will use 16 but only 0 procs are accessible
WARNING: MPI rank 167 will use 16 but only 0 procs are accessible
WARNING: MPI rank 168 will use 16 but only 0 procs are accessible
WARNING: MPI rank 169 will use 16 but only 0 procs are accessible
WARNING: MPI rank 170 will use 16 but only 0 procs are accessible
WARNING: MPI rank 171 will use 16 but only 0 procs are accessible
WARNING: MPI rank 172 will use 16 but only 0 procs are accessible
WARNING: MPI rank 173 will use 16 but only 0 procs are accessible
WARNING: MPI rank 174 will use 16 but only 0 procs are accessible
WARNING: MPI rank 175 will use 16 but only 0 procs are accessible
WARNING: MPI rank 176 will use 16 but only 0 procs are accessible
WARNING: MPI rank 177 will use 16 but only 0 procs are accessible
WARNING: MPI rank 178 will use 16 but only 0 procs are accessible
WARNING: MPI rank 179 will use 16 but only 0 procs are accessible
WARNING: MPI rank 180 will use 16 but only 0 procs are accessible
WARNING: MPI rank 181 will use 16 but only 0 procs are accessible
WARNING: MPI rank 182 will use 16 but only 0 procs are accessible
WARNING: MPI rank 183 will use 16 but only 0 procs are accessible
WARNING: MPI rank 184 will use 16 but only 0 procs are accessible
WARNING: MPI rank 185 will use 16 but only 0 procs are accessible
WARNING: MPI rank 186 will use 16 but only 0 procs are accessible
WARNING: MPI rank 187 will use 16 but only 0 procs are accessible
WARNING: MPI rank 188 will use 16 but only 0 procs are accessible
WARNING: MPI rank 189 will use 16 but only 0 procs are accessible
WARNING: MPI rank 190 will use 16 but only 0 procs are accessible
WARNING: MPI rank 191 will use 16 but only 0 procs are accessible
WARNING: MPI rank 193 will use 16 but only 0 procs are accessible
WARNING: MPI rank 194 will use 16 but only 0 procs are accessible
WARNING: MPI rank 195 will use 16 but only 0 procs are accessible
WARNING: MPI rank 196 will use 16 but only 0 procs are accessible
WARNING: MPI rank 197 will use 16 but only 0 procs are accessible
WARNING: MPI rank 198 will use 16 but only 0 procs are accessible
WARNING: MPI rank 199 will use 16 but only 0 procs are accessible
WARNING: MPI rank 200 will use 16 but only 0 procs are accessible
WARNING: MPI rank 201 will use 16 but only 0 procs are accessible
WARNING: MPI rank 202 will use 16 but only 0 procs are accessible
WARNING: MPI rank 203 will use 16 but only 0 procs are accessible
WARNING: MPI rank 204 will use 16 but only 0 procs are accessible
WARNING: MPI rank 205 will use 16 but only 0 procs are accessible
WARNING: MPI rank 206 will use 16 but only 0 procs are accessible
WARNING: MPI rank 207 will use 16 but only 0 procs are accessible
WARNING: MPI rank 208 will use 16 but only 0 procs are accessible
WARNING: MPI rank 209 will use 16 but only 0 procs are accessible
WARNING: MPI rank 210 will use 16 but only 0 procs are accessible
WARNING: MPI rank 211 will use 16 but only 0 procs are accessible
WARNING: MPI rank 212 will use 16 but only 0 procs are accessible
WARNING: MPI rank 213 will use 16 but only 0 procs are accessible
WARNING: MPI rank 214 will use 16 but only 0 procs are accessible
WARNING: MPI rank 215 will use 16 but only 0 procs are accessible
WARNING: MPI rank 216 will use 16 but only 0 procs are accessible
WARNING: MPI rank 217 will use 16 but only 0 procs are accessible
WARNING: MPI rank 218 will use 16 but only 0 procs are accessible
WARNING: MPI rank 219 will use 16 but only 0 procs are accessible
WARNING: MPI rank 220 will use 16 but only 0 procs are accessible
WARNING: MPI rank 221 will use 16 but only 0 procs are accessible
WARNING: MPI rank 222 will use 16 but only 0 procs are accessible
WARNING: MPI rank 223 will use 16 but only 0 procs are accessible
WARNING: MPI rank 224 will use 16 but only 0 procs are accessible
WARNING: MPI rank 225 will use 16 but only 0 procs are accessible
WARNING: MPI rank 226 will use 16 but only 0 procs are accessible
WARNING: MPI rank 228 will use 16 but only 0 procs are accessible
WARNING: MPI rank 229 will use 16 but only 0 procs are accessible
WARNING: MPI rank 230 will use 16 but only 0 procs are accessible
WARNING: MPI rank 231 will use 16 but only 0 procs are accessible
WARNING: MPI rank 232 will use 16 but only 0 procs are accessible
WARNING: MPI rank 233 will use 16 but only 0 procs are accessible
WARNING: MPI rank 234 will use 16 but only 0 procs are accessible
WARNING: MPI rank 235 will use 16 but only 0 procs are accessible
WARNING: MPI rank 236 will use 16 but only 0 procs are accessible
WARNING: MPI rank 237 will use 16 but only 0 procs are accessible
WARNING: MPI rank 238 will use 16 but only 0 procs are accessible
WARNING: MPI rank 239 will use 16 but only 0 procs are accessible
WARNING: MPI rank 240 will use 16 but only 0 procs are accessible
WARNING: MPI rank 241 will use 16 but only 0 procs are accessible
WARNING: MPI rank 242 will use 16 but only 0 procs are accessible
WARNING: MPI rank 243 will use 16 but only 0 procs are accessible
WARNING: MPI rank 244 will use 16 but only 0 procs are accessible
WARNING: MPI rank 245 will use 16 but only 0 procs are accessible
WARNING: MPI rank 246 will use 16 but only 0 procs are accessible
WARNING: MPI rank 247 will use 16 but only 0 procs are accessible
WARNING: MPI rank 248 will use 16 but only 0 procs are accessible
WARNING: MPI rank 249 will use 16 but only 0 procs are accessible
WARNING: MPI rank 250 will use 16 but only 0 procs are accessible
WARNING: MPI rank 251 will use 16 but only 0 procs are accessible
WARNING: MPI rank 252 will use 16 but only 0 procs are accessible
WARNING: MPI rank 253 will use 16 but only 0 procs are accessible
WARNING: MPI rank 254 will use 16 but only 0 procs are accessible
WARNING: MPI rank 255 will use 16 but only 0 procs are accessible
                                                                           
***************************************************************************
***                                                                     ***
***                        Initializing Molecule                        ***
***                                                                     ***
***************************************************************************
                                                                           
                                                                           
===========================================================================
                                 Molecule
---------------------------------------------------------------------------
 Charge                  :                                               0
 Multiplicity            :                                               3
---------------------------------------------------------------------------
    N    Atom            :               x               y               z
---------------------------------------------------------------------------
    0       P            :        0.000000        0.000000       -1.906356
    1      Cl            :        0.000000        0.000000        1.906356
---------------------------------------------------------------------------
 Center of mass          :        0.000000        0.000000        0.128544
===========================================================================


WARNING: MPI rank 227 will use 16 but only 0 procs are accessible
                                                                           
                                                                           
***************************************************************************
***                                                                     ***
***                           XC Functional                             ***
***                                                                     ***
***************************************************************************

Using Libxc (version 7.0.0) to evaluate density functionals. Libxc is free
software. It is distributed under the Mozilla Public License, version 2.0.
For more information, please check the Libxc manual. You should cite

S. Lehtola, C. Steigemann, M. J.T. Oliveira, and M. A.L. Marques., 
SoftwareX 7, 1–5 (2018) DOI: 10.1016/j.softx.2017.11.002

when reporting the results of your calculation in a scientific article.

Libxc functionals used in this calculation:
  - gga_x_pw91 (ID 109): Perdew & Wang 91
     * J. P. Perdew. In P. Ziesche and H. Eschrig, editors, Proceedings of
       the 75. WE-Heraeus-Seminar and 21st Annual International Symposium on
       Electronic Structure of Solids, 11. Berlin, 1991. Akademie Verlag., DOI:
     * J. P. Perdew, J. A. Chevary, S. H. Vosko, K. A. Jackson, M. R.
       Pederson, D. J. Singh, and C. Fiolhais.,  Phys. Rev. B 46, 6671 (1992),
       DOI:10.1103/PhysRevB.46.6671
     * J. P. Perdew, J. A. Chevary, S. H. Vosko, K. A. Jackson, M. R.
       Pederson, D. J. Singh, and C. Fiolhais.,  Phys. Rev. B 48, 4978 (1993),
       DOI:10.1103/PhysRevB.48.4978.2
                                                                           
***************************************************************************
***                                                                     ***
***                Computing Initial Guess Wavefunction                 ***
***                                                                     ***
***************************************************************************
                                                                           
                                                                           
~~~~~~~~~~~~~~~~~~~~~~~~~~~~~~~~~~~~~~~~~~~~~~~~~~~~~~~~~~~~~~~~~~~~~~~~~~~
 Calculation             : Compute initial orbitals
 Method                  : Diagonalize SAD Hamiltonian
 Precision               : 1.00000e-03
 Screening               : 1.20000e+01 StdDev
 Restricted              : False
 Functional              : LDA (SVWN5)
 XC Library              : LibXC
 AO basis                : 3-21G
~~~~~~~~~~~~~~~~~~~~~~~~~~~~~~~~~~~~~~~~~~~~~~~~~~~~~~~~~~~~~~~~~~~~~~~~~~~


===========================================================================
                            Molecular Orbitals
---------------------------------------------------------------------------
 Alpha electrons         :                                          17.000
 Beta electrons          :                                          15.000
 Total electrons         :                                          32.000
---------------------------------------------------------------------------
    n     Occ Spin       :                                            Norm
---------------------------------------------------------------------------
    0    1.00    a       :                              9.999998606191e-01
    1    1.00    a       :                              9.999999407405e-01
    2    1.00    a       :                              9.999932987964e-01
    3    1.00    a       :                              9.999976977852e-01
    4    1.00    a       :                              9.999960320952e-01
    5    1.00    a       :                              9.999989553049e-01
    6    1.00    a       :                              9.999944711142e-01
    7    1.00    a       :                              9.999930315181e-01
    8    1.00    a       :                              9.999978828945e-01
    9    1.00    a       :                              9.999982236599e-01
   10    1.00    a       :                              9.999999393707e-01
   11    1.00    a       :                              9.999997757397e-01
   12    1.00    a       :                              9.999999331094e-01
   13    1.00    a       :                              9.999998984879e-01
   14    1.00    a       :                              9.999999872865e-01
   15    1.00    a       :                              9.999999707231e-01
   16    1.00    a       :                              9.999999683821e-01
   17    1.00    b       :                              9.999998606191e-01
   18    1.00    b       :                              9.999999407405e-01
   19    1.00    b       :                              9.999932987964e-01
   20    1.00    b       :                              9.999976977852e-01
   21    1.00    b       :                              9.999960320952e-01
   22    1.00    b       :                              9.999989553049e-01
   23    1.00    b       :                              9.999944711142e-01
   24    1.00    b       :                              9.999930315181e-01
   25    1.00    b       :                              9.999978828945e-01
   26    1.00    b       :                              9.999982236599e-01
   27    1.00    b       :                              9.999999393707e-01
   28    1.00    b       :                              9.999997757397e-01
   29    1.00    b       :                              9.999999331094e-01
   30    1.00    b       :                              9.999998984879e-01
   31    1.00    b       :                              9.999999872865e-01
===========================================================================


~~~~~~~~~~~~~~~~~~~~~~~~~~~~~~~~~~~~~~~~~~~~~~~~~~~~~~~~~~~~~~~~~~~~~~~~~~~
 Calculation             : Compute initial energy
 Method                  : DFT
 XC Library              : LibXC
 Relativity              : None
 Environment             : None
 External fields         : None
 Precision               : 1.00000e-03
 Density cutoff          : 0.00000e+00
 Localization            : Off
~~~~~~~~~~~~~~~~~~~~~~~~~~~~~~~~~~~~~~~~~~~~~~~~~~~~~~~~~~~~~~~~~~~~~~~~~~~


===========================================================================
                        Molecular Energy (initial)
---------------------------------------------------------------------------
 Kinetic energy          :            (au)                794.755004287610
 E-N energy              :            (au)              -2029.731979832493
 Coulomb energy          :            (au)                421.838565200349
 Exchange energy         :            (au)                  0.000000000000
 X-C energy              :            (au)                -49.966266915450
 N-N energy              :            (au)                 66.881536865714
 Non-local pp energy     :            (au)                  0.000000000000
---------------------------------------------------------------------------
 Electronic energy       :            (au)               -863.104677259984
 Nuclear energy          :            (au)                 66.881536865714
---------------------------------------------------------------------------
 Total energy            :            (au)             -7.962231403943e+02
                         :      (kcal/mol)             -4.996375640656e+05
                         :        (kJ/mol)             -2.090483568051e+06
                         :            (eV)             -2.166633541126e+04
===========================================================================


===========================================================================
                        Orbital Energies (initial)
---------------------------------------------------------------------------
    n     Occ Spin       :                                         Epsilon
---------------------------------------------------------------------------
    0    1.00    a       :            (au)                -99.982657488874
    1    1.00    a       :            (au)                -75.922937204561
    2    1.00    a       :            (au)                 -9.057616111880
    3    1.00    a       :            (au)                 -6.902574258116
    4    1.00    a       :            (au)                 -6.895590357190
    5    1.00    a       :            (au)                 -6.894598275949
    6    1.00    a       :            (au)                 -6.320334805360
    7    1.00    a       :            (au)                 -4.554047770615
    8    1.00    a       :            (au)                 -4.552495223014
    9    1.00    a       :            (au)                 -4.552433276637
   10    1.00    a       :            (au)                 -0.775385512431
   11    1.00    a       :            (au)                 -0.513927503912
   12    1.00    a       :            (au)                 -0.316324315600
   13    1.00    a       :            (au)                 -0.305807262613
   14    1.00    a       :            (au)                 -0.304645209924
   15    1.00    a       :            (au)                 -0.187131168944
   16    1.00    a       :            (au)                 -0.186390613415
   17    1.00    b       :            (au)                -99.981758785054
   18    1.00    b       :            (au)                -75.916169237616
   19    1.00    b       :            (au)                 -9.055768838367
   20    1.00    b       :            (au)                 -6.901236277966
   21    1.00    b       :            (au)                 -6.892922684412
   22    1.00    b       :            (au)                 -6.892434028425
   23    1.00    b       :            (au)                 -6.312125779520
   24    1.00    b       :            (au)                 -4.549310550264
   25    1.00    b       :            (au)                 -4.539298092399
   26    1.00    b       :            (au)                 -4.539224808783
   27    1.00    b       :            (au)                 -0.758473813338
   28    1.00    b       :            (au)                 -0.459860948181
   29    1.00    b       :            (au)                 -0.287652215814
   30    1.00    b       :            (au)                 -0.277586629910
   31    1.00    b       :            (au)                 -0.276739463626
---------------------------------------------------------------------------
 Sum occupied            :            (au)               -455.865458512710
===========================================================================


                                                                           
***************************************************************************
***                                                                     ***
***                 Computing Ground State Wavefunction                 ***
***                                                                     ***
***************************************************************************
                                                                           
                                                                           
~~~~~~~~~~~~~~~~~~~~~~~~~~~~~~~~~~~~~~~~~~~~~~~~~~~~~~~~~~~~~~~~~~~~~~~~~~~
 Calculation             : Optimize ground state orbitals
 Method                  : DFT
 XC library              : LibXC
 Relativity              : None
 Environment             : None
 External fields         : None
 Checkpointing           : Off
 Max iterations          : 100
 KAIN solver             : 5
 Localization            : Off
 Diagonalization         : First two iterations
 Start precision         : 5.00000e-08
 Final precision         : 5.00000e-08
 Helmholtz precision     : Dynamic
 Energy threshold        : 5.00000e-09
 Orbital threshold       : 7.00000e-05
~~~~~~~~~~~~~~~~~~~~~~~~~~~~~~~~~~~~~~~~~~~~~~~~~~~~~~~~~~~~~~~~~~~~~~~~~~~


===========================================================================
 Iter           MO residual             Total energy                Update
---------------------------------------------------------------------------
    0          5.656854e+00        -796.223140394270         -7.962231e+02
    1          2.478218e-01        -800.101270105042         -3.878130e+00
    2          6.184732e-02        -800.205403908010         -1.041338e-01
    3          3.059356e-02        -800.220527884758         -1.512398e-02
    4          3.642445e-02        -800.226123391871         -5.595507e-03
    5          2.217079e-02        -800.226536652159         -4.132603e-04
    6          1.574763e-02        -800.227094334178         -5.576820e-04
    7          7.477986e-03        -800.227134086407         -3.975223e-05
    8          4.065001e-03        -800.227154570785         -2.048438e-05
    9          2.777688e-03        -800.227176017872         -2.144709e-05
   10          1.009729e-03        -800.227178017593         -1.999720e-06
   11          9.374669e-04        -800.227178419015         -4.014222e-07
   12          6.344779e-04        -800.227178981093         -5.620780e-07
   13          2.394086e-04        -800.227179284636         -3.035431e-07
   14          1.492376e-04        -800.227179341453         -5.681670e-08
   15          8.505388e-05        -800.227179349335         -7.882477e-09
   16          1.029927e-04        -800.227179356000         -6.664891e-09
   17          6.254959e-05        -800.227179360001         -4.000867e-09
---------------------------------------------------------------------------
                      SCF converged in 17 iterations!
===========================================================================


                                                                           
***************************************************************************
***                                                                     ***
***                    Printing Molecular Properties                    ***
***                                                                     ***
***************************************************************************
                                                                           
                                                                           
===========================================================================
                                 Molecule
---------------------------------------------------------------------------
 Charge                  :                                               0
 Multiplicity            :                                               3
---------------------------------------------------------------------------
    N    Atom            :               x               y               z
---------------------------------------------------------------------------
    0       P            :        0.000000        0.000000       -1.906356
    1      Cl            :        0.000000        0.000000        1.906356
---------------------------------------------------------------------------
 Center of mass          :        0.000000        0.000000        0.128544
===========================================================================


===========================================================================
                         Molecular Energy (final)
---------------------------------------------------------------------------
 Kinetic energy          :            (au)                800.322982101048
 E-N energy              :            (au)              -2040.147014499990
 Coulomb energy          :            (au)                422.794582351428
 Exchange energy         :            (au)                  0.000000000000
 X-C energy              :            (au)                -50.079266178200
 N-N energy              :            (au)                 66.881536865714
 Non-local pp energy     :            (au)                  0.000000000000
---------------------------------------------------------------------------
 Electronic energy       :            (au)               -867.108716225715
 Nuclear energy          :            (au)                 66.881536865714
---------------------------------------------------------------------------
 Total energy            :            (au)             -8.002271793600e+02
                         :      (kcal/mol)             -5.021501364512e+05
                         :        (kJ/mol)             -2.100996170912e+06
                         :            (eV)             -2.177529086210e+04
===========================================================================


===========================================================================
                         Orbital Energies (final)
---------------------------------------------------------------------------
    n     Occ Spin       :                                         Epsilon
---------------------------------------------------------------------------
    0    1.00    a       :            (au)               -100.706776887367
    1    1.00    a       :            (au)                -76.368390826063
    2    1.00    a       :            (au)                 -9.163570284162
    3    1.00    a       :            (au)                 -6.991683590551
    4    1.00    a       :            (au)                 -6.986490282616
    5    1.00    a       :            (au)                 -6.986489753094
    6    1.00    a       :            (au)                 -6.318553880680
    7    1.00    a       :            (au)                 -4.543541321009
    8    1.00    a       :            (au)                 -4.543541016022
    9    1.00    a       :            (au)                 -4.542274278708
   10    1.00    a       :            (au)                 -0.760955734850
   11    1.00    a       :            (au)                 -0.516498627477
   12    1.00    a       :            (au)                 -0.327758473750
   13    1.00    a       :            (au)                 -0.309437746555
   14    1.00    a       :            (au)                 -0.309437215342
   15    1.00    a       :            (au)                 -0.184009365711
   16    1.00    a       :            (au)                 -0.184008995406
   17    1.00    b       :            (au)               -100.705371935433
   18    1.00    b       :            (au)                -76.361035772189
   19    1.00    b       :            (au)                 -9.162101684572
   20    1.00    b       :            (au)                 -6.991162091319
   21    1.00    b       :            (au)                 -6.983791951629
   22    1.00    b       :            (au)                 -6.983791823560
   23    1.00    b       :            (au)                 -6.310087202827
   24    1.00    b       :            (au)                 -4.537452065127
   25    1.00    b       :            (au)                 -4.529196231211
   26    1.00    b       :            (au)                 -4.529196191706
   27    1.00    b       :            (au)                 -0.749969580746
   28    1.00    b       :            (au)                 -0.462017530882
   29    1.00    b       :            (au)                 -0.298328087365
   30    1.00    b       :            (au)                 -0.289773888353
   31    1.00    b       :            (au)                 -0.289773738817
---------------------------------------------------------------------------
 Sum occupied            :            (au)               -458.926468055096
===========================================================================


===========================================================================
                             Orbital Positions
---------------------------------------------------------------------------
  Index       Occ        :               x               y               z
---------------------------------------------------------------------------
      0      1.00        :        0.000000        0.000000        1.906350
      1      1.00        :        0.000000        0.000000       -1.906346
      2      1.00        :        0.000000        0.000000        1.904438
      3      1.00        :       -0.000000       -0.000000        1.907936
      4      1.00        :        0.000000        0.000000        1.906145
      5      1.00        :       -0.000000        0.000000        1.906145
      6      1.00        :        0.000000        0.000001       -1.901723
      7      1.00        :        0.000000        0.000000       -1.905678
      8      1.00        :       -0.000000       -0.000000       -1.905678
      9      1.00        :       -0.000000       -0.000000       -1.909813
     10      1.00        :        0.000000        0.000000        1.303246
     11      1.00        :        0.000000        0.000011       -0.585450
     12      1.00        :        0.000001        0.000026       -0.168782
     13      1.00        :       -0.000000       -0.000009        1.087117
     14      1.00        :        0.000000        0.000001        1.087093
     15      1.00        :        0.000000        0.000012       -1.146306
     16      1.00        :       -0.000001       -0.000022       -1.146320
     17      1.00        :        0.000000        0.000000        1.906350
     18      1.00        :        0.000000        0.000000       -1.906346
     19      1.00        :        0.000000        0.000000        1.904378
     20      1.00        :       -0.000000       -0.000000        1.907948
     21      1.00        :        0.000000        0.000000        1.906105
     22      1.00        :        0.000000        0.000000        1.906105
     23      1.00        :        0.000000        0.000001       -1.901970
     24      1.00        :       -0.000000       -0.000000       -1.909727
     25      1.00        :        0.000000        0.000000       -1.905723
     26      1.00        :       -0.000000       -0.000000       -1.905723
     27      1.00        :        0.000000        0.000004        1.374757
     28      1.00        :        0.000000        0.000003       -0.044297
     29      1.00        :       -0.000002       -0.000067       -0.810794
     30      1.00        :        0.000000        0.000003        1.493794
     31      1.00        :        0.000001        0.000031        1.493721
===========================================================================


===========================================================================
                           Dipole Moment (dip-1)
---------------------------------------------------------------------------
 r_O                     :        0.000000        0.000000        0.000000
---------------------------------------------------------------------------
 Electronic vector       :        0.000000        0.000005       -3.940952
 Magnitude               :            (au)                        3.940952
                         :         (Debye)                       10.016901
---------------------------------------------------------------------------
 Nuclear vector          :        0.000000        0.000000        3.812711
 Magnitude               :            (au)                        3.812711
                         :         (Debye)                        9.690946
---------------------------------------------------------------------------
 Total vector            :        0.000000        0.000005       -0.128241
 Magnitude               :            (au)                        0.128241
                         :         (Debye)                        0.325955
===========================================================================


===========================================================================
                        Quadrupole Moment (quad-1)
---------------------------------------------------------------------------
 r_O                     :        0.000000        0.000000        0.000000
---------------------------------------------------------------------------
 Electronic tensor       :       57.717948       -0.000001       -0.000001
                         :       -0.000001       57.717923       -0.000041
                         :       -0.000001       -0.000041     -115.435871
---------------------------------------------------------------------------
 Nuclear tensor          :      -58.147074       -0.000000        0.000000
                         :       -0.000000      -58.147074        0.000000
                         :        0.000000        0.000000      116.294147
---------------------------------------------------------------------------
 Total tensor            :       -0.429126       -0.000001       -0.000001
                         :       -0.000001       -0.429151       -0.000041
                         :       -0.000001       -0.000041        0.858276
===========================================================================


                                                                           
                                                                           
***************************************************************************
***                                                                     ***
***                            Exiting MRChem                           ***
***                                                                     ***
***                       Wall time :  0h 36m 10s                       ***
***                                                                     ***
***************************************************************************
                                                                           
                                                                           
