WARNING: MPI rank 8 will use 16 but only 0 procs are accessible
WARNING: MPI rank 9 will use 16 but only 0 procs are accessible
WARNING: MPI rank 22 will use 16 but only 0 procs are accessible
WARNING: MPI rank 24 will use 16 but only 0 procs are accessible
WARNING: MPI rank 51 will use 16 but only 0 procs are accessible
WARNING: MPI rank 52 will use 16 but only 0 procs are accessible
WARNING: MPI rank 75 will use 16 but only 0 procs are accessible
WARNING: MPI rank 82 will use 16 but only 0 procs are accessible
WARNING: MPI rank 95 will use 16 but only 0 procs are accessible
Warning: recommended number of threads is 0
setting number of threads to omp_threads, 16
WARNING: MPI rank 0 will use 16 but only 0 procs are accessible
WARNING: MPI rank 1 will use 16 but only 0 procs are accessible
WARNING: MPI rank 2 will use 16 but only 0 procs are accessible
WARNING: MPI rank 4 will use 16 but only 0 procs are accessible
WARNING: MPI rank 5 will use 16 but only 0 procs are accessible
WARNING: MPI rank 6 will use 16 but only 0 procs are accessible
WARNING: MPI rank 7 will use 16 but only 0 procs are accessible
WARNING: MPI rank 10 will use 16 but only 0 procs are accessible
WARNING: MPI rank 11 will use 16 but only 0 procs are accessible
WARNING: MPI rank 13 will use 16 but only 0 procs are accessible
WARNING: MPI rank 14 will use 16 but only 0 procs are accessible
WARNING: MPI rank 15 will use 16 but only 0 procs are accessible
WARNING: MPI rank 16 will use 16 but only 0 procs are accessible
WARNING: MPI rank 17 will use 16 but only 0 procs are accessible
WARNING: MPI rank 18 will use 16 but only 0 procs are accessible
WARNING: MPI rank 19 will use 16 but only 0 procs are accessible
WARNING: MPI rank 23 will use 16 but only 0 procs are accessible
WARNING: MPI rank 25 will use 16 but only 0 procs are accessible
WARNING: MPI rank 26 will use 16 but only 0 procs are accessible
WARNING: MPI rank 30 will use 16 but only 0 procs are accessible
WARNING: MPI rank 31 will use 16 but only 0 procs are accessible
WARNING: MPI rank 45 will use 16 but only 0 procs are accessible
WARNING: MPI rank 48 will use 16 but only 0 procs are accessible
WARNING: MPI rank 49 will use 16 but only 0 procs are accessible
WARNING: MPI rank 50 will use 16 but only 0 procs are accessible
WARNING: MPI rank 53 will use 16 but only 0 procs are accessible
WARNING: MPI rank 55 will use 16 but only 0 procs are accessible
WARNING: MPI rank 56 will use 16 but only 0 procs are accessible
WARNING: MPI rank 57 will use 16 but only 0 procs are accessible
WARNING: MPI rank 59 will use 16 but only 0 procs are accessible
WARNING: MPI rank 64 will use 16 but only 0 procs are accessible
WARNING: MPI rank 66 will use 16 but only 0 procs are accessible
WARNING: MPI rank 68 will use 16 but only 0 procs are accessible
WARNING: MPI rank 69 will use 16 but only 0 procs are accessible
WARNING: MPI rank 71 will use 16 but only 0 procs are accessible
WARNING: MPI rank 73 will use 16 but only 0 procs are accessible
WARNING: MPI rank 74 will use 16 but only 0 procs are accessible
WARNING: MPI rank 76 will use 16 but only 0 procs are accessible
WARNING: MPI rank 78 will use 16 but only 0 procs are accessible
WARNING: MPI rank 79 will use 16 but only 0 procs are accessible
WARNING: MPI rank 80 will use 16 but only 0 procs are accessible
WARNING: MPI rank 83 will use 16 but only 0 procs are accessible
WARNING: MPI rank 84 will use 16 but only 0 procs are accessible
WARNING: MPI rank 85 will use 16 but only 0 procs are accessible
WARNING: MPI rank 86 will use 16 but only 0 procs are accessible
WARNING: MPI rank 87 will use 16 but only 0 procs are accessible
WARNING: MPI rank 88 will use 16 but only 0 procs are accessible
WARNING: MPI rank 89 will use 16 but only 0 procs are accessible
WARNING: MPI rank 90 will use 16 but only 0 procs are accessible
WARNING: MPI rank 91 will use 16 but only 0 procs are accessible
WARNING: MPI rank 92 will use 16 but only 0 procs are accessible
WARNING: MPI rank 93 will use 16 but only 0 procs are accessible
WARNING: MPI rank 94 will use 16 but only 0 procs are accessible
WARNING: MPI rank 96 will use 16 but only 0 procs are accessible
WARNING: MPI rank 97 will use 16 but only 0 procs are accessible
WARNING: MPI rank 98 will use 16 but only 0 procs are accessible
WARNING: MPI rank 99 will use 16 but only 0 procs are accessible
WARNING: MPI rank 100 will use 16 but only 0 procs are accessible
WARNING: MPI rank 101 will use 16 but only 0 procs are accessible
WARNING: MPI rank 102 will use 16 but only 0 procs are accessible
WARNING: MPI rank 104 will use 16 but only 0 procs are accessible
WARNING: MPI rank 105 will use 16 but only 0 procs are accessible
WARNING: MPI rank 107 will use 16 but only 0 procs are accessible
WARNING: MPI rank 112 will use 16 but only 0 procs are accessible
WARNING: MPI rank 113 will use 16 but only 0 procs are accessible
WARNING: MPI rank 114 will use 16 but only 0 procs are accessible
WARNING: MPI rank 115 will use 16 but only 0 procs are accessible
WARNING: MPI rank 116 will use 16 but only 0 procs are accessible
WARNING: MPI rank 118 will use 16 but only 0 procs are accessible
WARNING: MPI rank 119 will use 16 but only 0 procs are accessible
WARNING: MPI rank 120 will use 16 but only 0 procs are accessible
WARNING: MPI rank 121 will use 16 but only 0 procs are accessible
WARNING: MPI rank 122 will use 16 but only 0 procs are accessible
WARNING: MPI rank 124 will use 16 but only 0 procs are accessible
WARNING: MPI rank 125 will use 16 but only 0 procs are accessible
WARNING: MPI rank 127 will use 16 but only 0 procs are accessible
WARNING: MPI rank 157 will use 16 but only 0 procs are accessible
WARNING: MPI rank 187 will use 16 but only 0 procs are accessible
WARNING: MPI rank 194 will use 16 but only 0 procs are accessible
WARNING: MPI rank 196 will use 16 but only 0 procs are accessible
WARNING: MPI rank 197 will use 16 but only 0 procs are accessible
WARNING: MPI rank 199 will use 16 but only 0 procs are accessible
WARNING: MPI rank 200 will use 16 but only 0 procs are accessible
WARNING: MPI rank 201 will use 16 but only 0 procs are accessible
WARNING: MPI rank 202 will use 16 but only 0 procs are accessible
WARNING: MPI rank 203 will use 16 but only 0 procs are accessible
WARNING: MPI rank 204 will use 16 but only 0 procs are accessible
WARNING: MPI rank 209 will use 16 but only 0 procs are accessible
WARNING: MPI rank 210 will use 16 but only 0 procs are accessible
WARNING: MPI rank 213 will use 16 but only 0 procs are accessible
WARNING: MPI rank 214 will use 16 but only 0 procs are accessible
WARNING: MPI rank 215 will use 16 but only 0 procs are accessible
WARNING: MPI rank 216 will use 16 but only 0 procs are accessible
WARNING: MPI rank 217 will use 16 but only 0 procs are accessible
WARNING: MPI rank 218 will use 16 but only 0 procs are accessible
WARNING: MPI rank 219 will use 16 but only 0 procs are accessible
WARNING: MPI rank 220 will use 16 but only 0 procs are accessible
WARNING: MPI rank 221 will use 16 but only 0 procs are accessible
WARNING: MPI rank 222 will use 16 but only 0 procs are accessible
WARNING: MPI rank 223 will use 16 but only 0 procs are accessible
WARNING: MPI rank 224 will use 16 but only 0 procs are accessible
WARNING: MPI rank 226 will use 16 but only 0 procs are accessible
WARNING: MPI rank 227 will use 16 but only 0 procs are accessible
WARNING: MPI rank 228 will use 16 but only 0 procs are accessible
WARNING: MPI rank 230 will use 16 but only 0 procs are accessible
WARNING: MPI rank 231 will use 16 but only 0 procs are accessible
WARNING: MPI rank 232 will use 16 but only 0 procs are accessible
WARNING: MPI rank 233 will use 16 but only 0 procs are accessible
WARNING: MPI rank 234 will use 16 but only 0 procs are accessible
WARNING: MPI rank 235 will use 16 but only 0 procs are accessible
WARNING: MPI rank 236 will use 16 but only 0 procs are accessible
WARNING: MPI rank 238 will use 16 but only 0 procs are accessible
WARNING: MPI rank 240 will use 16 but only 0 procs are accessible
WARNING: MPI rank 241 will use 16 but only 0 procs are accessible
WARNING: MPI rank 242 will use 16 but only 0 procs are accessible
WARNING: MPI rank 244 will use 16 but only 0 procs are accessible
WARNING: MPI rank 245 will use 16 but only 0 procs are accessible
WARNING: MPI rank 246 will use 16 but only 0 procs are accessible
WARNING: MPI rank 248 will use 16 but only 0 procs are accessible
WARNING: MPI rank 251 will use 16 but only 0 procs are accessible
WARNING: MPI rank 252 will use 16 but only 0 procs are accessible
WARNING: MPI rank 253 will use 16 but only 0 procs are accessible
WARNING: MPI rank 254 will use 16 but only 0 procs are accessible
WARNING: MPI rank 3 will use 16 but only 0 procs are accessible
WARNING: MPI rank 12 will use 16 but only 0 procs are accessible
WARNING: MPI rank 20 will use 16 but only 0 procs are accessible
WARNING: MPI rank 21 will use 16 but only 0 procs are accessible
WARNING: MPI rank 27 will use 16 but only 0 procs are accessible
WARNING: MPI rank 28 will use 16 but only 0 procs are accessible
WARNING: MPI rank 32 will use 16 but only 0 procs are accessible
WARNING: MPI rank 33 will use 16 but only 0 procs are accessible
WARNING: MPI rank 34 will use 16 but only 0 procs are accessible
WARNING: MPI rank 35 will use 16 but only 0 procs are accessible
WARNING: MPI rank 36 will use 16 but only 0 procs are accessible
WARNING: MPI rank 37 will use 16 but only 0 procs are accessible
WARNING: MPI rank 38 will use 16 but only 0 procs are accessible
WARNING: MPI rank 39 will use 16 but only 0 procs are accessible
WARNING: MPI rank 40 will use 16 but only 0 procs are accessible
WARNING: MPI rank 41 will use 16 but only 0 procs are accessible
WARNING: MPI rank 42 will use 16 but only 0 procs are accessible
WARNING: MPI rank 43 will use 16 but only 0 procs are accessible
WARNING: MPI rank 44 will use 16 but only 0 procs are accessible
WARNING: MPI rank 46 will use 16 but only 0 procs are accessible
WARNING: MPI rank 47 will use 16 but only 0 procs are accessible
WARNING: MPI rank 54 will use 16 but only 0 procs are accessible
WARNING: MPI rank 58 will use 16 but only 0 procs are accessible
WARNING: MPI rank 60 will use 16 but only 0 procs are accessible
WARNING: MPI rank 61 will use 16 but only 0 procs are accessible
WARNING: MPI rank 62 will use 16 but only 0 procs are accessible
WARNING: MPI rank 63 will use 16 but only 0 procs are accessible
WARNING: MPI rank 65 will use 16 but only 0 procs are accessible
WARNING: MPI rank 67 will use 16 but only 0 procs are accessible
WARNING: MPI rank 70 will use 16 but only 0 procs are accessible
WARNING: MPI rank 72 will use 16 but only 0 procs are accessible
WARNING: MPI rank 77 will use 16 but only 0 procs are accessible
WARNING: MPI rank 81 will use 16 but only 0 procs are accessible
WARNING: MPI rank 103 will use 16 but only 0 procs are accessible
WARNING: MPI rank 106 will use 16 but only 0 procs are accessible
WARNING: MPI rank 108 will use 16 but only 0 procs are accessible
WARNING: MPI rank 109 will use 16 but only 0 procs are accessible
WARNING: MPI rank 110 will use 16 but only 0 procs are accessible
WARNING: MPI rank 111 will use 16 but only 0 procs are accessible
WARNING: MPI rank 117 will use 16 but only 0 procs are accessible
WARNING: MPI rank 123 will use 16 but only 0 procs are accessible
WARNING: MPI rank 126 will use 16 but only 0 procs are accessible
WARNING: MPI rank 128 will use 16 but only 0 procs are accessible
WARNING: MPI rank 129 will use 16 but only 0 procs are accessible
WARNING: MPI rank 130 will use 16 but only 0 procs are accessible
WARNING: MPI rank 131 will use 16 but only 0 procs are accessible
WARNING: MPI rank 132 will use 16 but only 0 procs are accessible
WARNING: MPI rank 133 will use 16 but only 0 procs are accessible
WARNING: MPI rank 134 will use 16 but only 0 procs are accessible
WARNING: MPI rank 135 will use 16 but only 0 procs are accessible
WARNING: MPI rank 136 will use 16 but only 0 procs are accessible
WARNING: MPI rank 137 will use 16 but only 0 procs are accessible
WARNING: MPI rank 138 will use 16 but only 0 procs are accessible
WARNING: MPI rank 139 will use 16 but only 0 procs are accessible
WARNING: MPI rank 140 will use 16 but only 0 procs are accessible
WARNING: MPI rank 141 will use 16 but only 0 procs are accessible
WARNING: MPI rank 142 will use 16 but only 0 procs are accessible
WARNING: MPI rank 143 will use 16 but only 0 procs are accessible
WARNING: MPI rank 144 will use 16 but only 0 procs are accessible
WARNING: MPI rank 145 will use 16 but only 0 procs are accessible
WARNING: MPI rank 146 will use 16 but only 0 procs are accessible
WARNING: MPI rank 147 will use 16 but only 0 procs are accessible
WARNING: MPI rank 148 will use 16 but only 0 procs are accessible
WARNING: MPI rank 149 will use 16 but only 0 procs are accessible
WARNING: MPI rank 150 will use 16 but only 0 procs are accessible
WARNING: MPI rank 151 will use 16 but only 0 procs are accessible
WARNING: MPI rank 152 will use 16 but only 0 procs are accessible
WARNING: MPI rank 153 will use 16 but only 0 procs are accessible
WARNING: MPI rank 154 will use 16 but only 0 procs are accessible
WARNING: MPI rank 155 will use 16 but only 0 procs are accessible
WARNING: MPI rank 156 will use 16 but only 0 procs are accessible
WARNING: MPI rank 158 will use 16 but only 0 procs are accessible
WARNING: MPI rank 159 will use 16 but only 0 procs are accessible
WARNING: MPI rank 160 will use 16 but only 0 procs are accessible
WARNING: MPI rank 161 will use 16 but only 0 procs are accessible
WARNING: MPI rank 162 will use 16 but only 0 procs are accessible
WARNING: MPI rank 163 will use 16 but only 0 procs are accessible
WARNING: MPI rank 164 will use 16 but only 0 procs are accessible
WARNING: MPI rank 165 will use 16 but only 0 procs are accessible
WARNING: MPI rank 166 will use 16 but only 0 procs are accessible
WARNING: MPI rank 167 will use 16 but only 0 procs are accessible
WARNING: MPI rank 168 will use 16 but only 0 procs are accessible
WARNING: MPI rank 169 will use 16 but only 0 procs are accessible
WARNING: MPI rank 170 will use 16 but only 0 procs are accessible
WARNING: MPI rank 171 will use 16 but only 0 procs are accessible
WARNING: MPI rank 172 will use 16 but only 0 procs are accessible
WARNING: MPI rank 173 will use 16 but only 0 procs are accessible
WARNING: MPI rank 174 will use 16 but only 0 procs are accessible
WARNING: MPI rank 175 will use 16 but only 0 procs are accessible
WARNING: MPI rank 176 will use 16 but only 0 procs are accessible
WARNING: MPI rank 177 will use 16 but only 0 procs are accessible
WARNING: MPI rank 178 will use 16 but only 0 procs are accessible
WARNING: MPI rank 179 will use 16 but only 0 procs are accessible
WARNING: MPI rank 180 will use 16 but only 0 procs are accessible
WARNING: MPI rank 181 will use 16 but only 0 procs are accessible
WARNING: MPI rank 182 will use 16 but only 0 procs are accessible
WARNING: MPI rank 183 will use 16 but only 0 procs are accessible
WARNING: MPI rank 184 will use 16 but only 0 procs are accessible
WARNING: MPI rank 185 will use 16 but only 0 procs are accessible
WARNING: MPI rank 186 will use 16 but only 0 procs are accessible
WARNING: MPI rank 188 will use 16 but only 0 procs are accessible
WARNING: MPI rank 189 will use 16 but only 0 procs are accessible
WARNING: MPI rank 190 will use 16 but only 0 procs are accessible
WARNING: MPI rank 191 will use 16 but only 0 procs are accessible
WARNING: MPI rank 192 will use 16 but only 0 procs are accessible
WARNING: MPI rank 193 will use 16 but only 0 procs are accessible
WARNING: MPI rank 195 will use 16 but only 0 procs are accessible
WARNING: MPI rank 198 will use 16 but only 0 procs are accessible
WARNING: MPI rank 205 will use 16 but only 0 procs are accessible
WARNING: MPI rank 206 will use 16 but only 0 procs are accessible
WARNING: MPI rank 207 will use 16 but only 0 procs are accessible
WARNING: MPI rank 208 will use 16 but only 0 procs are accessible
WARNING: MPI rank 211 will use 16 but only 0 procs are accessible
WARNING: MPI rank 212 will use 16 but only 0 procs are accessible
WARNING: MPI rank 225 will use 16 but only 0 procs are accessible
WARNING: MPI rank 229 will use 16 but only 0 procs are accessible
WARNING: MPI rank 237 will use 16 but only 0 procs are accessible
WARNING: MPI rank 239 will use 16 but only 0 procs are accessible
WARNING: MPI rank 243 will use 16 but only 0 procs are accessible
WARNING: MPI rank 247 will use 16 but only 0 procs are accessible
WARNING: MPI rank 249 will use 16 but only 0 procs are accessible
WARNING: MPI rank 250 will use 16 but only 0 procs are accessible
WARNING: MPI rank 255 will use 16 but only 0 procs are accessible
WARNING: MPI rank 29 will use 16 but only 0 procs are accessible
                                                                           
                                                                           
***************************************************************************
***                                                                     ***
***                                                                     ***
***          __  __ ____   ____ _                                       ***
***         |  \/  |  _ \ / ___| |__   ___ _ __ ___                     ***
***         | |\/| | |_) | |   | '_ \ / _ \ '_ ` _ \                    ***
***         | |  | |  _ <| |___| | | |  __/ | | | | |                   ***
***         |_|  |_|_| \_\\____|_| |_|\___|_| |_| |_|                   ***
***                                                                     ***
***         VERSION            1.2.0-alpha                              ***
***                                                                     ***
***         Git branch         master                                   ***
***         Git commit hash    670e88e035fab95c2ca9                     ***
***         Git commit author  Ylva Os                                  ***
***         Git commit date    Mon May 4 13:33:19 2026 +0200            ***
***                                                                     ***
***         Contact: luca.frediani@uit.no                               ***
***                                                                     ***
***         Radovan Bast            Magnar Bjorgve                      ***
***         Roberto Di Remigio      Antoine Durdek                      ***
***         Luca Frediani           Gabriel Gerez                       ***
***         Stig Rune Jensen        Jonas Juselius                      ***
***         Rune Monstad            Peter Wind                          ***
***                                                                     ***
***************************************************************************

---------------------------------------------------------------------------

 MPI processes           :       (85 bank)                             256
 OpenMP threads          :                                              16
 Total cores             :                                            2821
                                                                           
---------------------------------------------------------------------------


---------------------------------------------------------------------------

 MRCPP version         : 1.6.0-alpha
 Git branch            : HEAD
 Git commit hash       : ad080014842f898e9529
 Git commit author     : Niklas Göllmann
 Git commit date       : Wed Mar 11 11:25:17 2026 +0100

 Linear algebra        : EIGEN v3.4.0
 Parallelization       : MPI/OpenMP (16 threads)

---------------------------------------------------------------------------


                                                                           
===========================================================================
                         MultiResolution Analysis
---------------------------------------------------------------------------
 polynomial order      : 9
 polynomial type       : Interpolating
---------------------------------------------------------------------------
 total boxes           : 8
 boxes                 : [          2           2           2 ]
 unit lengths          : [   64.00000    64.00000    64.00000 ]
 scaling factor        : [    1.00000     1.00000     1.00000 ]
 lower bounds          : [  -64.00000   -64.00000   -64.00000 ]
 upper bounds          : [   64.00000    64.00000    64.00000 ]
 total length          : [  128.00000   128.00000   128.00000 ]
===========================================================================


                                                                           
***************************************************************************
***                                                                     ***
***                        Initializing Molecule                        ***
***                                                                     ***
***************************************************************************
                                                                           
                                                                           
===========================================================================
                                 Molecule
---------------------------------------------------------------------------
 Charge                  :                                               0
 Multiplicity            :                                               3
---------------------------------------------------------------------------
    N    Atom            :               x               y               z
---------------------------------------------------------------------------
    0       P            :        0.000000        0.000000       -1.906356
    1      Cl            :        0.000000        0.000000        1.906356
---------------------------------------------------------------------------
 Center of mass          :        0.000000        0.000000        0.128544
===========================================================================


                                                                           
                                                                           
***************************************************************************
***                                                                     ***
***                           XC Functional                             ***
***                                                                     ***
***************************************************************************

Using Libxc (version 7.0.0) to evaluate density functionals. Libxc is free
software. It is distributed under the Mozilla Public License, version 2.0.
For more information, please check the Libxc manual. You should cite

S. Lehtola, C. Steigemann, M. J.T. Oliveira, and M. A.L. Marques., 
SoftwareX 7, 1–5 (2018) DOI: 10.1016/j.softx.2017.11.002

when reporting the results of your calculation in a scientific article.

Libxc functionals used in this calculation:
  - gga_c_pbe (ID 130): Perdew, Burke & Ernzerhof
     * J. P. Perdew, K. Burke, and M. Ernzerhof.,  Phys. Rev. Lett. 77,
       3865 (1996), DOI:10.1103/PhysRevLett.77.3865
     * J. P. Perdew, K. Burke, and M. Ernzerhof.,  Phys. Rev. Lett. 78,
       1396 (1997), DOI:10.1103/PhysRevLett.78.1396
                                                                           
***************************************************************************
***                                                                     ***
***                Computing Initial Guess Wavefunction                 ***
***                                                                     ***
***************************************************************************
                                                                           
                                                                           
~~~~~~~~~~~~~~~~~~~~~~~~~~~~~~~~~~~~~~~~~~~~~~~~~~~~~~~~~~~~~~~~~~~~~~~~~~~
 Calculation             : Compute initial orbitals
 Method                  : Diagonalize SAD Hamiltonian
 Precision               : 1.00000e-03
 Screening               : 1.20000e+01 StdDev
 Restricted              : False
 Functional              : LDA (SVWN5)
 XC Library              : LibXC
 AO basis                : 3-21G
~~~~~~~~~~~~~~~~~~~~~~~~~~~~~~~~~~~~~~~~~~~~~~~~~~~~~~~~~~~~~~~~~~~~~~~~~~~


===========================================================================
                            Molecular Orbitals
---------------------------------------------------------------------------
 Alpha electrons         :                                          17.000
 Beta electrons          :                                          15.000
 Total electrons         :                                          32.000
---------------------------------------------------------------------------
    n     Occ Spin       :                                            Norm
---------------------------------------------------------------------------
    0    1.00    a       :                              9.999998160373e-01
    1    1.00    a       :                              9.999998294180e-01
    2    1.00    a       :                              9.999895796464e-01
    3    1.00    a       :                              9.999949818937e-01
    4    1.00    a       :                              9.999913251668e-01
    5    1.00    a       :                              9.999976830800e-01
    6    1.00    a       :                              9.999862388393e-01
    7    1.00    a       :                              9.999759171842e-01
    8    1.00    a       :                              9.999917152356e-01
    9    1.00    a       :                              9.999928399226e-01
   10    1.00    a       :                              9.999999783867e-01
   11    1.00    a       :                              9.999999905110e-01
   12    1.00    a       :                              9.999999790819e-01
   13    1.00    a       :                              9.999999556874e-01
   14    1.00    a       :                              9.999999437126e-01
   15    1.00    a       :                              9.999996813847e-01
   16    1.00    a       :                              9.999999330912e-01
   17    1.00    b       :                              9.999998160373e-01
   18    1.00    b       :                              9.999998294180e-01
   19    1.00    b       :                              9.999895796464e-01
   20    1.00    b       :                              9.999949818937e-01
   21    1.00    b       :                              9.999913251668e-01
   22    1.00    b       :                              9.999976830800e-01
   23    1.00    b       :                              9.999862388393e-01
   24    1.00    b       :                              9.999759171842e-01
   25    1.00    b       :                              9.999917152356e-01
   26    1.00    b       :                              9.999928399226e-01
   27    1.00    b       :                              9.999999783867e-01
   28    1.00    b       :                              9.999999905110e-01
   29    1.00    b       :                              9.999999790819e-01
   30    1.00    b       :                              9.999999556874e-01
   31    1.00    b       :                              9.999999437126e-01
===========================================================================


~~~~~~~~~~~~~~~~~~~~~~~~~~~~~~~~~~~~~~~~~~~~~~~~~~~~~~~~~~~~~~~~~~~~~~~~~~~
 Calculation             : Compute initial energy
 Method                  : DFT
 XC Library              : LibXC
 Relativity              : None
 Environment             : None
 External fields         : None
 Precision               : 1.00000e-03
 Density cutoff          : 0.00000e+00
 Localization            : Off
~~~~~~~~~~~~~~~~~~~~~~~~~~~~~~~~~~~~~~~~~~~~~~~~~~~~~~~~~~~~~~~~~~~~~~~~~~~


===========================================================================
                        Molecular Energy (initial)
---------------------------------------------------------------------------
 Kinetic energy          :            (au)                794.762970638211
 E-N energy              :            (au)              -2029.683441453250
 Coulomb energy          :            (au)                421.812549506208
 Exchange energy         :            (au)                  0.000000000000
 X-C energy              :            (au)                 -1.214181285223
 N-N energy              :            (au)                 66.881536865714
 Non-local pp energy     :            (au)                  0.000000000000
---------------------------------------------------------------------------
 Electronic energy       :            (au)               -814.322102594054
 Nuclear energy          :            (au)                 66.881536865714
---------------------------------------------------------------------------
 Total energy            :            (au)             -7.474405657283e+02
                         :      (kcal/mol)             -4.690260362936e+05
                         :        (kJ/mol)             -1.962404935852e+06
                         :            (eV)             -2.033889392995e+04
===========================================================================


===========================================================================
                        Orbital Energies (initial)
---------------------------------------------------------------------------
    n     Occ Spin       :                                         Epsilon
---------------------------------------------------------------------------
    0    1.00    a       :            (au)                -93.149252634821
    1    1.00    a       :            (au)                -69.955677544824
    2    1.00    a       :            (au)                 -6.936431967071
    3    1.00    a       :            (au)                 -4.756813382308
    4    1.00    a       :            (au)                 -4.750044290504
    5    1.00    a       :            (au)                 -4.750023980343
    6    1.00    a       :            (au)                 -4.526972525375
    7    1.00    a       :            (au)                 -2.768870632516
    8    1.00    a       :            (au)                 -2.767714118352
    9    1.00    a       :            (au)                 -2.765891102899
   10    1.00    a       :            (au)                 -0.207701543626
   11    1.00    a       :            (au)                  0.021008745453
   12    1.00    a       :            (au)                  0.136916420697
   13    1.00    a       :            (au)                  0.138303367538
   14    1.00    a       :            (au)                  0.193251656511
   15    1.00    a       :            (au)                  0.307632390061
   16    1.00    a       :            (au)                  0.312303839498
   17    1.00    b       :            (au)                -93.149292412339
   18    1.00    b       :            (au)                -69.955907850931
   19    1.00    b       :            (au)                 -6.936624335764
   20    1.00    b       :            (au)                 -4.756957564795
   21    1.00    b       :            (au)                 -4.748174823579
   22    1.00    b       :            (au)                 -4.747654135301
   23    1.00    b       :            (au)                 -4.528088629252
   24    1.00    b       :            (au)                 -2.766645621799
   25    1.00    b       :            (au)                 -2.754007494002
   26    1.00    b       :            (au)                 -2.752385027489
   27    1.00    b       :            (au)                 -0.213903479020
   28    1.00    b       :            (au)                  0.011279453520
   29    1.00    b       :            (au)                  0.188493418374
   30    1.00    b       :            (au)                  0.200243487456
   31    1.00    b       :            (au)                  0.213576571305
---------------------------------------------------------------------------
 Sum occupied            :            (au)               -392.922025746496
===========================================================================


                                                                           
***************************************************************************
***                                                                     ***
***                 Computing Ground State Wavefunction                 ***
***                                                                     ***
***************************************************************************
                                                                           
                                                                           
~~~~~~~~~~~~~~~~~~~~~~~~~~~~~~~~~~~~~~~~~~~~~~~~~~~~~~~~~~~~~~~~~~~~~~~~~~~
 Calculation             : Optimize ground state orbitals
 Method                  : DFT
 XC library              : LibXC
 Relativity              : None
 Environment             : None
 External fields         : None
 Checkpointing           : Off
 Max iterations          : 100
 KAIN solver             : 5
 Localization            : Off
 Diagonalization         : First two iterations
 Start precision         : 5.00000e-07
 Final precision         : 5.00000e-07
 Helmholtz precision     : Dynamic
 Energy threshold        : 5.00000e-08
 Orbital threshold       : 2.00000e-04
~~~~~~~~~~~~~~~~~~~~~~~~~~~~~~~~~~~~~~~~~~~~~~~~~~~~~~~~~~~~~~~~~~~~~~~~~~~


===========================================================================
 Iter           MO residual             Total energy                Update
---------------------------------------------------------------------------
    0          5.656854e+00        -747.440565728340         -7.474406e+02
    1          6.739240e-01        -752.383873918454         -4.943308e+00
    2          2.962194e-01        -752.518057902178         -1.341840e-01
    3          2.020794e-01        -752.529814807295         -1.175691e-02
    4          1.148465e-01        -752.541012409775         -1.119760e-02
    5          1.649535e-01        -752.550561932604         -9.549523e-03
    6          7.140170e-02        -752.552241600934         -1.679668e-03
    7          5.682209e-02        -752.553175825952         -9.342250e-04
    8          6.084702e-02        -752.553761199523         -5.853736e-04
    9          3.484661e-02        -752.553977651095         -2.164516e-04
   10          2.927022e-02        -752.554199514055         -2.218630e-04
   11          3.067390e-02        -752.554290184394         -9.067034e-05
   12          1.587276e-02        -752.554343143161         -5.295877e-05
   13          1.978727e-02        -752.554406789493         -6.364633e-05
   14          1.472860e-02        -752.554442312440         -3.552295e-05
   15          1.439638e-02        -752.554475484326         -3.317189e-05
   16          1.787715e-02        -752.554511332635         -3.584831e-05
   17          7.528993e-03        -752.554524664137         -1.333150e-05
   18          1.026365e-02        -752.554540084652         -1.542052e-05
   19          1.258139e-02        -752.554553650116         -1.356546e-05
   20          3.452571e-02        -752.554512572163          4.107795e-05
   21          1.576269e-02        -752.554536783912         -2.421175e-05
   22          1.186729e-02        -752.554549148234         -1.236432e-05
   23          4.866271e-03        -752.554555217629         -6.069395e-06
   24          1.644432e-02        -752.554564655621         -9.437992e-06
   25          3.138850e-01        -752.550051333587          4.513322e-03
   26          3.572617e-01        -752.554499273786         -4.447940e-03
   27          6.882407e-03        -752.554488460788          1.081300e-05
   28          3.316890e-03        -752.554483502642          4.958146e-06
   29          1.436524e-02        -752.554453175957          3.032668e-05
   30          1.896580e-02        -752.554498087767         -4.491181e-05
   31          1.053718e-01        -752.554500024772         -1.937004e-06
   32          1.363561e-01        -752.554421880560          7.814421e-05
   33          2.378985e-02        -752.554392362182          2.951838e-05
   34          9.127454e-02        -752.554143920135          2.484420e-04
   35          5.100391e-01        -752.543747330668          1.039659e-02
   36          6.255488e-01        -752.554483108523         -1.073578e-02
   37          5.582465e-02        -752.554530077860         -4.696934e-05
   38          3.794499e-02        -752.554524194564          5.883296e-06
   39          4.383588e-02        -752.554537382641         -1.318808e-05
   40          3.253568e-02        -752.554527161571          1.022107e-05
   41          5.787797e-02        -752.554494175591          3.298598e-05
   42          5.471907e-02        -752.554529951425         -3.577583e-05
   43          5.105936e-03        -752.554528673188          1.278237e-06
   44          5.098028e-02        -752.554507986786          2.068640e-05
   45          4.371051e-02        -752.554532529525         -2.454274e-05
   46          2.981152e-02        -752.554534339635         -1.810110e-06
   47          3.579025e-02        -752.554545766069         -1.142643e-05
   48          1.860587e-02        -752.554524202799          2.156327e-05
   49          4.267129e-03        -752.554526689985         -2.487187e-06
   50          1.460918e-02        -752.554504284572          2.240541e-05
   51          1.080230e-02        -752.554482862248          2.142232e-05
   52          4.923756e-02        -752.554536522721         -5.366047e-05
   53          3.512411e-02        -752.554554532163         -1.800944e-05
   54          4.044285e-02        -752.554535205373          1.932679e-05
   55          8.017270e-02        -752.554463888681          7.131669e-05
   56          7.233546e-02        -752.554400111320          6.377736e-05
   57          9.021593e-02        -752.554516616230         -1.165049e-04
   58          2.089833e-02        -752.554519692481         -3.076251e-06
   59          1.578418e-02        -752.554519823800         -1.313188e-07
   60          7.517087e-02        -752.554460471041          5.935276e-05
   61          8.893534e-02        -752.554532570942         -7.209990e-05
   62          3.286575e-02        -752.554534859173         -2.288232e-06
   63          2.025413e-02        -752.554507823928          2.703525e-05
   64          6.110093e-02        -752.554479852502          2.797143e-05
   65          6.010445e-02        -752.554509216469         -2.936397e-05
   66          9.843932e-03        -752.554502143323          7.073146e-06
   67          3.914773e-02        -752.554510011360         -7.868037e-06
   68          3.390510e-02        -752.554508422951          1.588410e-06
   69          7.024986e-03        -752.554506608073          1.814877e-06
   70          5.056432e-02        -752.554465573675          4.103440e-05
   71          5.248093e-02        -752.554506014063         -4.044039e-05
   72          7.342242e-01        -752.525662466579          2.884355e-02
   73          6.354370e-01        -752.554451172847         -2.878871e-02
   74          7.374390e-02        -752.554541014582         -8.984174e-05
   75          5.191904e-02        -752.554493549707          4.746487e-05
   76          9.061491e+00        -752.179542740150          3.749508e-01
   77          1.135753e+00        -752.432266146703         -2.527234e-01
   78          9.327367e-01        -752.495904101225         -6.363795e-02
   79          3.293910e-01        -752.516127980023         -2.022388e-02
   80          9.639334e-01        -752.538534074200         -2.240609e-02
   81          9.126443e-02        -752.546598253822         -8.064180e-03
   82          6.932054e-02        -752.548888327343         -2.290074e-03
   83          9.090643e-02        -752.551751432939         -2.863106e-03
   84          1.849891e-01        -752.546679055936          5.072377e-03
   85          3.271954e-01        -752.553086729673         -6.407674e-03
   86          4.805728e-01        -752.540062500638          1.302423e-02
   87          4.738068e-01        -752.553514403958         -1.345190e-02
   88          3.452350e-01        -752.551686434422          1.827970e-03
   89          1.863700e-01        -752.554421242641         -2.734808e-03
   90          6.740940e-02        -752.554424759294         -3.516654e-06
   91          5.707684e-02        -752.554539002382         -1.142431e-04
   92          4.921466e-02        -752.554551566239         -1.256386e-05
   93          3.431639e-02        -752.554581744516         -3.017828e-05
   94          2.311314e-02        -752.554599122736         -1.737822e-05
   95          1.437301e-01        -752.554557908294          4.121444e-05
   96          1.039209e-01        -752.554611556702         -5.364841e-05
   97          1.181241e-01        -752.554473501452          1.380553e-04
   98          1.536977e-01        -752.554610499059         -1.369976e-04
   99          8.092050e-03        -752.554613679886         -3.180827e-06
  100          1.787030e-02        -752.554608404063          5.275824e-06
---------------------------------------------------------------------------
                        SCF did NOT converge!!!
===========================================================================


                                                                           
***************************************************************************
***                                                                     ***
***                    Printing Molecular Properties                    ***
***                                                                     ***
***************************************************************************
                                                                           
                                                                           
===========================================================================
                                 Molecule
---------------------------------------------------------------------------
 Charge                  :                                               0
 Multiplicity            :                                               3
---------------------------------------------------------------------------
    N    Atom            :               x               y               z
---------------------------------------------------------------------------
    0       P            :        0.000000        0.000000       -1.906356
    1      Cl            :        0.000000        0.000000        1.906356
---------------------------------------------------------------------------
 Center of mass          :        0.000000        0.000000        0.128544
===========================================================================


===========================================================================
                         Molecular Energy (final)
---------------------------------------------------------------------------
 Kinetic energy          :            (au)                752.190144093487
 E-N energy              :            (au)              -1968.390371716004
 Coulomb energy          :            (au)                397.939478795650
 Exchange energy         :            (au)                  0.000000000000
 X-C energy              :            (au)                 -1.175396442910
 N-N energy              :            (au)                 66.881536865714
 Non-local pp energy     :            (au)                  0.000000000000
---------------------------------------------------------------------------
 Electronic energy       :            (au)               -819.436145269777
 Nuclear energy          :            (au)                 66.881536865714
---------------------------------------------------------------------------
 Total energy            :            (au)             -7.525546084041e+02
                         :      (kcal/mol)             -4.722351465234e+05
                         :        (kJ/mol)             -1.975831853054e+06
                         :            (eV)             -2.047805412048e+04
===========================================================================


===========================================================================
                         Orbital Energies (final)
---------------------------------------------------------------------------
    n     Occ Spin       :                                         Epsilon
---------------------------------------------------------------------------
    0    1.00    a       :            (au)                -95.769579474366
    1    1.00    a       :            (au)                -72.050889850687
    2    1.00    a       :            (au)                 -8.057640848442
    3    1.00    a       :            (au)                 -5.894336919802
    4    1.00    a       :            (au)                 -5.890477204222
    5    1.00    a       :            (au)                 -5.890475208358
    6    1.00    a       :            (au)                 -5.325739508116
    7    1.00    a       :            (au)                 -3.584443536281
    8    1.00    a       :            (au)                 -3.582386366232
    9    1.00    a       :            (au)                 -3.582384233954
   10    1.00    a       :            (au)                 -0.563117056948
   11    1.00    a       :            (au)                 -0.303413337808
   12    1.00    a       :            (au)                 -0.151529141138
   13    1.00    a       :            (au)                 -0.151514459656
   14    1.00    a       :            (au)                 -0.139263844941
   15    1.00    a       :            (au)                 -0.000832617399
   16    1.00    a       :            (au)                 -0.000797714801
   17    1.00    b       :            (au)                -95.769645343395
   18    1.00    b       :            (au)                -72.051020432314
   19    1.00    b       :            (au)                 -8.057893059389
   20    1.00    b       :            (au)                 -5.894513973597
   21    1.00    b       :            (au)                 -5.890815451312
   22    1.00    b       :            (au)                 -5.890813776947
   23    1.00    b       :            (au)                 -5.326253408297
   24    1.00    b       :            (au)                 -3.584822196701
   25    1.00    b       :            (au)                 -3.583145080097
   26    1.00    b       :            (au)                 -3.583142413454
   27    1.00    b       :            (au)                 -0.566158169426
   28    1.00    b       :            (au)                 -0.310543981949
   29    1.00    b       :            (au)                 -0.155860068059
   30    1.00    b       :            (au)                 -0.155843124261
   31    1.00    b       :            (au)                 -0.145372734335
---------------------------------------------------------------------------
 Sum occupied            :            (au)               -421.904664536687
===========================================================================


===========================================================================
                             Orbital Positions
---------------------------------------------------------------------------
  Index       Occ        :               x               y               z
---------------------------------------------------------------------------
      0      1.00        :        0.000000        0.000003        1.906353
      1      1.00        :       -0.000000       -0.000003       -1.906350
      2      1.00        :       -0.000007       -0.000147        1.904371
      3      1.00        :        0.000001        0.000054        1.907470
      4      1.00        :        0.000001       -0.000000        1.905643
      5      1.00        :       -0.000003       -0.000119        1.905171
      6      1.00        :        0.000013        0.000073       -1.903463
      7      1.00        :        0.000000        0.000003       -1.906923
      8      1.00        :        0.000006        0.000245       -1.904902
      9      1.00        :        0.000007        0.000000       -1.905200
     10      1.00        :       -0.000321       -0.008699        1.160646
     11      1.00        :        0.000552       -0.014035       -0.174820
     12      1.00        :        0.010120        0.374853        0.312652
     13      1.00        :        0.000049       -0.000041        0.998556
     14      1.00        :       -0.009523       -0.367831        0.153882
     15      1.00        :       -0.001718       -0.000734       -1.376299
     16      1.00        :        0.001320        0.050205       -1.326848
     17      1.00        :       -0.000000       -0.000001        1.906353
     18      1.00        :       -0.000000       -0.000000       -1.906350
     19      1.00        :       -0.000002       -0.000082        1.904386
     20      1.00        :        0.000003        0.000107        1.907512
     21      1.00        :       -0.000000       -0.000000        1.906030
     22      1.00        :       -0.000000       -0.000006        1.906015
     23      1.00        :       -0.000006       -0.000221       -1.903464
     24      1.00        :        0.000000       -0.000001       -1.906956
     25      1.00        :        0.000011        0.000410       -1.905403
     26      1.00        :        0.000000        0.000001       -1.905529
     27      1.00        :       -0.000076       -0.003336        1.141215
     28      1.00        :       -0.000012       -0.000360       -0.268440
     29      1.00        :        0.002995        0.112694       -0.343812
     30      1.00        :       -0.000032       -0.000029        1.109913
     31      1.00        :       -0.002905       -0.109376        1.068206
===========================================================================


===========================================================================
                           Dipole Moment (dip-1)
---------------------------------------------------------------------------
 r_O                     :        0.000000        0.000000        0.000000
---------------------------------------------------------------------------
 Electronic vector       :             N/A             N/A             N/A
 Magnitude               :            (au)                             N/A
                         :         (Debye)                             N/A
---------------------------------------------------------------------------
 Nuclear vector          :             N/A             N/A             N/A
 Magnitude               :            (au)                             N/A
                         :         (Debye)                             N/A
---------------------------------------------------------------------------
 Total vector            :             N/A             N/A             N/A
 Magnitude               :            (au)                             N/A
                         :         (Debye)                             N/A
===========================================================================


===========================================================================
                        Quadrupole Moment (quad-1)
---------------------------------------------------------------------------
 r_O                     :        0.000000        0.000000        0.000000
---------------------------------------------------------------------------
 Electronic tensor       :             N/A
                         :             N/A
                         :             N/A
---------------------------------------------------------------------------
 Nuclear tensor          :             N/A
                         :             N/A
                         :             N/A
---------------------------------------------------------------------------
 Total tensor            :             N/A
                         :             N/A
                         :             N/A
===========================================================================


                                                                           
                                                                           
***************************************************************************
***                                                                     ***
***                            Exiting MRChem                           ***
***                                                                     ***
***                       Wall time :  4h 30m  5s                       ***
***                                                                     ***
***************************************************************************
                                                                           
                                                                           
